running egg_info
writing ../build/puzzlebot_sim/puzzlebot_sim.egg-info/PKG-INFO
writing dependency_links to ../build/puzzlebot_sim/puzzlebot_sim.egg-info/dependency_links.txt
writing entry points to ../build/puzzlebot_sim/puzzlebot_sim.egg-info/entry_points.txt
writing requirements to ../build/puzzlebot_sim/puzzlebot_sim.egg-info/requires.txt
writing top-level names to ../build/puzzlebot_sim/puzzlebot_sim.egg-info/top_level.txt
reading manifest file '../build/puzzlebot_sim/puzzlebot_sim.egg-info/SOURCES.txt'
writing manifest file '../build/puzzlebot_sim/puzzlebot_sim.egg-info/SOURCES.txt'
running build
running build_py
copying puzzlebot_sim/__init__.py -> /home/ar0ck/TE3003B_Retos/build/puzzlebot_sim/build/lib/puzzlebot_sim
copying puzzlebot_sim/static_tf_launch.py -> /home/ar0ck/TE3003B_Retos/build/puzzlebot_sim/build/lib/puzzlebot_sim
running install
running install_lib
running install_data
copying resource/puzzlebot_sim -> /home/ar0ck/TE3003B_Retos/install/puzzlebot_sim/share/ament_index/resource_index/packages
copying package.xml -> /home/ar0ck/TE3003B_Retos/install/puzzlebot_sim/share/puzzlebot_sim
running install_egg_info
removing '/home/ar0ck/TE3003B_Retos/install/puzzlebot_sim/lib/python3.10/site-packages/puzzlebot_sim-0.0.0-py3.10.egg-info' (and everything under it)
Copying ../build/puzzlebot_sim/puzzlebot_sim.egg-info to /home/ar0ck/TE3003B_Retos/install/puzzlebot_sim/lib/python3.10/site-packages/puzzlebot_sim-0.0.0-py3.10.egg-info
running install_scripts
Installing static_tf_launch script to /home/ar0ck/TE3003B_Retos/install/puzzlebot_sim/lib/puzzlebot_sim
writing list of installed files to '/home/ar0ck/TE3003B_Retos/build/puzzlebot_sim/install.log'
