[1.051s] Invoking command in '/home/ar0ck/ros2_ws_t3003/src/reto_sem_6': PYTHONPATH=/home/ar0ck/ros2_ws_t3003/build/reto_sem_6/prefix_override:/usr/lib/python3/dist-packages/colcon_core/task/python/colcon_distutils_commands:/home/ar0ck/ros2_ws_t3003/install/reto_sem_6/lib/python3.10/site-packages:${PYTHONPATH} /usr/bin/python3 -W ignore:setup.py install is deprecated -W ignore:easy_install command is deprecated setup.py egg_info --egg-base ../../build/reto_sem_6 build --build-base /home/ar0ck/ros2_ws_t3003/build/reto_sem_6/build install --record /home/ar0ck/ros2_ws_t3003/build/reto_sem_6/install.log --single-version-externally-managed install_data
[1.190s] running egg_info
[1.198s] writing ../../build/reto_sem_6/reto_sem_6.egg-info/PKG-INFO
[1.199s] writing dependency_links to ../../build/reto_sem_6/reto_sem_6.egg-info/dependency_links.txt
[1.199s] writing entry points to ../../build/reto_sem_6/reto_sem_6.egg-info/entry_points.txt
[1.199s] writing requirements to ../../build/reto_sem_6/reto_sem_6.egg-info/requires.txt
[1.199s] writing top-level names to ../../build/reto_sem_6/reto_sem_6.egg-info/top_level.txt
[1.218s] reading manifest file '../../build/reto_sem_6/reto_sem_6.egg-info/SOURCES.txt'
[1.219s] adding license file 'LICENSE'
[1.221s] writing manifest file '../../build/reto_sem_6/reto_sem_6.egg-info/SOURCES.txt'
[1.221s] running build
[1.221s] running build_py
[1.221s] copying reto_sem_6/puzzlebot_sim.py -> /home/ar0ck/ros2_ws_t3003/build/reto_sem_6/build/lib/reto_sem_6
[1.221s] copying reto_sem_6/__init__.py -> /home/ar0ck/ros2_ws_t3003/build/reto_sem_6/build/lib/reto_sem_6
[1.221s] copying reto_sem_6/odom.py -> /home/ar0ck/ros2_ws_t3003/build/reto_sem_6/build/lib/reto_sem_6
[1.221s] copying reto_sem_6/puzzlebot_gazebo.py -> /home/ar0ck/ros2_ws_t3003/build/reto_sem_6/build/lib/reto_sem_6
[1.222s] copying reto_sem_6/puzzle_bot.py -> /home/ar0ck/ros2_ws_t3003/build/reto_sem_6/build/lib/reto_sem_6
[1.222s] running install
[1.225s] running install_lib
[1.234s] running install_data
[1.234s] copying resource/reto_sem_6 -> /home/ar0ck/ros2_ws_t3003/install/reto_sem_6/share/ament_index/resource_index/packages
[1.235s] copying package.xml -> /home/ar0ck/ros2_ws_t3003/install/reto_sem_6/share/reto_sem_6
[1.235s] copying launch/bringup_simulation_multi_launch.py -> /home/ar0ck/ros2_ws_t3003/install/reto_sem_6/share/reto_sem_6/launch
[1.235s] copying launch/gazebo_example_launch.py -> /home/ar0ck/ros2_ws_t3003/install/reto_sem_6/share/reto_sem_6/launch
[1.235s] copying launch/gazebo_puzzlebot_launch.py -> /home/ar0ck/ros2_ws_t3003/install/reto_sem_6/share/reto_sem_6/launch
[1.235s] copying launch/gazebo_world_launch.py -> /home/ar0ck/ros2_ws_t3003/install/reto_sem_6/share/reto_sem_6/launch
[1.235s] copying launch/bringup_simulation_simple_launch.py -> /home/ar0ck/ros2_ws_t3003/install/reto_sem_6/share/reto_sem_6/launch
[1.235s] copying config/puzzlebot_hacker_ed.yaml -> /home/ar0ck/ros2_ws_t3003/install/reto_sem_6/share/reto_sem_6/config
[1.236s] copying config/puzzlebot_jetson_ed.yaml -> /home/ar0ck/ros2_ws_t3003/install/reto_sem_6/share/reto_sem_6/config
[1.236s] copying config/puzzlebot_jetson_lidar_ed.yaml -> /home/ar0ck/ros2_ws_t3003/install/reto_sem_6/share/reto_sem_6/config
[1.236s] copying models/avoidance_world_4/model.config -> /home/ar0ck/ros2_ws_t3003/install/reto_sem_6/share/reto_sem_6/models/avoidance_world_4
[1.236s] copying models/avoidance_world_4/model.sdf -> /home/ar0ck/ros2_ws_t3003/install/reto_sem_6/share/reto_sem_6/models/avoidance_world_4
[1.236s] copying models/box_brick/model.config -> /home/ar0ck/ros2_ws_t3003/install/reto_sem_6/share/reto_sem_6/models/box_brick
[1.236s] copying models/box_brick/model.sdf -> /home/ar0ck/ros2_ws_t3003/install/reto_sem_6/share/reto_sem_6/models/box_brick
[1.237s] copying models/box_brick/meshes/box_brick.dae -> /home/ar0ck/ros2_ws_t3003/install/reto_sem_6/share/reto_sem_6/models/box_brick/meshes
[1.237s] copying models/box_brick/materials/textures/0032-512x512.jpg -> /home/ar0ck/ros2_ws_t3003/install/reto_sem_6/share/reto_sem_6/models/box_brick/materials/textures
[1.237s] copying models/puzzlebot_lidar/model.config -> /home/ar0ck/ros2_ws_t3003/install/reto_sem_6/share/reto_sem_6/models/puzzlebot_lidar
[1.237s] copying models/puzzlebot_lidar/model.sdf -> /home/ar0ck/ros2_ws_t3003/install/reto_sem_6/share/reto_sem_6/models/puzzlebot_lidar
[1.238s] copying models/puzzlebot_lidar/meshes/chassis1.dae -> /home/ar0ck/ros2_ws_t3003/install/reto_sem_6/share/reto_sem_6/models/puzzlebot_lidar/meshes
[1.260s] copying models/puzzlebot_lidar/meshes/wheel.dae -> /home/ar0ck/ros2_ws_t3003/install/reto_sem_6/share/reto_sem_6/models/puzzlebot_lidar/meshes
[1.261s] copying models/aruco000/model.config -> /home/ar0ck/ros2_ws_t3003/install/reto_sem_6/share/reto_sem_6/models/aruco000
[1.261s] copying models/aruco000/model.sdf -> /home/ar0ck/ros2_ws_t3003/install/reto_sem_6/share/reto_sem_6/models/aruco000
[1.261s] copying models/aruco000/meshes/aruco000.dae -> /home/ar0ck/ros2_ws_t3003/install/reto_sem_6/share/reto_sem_6/models/aruco000/meshes
[1.262s] copying models/aruco000/materials/textures/16h3_000.png -> /home/ar0ck/ros2_ws_t3003/install/reto_sem_6/share/reto_sem_6/models/aruco000/materials/textures
[1.262s] copying models/aruco002/model.config -> /home/ar0ck/ros2_ws_t3003/install/reto_sem_6/share/reto_sem_6/models/aruco002
[1.262s] copying models/aruco002/model.sdf -> /home/ar0ck/ros2_ws_t3003/install/reto_sem_6/share/reto_sem_6/models/aruco002
[1.262s] copying models/aruco002/meshes/aruco002.dae -> /home/ar0ck/ros2_ws_t3003/install/reto_sem_6/share/reto_sem_6/models/aruco002/meshes
[1.262s] copying models/aruco002/materials/textures/16h3_002.png -> /home/ar0ck/ros2_ws_t3003/install/reto_sem_6/share/reto_sem_6/models/aruco002/materials/textures
[1.262s] copying models/aruco_marker_2/model.config -> /home/ar0ck/ros2_ws_t3003/install/reto_sem_6/share/reto_sem_6/models/aruco_marker_2
[1.263s] copying models/aruco_marker_2/model.sdf -> /home/ar0ck/ros2_ws_t3003/install/reto_sem_6/share/reto_sem_6/models/aruco_marker_2
[1.263s] copying models/aruco_marker_2/materials/textures/marker2.png -> /home/ar0ck/ros2_ws_t3003/install/reto_sem_6/share/reto_sem_6/models/aruco_marker_2/materials/textures
[1.263s] copying models/avoidance_world_1/model.config -> /home/ar0ck/ros2_ws_t3003/install/reto_sem_6/share/reto_sem_6/models/avoidance_world_1
[1.263s] copying models/avoidance_world_1/model.sdf -> /home/ar0ck/ros2_ws_t3003/install/reto_sem_6/share/reto_sem_6/models/avoidance_world_1
[1.263s] copying models/blue_colored_box/model.config -> /home/ar0ck/ros2_ws_t3003/install/reto_sem_6/share/reto_sem_6/models/blue_colored_box
[1.263s] copying models/blue_colored_box/model.sdf -> /home/ar0ck/ros2_ws_t3003/install/reto_sem_6/share/reto_sem_6/models/blue_colored_box
[1.264s] copying models/aruco000_cv/model.config -> /home/ar0ck/ros2_ws_t3003/install/reto_sem_6/share/reto_sem_6/models/aruco000_cv
[1.264s] copying models/aruco000_cv/model.sdf -> /home/ar0ck/ros2_ws_t3003/install/reto_sem_6/share/reto_sem_6/models/aruco000_cv
[1.264s] copying models/aruco000_cv/meshes/aruco000.dae -> /home/ar0ck/ros2_ws_t3003/install/reto_sem_6/share/reto_sem_6/models/aruco000_cv/meshes
[1.264s] copying models/aruco000_cv/materials/textures/4x4_50_000.png -> /home/ar0ck/ros2_ws_t3003/install/reto_sem_6/share/reto_sem_6/models/aruco000_cv/materials/textures
[1.264s] copying models/red_colored_box/model.config -> /home/ar0ck/ros2_ws_t3003/install/reto_sem_6/share/reto_sem_6/models/red_colored_box
[1.264s] copying models/red_colored_box/model.sdf -> /home/ar0ck/ros2_ws_t3003/install/reto_sem_6/share/reto_sem_6/models/red_colored_box
[1.265s] copying models/aruco_marker_1/model.config -> /home/ar0ck/ros2_ws_t3003/install/reto_sem_6/share/reto_sem_6/models/aruco_marker_1
[1.265s] copying models/aruco_marker_1/model.sdf -> /home/ar0ck/ros2_ws_t3003/install/reto_sem_6/share/reto_sem_6/models/aruco_marker_1
[1.265s] copying models/aruco_marker_1/materials/textures/marker1.png -> /home/ar0ck/ros2_ws_t3003/install/reto_sem_6/share/reto_sem_6/models/aruco_marker_1/materials/textures
[1.265s] copying models/goal_marker_1/model.config -> /home/ar0ck/ros2_ws_t3003/install/reto_sem_6/share/reto_sem_6/models/goal_marker_1
[1.265s] copying models/goal_marker_1/model.sdf -> /home/ar0ck/ros2_ws_t3003/install/reto_sem_6/share/reto_sem_6/models/goal_marker_1
[1.265s] copying models/goal_marker_1/materials/textures/mcr2_goal_1.png -> /home/ar0ck/ros2_ws_t3003/install/reto_sem_6/share/reto_sem_6/models/goal_marker_1/materials/textures
[1.266s] copying models/arena_a_frame/model.config -> /home/ar0ck/ros2_ws_t3003/install/reto_sem_6/share/reto_sem_6/models/arena_a_frame
[1.266s] copying models/arena_a_frame/model.sdf -> /home/ar0ck/ros2_ws_t3003/install/reto_sem_6/share/reto_sem_6/models/arena_a_frame
[1.266s] copying models/arena_a_frame/meshes/MCR2_arena_side.stl -> /home/ar0ck/ros2_ws_t3003/install/reto_sem_6/share/reto_sem_6/models/arena_a_frame/meshes
[1.266s] copying models/arena_a_frame/materials/textures/mcr2_banner.png -> /home/ar0ck/ros2_ws_t3003/install/reto_sem_6/share/reto_sem_6/models/arena_a_frame/materials/textures
[1.267s] copying models/simple_light/model.config -> /home/ar0ck/ros2_ws_t3003/install/reto_sem_6/share/reto_sem_6/models/simple_light
[1.267s] copying models/simple_light/model.sdf -> /home/ar0ck/ros2_ws_t3003/install/reto_sem_6/share/reto_sem_6/models/simple_light
[1.267s] copying models/aruco003_cv/model.config -> /home/ar0ck/ros2_ws_t3003/install/reto_sem_6/share/reto_sem_6/models/aruco003_cv
[1.267s] copying models/aruco003_cv/model.sdf -> /home/ar0ck/ros2_ws_t3003/install/reto_sem_6/share/reto_sem_6/models/aruco003_cv
[1.268s] copying models/aruco003_cv/meshes/aruco003.dae -> /home/ar0ck/ros2_ws_t3003/install/reto_sem_6/share/reto_sem_6/models/aruco003_cv/meshes
[1.268s] copying models/aruco003_cv/materials/textures/4x4_50_003.png -> /home/ar0ck/ros2_ws_t3003/install/reto_sem_6/share/reto_sem_6/models/aruco003_cv/materials/textures
[1.268s] copying models/goal_marker_5/model.config -> /home/ar0ck/ros2_ws_t3003/install/reto_sem_6/share/reto_sem_6/models/goal_marker_5
[1.268s] copying models/goal_marker_5/model.sdf -> /home/ar0ck/ros2_ws_t3003/install/reto_sem_6/share/reto_sem_6/models/goal_marker_5
[1.268s] copying models/goal_marker_5/materials/textures/mcr2_goal_5.png -> /home/ar0ck/ros2_ws_t3003/install/reto_sem_6/share/reto_sem_6/models/goal_marker_5/materials/textures
[1.269s] copying models/aruco_marker_5/model.config -> /home/ar0ck/ros2_ws_t3003/install/reto_sem_6/share/reto_sem_6/models/aruco_marker_5
[1.269s] copying models/aruco_marker_5/model.sdf -> /home/ar0ck/ros2_ws_t3003/install/reto_sem_6/share/reto_sem_6/models/aruco_marker_5
[1.269s] copying models/aruco_marker_5/materials/textures/marker5.png -> /home/ar0ck/ros2_ws_t3003/install/reto_sem_6/share/reto_sem_6/models/aruco_marker_5/materials/textures
[1.269s] copying models/office_floor/model.config -> /home/ar0ck/ros2_ws_t3003/install/reto_sem_6/share/reto_sem_6/models/office_floor
[1.269s] copying models/office_floor/model.sdf -> /home/ar0ck/ros2_ws_t3003/install/reto_sem_6/share/reto_sem_6/models/office_floor
[1.270s] copying models/office_floor/materials/textures/puzzlebot_wood_7.png -> /home/ar0ck/ros2_ws_t3003/install/reto_sem_6/share/reto_sem_6/models/office_floor/materials/textures
[1.272s] copying models/puzzlebot_track/model.config -> /home/ar0ck/ros2_ws_t3003/install/reto_sem_6/share/reto_sem_6/models/puzzlebot_track
[1.272s] copying models/puzzlebot_track/model.sdf -> /home/ar0ck/ros2_ws_t3003/install/reto_sem_6/share/reto_sem_6/models/puzzlebot_track
[1.272s] copying models/puzzlebot_track/materials/textures/puzzlebot_track.png -> /home/ar0ck/ros2_ws_t3003/install/reto_sem_6/share/reto_sem_6/models/puzzlebot_track/materials/textures
[1.273s] copying models/plugins/libDiffDynamicPlugin.so -> /home/ar0ck/ros2_ws_t3003/install/reto_sem_6/share/reto_sem_6/models/plugins
[1.275s] copying models/aruco_box/model.config -> /home/ar0ck/ros2_ws_t3003/install/reto_sem_6/share/reto_sem_6/models/aruco_box
[1.275s] copying models/aruco_box/model.sdf -> /home/ar0ck/ros2_ws_t3003/install/reto_sem_6/share/reto_sem_6/models/aruco_box
[1.276s] copying models/aruco_box/materials/textures/marker1.png -> /home/ar0ck/ros2_ws_t3003/install/reto_sem_6/share/reto_sem_6/models/aruco_box/materials/textures
[1.276s] copying models/aruco_box/materials/textures/marker0.png -> /home/ar0ck/ros2_ws_t3003/install/reto_sem_6/share/reto_sem_6/models/aruco_box/materials/textures
[1.276s] copying models/aruco_box/materials/textures/marker4.png -> /home/ar0ck/ros2_ws_t3003/install/reto_sem_6/share/reto_sem_6/models/aruco_box/materials/textures
[1.276s] copying models/aruco_box/materials/textures/marker5.png -> /home/ar0ck/ros2_ws_t3003/install/reto_sem_6/share/reto_sem_6/models/aruco_box/materials/textures
[1.276s] copying models/aruco_box/materials/textures/marker2.png -> /home/ar0ck/ros2_ws_t3003/install/reto_sem_6/share/reto_sem_6/models/aruco_box/materials/textures
[1.276s] copying models/aruco_box/materials/textures/marker3.png -> /home/ar0ck/ros2_ws_t3003/install/reto_sem_6/share/reto_sem_6/models/aruco_box/materials/textures
[1.276s] copying models/aruco003/model.config -> /home/ar0ck/ros2_ws_t3003/install/reto_sem_6/share/reto_sem_6/models/aruco003
[1.277s] copying models/aruco003/model.sdf -> /home/ar0ck/ros2_ws_t3003/install/reto_sem_6/share/reto_sem_6/models/aruco003
[1.277s] copying models/aruco003/meshes/aruco003.dae -> /home/ar0ck/ros2_ws_t3003/install/reto_sem_6/share/reto_sem_6/models/aruco003/meshes
[1.277s] copying models/aruco003/materials/textures/16h3_003.png -> /home/ar0ck/ros2_ws_t3003/install/reto_sem_6/share/reto_sem_6/models/aruco003/materials/textures
[1.277s] copying models/puzzlebot_base/model.config -> /home/ar0ck/ros2_ws_t3003/install/reto_sem_6/share/reto_sem_6/models/puzzlebot_base
[1.277s] copying models/puzzlebot_base/model.sdf -> /home/ar0ck/ros2_ws_t3003/install/reto_sem_6/share/reto_sem_6/models/puzzlebot_base
[1.278s] copying models/puzzlebot_base/materials/textures/puzzlebot_wood_6.png -> /home/ar0ck/ros2_ws_t3003/install/reto_sem_6/share/reto_sem_6/models/puzzlebot_base/materials/textures
[1.279s] copying models/avoidance_world_2/model.config -> /home/ar0ck/ros2_ws_t3003/install/reto_sem_6/share/reto_sem_6/models/avoidance_world_2
[1.279s] copying models/avoidance_world_2/model.sdf -> /home/ar0ck/ros2_ws_t3003/install/reto_sem_6/share/reto_sem_6/models/avoidance_world_2
[1.279s] copying models/puzzlebot_camera/model.config -> /home/ar0ck/ros2_ws_t3003/install/reto_sem_6/share/reto_sem_6/models/puzzlebot_camera
[1.279s] copying models/puzzlebot_camera/model.sdf -> /home/ar0ck/ros2_ws_t3003/install/reto_sem_6/share/reto_sem_6/models/puzzlebot_camera
[1.279s] copying models/puzzlebot_camera/meshes/chassis1.dae -> /home/ar0ck/ros2_ws_t3003/install/reto_sem_6/share/reto_sem_6/models/puzzlebot_camera/meshes
[1.299s] copying models/puzzlebot_camera/meshes/wheel.dae -> /home/ar0ck/ros2_ws_t3003/install/reto_sem_6/share/reto_sem_6/models/puzzlebot_camera/meshes
[1.300s] copying models/media/materials/scripts/mcr2_materials.material -> /home/ar0ck/ros2_ws_t3003/install/reto_sem_6/share/reto_sem_6/models/media/materials/scripts
[1.301s] copying models/media/materials/textures/puzzlebot_wood_7.png -> /home/ar0ck/ros2_ws_t3003/install/reto_sem_6/share/reto_sem_6/models/media/materials/textures
[1.303s] copying models/media/materials/textures/nvidia_logo_white.jpg -> /home/ar0ck/ros2_ws_t3003/install/reto_sem_6/share/reto_sem_6/models/media/materials/textures
[1.303s] copying models/media/materials/textures/wood_floor.jpg -> /home/ar0ck/ros2_ws_t3003/install/reto_sem_6/share/reto_sem_6/models/media/materials/textures
[1.303s] copying models/media/materials/textures/puzzlebot_wood_6.png -> /home/ar0ck/ros2_ws_t3003/install/reto_sem_6/share/reto_sem_6/models/media/materials/textures
[1.305s] copying models/media/materials/textures/nvidia_hz_logo_white.jpg -> /home/ar0ck/ros2_ws_t3003/install/reto_sem_6/share/reto_sem_6/models/media/materials/textures
[1.305s] copying models/media/materials/textures/mcr2_goal_3.png -> /home/ar0ck/ros2_ws_t3003/install/reto_sem_6/share/reto_sem_6/models/media/materials/textures
[1.305s] copying models/media/materials/textures/puzzlebot_logo.png -> /home/ar0ck/ros2_ws_t3003/install/reto_sem_6/share/reto_sem_6/models/media/materials/textures
[1.306s] copying models/media/materials/textures/puzzlebot_logo_white.png -> /home/ar0ck/ros2_ws_t3003/install/reto_sem_6/share/reto_sem_6/models/media/materials/textures
[1.306s] copying models/media/materials/textures/mcr2_logo_black.png -> /home/ar0ck/ros2_ws_t3003/install/reto_sem_6/share/reto_sem_6/models/media/materials/textures
[1.306s] copying models/media/materials/textures/puzzlebot_wood_5.png -> /home/ar0ck/ros2_ws_t3003/install/reto_sem_6/share/reto_sem_6/models/media/materials/textures
[1.309s] copying models/media/materials/textures/puzzlebot_wood_4.png -> /home/ar0ck/ros2_ws_t3003/install/reto_sem_6/share/reto_sem_6/models/media/materials/textures
[1.313s] copying models/media/materials/textures/mcr2_goal_2.png -> /home/ar0ck/ros2_ws_t3003/install/reto_sem_6/share/reto_sem_6/models/media/materials/textures
[1.313s] copying models/media/materials/textures/mcr2_goal_4.png -> /home/ar0ck/ros2_ws_t3003/install/reto_sem_6/share/reto_sem_6/models/media/materials/textures
[1.313s] copying models/media/materials/textures/nvidia_logo_b_w.jpg -> /home/ar0ck/ros2_ws_t3003/install/reto_sem_6/share/reto_sem_6/models/media/materials/textures
[1.314s] copying models/media/materials/textures/nvidia_logo_black.jpg -> /home/ar0ck/ros2_ws_t3003/install/reto_sem_6/share/reto_sem_6/models/media/materials/textures
[1.314s] copying models/media/materials/textures/mcr2_goal_5.png -> /home/ar0ck/ros2_ws_t3003/install/reto_sem_6/share/reto_sem_6/models/media/materials/textures
[1.314s] copying models/media/materials/textures/mcr2_logo_white.png -> /home/ar0ck/ros2_ws_t3003/install/reto_sem_6/share/reto_sem_6/models/media/materials/textures
[1.315s] copying models/media/materials/textures/mcr2_goal_1.png -> /home/ar0ck/ros2_ws_t3003/install/reto_sem_6/share/reto_sem_6/models/media/materials/textures
[1.315s] copying models/media/materials/textures/mcr2_banner.png -> /home/ar0ck/ros2_ws_t3003/install/reto_sem_6/share/reto_sem_6/models/media/materials/textures
[1.315s] copying models/media/materials/textures/aruco_markers/marker1.png -> /home/ar0ck/ros2_ws_t3003/install/reto_sem_6/share/reto_sem_6/models/media/materials/textures/aruco_markers
[1.316s] copying models/media/materials/textures/aruco_markers/marker0.png -> /home/ar0ck/ros2_ws_t3003/install/reto_sem_6/share/reto_sem_6/models/media/materials/textures/aruco_markers
[1.316s] copying models/media/materials/textures/aruco_markers/marker4.png -> /home/ar0ck/ros2_ws_t3003/install/reto_sem_6/share/reto_sem_6/models/media/materials/textures/aruco_markers
[1.316s] copying models/media/materials/textures/aruco_markers/marker5.png -> /home/ar0ck/ros2_ws_t3003/install/reto_sem_6/share/reto_sem_6/models/media/materials/textures/aruco_markers
[1.316s] copying models/media/materials/textures/aruco_markers/marker2.png -> /home/ar0ck/ros2_ws_t3003/install/reto_sem_6/share/reto_sem_6/models/media/materials/textures/aruco_markers
[1.316s] copying models/media/materials/textures/aruco_markers/marker3.png -> /home/ar0ck/ros2_ws_t3003/install/reto_sem_6/share/reto_sem_6/models/media/materials/textures/aruco_markers
[1.317s] copying models/goal_marker_2/model.config -> /home/ar0ck/ros2_ws_t3003/install/reto_sem_6/share/reto_sem_6/models/goal_marker_2
[1.317s] copying models/goal_marker_2/model.sdf -> /home/ar0ck/ros2_ws_t3003/install/reto_sem_6/share/reto_sem_6/models/goal_marker_2
[1.317s] copying models/goal_marker_2/materials/textures/mcr2_goal_2.png -> /home/ar0ck/ros2_ws_t3003/install/reto_sem_6/share/reto_sem_6/models/goal_marker_2/materials/textures
[1.317s] copying models/goal_marker_3/model.config -> /home/ar0ck/ros2_ws_t3003/install/reto_sem_6/share/reto_sem_6/models/goal_marker_3
[1.318s] copying models/goal_marker_3/model.sdf -> /home/ar0ck/ros2_ws_t3003/install/reto_sem_6/share/reto_sem_6/models/goal_marker_3
[1.318s] copying models/goal_marker_3/materials/textures/mcr2_goal_3.png -> /home/ar0ck/ros2_ws_t3003/install/reto_sem_6/share/reto_sem_6/models/goal_marker_3/materials/textures
[1.318s] copying models/world_wall/model.config -> /home/ar0ck/ros2_ws_t3003/install/reto_sem_6/share/reto_sem_6/models/world_wall
[1.318s] copying models/world_wall/model.sdf -> /home/ar0ck/ros2_ws_t3003/install/reto_sem_6/share/reto_sem_6/models/world_wall
[1.318s] copying models/world_wall/meshes/wood_floor.jpg -> /home/ar0ck/ros2_ws_t3003/install/reto_sem_6/share/reto_sem_6/models/world_wall/meshes
[1.318s] copying models/world_wall/meshes/0032-512x512.jpg -> /home/ar0ck/ros2_ws_t3003/install/reto_sem_6/share/reto_sem_6/models/world_wall/meshes
[1.319s] copying models/world_wall/meshes/world_wall1.dae -> /home/ar0ck/ros2_ws_t3003/install/reto_sem_6/share/reto_sem_6/models/world_wall/meshes
[1.319s] copying models/world_wall/materials/textures/wood_floor.jpg -> /home/ar0ck/ros2_ws_t3003/install/reto_sem_6/share/reto_sem_6/models/world_wall/materials/textures
[1.319s] copying models/world_wall/materials/textures/0032-512x512.jpg -> /home/ar0ck/ros2_ws_t3003/install/reto_sem_6/share/reto_sem_6/models/world_wall/materials/textures
[1.320s] copying models/world_wall/materials/textures/MapAll.jpg -> /home/ar0ck/ros2_ws_t3003/install/reto_sem_6/share/reto_sem_6/models/world_wall/materials/textures
[1.321s] copying models/office_model/model.config -> /home/ar0ck/ros2_ws_t3003/install/reto_sem_6/share/reto_sem_6/models/office_model
[1.321s] copying models/office_model/model.sdf -> /home/ar0ck/ros2_ws_t3003/install/reto_sem_6/share/reto_sem_6/models/office_model
[1.322s] copying models/aruco_marker_0/model.config -> /home/ar0ck/ros2_ws_t3003/install/reto_sem_6/share/reto_sem_6/models/aruco_marker_0
[1.322s] copying models/aruco_marker_0/model.sdf -> /home/ar0ck/ros2_ws_t3003/install/reto_sem_6/share/reto_sem_6/models/aruco_marker_0
[1.322s] copying models/aruco_marker_0/materials/textures/marker0.png -> /home/ar0ck/ros2_ws_t3003/install/reto_sem_6/share/reto_sem_6/models/aruco_marker_0/materials/textures
[1.322s] copying models/puzzlebot/model.config -> /home/ar0ck/ros2_ws_t3003/install/reto_sem_6/share/reto_sem_6/models/puzzlebot
[1.322s] copying models/puzzlebot/model.sdf -> /home/ar0ck/ros2_ws_t3003/install/reto_sem_6/share/reto_sem_6/models/puzzlebot
[1.322s] copying models/puzzlebot/meshes/wheel.stl -> /home/ar0ck/ros2_ws_t3003/install/reto_sem_6/share/reto_sem_6/models/puzzlebot/meshes
[1.323s] copying models/puzzlebot/meshes/box9_12.blend -> /home/ar0ck/ros2_ws_t3003/install/reto_sem_6/share/reto_sem_6/models/puzzlebot/meshes
[1.325s] copying models/puzzlebot/meshes/box1_4.blend1 -> /home/ar0ck/ros2_ws_t3003/install/reto_sem_6/share/reto_sem_6/models/puzzlebot/meshes
[1.326s] copying models/puzzlebot/meshes/box1-5.blend -> /home/ar0ck/ros2_ws_t3003/install/reto_sem_6/share/reto_sem_6/models/puzzlebot/meshes
[1.327s] copying models/puzzlebot/meshes/box13_16.blend -> /home/ar0ck/ros2_ws_t3003/install/reto_sem_6/share/reto_sem_6/models/puzzlebot/meshes
[1.329s] copying models/puzzlebot/meshes/chassis1.dae -> /home/ar0ck/ros2_ws_t3003/install/reto_sem_6/share/reto_sem_6/models/puzzlebot/meshes
[1.347s] copying models/puzzlebot/meshes/world_wall1.blend1 -> /home/ar0ck/ros2_ws_t3003/install/reto_sem_6/share/reto_sem_6/models/puzzlebot/meshes
[1.349s] copying models/puzzlebot/meshes/wheel.blend1 -> /home/ar0ck/ros2_ws_t3003/install/reto_sem_6/share/reto_sem_6/models/puzzlebot/meshes
[1.351s] copying models/puzzlebot/meshes/camera.stl -> /home/ar0ck/ros2_ws_t3003/install/reto_sem_6/share/reto_sem_6/models/puzzlebot/meshes
[1.353s] copying models/puzzlebot/meshes/box5_8.blend1 -> /home/ar0ck/ros2_ws_t3003/install/reto_sem_6/share/reto_sem_6/models/puzzlebot/meshes
[1.354s] copying models/puzzlebot/meshes/box5_8.blend -> /home/ar0ck/ros2_ws_t3003/install/reto_sem_6/share/reto_sem_6/models/puzzlebot/meshes
[1.356s] copying models/puzzlebot/meshes/chassis1.blend -> /home/ar0ck/ros2_ws_t3003/install/reto_sem_6/share/reto_sem_6/models/puzzlebot/meshes
[1.379s] copying models/puzzlebot/meshes/chassis.stl -> /home/ar0ck/ros2_ws_t3003/install/reto_sem_6/share/reto_sem_6/models/puzzlebot/meshes
[1.394s] copying models/puzzlebot/meshes/wheel.blend -> /home/ar0ck/ros2_ws_t3003/install/reto_sem_6/share/reto_sem_6/models/puzzlebot/meshes
[1.396s] copying models/puzzlebot/meshes/world_wall1.blend -> /home/ar0ck/ros2_ws_t3003/install/reto_sem_6/share/reto_sem_6/models/puzzlebot/meshes
[1.397s] copying models/puzzlebot/meshes/chassis1.blend1 -> /home/ar0ck/ros2_ws_t3003/install/reto_sem_6/share/reto_sem_6/models/puzzlebot/meshes
[1.419s] copying models/puzzlebot/meshes/wheel.dae -> /home/ar0ck/ros2_ws_t3003/install/reto_sem_6/share/reto_sem_6/models/puzzlebot/meshes
[1.420s] copying models/aruco002_cv/model.config -> /home/ar0ck/ros2_ws_t3003/install/reto_sem_6/share/reto_sem_6/models/aruco002_cv
[1.420s] copying models/aruco002_cv/model.sdf -> /home/ar0ck/ros2_ws_t3003/install/reto_sem_6/share/reto_sem_6/models/aruco002_cv
[1.421s] copying models/aruco002_cv/meshes/aruco002.dae -> /home/ar0ck/ros2_ws_t3003/install/reto_sem_6/share/reto_sem_6/models/aruco002_cv/meshes
[1.421s] copying models/aruco002_cv/materials/textures/4x4_50_002.png -> /home/ar0ck/ros2_ws_t3003/install/reto_sem_6/share/reto_sem_6/models/aruco002_cv/materials/textures
[1.421s] copying models/empty/model.config -> /home/ar0ck/ros2_ws_t3003/install/reto_sem_6/share/reto_sem_6/models/empty
[1.421s] copying models/empty/model.sdf -> /home/ar0ck/ros2_ws_t3003/install/reto_sem_6/share/reto_sem_6/models/empty
[1.421s] copying models/aruco001_cv/model.config -> /home/ar0ck/ros2_ws_t3003/install/reto_sem_6/share/reto_sem_6/models/aruco001_cv
[1.422s] copying models/aruco001_cv/model.sdf -> /home/ar0ck/ros2_ws_t3003/install/reto_sem_6/share/reto_sem_6/models/aruco001_cv
[1.422s] copying models/aruco001_cv/meshes/aruco001.dae -> /home/ar0ck/ros2_ws_t3003/install/reto_sem_6/share/reto_sem_6/models/aruco001_cv/meshes
[1.422s] copying models/aruco001_cv/materials/textures/4x4_50_001.png -> /home/ar0ck/ros2_ws_t3003/install/reto_sem_6/share/reto_sem_6/models/aruco001_cv/materials/textures
[1.422s] copying models/yellow_colored_box/model.config -> /home/ar0ck/ros2_ws_t3003/install/reto_sem_6/share/reto_sem_6/models/yellow_colored_box
[1.422s] copying models/yellow_colored_box/model.sdf -> /home/ar0ck/ros2_ws_t3003/install/reto_sem_6/share/reto_sem_6/models/yellow_colored_box
[1.423s] copying models/aruco001/model.config -> /home/ar0ck/ros2_ws_t3003/install/reto_sem_6/share/reto_sem_6/models/aruco001
[1.423s] copying models/aruco001/model.sdf -> /home/ar0ck/ros2_ws_t3003/install/reto_sem_6/share/reto_sem_6/models/aruco001
[1.423s] copying models/aruco001/meshes/aruco001.dae -> /home/ar0ck/ros2_ws_t3003/install/reto_sem_6/share/reto_sem_6/models/aruco001/meshes
[1.424s] copying models/aruco001/materials/textures/16h3_001.png -> /home/ar0ck/ros2_ws_t3003/install/reto_sem_6/share/reto_sem_6/models/aruco001/materials/textures
[1.424s] copying models/goal_marker_4/model.config -> /home/ar0ck/ros2_ws_t3003/install/reto_sem_6/share/reto_sem_6/models/goal_marker_4
[1.424s] copying models/goal_marker_4/model.sdf -> /home/ar0ck/ros2_ws_t3003/install/reto_sem_6/share/reto_sem_6/models/goal_marker_4
[1.424s] copying models/goal_marker_4/materials/textures/mcr2_goal_4.png -> /home/ar0ck/ros2_ws_t3003/install/reto_sem_6/share/reto_sem_6/models/goal_marker_4/materials/textures
[1.424s] copying models/avoidance_world_3/model.config -> /home/ar0ck/ros2_ws_t3003/install/reto_sem_6/share/reto_sem_6/models/avoidance_world_3
[1.425s] copying models/avoidance_world_3/model.sdf -> /home/ar0ck/ros2_ws_t3003/install/reto_sem_6/share/reto_sem_6/models/avoidance_world_3
[1.425s] copying models/aruco_marker_4/model.config -> /home/ar0ck/ros2_ws_t3003/install/reto_sem_6/share/reto_sem_6/models/aruco_marker_4
[1.425s] copying models/aruco_marker_4/model.sdf -> /home/ar0ck/ros2_ws_t3003/install/reto_sem_6/share/reto_sem_6/models/aruco_marker_4
[1.425s] copying models/aruco_marker_4/materials/textures/marker4.png -> /home/ar0ck/ros2_ws_t3003/install/reto_sem_6/share/reto_sem_6/models/aruco_marker_4/materials/textures
[1.425s] copying models/aruco_marker_3/model.config -> /home/ar0ck/ros2_ws_t3003/install/reto_sem_6/share/reto_sem_6/models/aruco_marker_3
[1.425s] copying models/aruco_marker_3/model.sdf -> /home/ar0ck/ros2_ws_t3003/install/reto_sem_6/share/reto_sem_6/models/aruco_marker_3
[1.426s] copying models/aruco_marker_3/materials/textures/marker3.png -> /home/ar0ck/ros2_ws_t3003/install/reto_sem_6/share/reto_sem_6/models/aruco_marker_3/materials/textures
[1.426s] copying worlds/puzzlebot_arena.world -> /home/ar0ck/ros2_ws_t3003/install/reto_sem_6/share/reto_sem_6/worlds
[1.426s] copying worlds/obstacle_avoidance_2.world -> /home/ar0ck/ros2_ws_t3003/install/reto_sem_6/share/reto_sem_6/worlds
[1.426s] copying worlds/obstacle_avoidance_4.world -> /home/ar0ck/ros2_ws_t3003/install/reto_sem_6/share/reto_sem_6/worlds
[1.426s] copying worlds/puzzlebot_aruco_markers.world -> /home/ar0ck/ros2_ws_t3003/install/reto_sem_6/share/reto_sem_6/worlds
[1.427s] copying worlds/world_aruco_cv.sdf -> /home/ar0ck/ros2_ws_t3003/install/reto_sem_6/share/reto_sem_6/worlds
[1.427s] copying worlds/empty.world -> /home/ar0ck/ros2_ws_t3003/install/reto_sem_6/share/reto_sem_6/worlds
[1.427s] copying worlds/puzzlebot_world.world -> /home/ar0ck/ros2_ws_t3003/install/reto_sem_6/share/reto_sem_6/worlds
[1.427s] copying worlds/office.world -> /home/ar0ck/ros2_ws_t3003/install/reto_sem_6/share/reto_sem_6/worlds
[1.427s] copying worlds/world_aruco_mip.sdf -> /home/ar0ck/ros2_ws_t3003/install/reto_sem_6/share/reto_sem_6/worlds
[1.428s] copying worlds/puzzlebot_arena_markers.world -> /home/ar0ck/ros2_ws_t3003/install/reto_sem_6/share/reto_sem_6/worlds
[1.428s] copying worlds/world_box.sdf -> /home/ar0ck/ros2_ws_t3003/install/reto_sem_6/share/reto_sem_6/worlds
[1.428s] copying worlds/obstacle_avoidance_3.world -> /home/ar0ck/ros2_ws_t3003/install/reto_sem_6/share/reto_sem_6/worlds
[1.428s] copying worlds/obstacle_avoidance_1.world -> /home/ar0ck/ros2_ws_t3003/install/reto_sem_6/share/reto_sem_6/worlds
[1.429s] copying worlds/world_empty.sdf -> /home/ar0ck/ros2_ws_t3003/install/reto_sem_6/share/reto_sem_6/worlds
[1.429s] copying worlds/puzzlebot_track.world -> /home/ar0ck/ros2_ws_t3003/install/reto_sem_6/share/reto_sem_6/worlds
[1.429s] copying worlds/office_2/model.config -> /home/ar0ck/ros2_ws_t3003/install/reto_sem_6/share/reto_sem_6/worlds/office_2
[1.429s] copying worlds/office_2/model.sdf -> /home/ar0ck/ros2_ws_t3003/install/reto_sem_6/share/reto_sem_6/worlds/office_2
[1.430s] copying plugins/libDiffDynamicPlugin.so -> /home/ar0ck/ros2_ws_t3003/install/reto_sem_6/share/reto_sem_6/plugins
[1.433s] running install_egg_info
[1.443s] removing '/home/ar0ck/ros2_ws_t3003/install/reto_sem_6/lib/python3.10/site-packages/reto_sem_6-0.0.0-py3.10.egg-info' (and everything under it)
[1.443s] Copying ../../build/reto_sem_6/reto_sem_6.egg-info to /home/ar0ck/ros2_ws_t3003/install/reto_sem_6/lib/python3.10/site-packages/reto_sem_6-0.0.0-py3.10.egg-info
[1.444s] running install_scripts
[1.522s] Installing odom script to /home/ar0ck/ros2_ws_t3003/install/reto_sem_6/lib/reto_sem_6
[1.522s] Installing puzzlebot_bot script to /home/ar0ck/ros2_ws_t3003/install/reto_sem_6/lib/reto_sem_6
[1.522s] Installing puzzlebot_gazebo script to /home/ar0ck/ros2_ws_t3003/install/reto_sem_6/lib/reto_sem_6
[1.522s] Installing puzzlebot_sim script to /home/ar0ck/ros2_ws_t3003/install/reto_sem_6/lib/reto_sem_6
[1.523s] writing list of installed files to '/home/ar0ck/ros2_ws_t3003/build/reto_sem_6/install.log'
[1.544s] Invoked command in '/home/ar0ck/ros2_ws_t3003/src/reto_sem_6' returned '0': PYTHONPATH=/home/ar0ck/ros2_ws_t3003/build/reto_sem_6/prefix_override:/usr/lib/python3/dist-packages/colcon_core/task/python/colcon_distutils_commands:/home/ar0ck/ros2_ws_t3003/install/reto_sem_6/lib/python3.10/site-packages:${PYTHONPATH} /usr/bin/python3 -W ignore:setup.py install is deprecated -W ignore:easy_install command is deprecated setup.py egg_info --egg-base ../../build/reto_sem_6 build --build-base /home/ar0ck/ros2_ws_t3003/build/reto_sem_6/build install --record /home/ar0ck/ros2_ws_t3003/build/reto_sem_6/install.log --single-version-externally-managed install_data
