[2.340s] Invoking command in '/home/ar0ck/ros2_ws_t3003/src/puzzlebot_description': PYTHONPATH=/home/ar0ck/ros2_ws_t3003/build/puzzlebot_description/prefix_override:/usr/lib/python3/dist-packages/colcon_core/task/python/colcon_distutils_commands:/home/ar0ck/ros2_ws_t3003/install/puzzlebot_description/lib/python3.10/site-packages:${PYTHONPATH} /usr/bin/python3 -W ignore:setup.py install is deprecated -W ignore:easy_install command is deprecated setup.py egg_info --egg-base ../../build/puzzlebot_description build --build-base /home/ar0ck/ros2_ws_t3003/build/puzzlebot_description/build install --record /home/ar0ck/ros2_ws_t3003/build/puzzlebot_description/install.log --single-version-externally-managed install_data
[2.832s] running egg_info
[2.862s] writing ../../build/puzzlebot_description/puzzlebot_description.egg-info/PKG-INFO
[2.863s] writing dependency_links to ../../build/puzzlebot_description/puzzlebot_description.egg-info/dependency_links.txt
[2.863s] writing entry points to ../../build/puzzlebot_description/puzzlebot_description.egg-info/entry_points.txt
[2.863s] writing requirements to ../../build/puzzlebot_description/puzzlebot_description.egg-info/requires.txt
[2.864s] writing top-level names to ../../build/puzzlebot_description/puzzlebot_description.egg-info/top_level.txt
[2.925s] reading manifest file '../../build/puzzlebot_description/puzzlebot_description.egg-info/SOURCES.txt'
[2.926s] adding license file 'LICENSE'
[2.928s] writing manifest file '../../build/puzzlebot_description/puzzlebot_description.egg-info/SOURCES.txt'
[2.928s] running build
[2.928s] running build_py
[2.929s] running install
[2.939s] running install_lib
[2.971s] running install_data
[2.972s] copying urdf/mcr2_control/gazebo_control.xacro -> /home/ar0ck/ros2_ws_t3003/install/puzzlebot_description/share/puzzlebot_description/urdf/mcr2_control
[2.973s] running install_egg_info
[3.006s] removing '/home/ar0ck/ros2_ws_t3003/install/puzzlebot_description/lib/python3.10/site-packages/puzzlebot_description-0.0.0-py3.10.egg-info' (and everything under it)
[3.007s] Copying ../../build/puzzlebot_description/puzzlebot_description.egg-info to /home/ar0ck/ros2_ws_t3003/install/puzzlebot_description/lib/python3.10/site-packages/puzzlebot_description-0.0.0-py3.10.egg-info
[3.009s] running install_scripts
[3.235s] Installing joint_state_publisher script to /home/ar0ck/ros2_ws_t3003/install/puzzlebot_description/lib/puzzlebot_description
[3.236s] writing list of installed files to '/home/ar0ck/ros2_ws_t3003/build/puzzlebot_description/install.log'
[3.285s] Invoked command in '/home/ar0ck/ros2_ws_t3003/src/puzzlebot_description' returned '0': PYTHONPATH=/home/ar0ck/ros2_ws_t3003/build/puzzlebot_description/prefix_override:/usr/lib/python3/dist-packages/colcon_core/task/python/colcon_distutils_commands:/home/ar0ck/ros2_ws_t3003/install/puzzlebot_description/lib/python3.10/site-packages:${PYTHONPATH} /usr/bin/python3 -W ignore:setup.py install is deprecated -W ignore:easy_install command is deprecated setup.py egg_info --egg-base ../../build/puzzlebot_description build --build-base /home/ar0ck/ros2_ws_t3003/build/puzzlebot_description/build install --record /home/ar0ck/ros2_ws_t3003/build/puzzlebot_description/install.log --single-version-externally-managed install_data
