/home/ar0ck/TE3003B_Retos/install/reto_sem_5/lib/python3.10/site-packages/reto_sem_5/puzzlebot_sim.py
/home/ar0ck/TE3003B_Retos/install/reto_sem_5/lib/python3.10/site-packages/reto_sem_5/__init__.py
/home/ar0ck/TE3003B_Retos/install/reto_sem_5/lib/python3.10/site-packages/reto_sem_5/odom.py
/home/ar0ck/TE3003B_Retos/install/reto_sem_5/lib/python3.10/site-packages/reto_sem_5/control.py
/home/ar0ck/TE3003B_Retos/install/reto_sem_5/lib/python3.10/site-packages/reto_sem_5/puzzle_bot.py
/home/ar0ck/TE3003B_Retos/install/reto_sem_5/lib/python3.10/site-packages/reto_sem_5/__pycache__/puzzlebot_sim.cpython-310.pyc
/home/ar0ck/TE3003B_Retos/install/reto_sem_5/lib/python3.10/site-packages/reto_sem_5/__pycache__/__init__.cpython-310.pyc
/home/ar0ck/TE3003B_Retos/install/reto_sem_5/lib/python3.10/site-packages/reto_sem_5/__pycache__/odom.cpython-310.pyc
/home/ar0ck/TE3003B_Retos/install/reto_sem_5/lib/python3.10/site-packages/reto_sem_5/__pycache__/control.cpython-310.pyc
/home/ar0ck/TE3003B_Retos/install/reto_sem_5/lib/python3.10/site-packages/reto_sem_5/__pycache__/puzzle_bot.cpython-310.pyc
/home/ar0ck/TE3003B_Retos/install/reto_sem_5/share/ament_index/resource_index/packages/reto_sem_5
/home/ar0ck/TE3003B_Retos/install/reto_sem_5/share/reto_sem_5/package.xml
/home/ar0ck/TE3003B_Retos/install/reto_sem_5/share/reto_sem_5/launch/puzzlebot_launch.py
/home/ar0ck/TE3003B_Retos/install/reto_sem_5/share/reto_sem_5/config
/home/ar0ck/TE3003B_Retos/install/reto_sem_5/share/reto_sem_5/rviz/config.rviz
/home/ar0ck/TE3003B_Retos/install/reto_sem_5/share/reto_sem_5/rviz/puzzlebot.rviz
/home/ar0ck/TE3003B_Retos/install/reto_sem_5/share/reto_sem_5/meshes/Puzzlebot_Caster_Wheel.stl
/home/ar0ck/TE3003B_Retos/install/reto_sem_5/share/reto_sem_5/meshes/Puzzlebot_Jetson_Lidar_Edition_Base.stl
/home/ar0ck/TE3003B_Retos/install/reto_sem_5/share/reto_sem_5/meshes/Puzzlebot_Wheel.stl
/home/ar0ck/TE3003B_Retos/install/reto_sem_5/share/reto_sem_5/urdf/puzzle_bot.urdf
/home/ar0ck/TE3003B_Retos/install/reto_sem_5/lib/python3.10/site-packages/reto_sem_5-0.0.0-py3.10.egg-info/PKG-INFO
/home/ar0ck/TE3003B_Retos/install/reto_sem_5/lib/python3.10/site-packages/reto_sem_5-0.0.0-py3.10.egg-info/SOURCES.txt
/home/ar0ck/TE3003B_Retos/install/reto_sem_5/lib/python3.10/site-packages/reto_sem_5-0.0.0-py3.10.egg-info/zip-safe
/home/ar0ck/TE3003B_Retos/install/reto_sem_5/lib/python3.10/site-packages/reto_sem_5-0.0.0-py3.10.egg-info/requires.txt
/home/ar0ck/TE3003B_Retos/install/reto_sem_5/lib/python3.10/site-packages/reto_sem_5-0.0.0-py3.10.egg-info/dependency_links.txt
/home/ar0ck/TE3003B_Retos/install/reto_sem_5/lib/python3.10/site-packages/reto_sem_5-0.0.0-py3.10.egg-info/top_level.txt
/home/ar0ck/TE3003B_Retos/install/reto_sem_5/lib/python3.10/site-packages/reto_sem_5-0.0.0-py3.10.egg-info/entry_points.txt
/home/ar0ck/TE3003B_Retos/install/reto_sem_5/lib/reto_sem_5/control
/home/ar0ck/TE3003B_Retos/install/reto_sem_5/lib/reto_sem_5/puzzle_bot
/home/ar0ck/TE3003B_Retos/install/reto_sem_5/lib/reto_sem_5/puzzlebot_sim
