[0.688s] Invoking command in '/home/ar0ck/ros2_ws_t3003/src/reto_sem_6': PYTHONPATH=/home/ar0ck/ros2_ws_t3003/build/reto_sem_6/prefix_override:/usr/lib/python3/dist-packages/colcon_core/task/python/colcon_distutils_commands:/home/ar0ck/ros2_ws_t3003/install/reto_sem_6/lib/python3.10/site-packages:${PYTHONPATH} /usr/bin/python3 -W ignore:setup.py install is deprecated -W ignore:easy_install command is deprecated setup.py egg_info --egg-base ../../build/reto_sem_6 build --build-base /home/ar0ck/ros2_ws_t3003/build/reto_sem_6/build install --record /home/ar0ck/ros2_ws_t3003/build/reto_sem_6/install.log --single-version-externally-managed install_data
[0.832s] running egg_info
[0.841s] writing ../../build/reto_sem_6/reto_sem_6.egg-info/PKG-INFO
[0.841s] writing dependency_links to ../../build/reto_sem_6/reto_sem_6.egg-info/dependency_links.txt
[0.841s] writing entry points to ../../build/reto_sem_6/reto_sem_6.egg-info/entry_points.txt
[0.842s] writing requirements to ../../build/reto_sem_6/reto_sem_6.egg-info/requires.txt
[0.842s] writing top-level names to ../../build/reto_sem_6/reto_sem_6.egg-info/top_level.txt
[0.861s] reading manifest file '../../build/reto_sem_6/reto_sem_6.egg-info/SOURCES.txt'
[0.862s] adding license file 'LICENSE'
[0.863s] writing manifest file '../../build/reto_sem_6/reto_sem_6.egg-info/SOURCES.txt'
[0.863s] running build
[0.864s] running build_py
[0.864s] copying reto_sem_6/puzzlebot_sim.py -> /home/ar0ck/ros2_ws_t3003/build/reto_sem_6/build/lib/reto_sem_6
[0.864s] copying reto_sem_6/__init__.py -> /home/ar0ck/ros2_ws_t3003/build/reto_sem_6/build/lib/reto_sem_6
[0.864s] copying reto_sem_6/odom.py -> /home/ar0ck/ros2_ws_t3003/build/reto_sem_6/build/lib/reto_sem_6
[0.864s] copying reto_sem_6/puzzlebot_gazebo.py -> /home/ar0ck/ros2_ws_t3003/build/reto_sem_6/build/lib/reto_sem_6
[0.864s] copying reto_sem_6/aruco.py -> /home/ar0ck/ros2_ws_t3003/build/reto_sem_6/build/lib/reto_sem_6
[0.864s] copying reto_sem_6/puzzle_bot.py -> /home/ar0ck/ros2_ws_t3003/build/reto_sem_6/build/lib/reto_sem_6
[0.864s] running install
[0.867s] running install_lib
[0.877s] copying /home/ar0ck/ros2_ws_t3003/build/reto_sem_6/build/lib/reto_sem_6/puzzlebot_gazebo.py -> /home/ar0ck/ros2_ws_t3003/install/reto_sem_6/lib/python3.10/site-packages/reto_sem_6
[0.877s] byte-compiling /home/ar0ck/ros2_ws_t3003/install/reto_sem_6/lib/python3.10/site-packages/reto_sem_6/puzzlebot_gazebo.py to puzzlebot_gazebo.cpython-310.pyc
[0.878s] running install_data
[0.878s] copying resource/reto_sem_6 -> /home/ar0ck/ros2_ws_t3003/install/reto_sem_6/share/ament_index/resource_index/packages
[0.878s] copying package.xml -> /home/ar0ck/ros2_ws_t3003/install/reto_sem_6/share/reto_sem_6
[0.878s] copying launch/bringup_simulation_multi_launch.py -> /home/ar0ck/ros2_ws_t3003/install/reto_sem_6/share/reto_sem_6/launch
[0.878s] copying launch/gazebo_example_launch.py -> /home/ar0ck/ros2_ws_t3003/install/reto_sem_6/share/reto_sem_6/launch
[0.879s] copying launch/gazebo_puzzlebot_launch.py -> /home/ar0ck/ros2_ws_t3003/install/reto_sem_6/share/reto_sem_6/launch
[0.879s] copying launch/gazebo_world_launch.py -> /home/ar0ck/ros2_ws_t3003/install/reto_sem_6/share/reto_sem_6/launch
[0.879s] copying launch/bringup_simulation_simple_launch.py -> /home/ar0ck/ros2_ws_t3003/install/reto_sem_6/share/reto_sem_6/launch
[0.879s] copying config/puzzlebot_hacker_ed.yaml -> /home/ar0ck/ros2_ws_t3003/install/reto_sem_6/share/reto_sem_6/config
[0.879s] copying config/puzzlebot_jetson_ed.yaml -> /home/ar0ck/ros2_ws_t3003/install/reto_sem_6/share/reto_sem_6/config
[0.879s] copying config/puzzlebot_jetson_lidar_ed.yaml -> /home/ar0ck/ros2_ws_t3003/install/reto_sem_6/share/reto_sem_6/config
[0.879s] copying models/avoidance_world_4/model.config -> /home/ar0ck/ros2_ws_t3003/install/reto_sem_6/share/reto_sem_6/models/avoidance_world_4
[0.879s] copying models/avoidance_world_4/model.sdf -> /home/ar0ck/ros2_ws_t3003/install/reto_sem_6/share/reto_sem_6/models/avoidance_world_4
[0.879s] copying models/box_brick/model.config -> /home/ar0ck/ros2_ws_t3003/install/reto_sem_6/share/reto_sem_6/models/box_brick
[0.879s] copying models/box_brick/model.sdf -> /home/ar0ck/ros2_ws_t3003/install/reto_sem_6/share/reto_sem_6/models/box_brick
[0.879s] copying models/box_brick/meshes/box_brick.dae -> /home/ar0ck/ros2_ws_t3003/install/reto_sem_6/share/reto_sem_6/models/box_brick/meshes
[0.880s] copying models/box_brick/materials/textures/0032-512x512.jpg -> /home/ar0ck/ros2_ws_t3003/install/reto_sem_6/share/reto_sem_6/models/box_brick/materials/textures
[0.880s] copying models/puzzlebot_lidar/model.config -> /home/ar0ck/ros2_ws_t3003/install/reto_sem_6/share/reto_sem_6/models/puzzlebot_lidar
[0.880s] copying models/puzzlebot_lidar/model.sdf -> /home/ar0ck/ros2_ws_t3003/install/reto_sem_6/share/reto_sem_6/models/puzzlebot_lidar
[0.880s] copying models/puzzlebot_lidar/meshes/chassis1.dae -> /home/ar0ck/ros2_ws_t3003/install/reto_sem_6/share/reto_sem_6/models/puzzlebot_lidar/meshes
[0.896s] copying models/puzzlebot_lidar/meshes/wheel.dae -> /home/ar0ck/ros2_ws_t3003/install/reto_sem_6/share/reto_sem_6/models/puzzlebot_lidar/meshes
[0.897s] copying models/aruco000/model.config -> /home/ar0ck/ros2_ws_t3003/install/reto_sem_6/share/reto_sem_6/models/aruco000
[0.897s] copying models/aruco000/model.sdf -> /home/ar0ck/ros2_ws_t3003/install/reto_sem_6/share/reto_sem_6/models/aruco000
[0.897s] copying models/aruco000/meshes/aruco000.dae -> /home/ar0ck/ros2_ws_t3003/install/reto_sem_6/share/reto_sem_6/models/aruco000/meshes
[0.897s] copying models/aruco000/materials/textures/16h3_000.png -> /home/ar0ck/ros2_ws_t3003/install/reto_sem_6/share/reto_sem_6/models/aruco000/materials/textures
[0.897s] copying models/aruco002/model.config -> /home/ar0ck/ros2_ws_t3003/install/reto_sem_6/share/reto_sem_6/models/aruco002
[0.897s] copying models/aruco002/model.sdf -> /home/ar0ck/ros2_ws_t3003/install/reto_sem_6/share/reto_sem_6/models/aruco002
[0.897s] copying models/aruco002/meshes/aruco002.dae -> /home/ar0ck/ros2_ws_t3003/install/reto_sem_6/share/reto_sem_6/models/aruco002/meshes
[0.897s] copying models/aruco002/materials/textures/16h3_002.png -> /home/ar0ck/ros2_ws_t3003/install/reto_sem_6/share/reto_sem_6/models/aruco002/materials/textures
[0.898s] copying models/aruco_marker_2/model.config -> /home/ar0ck/ros2_ws_t3003/install/reto_sem_6/share/reto_sem_6/models/aruco_marker_2
[0.898s] copying models/aruco_marker_2/model.sdf -> /home/ar0ck/ros2_ws_t3003/install/reto_sem_6/share/reto_sem_6/models/aruco_marker_2
[0.898s] copying models/aruco_marker_2/materials/textures/marker2.png -> /home/ar0ck/ros2_ws_t3003/install/reto_sem_6/share/reto_sem_6/models/aruco_marker_2/materials/textures
[0.898s] copying models/avoidance_world_1/model.config -> /home/ar0ck/ros2_ws_t3003/install/reto_sem_6/share/reto_sem_6/models/avoidance_world_1
[0.898s] copying models/avoidance_world_1/model.sdf -> /home/ar0ck/ros2_ws_t3003/install/reto_sem_6/share/reto_sem_6/models/avoidance_world_1
[0.898s] copying models/blue_colored_box/model.config -> /home/ar0ck/ros2_ws_t3003/install/reto_sem_6/share/reto_sem_6/models/blue_colored_box
[0.898s] copying models/blue_colored_box/model.sdf -> /home/ar0ck/ros2_ws_t3003/install/reto_sem_6/share/reto_sem_6/models/blue_colored_box
[0.898s] copying models/aruco000_cv/model.config -> /home/ar0ck/ros2_ws_t3003/install/reto_sem_6/share/reto_sem_6/models/aruco000_cv
[0.898s] copying models/aruco000_cv/model.sdf -> /home/ar0ck/ros2_ws_t3003/install/reto_sem_6/share/reto_sem_6/models/aruco000_cv
[0.898s] copying models/aruco000_cv/meshes/aruco000.dae -> /home/ar0ck/ros2_ws_t3003/install/reto_sem_6/share/reto_sem_6/models/aruco000_cv/meshes
[0.899s] copying models/aruco000_cv/materials/textures/4x4_50_000.png -> /home/ar0ck/ros2_ws_t3003/install/reto_sem_6/share/reto_sem_6/models/aruco000_cv/materials/textures
[0.899s] copying models/red_colored_box/model.config -> /home/ar0ck/ros2_ws_t3003/install/reto_sem_6/share/reto_sem_6/models/red_colored_box
[0.899s] copying models/red_colored_box/model.sdf -> /home/ar0ck/ros2_ws_t3003/install/reto_sem_6/share/reto_sem_6/models/red_colored_box
[0.899s] copying models/aruco_marker_1/model.config -> /home/ar0ck/ros2_ws_t3003/install/reto_sem_6/share/reto_sem_6/models/aruco_marker_1
[0.899s] copying models/aruco_marker_1/model.sdf -> /home/ar0ck/ros2_ws_t3003/install/reto_sem_6/share/reto_sem_6/models/aruco_marker_1
[0.899s] copying models/aruco_marker_1/materials/textures/marker1.png -> /home/ar0ck/ros2_ws_t3003/install/reto_sem_6/share/reto_sem_6/models/aruco_marker_1/materials/textures
[0.899s] copying models/goal_marker_1/model.config -> /home/ar0ck/ros2_ws_t3003/install/reto_sem_6/share/reto_sem_6/models/goal_marker_1
[0.899s] copying models/goal_marker_1/model.sdf -> /home/ar0ck/ros2_ws_t3003/install/reto_sem_6/share/reto_sem_6/models/goal_marker_1
[0.899s] copying models/goal_marker_1/materials/textures/mcr2_goal_1.png -> /home/ar0ck/ros2_ws_t3003/install/reto_sem_6/share/reto_sem_6/models/goal_marker_1/materials/textures
[0.899s] copying models/arena_a_frame/model.config -> /home/ar0ck/ros2_ws_t3003/install/reto_sem_6/share/reto_sem_6/models/arena_a_frame
[0.900s] copying models/arena_a_frame/model.sdf -> /home/ar0ck/ros2_ws_t3003/install/reto_sem_6/share/reto_sem_6/models/arena_a_frame
[0.900s] copying models/arena_a_frame/meshes/MCR2_arena_side.stl -> /home/ar0ck/ros2_ws_t3003/install/reto_sem_6/share/reto_sem_6/models/arena_a_frame/meshes
[0.900s] copying models/arena_a_frame/materials/textures/mcr2_banner.png -> /home/ar0ck/ros2_ws_t3003/install/reto_sem_6/share/reto_sem_6/models/arena_a_frame/materials/textures
[0.900s] copying models/simple_light/model.config -> /home/ar0ck/ros2_ws_t3003/install/reto_sem_6/share/reto_sem_6/models/simple_light
[0.900s] copying models/simple_light/model.sdf -> /home/ar0ck/ros2_ws_t3003/install/reto_sem_6/share/reto_sem_6/models/simple_light
[0.900s] copying models/aruco003_cv/model.config -> /home/ar0ck/ros2_ws_t3003/install/reto_sem_6/share/reto_sem_6/models/aruco003_cv
[0.900s] copying models/aruco003_cv/model.sdf -> /home/ar0ck/ros2_ws_t3003/install/reto_sem_6/share/reto_sem_6/models/aruco003_cv
[0.900s] copying models/aruco003_cv/meshes/aruco003.dae -> /home/ar0ck/ros2_ws_t3003/install/reto_sem_6/share/reto_sem_6/models/aruco003_cv/meshes
[0.900s] copying models/aruco003_cv/materials/textures/4x4_50_003.png -> /home/ar0ck/ros2_ws_t3003/install/reto_sem_6/share/reto_sem_6/models/aruco003_cv/materials/textures
[0.901s] copying models/goal_marker_5/model.config -> /home/ar0ck/ros2_ws_t3003/install/reto_sem_6/share/reto_sem_6/models/goal_marker_5
[0.901s] copying models/goal_marker_5/model.sdf -> /home/ar0ck/ros2_ws_t3003/install/reto_sem_6/share/reto_sem_6/models/goal_marker_5
[0.901s] copying models/goal_marker_5/materials/textures/mcr2_goal_5.png -> /home/ar0ck/ros2_ws_t3003/install/reto_sem_6/share/reto_sem_6/models/goal_marker_5/materials/textures
[0.901s] copying models/aruco_marker_5/model.config -> /home/ar0ck/ros2_ws_t3003/install/reto_sem_6/share/reto_sem_6/models/aruco_marker_5
[0.901s] copying models/aruco_marker_5/model.sdf -> /home/ar0ck/ros2_ws_t3003/install/reto_sem_6/share/reto_sem_6/models/aruco_marker_5
[0.901s] copying models/aruco_marker_5/materials/textures/marker5.png -> /home/ar0ck/ros2_ws_t3003/install/reto_sem_6/share/reto_sem_6/models/aruco_marker_5/materials/textures
[0.901s] copying models/office_floor/model.config -> /home/ar0ck/ros2_ws_t3003/install/reto_sem_6/share/reto_sem_6/models/office_floor
[0.901s] copying models/office_floor/model.sdf -> /home/ar0ck/ros2_ws_t3003/install/reto_sem_6/share/reto_sem_6/models/office_floor
[0.901s] copying models/office_floor/materials/textures/puzzlebot_wood_7.png -> /home/ar0ck/ros2_ws_t3003/install/reto_sem_6/share/reto_sem_6/models/office_floor/materials/textures
[0.903s] copying models/puzzlebot_track/model.config -> /home/ar0ck/ros2_ws_t3003/install/reto_sem_6/share/reto_sem_6/models/puzzlebot_track
[0.903s] copying models/puzzlebot_track/model.sdf -> /home/ar0ck/ros2_ws_t3003/install/reto_sem_6/share/reto_sem_6/models/puzzlebot_track
[0.903s] copying models/puzzlebot_track/materials/textures/puzzlebot_track.png -> /home/ar0ck/ros2_ws_t3003/install/reto_sem_6/share/reto_sem_6/models/puzzlebot_track/materials/textures
[0.903s] copying models/plugins/libDiffDynamicPlugin.so -> /home/ar0ck/ros2_ws_t3003/install/reto_sem_6/share/reto_sem_6/models/plugins
[0.906s] copying models/aruco_box/model.config -> /home/ar0ck/ros2_ws_t3003/install/reto_sem_6/share/reto_sem_6/models/aruco_box
[0.906s] copying models/aruco_box/model.sdf -> /home/ar0ck/ros2_ws_t3003/install/reto_sem_6/share/reto_sem_6/models/aruco_box
[0.906s] copying models/aruco_box/materials/textures/marker1.png -> /home/ar0ck/ros2_ws_t3003/install/reto_sem_6/share/reto_sem_6/models/aruco_box/materials/textures
[0.906s] copying models/aruco_box/materials/textures/marker0.png -> /home/ar0ck/ros2_ws_t3003/install/reto_sem_6/share/reto_sem_6/models/aruco_box/materials/textures
[0.906s] copying models/aruco_box/materials/textures/marker4.png -> /home/ar0ck/ros2_ws_t3003/install/reto_sem_6/share/reto_sem_6/models/aruco_box/materials/textures
[0.906s] copying models/aruco_box/materials/textures/marker5.png -> /home/ar0ck/ros2_ws_t3003/install/reto_sem_6/share/reto_sem_6/models/aruco_box/materials/textures
[0.906s] copying models/aruco_box/materials/textures/marker2.png -> /home/ar0ck/ros2_ws_t3003/install/reto_sem_6/share/reto_sem_6/models/aruco_box/materials/textures
[0.906s] copying models/aruco_box/materials/textures/marker3.png -> /home/ar0ck/ros2_ws_t3003/install/reto_sem_6/share/reto_sem_6/models/aruco_box/materials/textures
[0.907s] copying models/aruco003/model.config -> /home/ar0ck/ros2_ws_t3003/install/reto_sem_6/share/reto_sem_6/models/aruco003
[0.907s] copying models/aruco003/model.sdf -> /home/ar0ck/ros2_ws_t3003/install/reto_sem_6/share/reto_sem_6/models/aruco003
[0.907s] copying models/aruco003/meshes/aruco003.dae -> /home/ar0ck/ros2_ws_t3003/install/reto_sem_6/share/reto_sem_6/models/aruco003/meshes
[0.907s] copying models/aruco003/materials/textures/16h3_003.png -> /home/ar0ck/ros2_ws_t3003/install/reto_sem_6/share/reto_sem_6/models/aruco003/materials/textures
[0.907s] copying models/puzzlebot_base/model.config -> /home/ar0ck/ros2_ws_t3003/install/reto_sem_6/share/reto_sem_6/models/puzzlebot_base
[0.907s] copying models/puzzlebot_base/model.sdf -> /home/ar0ck/ros2_ws_t3003/install/reto_sem_6/share/reto_sem_6/models/puzzlebot_base
[0.907s] copying models/puzzlebot_base/materials/textures/puzzlebot_wood_6.png -> /home/ar0ck/ros2_ws_t3003/install/reto_sem_6/share/reto_sem_6/models/puzzlebot_base/materials/textures
[0.908s] copying models/avoidance_world_2/model.config -> /home/ar0ck/ros2_ws_t3003/install/reto_sem_6/share/reto_sem_6/models/avoidance_world_2
[0.908s] copying models/avoidance_world_2/model.sdf -> /home/ar0ck/ros2_ws_t3003/install/reto_sem_6/share/reto_sem_6/models/avoidance_world_2
[0.908s] copying models/puzzlebot_camera/model.config -> /home/ar0ck/ros2_ws_t3003/install/reto_sem_6/share/reto_sem_6/models/puzzlebot_camera
[0.908s] copying models/puzzlebot_camera/model.sdf -> /home/ar0ck/ros2_ws_t3003/install/reto_sem_6/share/reto_sem_6/models/puzzlebot_camera
[0.908s] copying models/puzzlebot_camera/meshes/chassis1.dae -> /home/ar0ck/ros2_ws_t3003/install/reto_sem_6/share/reto_sem_6/models/puzzlebot_camera/meshes
[0.925s] copying models/puzzlebot_camera/meshes/wheel.dae -> /home/ar0ck/ros2_ws_t3003/install/reto_sem_6/share/reto_sem_6/models/puzzlebot_camera/meshes
[0.926s] copying models/media/materials/scripts/mcr2_materials.material -> /home/ar0ck/ros2_ws_t3003/install/reto_sem_6/share/reto_sem_6/models/media/materials/scripts
[0.926s] copying models/media/materials/textures/puzzlebot_wood_7.png -> /home/ar0ck/ros2_ws_t3003/install/reto_sem_6/share/reto_sem_6/models/media/materials/textures
[0.928s] copying models/media/materials/textures/nvidia_logo_white.jpg -> /home/ar0ck/ros2_ws_t3003/install/reto_sem_6/share/reto_sem_6/models/media/materials/textures
[0.928s] copying models/media/materials/textures/wood_floor.jpg -> /home/ar0ck/ros2_ws_t3003/install/reto_sem_6/share/reto_sem_6/models/media/materials/textures
[0.928s] copying models/media/materials/textures/puzzlebot_wood_6.png -> /home/ar0ck/ros2_ws_t3003/install/reto_sem_6/share/reto_sem_6/models/media/materials/textures
[0.929s] copying models/media/materials/textures/nvidia_hz_logo_white.jpg -> /home/ar0ck/ros2_ws_t3003/install/reto_sem_6/share/reto_sem_6/models/media/materials/textures
[0.929s] copying models/media/materials/textures/mcr2_goal_3.png -> /home/ar0ck/ros2_ws_t3003/install/reto_sem_6/share/reto_sem_6/models/media/materials/textures
[0.929s] copying models/media/materials/textures/puzzlebot_logo.png -> /home/ar0ck/ros2_ws_t3003/install/reto_sem_6/share/reto_sem_6/models/media/materials/textures
[0.929s] copying models/media/materials/textures/puzzlebot_logo_white.png -> /home/ar0ck/ros2_ws_t3003/install/reto_sem_6/share/reto_sem_6/models/media/materials/textures
[0.929s] copying models/media/materials/textures/mcr2_logo_black.png -> /home/ar0ck/ros2_ws_t3003/install/reto_sem_6/share/reto_sem_6/models/media/materials/textures
[0.929s] copying models/media/materials/textures/puzzlebot_wood_5.png -> /home/ar0ck/ros2_ws_t3003/install/reto_sem_6/share/reto_sem_6/models/media/materials/textures
[0.932s] copying models/media/materials/textures/puzzlebot_wood_4.png -> /home/ar0ck/ros2_ws_t3003/install/reto_sem_6/share/reto_sem_6/models/media/materials/textures
[0.934s] copying models/media/materials/textures/mcr2_goal_2.png -> /home/ar0ck/ros2_ws_t3003/install/reto_sem_6/share/reto_sem_6/models/media/materials/textures
[0.934s] copying models/media/materials/textures/mcr2_goal_4.png -> /home/ar0ck/ros2_ws_t3003/install/reto_sem_6/share/reto_sem_6/models/media/materials/textures
[0.934s] copying models/media/materials/textures/nvidia_logo_b_w.jpg -> /home/ar0ck/ros2_ws_t3003/install/reto_sem_6/share/reto_sem_6/models/media/materials/textures
[0.935s] copying models/media/materials/textures/nvidia_logo_black.jpg -> /home/ar0ck/ros2_ws_t3003/install/reto_sem_6/share/reto_sem_6/models/media/materials/textures
[0.935s] copying models/media/materials/textures/mcr2_goal_5.png -> /home/ar0ck/ros2_ws_t3003/install/reto_sem_6/share/reto_sem_6/models/media/materials/textures
[0.935s] copying models/media/materials/textures/mcr2_logo_white.png -> /home/ar0ck/ros2_ws_t3003/install/reto_sem_6/share/reto_sem_6/models/media/materials/textures
[0.935s] copying models/media/materials/textures/mcr2_goal_1.png -> /home/ar0ck/ros2_ws_t3003/install/reto_sem_6/share/reto_sem_6/models/media/materials/textures
[0.935s] copying models/media/materials/textures/mcr2_banner.png -> /home/ar0ck/ros2_ws_t3003/install/reto_sem_6/share/reto_sem_6/models/media/materials/textures
[0.935s] copying models/media/materials/textures/aruco_markers/marker1.png -> /home/ar0ck/ros2_ws_t3003/install/reto_sem_6/share/reto_sem_6/models/media/materials/textures/aruco_markers
[0.935s] copying models/media/materials/textures/aruco_markers/marker0.png -> /home/ar0ck/ros2_ws_t3003/install/reto_sem_6/share/reto_sem_6/models/media/materials/textures/aruco_markers
[0.935s] copying models/media/materials/textures/aruco_markers/marker4.png -> /home/ar0ck/ros2_ws_t3003/install/reto_sem_6/share/reto_sem_6/models/media/materials/textures/aruco_markers
[0.936s] copying models/media/materials/textures/aruco_markers/marker5.png -> /home/ar0ck/ros2_ws_t3003/install/reto_sem_6/share/reto_sem_6/models/media/materials/textures/aruco_markers
[0.936s] copying models/media/materials/textures/aruco_markers/marker2.png -> /home/ar0ck/ros2_ws_t3003/install/reto_sem_6/share/reto_sem_6/models/media/materials/textures/aruco_markers
[0.936s] copying models/media/materials/textures/aruco_markers/marker3.png -> /home/ar0ck/ros2_ws_t3003/install/reto_sem_6/share/reto_sem_6/models/media/materials/textures/aruco_markers
[0.936s] copying models/goal_marker_2/model.config -> /home/ar0ck/ros2_ws_t3003/install/reto_sem_6/share/reto_sem_6/models/goal_marker_2
[0.936s] copying models/goal_marker_2/model.sdf -> /home/ar0ck/ros2_ws_t3003/install/reto_sem_6/share/reto_sem_6/models/goal_marker_2
[0.936s] copying models/goal_marker_2/materials/textures/mcr2_goal_2.png -> /home/ar0ck/ros2_ws_t3003/install/reto_sem_6/share/reto_sem_6/models/goal_marker_2/materials/textures
[0.936s] copying models/goal_marker_3/model.config -> /home/ar0ck/ros2_ws_t3003/install/reto_sem_6/share/reto_sem_6/models/goal_marker_3
[0.936s] copying models/goal_marker_3/model.sdf -> /home/ar0ck/ros2_ws_t3003/install/reto_sem_6/share/reto_sem_6/models/goal_marker_3
[0.936s] copying models/goal_marker_3/materials/textures/mcr2_goal_3.png -> /home/ar0ck/ros2_ws_t3003/install/reto_sem_6/share/reto_sem_6/models/goal_marker_3/materials/textures
[0.936s] copying models/world_wall/model.config -> /home/ar0ck/ros2_ws_t3003/install/reto_sem_6/share/reto_sem_6/models/world_wall
[0.937s] copying models/world_wall/model.sdf -> /home/ar0ck/ros2_ws_t3003/install/reto_sem_6/share/reto_sem_6/models/world_wall
[0.937s] copying models/world_wall/meshes/wood_floor.jpg -> /home/ar0ck/ros2_ws_t3003/install/reto_sem_6/share/reto_sem_6/models/world_wall/meshes
[0.937s] copying models/world_wall/meshes/0032-512x512.jpg -> /home/ar0ck/ros2_ws_t3003/install/reto_sem_6/share/reto_sem_6/models/world_wall/meshes
[0.937s] copying models/world_wall/meshes/world_wall1.dae -> /home/ar0ck/ros2_ws_t3003/install/reto_sem_6/share/reto_sem_6/models/world_wall/meshes
[0.937s] copying models/world_wall/materials/textures/wood_floor.jpg -> /home/ar0ck/ros2_ws_t3003/install/reto_sem_6/share/reto_sem_6/models/world_wall/materials/textures
[0.937s] copying models/world_wall/materials/textures/0032-512x512.jpg -> /home/ar0ck/ros2_ws_t3003/install/reto_sem_6/share/reto_sem_6/models/world_wall/materials/textures
[0.938s] copying models/world_wall/materials/textures/MapAll.jpg -> /home/ar0ck/ros2_ws_t3003/install/reto_sem_6/share/reto_sem_6/models/world_wall/materials/textures
[0.939s] copying models/office_model/model.config -> /home/ar0ck/ros2_ws_t3003/install/reto_sem_6/share/reto_sem_6/models/office_model
[0.939s] copying models/office_model/model.sdf -> /home/ar0ck/ros2_ws_t3003/install/reto_sem_6/share/reto_sem_6/models/office_model
[0.939s] copying models/aruco_marker_0/model.config -> /home/ar0ck/ros2_ws_t3003/install/reto_sem_6/share/reto_sem_6/models/aruco_marker_0
[0.939s] copying models/aruco_marker_0/model.sdf -> /home/ar0ck/ros2_ws_t3003/install/reto_sem_6/share/reto_sem_6/models/aruco_marker_0
[0.939s] copying models/aruco_marker_0/materials/textures/marker0.png -> /home/ar0ck/ros2_ws_t3003/install/reto_sem_6/share/reto_sem_6/models/aruco_marker_0/materials/textures
[0.939s] copying models/puzzlebot/model.config -> /home/ar0ck/ros2_ws_t3003/install/reto_sem_6/share/reto_sem_6/models/puzzlebot
[0.939s] copying models/puzzlebot/model.sdf -> /home/ar0ck/ros2_ws_t3003/install/reto_sem_6/share/reto_sem_6/models/puzzlebot
[0.939s] copying models/puzzlebot/meshes/wheel.stl -> /home/ar0ck/ros2_ws_t3003/install/reto_sem_6/share/reto_sem_6/models/puzzlebot/meshes
[0.940s] copying models/puzzlebot/meshes/box9_12.blend -> /home/ar0ck/ros2_ws_t3003/install/reto_sem_6/share/reto_sem_6/models/puzzlebot/meshes
[0.941s] copying models/puzzlebot/meshes/box1_4.blend1 -> /home/ar0ck/ros2_ws_t3003/install/reto_sem_6/share/reto_sem_6/models/puzzlebot/meshes
[0.942s] copying models/puzzlebot/meshes/box1-5.blend -> /home/ar0ck/ros2_ws_t3003/install/reto_sem_6/share/reto_sem_6/models/puzzlebot/meshes
[0.942s] copying models/puzzlebot/meshes/box13_16.blend -> /home/ar0ck/ros2_ws_t3003/install/reto_sem_6/share/reto_sem_6/models/puzzlebot/meshes
[0.943s] copying models/puzzlebot/meshes/chassis1.dae -> /home/ar0ck/ros2_ws_t3003/install/reto_sem_6/share/reto_sem_6/models/puzzlebot/meshes
[0.960s] copying models/puzzlebot/meshes/world_wall1.blend1 -> /home/ar0ck/ros2_ws_t3003/install/reto_sem_6/share/reto_sem_6/models/puzzlebot/meshes
[0.961s] copying models/puzzlebot/meshes/wheel.blend1 -> /home/ar0ck/ros2_ws_t3003/install/reto_sem_6/share/reto_sem_6/models/puzzlebot/meshes
[0.963s] copying models/puzzlebot/meshes/camera.stl -> /home/ar0ck/ros2_ws_t3003/install/reto_sem_6/share/reto_sem_6/models/puzzlebot/meshes
[0.964s] copying models/puzzlebot/meshes/box5_8.blend1 -> /home/ar0ck/ros2_ws_t3003/install/reto_sem_6/share/reto_sem_6/models/puzzlebot/meshes
[0.965s] copying models/puzzlebot/meshes/box5_8.blend -> /home/ar0ck/ros2_ws_t3003/install/reto_sem_6/share/reto_sem_6/models/puzzlebot/meshes
[0.966s] copying models/puzzlebot/meshes/chassis1.blend -> /home/ar0ck/ros2_ws_t3003/install/reto_sem_6/share/reto_sem_6/models/puzzlebot/meshes
[0.984s] copying models/puzzlebot/meshes/chassis.stl -> /home/ar0ck/ros2_ws_t3003/install/reto_sem_6/share/reto_sem_6/models/puzzlebot/meshes
[0.997s] copying models/puzzlebot/meshes/wheel.blend -> /home/ar0ck/ros2_ws_t3003/install/reto_sem_6/share/reto_sem_6/models/puzzlebot/meshes
[0.999s] copying models/puzzlebot/meshes/world_wall1.blend -> /home/ar0ck/ros2_ws_t3003/install/reto_sem_6/share/reto_sem_6/models/puzzlebot/meshes
[1.000s] copying models/puzzlebot/meshes/chassis1.blend1 -> /home/ar0ck/ros2_ws_t3003/install/reto_sem_6/share/reto_sem_6/models/puzzlebot/meshes
[1.019s] copying models/puzzlebot/meshes/wheel.dae -> /home/ar0ck/ros2_ws_t3003/install/reto_sem_6/share/reto_sem_6/models/puzzlebot/meshes
[1.019s] copying models/aruco002_cv/model.config -> /home/ar0ck/ros2_ws_t3003/install/reto_sem_6/share/reto_sem_6/models/aruco002_cv
[1.020s] copying models/aruco002_cv/model.sdf -> /home/ar0ck/ros2_ws_t3003/install/reto_sem_6/share/reto_sem_6/models/aruco002_cv
[1.020s] copying models/aruco002_cv/meshes/aruco002.dae -> /home/ar0ck/ros2_ws_t3003/install/reto_sem_6/share/reto_sem_6/models/aruco002_cv/meshes
[1.020s] copying models/aruco002_cv/materials/textures/4x4_50_002.png -> /home/ar0ck/ros2_ws_t3003/install/reto_sem_6/share/reto_sem_6/models/aruco002_cv/materials/textures
[1.020s] copying models/empty/model.config -> /home/ar0ck/ros2_ws_t3003/install/reto_sem_6/share/reto_sem_6/models/empty
[1.020s] copying models/empty/model.sdf -> /home/ar0ck/ros2_ws_t3003/install/reto_sem_6/share/reto_sem_6/models/empty
[1.020s] copying models/aruco001_cv/model.config -> /home/ar0ck/ros2_ws_t3003/install/reto_sem_6/share/reto_sem_6/models/aruco001_cv
[1.020s] copying models/aruco001_cv/model.sdf -> /home/ar0ck/ros2_ws_t3003/install/reto_sem_6/share/reto_sem_6/models/aruco001_cv
[1.020s] copying models/aruco001_cv/meshes/aruco001.dae -> /home/ar0ck/ros2_ws_t3003/install/reto_sem_6/share/reto_sem_6/models/aruco001_cv/meshes
[1.020s] copying models/aruco001_cv/materials/textures/4x4_50_001.png -> /home/ar0ck/ros2_ws_t3003/install/reto_sem_6/share/reto_sem_6/models/aruco001_cv/materials/textures
[1.021s] copying models/yellow_colored_box/model.config -> /home/ar0ck/ros2_ws_t3003/install/reto_sem_6/share/reto_sem_6/models/yellow_colored_box
[1.021s] copying models/yellow_colored_box/model.sdf -> /home/ar0ck/ros2_ws_t3003/install/reto_sem_6/share/reto_sem_6/models/yellow_colored_box
[1.021s] copying models/aruco001/model.config -> /home/ar0ck/ros2_ws_t3003/install/reto_sem_6/share/reto_sem_6/models/aruco001
[1.021s] copying models/aruco001/model.sdf -> /home/ar0ck/ros2_ws_t3003/install/reto_sem_6/share/reto_sem_6/models/aruco001
[1.021s] copying models/aruco001/meshes/aruco001.dae -> /home/ar0ck/ros2_ws_t3003/install/reto_sem_6/share/reto_sem_6/models/aruco001/meshes
[1.021s] copying models/aruco001/materials/textures/16h3_001.png -> /home/ar0ck/ros2_ws_t3003/install/reto_sem_6/share/reto_sem_6/models/aruco001/materials/textures
[1.021s] copying models/goal_marker_4/model.config -> /home/ar0ck/ros2_ws_t3003/install/reto_sem_6/share/reto_sem_6/models/goal_marker_4
[1.021s] copying models/goal_marker_4/model.sdf -> /home/ar0ck/ros2_ws_t3003/install/reto_sem_6/share/reto_sem_6/models/goal_marker_4
[1.021s] copying models/goal_marker_4/materials/textures/mcr2_goal_4.png -> /home/ar0ck/ros2_ws_t3003/install/reto_sem_6/share/reto_sem_6/models/goal_marker_4/materials/textures
[1.021s] copying models/avoidance_world_3/model.config -> /home/ar0ck/ros2_ws_t3003/install/reto_sem_6/share/reto_sem_6/models/avoidance_world_3
[1.021s] copying models/avoidance_world_3/model.sdf -> /home/ar0ck/ros2_ws_t3003/install/reto_sem_6/share/reto_sem_6/models/avoidance_world_3
[1.022s] copying models/aruco_marker_4/model.config -> /home/ar0ck/ros2_ws_t3003/install/reto_sem_6/share/reto_sem_6/models/aruco_marker_4
[1.022s] copying models/aruco_marker_4/model.sdf -> /home/ar0ck/ros2_ws_t3003/install/reto_sem_6/share/reto_sem_6/models/aruco_marker_4
[1.022s] copying models/aruco_marker_4/materials/textures/marker4.png -> /home/ar0ck/ros2_ws_t3003/install/reto_sem_6/share/reto_sem_6/models/aruco_marker_4/materials/textures
[1.022s] copying models/aruco_marker_3/model.config -> /home/ar0ck/ros2_ws_t3003/install/reto_sem_6/share/reto_sem_6/models/aruco_marker_3
[1.022s] copying models/aruco_marker_3/model.sdf -> /home/ar0ck/ros2_ws_t3003/install/reto_sem_6/share/reto_sem_6/models/aruco_marker_3
[1.022s] copying models/aruco_marker_3/materials/textures/marker3.png -> /home/ar0ck/ros2_ws_t3003/install/reto_sem_6/share/reto_sem_6/models/aruco_marker_3/materials/textures
[1.022s] copying worlds/puzzlebot_arena.world -> /home/ar0ck/ros2_ws_t3003/install/reto_sem_6/share/reto_sem_6/worlds
[1.022s] copying worlds/obstacle_avoidance_2.world -> /home/ar0ck/ros2_ws_t3003/install/reto_sem_6/share/reto_sem_6/worlds
[1.022s] copying worlds/obstacle_avoidance_4.world -> /home/ar0ck/ros2_ws_t3003/install/reto_sem_6/share/reto_sem_6/worlds
[1.022s] copying worlds/puzzlebot_aruco_markers.world -> /home/ar0ck/ros2_ws_t3003/install/reto_sem_6/share/reto_sem_6/worlds
[1.023s] copying worlds/world_aruco_cv.sdf -> /home/ar0ck/ros2_ws_t3003/install/reto_sem_6/share/reto_sem_6/worlds
[1.023s] copying worlds/empty.world -> /home/ar0ck/ros2_ws_t3003/install/reto_sem_6/share/reto_sem_6/worlds
[1.023s] copying worlds/puzzlebot_world.world -> /home/ar0ck/ros2_ws_t3003/install/reto_sem_6/share/reto_sem_6/worlds
[1.023s] copying worlds/office.world -> /home/ar0ck/ros2_ws_t3003/install/reto_sem_6/share/reto_sem_6/worlds
[1.023s] copying worlds/world_aruco_mip.sdf -> /home/ar0ck/ros2_ws_t3003/install/reto_sem_6/share/reto_sem_6/worlds
[1.023s] copying worlds/puzzlebot_arena_markers.world -> /home/ar0ck/ros2_ws_t3003/install/reto_sem_6/share/reto_sem_6/worlds
[1.023s] copying worlds/world_box.sdf -> /home/ar0ck/ros2_ws_t3003/install/reto_sem_6/share/reto_sem_6/worlds
[1.023s] copying worlds/obstacle_avoidance_3.world -> /home/ar0ck/ros2_ws_t3003/install/reto_sem_6/share/reto_sem_6/worlds
[1.023s] copying worlds/obstacle_avoidance_1.world -> /home/ar0ck/ros2_ws_t3003/install/reto_sem_6/share/reto_sem_6/worlds
[1.023s] copying worlds/world_empty.sdf -> /home/ar0ck/ros2_ws_t3003/install/reto_sem_6/share/reto_sem_6/worlds
[1.023s] copying worlds/puzzlebot_track.world -> /home/ar0ck/ros2_ws_t3003/install/reto_sem_6/share/reto_sem_6/worlds
[1.024s] copying worlds/office_2/model.config -> /home/ar0ck/ros2_ws_t3003/install/reto_sem_6/share/reto_sem_6/worlds/office_2
[1.024s] copying worlds/office_2/model.sdf -> /home/ar0ck/ros2_ws_t3003/install/reto_sem_6/share/reto_sem_6/worlds/office_2
[1.024s] copying plugins/libDiffDynamicPlugin.so -> /home/ar0ck/ros2_ws_t3003/install/reto_sem_6/share/reto_sem_6/plugins
[1.026s] running install_egg_info
[1.037s] removing '/home/ar0ck/ros2_ws_t3003/install/reto_sem_6/lib/python3.10/site-packages/reto_sem_6-0.0.0-py3.10.egg-info' (and everything under it)
[1.037s] Copying ../../build/reto_sem_6/reto_sem_6.egg-info to /home/ar0ck/ros2_ws_t3003/install/reto_sem_6/lib/python3.10/site-packages/reto_sem_6-0.0.0-py3.10.egg-info
[1.037s] running install_scripts
[1.116s] Installing aruco script to /home/ar0ck/ros2_ws_t3003/install/reto_sem_6/lib/reto_sem_6
[1.117s] Installing odom script to /home/ar0ck/ros2_ws_t3003/install/reto_sem_6/lib/reto_sem_6
[1.117s] Installing puzzlebot_bot script to /home/ar0ck/ros2_ws_t3003/install/reto_sem_6/lib/reto_sem_6
[1.117s] Installing puzzlebot_gazebo script to /home/ar0ck/ros2_ws_t3003/install/reto_sem_6/lib/reto_sem_6
[1.117s] Installing puzzlebot_sim script to /home/ar0ck/ros2_ws_t3003/install/reto_sem_6/lib/reto_sem_6
[1.117s] writing list of installed files to '/home/ar0ck/ros2_ws_t3003/build/reto_sem_6/install.log'
[1.137s] Invoked command in '/home/ar0ck/ros2_ws_t3003/src/reto_sem_6' returned '0': PYTHONPATH=/home/ar0ck/ros2_ws_t3003/build/reto_sem_6/prefix_override:/usr/lib/python3/dist-packages/colcon_core/task/python/colcon_distutils_commands:/home/ar0ck/ros2_ws_t3003/install/reto_sem_6/lib/python3.10/site-packages:${PYTHONPATH} /usr/bin/python3 -W ignore:setup.py install is deprecated -W ignore:easy_install command is deprecated setup.py egg_info --egg-base ../../build/reto_sem_6 build --build-base /home/ar0ck/ros2_ws_t3003/build/reto_sem_6/build install --record /home/ar0ck/ros2_ws_t3003/build/reto_sem_6/install.log --single-version-externally-managed install_data
