[2.298s] Invoking command in '/home/ar0ck/ros2_ws_t3003/src/reto_sem_6': PYTHONPATH=/home/ar0ck/ros2_ws_t3003/build/reto_sem_6/prefix_override:/usr/lib/python3/dist-packages/colcon_core/task/python/colcon_distutils_commands:/home/ar0ck/ros2_ws_t3003/install/reto_sem_6/lib/python3.10/site-packages:${PYTHONPATH} /usr/bin/python3 -W ignore:setup.py install is deprecated -W ignore:easy_install command is deprecated setup.py egg_info --egg-base ../../build/reto_sem_6 build --build-base /home/ar0ck/ros2_ws_t3003/build/reto_sem_6/build install --record /home/ar0ck/ros2_ws_t3003/build/reto_sem_6/install.log --single-version-externally-managed install_data
[2.763s] running egg_info
[2.793s] writing ../../build/reto_sem_6/reto_sem_6.egg-info/PKG-INFO
[2.794s] writing dependency_links to ../../build/reto_sem_6/reto_sem_6.egg-info/dependency_links.txt
[2.795s] writing entry points to ../../build/reto_sem_6/reto_sem_6.egg-info/entry_points.txt
[2.795s] writing requirements to ../../build/reto_sem_6/reto_sem_6.egg-info/requires.txt
[2.796s] writing top-level names to ../../build/reto_sem_6/reto_sem_6.egg-info/top_level.txt
[2.856s] reading manifest file '../../build/reto_sem_6/reto_sem_6.egg-info/SOURCES.txt'
[2.858s] adding license file 'LICENSE'
[2.863s] writing manifest file '../../build/reto_sem_6/reto_sem_6.egg-info/SOURCES.txt'
[2.863s] running build
[2.864s] running build_py
[2.864s] copying reto_sem_6/puzzlebot_sim.py -> /home/ar0ck/ros2_ws_t3003/build/reto_sem_6/build/lib/reto_sem_6
[2.864s] copying reto_sem_6/__init__.py -> /home/ar0ck/ros2_ws_t3003/build/reto_sem_6/build/lib/reto_sem_6
[2.865s] copying reto_sem_6/odom.py -> /home/ar0ck/ros2_ws_t3003/build/reto_sem_6/build/lib/reto_sem_6
[2.865s] copying reto_sem_6/puzzlebot_gazebo.py -> /home/ar0ck/ros2_ws_t3003/build/reto_sem_6/build/lib/reto_sem_6
[2.865s] copying reto_sem_6/aruco.py -> /home/ar0ck/ros2_ws_t3003/build/reto_sem_6/build/lib/reto_sem_6
[2.866s] copying reto_sem_6/puzzle_bot.py -> /home/ar0ck/ros2_ws_t3003/build/reto_sem_6/build/lib/reto_sem_6
[2.866s] running install
[2.872s] running install_lib
[2.890s] copying /home/ar0ck/ros2_ws_t3003/build/reto_sem_6/build/lib/reto_sem_6/puzzlebot_sim.py -> /home/ar0ck/ros2_ws_t3003/install/reto_sem_6/lib/python3.10/site-packages/reto_sem_6
[2.890s] copying /home/ar0ck/ros2_ws_t3003/build/reto_sem_6/build/lib/reto_sem_6/aruco.py -> /home/ar0ck/ros2_ws_t3003/install/reto_sem_6/lib/python3.10/site-packages/reto_sem_6
[2.891s] byte-compiling /home/ar0ck/ros2_ws_t3003/install/reto_sem_6/lib/python3.10/site-packages/reto_sem_6/puzzlebot_sim.py to puzzlebot_sim.cpython-310.pyc
[2.892s] byte-compiling /home/ar0ck/ros2_ws_t3003/install/reto_sem_6/lib/python3.10/site-packages/reto_sem_6/aruco.py to aruco.cpython-310.pyc
[2.894s] running install_data
[2.894s] copying resource/reto_sem_6 -> /home/ar0ck/ros2_ws_t3003/install/reto_sem_6/share/ament_index/resource_index/packages
[2.894s] copying package.xml -> /home/ar0ck/ros2_ws_t3003/install/reto_sem_6/share/reto_sem_6
[2.894s] copying launch/bringup_simulation_multi_launch.py -> /home/ar0ck/ros2_ws_t3003/install/reto_sem_6/share/reto_sem_6/launch
[2.894s] copying launch/gazebo_example_launch.py -> /home/ar0ck/ros2_ws_t3003/install/reto_sem_6/share/reto_sem_6/launch
[2.894s] copying launch/gazebo_puzzlebot_launch.py -> /home/ar0ck/ros2_ws_t3003/install/reto_sem_6/share/reto_sem_6/launch
[2.894s] copying launch/gazebo_world_launch.py -> /home/ar0ck/ros2_ws_t3003/install/reto_sem_6/share/reto_sem_6/launch
[2.895s] copying launch/bringup_simulation_simple_launch.py -> /home/ar0ck/ros2_ws_t3003/install/reto_sem_6/share/reto_sem_6/launch
[2.895s] copying config/puzzlebot_hacker_ed.yaml -> /home/ar0ck/ros2_ws_t3003/install/reto_sem_6/share/reto_sem_6/config
[2.895s] copying config/puzzlebot_jetson_ed.yaml -> /home/ar0ck/ros2_ws_t3003/install/reto_sem_6/share/reto_sem_6/config
[2.895s] copying config/puzzlebot_jetson_lidar_ed.yaml -> /home/ar0ck/ros2_ws_t3003/install/reto_sem_6/share/reto_sem_6/config
[2.896s] copying models/avoidance_world_4/model.config -> /home/ar0ck/ros2_ws_t3003/install/reto_sem_6/share/reto_sem_6/models/avoidance_world_4
[2.896s] copying models/avoidance_world_4/model.sdf -> /home/ar0ck/ros2_ws_t3003/install/reto_sem_6/share/reto_sem_6/models/avoidance_world_4
[2.896s] copying models/box_brick/model.config -> /home/ar0ck/ros2_ws_t3003/install/reto_sem_6/share/reto_sem_6/models/box_brick
[2.896s] copying models/box_brick/model.sdf -> /home/ar0ck/ros2_ws_t3003/install/reto_sem_6/share/reto_sem_6/models/box_brick
[2.896s] copying models/box_brick/meshes/box_brick.dae -> /home/ar0ck/ros2_ws_t3003/install/reto_sem_6/share/reto_sem_6/models/box_brick/meshes
[2.897s] copying models/box_brick/materials/textures/0032-512x512.jpg -> /home/ar0ck/ros2_ws_t3003/install/reto_sem_6/share/reto_sem_6/models/box_brick/materials/textures
[2.897s] copying models/puzzlebot_lidar/model.config -> /home/ar0ck/ros2_ws_t3003/install/reto_sem_6/share/reto_sem_6/models/puzzlebot_lidar
[2.897s] copying models/puzzlebot_lidar/model.sdf -> /home/ar0ck/ros2_ws_t3003/install/reto_sem_6/share/reto_sem_6/models/puzzlebot_lidar
[2.897s] copying models/puzzlebot_lidar/meshes/chassis1.dae -> /home/ar0ck/ros2_ws_t3003/install/reto_sem_6/share/reto_sem_6/models/puzzlebot_lidar/meshes
[2.928s] copying models/puzzlebot_lidar/meshes/wheel.dae -> /home/ar0ck/ros2_ws_t3003/install/reto_sem_6/share/reto_sem_6/models/puzzlebot_lidar/meshes
[2.930s] copying models/aruco000/model.config -> /home/ar0ck/ros2_ws_t3003/install/reto_sem_6/share/reto_sem_6/models/aruco000
[2.930s] copying models/aruco000/model.sdf -> /home/ar0ck/ros2_ws_t3003/install/reto_sem_6/share/reto_sem_6/models/aruco000
[2.930s] copying models/aruco000/meshes/aruco000.dae -> /home/ar0ck/ros2_ws_t3003/install/reto_sem_6/share/reto_sem_6/models/aruco000/meshes
[2.931s] copying models/aruco000/materials/textures/16h3_000.png -> /home/ar0ck/ros2_ws_t3003/install/reto_sem_6/share/reto_sem_6/models/aruco000/materials/textures
[2.931s] copying models/aruco002/model.config -> /home/ar0ck/ros2_ws_t3003/install/reto_sem_6/share/reto_sem_6/models/aruco002
[2.931s] copying models/aruco002/model.sdf -> /home/ar0ck/ros2_ws_t3003/install/reto_sem_6/share/reto_sem_6/models/aruco002
[2.931s] copying models/aruco002/meshes/aruco002.dae -> /home/ar0ck/ros2_ws_t3003/install/reto_sem_6/share/reto_sem_6/models/aruco002/meshes
[2.931s] copying models/aruco002/materials/textures/16h3_002.png -> /home/ar0ck/ros2_ws_t3003/install/reto_sem_6/share/reto_sem_6/models/aruco002/materials/textures
[2.931s] copying models/aruco_marker_2/model.config -> /home/ar0ck/ros2_ws_t3003/install/reto_sem_6/share/reto_sem_6/models/aruco_marker_2
[2.932s] copying models/aruco_marker_2/model.sdf -> /home/ar0ck/ros2_ws_t3003/install/reto_sem_6/share/reto_sem_6/models/aruco_marker_2
[2.932s] copying models/aruco_marker_2/materials/textures/marker2.png -> /home/ar0ck/ros2_ws_t3003/install/reto_sem_6/share/reto_sem_6/models/aruco_marker_2/materials/textures
[2.932s] copying models/avoidance_world_1/model.config -> /home/ar0ck/ros2_ws_t3003/install/reto_sem_6/share/reto_sem_6/models/avoidance_world_1
[2.932s] copying models/avoidance_world_1/model.sdf -> /home/ar0ck/ros2_ws_t3003/install/reto_sem_6/share/reto_sem_6/models/avoidance_world_1
[2.932s] copying models/blue_colored_box/model.config -> /home/ar0ck/ros2_ws_t3003/install/reto_sem_6/share/reto_sem_6/models/blue_colored_box
[2.933s] copying models/blue_colored_box/model.sdf -> /home/ar0ck/ros2_ws_t3003/install/reto_sem_6/share/reto_sem_6/models/blue_colored_box
[2.933s] copying models/aruco000_cv/model.config -> /home/ar0ck/ros2_ws_t3003/install/reto_sem_6/share/reto_sem_6/models/aruco000_cv
[2.933s] copying models/aruco000_cv/model.sdf -> /home/ar0ck/ros2_ws_t3003/install/reto_sem_6/share/reto_sem_6/models/aruco000_cv
[2.933s] copying models/aruco000_cv/meshes/aruco000.dae -> /home/ar0ck/ros2_ws_t3003/install/reto_sem_6/share/reto_sem_6/models/aruco000_cv/meshes
[2.933s] copying models/aruco000_cv/materials/textures/4x4_50_000.png -> /home/ar0ck/ros2_ws_t3003/install/reto_sem_6/share/reto_sem_6/models/aruco000_cv/materials/textures
[2.934s] copying models/red_colored_box/model.config -> /home/ar0ck/ros2_ws_t3003/install/reto_sem_6/share/reto_sem_6/models/red_colored_box
[2.934s] copying models/red_colored_box/model.sdf -> /home/ar0ck/ros2_ws_t3003/install/reto_sem_6/share/reto_sem_6/models/red_colored_box
[2.934s] copying models/aruco_marker_1/model.config -> /home/ar0ck/ros2_ws_t3003/install/reto_sem_6/share/reto_sem_6/models/aruco_marker_1
[2.934s] copying models/aruco_marker_1/model.sdf -> /home/ar0ck/ros2_ws_t3003/install/reto_sem_6/share/reto_sem_6/models/aruco_marker_1
[2.934s] copying models/aruco_marker_1/materials/textures/marker1.png -> /home/ar0ck/ros2_ws_t3003/install/reto_sem_6/share/reto_sem_6/models/aruco_marker_1/materials/textures
[2.935s] copying models/goal_marker_1/model.config -> /home/ar0ck/ros2_ws_t3003/install/reto_sem_6/share/reto_sem_6/models/goal_marker_1
[2.935s] copying models/goal_marker_1/model.sdf -> /home/ar0ck/ros2_ws_t3003/install/reto_sem_6/share/reto_sem_6/models/goal_marker_1
[2.935s] copying models/goal_marker_1/materials/textures/mcr2_goal_1.png -> /home/ar0ck/ros2_ws_t3003/install/reto_sem_6/share/reto_sem_6/models/goal_marker_1/materials/textures
[2.935s] copying models/arena_a_frame/model.config -> /home/ar0ck/ros2_ws_t3003/install/reto_sem_6/share/reto_sem_6/models/arena_a_frame
[2.935s] copying models/arena_a_frame/model.sdf -> /home/ar0ck/ros2_ws_t3003/install/reto_sem_6/share/reto_sem_6/models/arena_a_frame
[2.936s] copying models/arena_a_frame/meshes/MCR2_arena_side.stl -> /home/ar0ck/ros2_ws_t3003/install/reto_sem_6/share/reto_sem_6/models/arena_a_frame/meshes
[2.936s] copying models/arena_a_frame/materials/textures/mcr2_banner.png -> /home/ar0ck/ros2_ws_t3003/install/reto_sem_6/share/reto_sem_6/models/arena_a_frame/materials/textures
[2.936s] copying models/simple_light/model.config -> /home/ar0ck/ros2_ws_t3003/install/reto_sem_6/share/reto_sem_6/models/simple_light
[2.936s] copying models/simple_light/model.sdf -> /home/ar0ck/ros2_ws_t3003/install/reto_sem_6/share/reto_sem_6/models/simple_light
[2.937s] copying models/aruco003_cv/model.config -> /home/ar0ck/ros2_ws_t3003/install/reto_sem_6/share/reto_sem_6/models/aruco003_cv
[2.937s] copying models/aruco003_cv/model.sdf -> /home/ar0ck/ros2_ws_t3003/install/reto_sem_6/share/reto_sem_6/models/aruco003_cv
[2.937s] copying models/aruco003_cv/meshes/aruco003.dae -> /home/ar0ck/ros2_ws_t3003/install/reto_sem_6/share/reto_sem_6/models/aruco003_cv/meshes
[2.937s] copying models/aruco003_cv/materials/textures/4x4_50_003.png -> /home/ar0ck/ros2_ws_t3003/install/reto_sem_6/share/reto_sem_6/models/aruco003_cv/materials/textures
[2.937s] copying models/goal_marker_5/model.config -> /home/ar0ck/ros2_ws_t3003/install/reto_sem_6/share/reto_sem_6/models/goal_marker_5
[2.938s] copying models/goal_marker_5/model.sdf -> /home/ar0ck/ros2_ws_t3003/install/reto_sem_6/share/reto_sem_6/models/goal_marker_5
[2.938s] copying models/goal_marker_5/materials/textures/mcr2_goal_5.png -> /home/ar0ck/ros2_ws_t3003/install/reto_sem_6/share/reto_sem_6/models/goal_marker_5/materials/textures
[2.938s] copying models/aruco_marker_5/model.config -> /home/ar0ck/ros2_ws_t3003/install/reto_sem_6/share/reto_sem_6/models/aruco_marker_5
[2.938s] copying models/aruco_marker_5/model.sdf -> /home/ar0ck/ros2_ws_t3003/install/reto_sem_6/share/reto_sem_6/models/aruco_marker_5
[2.938s] copying models/aruco_marker_5/materials/textures/marker5.png -> /home/ar0ck/ros2_ws_t3003/install/reto_sem_6/share/reto_sem_6/models/aruco_marker_5/materials/textures
[2.939s] copying models/office_floor/model.config -> /home/ar0ck/ros2_ws_t3003/install/reto_sem_6/share/reto_sem_6/models/office_floor
[2.939s] copying models/office_floor/model.sdf -> /home/ar0ck/ros2_ws_t3003/install/reto_sem_6/share/reto_sem_6/models/office_floor
[2.939s] copying models/office_floor/materials/textures/puzzlebot_wood_7.png -> /home/ar0ck/ros2_ws_t3003/install/reto_sem_6/share/reto_sem_6/models/office_floor/materials/textures
[2.944s] copying models/puzzlebot_track/model.config -> /home/ar0ck/ros2_ws_t3003/install/reto_sem_6/share/reto_sem_6/models/puzzlebot_track
[2.945s] copying models/puzzlebot_track/model.sdf -> /home/ar0ck/ros2_ws_t3003/install/reto_sem_6/share/reto_sem_6/models/puzzlebot_track
[2.945s] copying models/puzzlebot_track/materials/textures/puzzlebot_track.png -> /home/ar0ck/ros2_ws_t3003/install/reto_sem_6/share/reto_sem_6/models/puzzlebot_track/materials/textures
[2.945s] copying models/plugins/libDiffDynamicPlugin.so -> /home/ar0ck/ros2_ws_t3003/install/reto_sem_6/share/reto_sem_6/models/plugins
[2.952s] copying models/aruco_box/model.config -> /home/ar0ck/ros2_ws_t3003/install/reto_sem_6/share/reto_sem_6/models/aruco_box
[2.952s] copying models/aruco_box/model.sdf -> /home/ar0ck/ros2_ws_t3003/install/reto_sem_6/share/reto_sem_6/models/aruco_box
[2.953s] copying models/aruco_box/materials/textures/marker1.png -> /home/ar0ck/ros2_ws_t3003/install/reto_sem_6/share/reto_sem_6/models/aruco_box/materials/textures
[2.953s] copying models/aruco_box/materials/textures/marker0.png -> /home/ar0ck/ros2_ws_t3003/install/reto_sem_6/share/reto_sem_6/models/aruco_box/materials/textures
[2.953s] copying models/aruco_box/materials/textures/marker4.png -> /home/ar0ck/ros2_ws_t3003/install/reto_sem_6/share/reto_sem_6/models/aruco_box/materials/textures
[2.953s] copying models/aruco_box/materials/textures/marker5.png -> /home/ar0ck/ros2_ws_t3003/install/reto_sem_6/share/reto_sem_6/models/aruco_box/materials/textures
[2.954s] copying models/aruco_box/materials/textures/marker2.png -> /home/ar0ck/ros2_ws_t3003/install/reto_sem_6/share/reto_sem_6/models/aruco_box/materials/textures
[2.954s] copying models/aruco_box/materials/textures/marker3.png -> /home/ar0ck/ros2_ws_t3003/install/reto_sem_6/share/reto_sem_6/models/aruco_box/materials/textures
[2.954s] copying models/aruco003/model.config -> /home/ar0ck/ros2_ws_t3003/install/reto_sem_6/share/reto_sem_6/models/aruco003
[2.955s] copying models/aruco003/model.sdf -> /home/ar0ck/ros2_ws_t3003/install/reto_sem_6/share/reto_sem_6/models/aruco003
[2.955s] copying models/aruco003/meshes/aruco003.dae -> /home/ar0ck/ros2_ws_t3003/install/reto_sem_6/share/reto_sem_6/models/aruco003/meshes
[2.956s] copying models/aruco003/materials/textures/16h3_003.png -> /home/ar0ck/ros2_ws_t3003/install/reto_sem_6/share/reto_sem_6/models/aruco003/materials/textures
[2.956s] copying models/puzzlebot_base/model.config -> /home/ar0ck/ros2_ws_t3003/install/reto_sem_6/share/reto_sem_6/models/puzzlebot_base
[2.956s] copying models/puzzlebot_base/model.sdf -> /home/ar0ck/ros2_ws_t3003/install/reto_sem_6/share/reto_sem_6/models/puzzlebot_base
[2.957s] copying models/puzzlebot_base/materials/textures/puzzlebot_wood_6.png -> /home/ar0ck/ros2_ws_t3003/install/reto_sem_6/share/reto_sem_6/models/puzzlebot_base/materials/textures
[2.959s] copying models/avoidance_world_2/model.config -> /home/ar0ck/ros2_ws_t3003/install/reto_sem_6/share/reto_sem_6/models/avoidance_world_2
[2.959s] copying models/avoidance_world_2/model.sdf -> /home/ar0ck/ros2_ws_t3003/install/reto_sem_6/share/reto_sem_6/models/avoidance_world_2
[2.960s] copying models/puzzlebot_camera/model.config -> /home/ar0ck/ros2_ws_t3003/install/reto_sem_6/share/reto_sem_6/models/puzzlebot_camera
[2.960s] copying models/puzzlebot_camera/model.sdf -> /home/ar0ck/ros2_ws_t3003/install/reto_sem_6/share/reto_sem_6/models/puzzlebot_camera
[2.961s] copying models/puzzlebot_camera/meshes/chassis1.dae -> /home/ar0ck/ros2_ws_t3003/install/reto_sem_6/share/reto_sem_6/models/puzzlebot_camera/meshes
[3.013s] copying models/puzzlebot_camera/meshes/wheel.dae -> /home/ar0ck/ros2_ws_t3003/install/reto_sem_6/share/reto_sem_6/models/puzzlebot_camera/meshes
[3.015s] copying models/media/materials/scripts/mcr2_materials.material -> /home/ar0ck/ros2_ws_t3003/install/reto_sem_6/share/reto_sem_6/models/media/materials/scripts
[3.016s] copying models/media/materials/textures/puzzlebot_wood_7.png -> /home/ar0ck/ros2_ws_t3003/install/reto_sem_6/share/reto_sem_6/models/media/materials/textures
[3.021s] copying models/media/materials/textures/nvidia_logo_white.jpg -> /home/ar0ck/ros2_ws_t3003/install/reto_sem_6/share/reto_sem_6/models/media/materials/textures
[3.022s] copying models/media/materials/textures/wood_floor.jpg -> /home/ar0ck/ros2_ws_t3003/install/reto_sem_6/share/reto_sem_6/models/media/materials/textures
[3.022s] copying models/media/materials/textures/puzzlebot_wood_6.png -> /home/ar0ck/ros2_ws_t3003/install/reto_sem_6/share/reto_sem_6/models/media/materials/textures
[3.025s] copying models/media/materials/textures/nvidia_hz_logo_white.jpg -> /home/ar0ck/ros2_ws_t3003/install/reto_sem_6/share/reto_sem_6/models/media/materials/textures
[3.025s] copying models/media/materials/textures/mcr2_goal_3.png -> /home/ar0ck/ros2_ws_t3003/install/reto_sem_6/share/reto_sem_6/models/media/materials/textures
[3.026s] copying models/media/materials/textures/puzzlebot_logo.png -> /home/ar0ck/ros2_ws_t3003/install/reto_sem_6/share/reto_sem_6/models/media/materials/textures
[3.026s] copying models/media/materials/textures/puzzlebot_logo_white.png -> /home/ar0ck/ros2_ws_t3003/install/reto_sem_6/share/reto_sem_6/models/media/materials/textures
[3.026s] copying models/media/materials/textures/mcr2_logo_black.png -> /home/ar0ck/ros2_ws_t3003/install/reto_sem_6/share/reto_sem_6/models/media/materials/textures
[3.027s] copying models/media/materials/textures/puzzlebot_wood_5.png -> /home/ar0ck/ros2_ws_t3003/install/reto_sem_6/share/reto_sem_6/models/media/materials/textures
[3.035s] copying models/media/materials/textures/puzzlebot_wood_4.png -> /home/ar0ck/ros2_ws_t3003/install/reto_sem_6/share/reto_sem_6/models/media/materials/textures
[3.042s] copying models/media/materials/textures/mcr2_goal_2.png -> /home/ar0ck/ros2_ws_t3003/install/reto_sem_6/share/reto_sem_6/models/media/materials/textures
[3.043s] copying models/media/materials/textures/mcr2_goal_4.png -> /home/ar0ck/ros2_ws_t3003/install/reto_sem_6/share/reto_sem_6/models/media/materials/textures
[3.043s] copying models/media/materials/textures/nvidia_logo_b_w.jpg -> /home/ar0ck/ros2_ws_t3003/install/reto_sem_6/share/reto_sem_6/models/media/materials/textures
[3.044s] copying models/media/materials/textures/nvidia_logo_black.jpg -> /home/ar0ck/ros2_ws_t3003/install/reto_sem_6/share/reto_sem_6/models/media/materials/textures
[3.044s] copying models/media/materials/textures/mcr2_goal_5.png -> /home/ar0ck/ros2_ws_t3003/install/reto_sem_6/share/reto_sem_6/models/media/materials/textures
[3.045s] copying models/media/materials/textures/mcr2_logo_white.png -> /home/ar0ck/ros2_ws_t3003/install/reto_sem_6/share/reto_sem_6/models/media/materials/textures
[3.045s] copying models/media/materials/textures/mcr2_goal_1.png -> /home/ar0ck/ros2_ws_t3003/install/reto_sem_6/share/reto_sem_6/models/media/materials/textures
[3.046s] copying models/media/materials/textures/mcr2_banner.png -> /home/ar0ck/ros2_ws_t3003/install/reto_sem_6/share/reto_sem_6/models/media/materials/textures
[3.046s] copying models/media/materials/textures/aruco_markers/marker1.png -> /home/ar0ck/ros2_ws_t3003/install/reto_sem_6/share/reto_sem_6/models/media/materials/textures/aruco_markers
[3.047s] copying models/media/materials/textures/aruco_markers/marker0.png -> /home/ar0ck/ros2_ws_t3003/install/reto_sem_6/share/reto_sem_6/models/media/materials/textures/aruco_markers
[3.047s] copying models/media/materials/textures/aruco_markers/marker4.png -> /home/ar0ck/ros2_ws_t3003/install/reto_sem_6/share/reto_sem_6/models/media/materials/textures/aruco_markers
[3.047s] copying models/media/materials/textures/aruco_markers/marker5.png -> /home/ar0ck/ros2_ws_t3003/install/reto_sem_6/share/reto_sem_6/models/media/materials/textures/aruco_markers
[3.048s] copying models/media/materials/textures/aruco_markers/marker2.png -> /home/ar0ck/ros2_ws_t3003/install/reto_sem_6/share/reto_sem_6/models/media/materials/textures/aruco_markers
[3.048s] copying models/media/materials/textures/aruco_markers/marker3.png -> /home/ar0ck/ros2_ws_t3003/install/reto_sem_6/share/reto_sem_6/models/media/materials/textures/aruco_markers
[3.048s] copying models/goal_marker_2/model.config -> /home/ar0ck/ros2_ws_t3003/install/reto_sem_6/share/reto_sem_6/models/goal_marker_2
[3.049s] copying models/goal_marker_2/model.sdf -> /home/ar0ck/ros2_ws_t3003/install/reto_sem_6/share/reto_sem_6/models/goal_marker_2
[3.049s] copying models/goal_marker_2/materials/textures/mcr2_goal_2.png -> /home/ar0ck/ros2_ws_t3003/install/reto_sem_6/share/reto_sem_6/models/goal_marker_2/materials/textures
[3.049s] copying models/goal_marker_3/model.config -> /home/ar0ck/ros2_ws_t3003/install/reto_sem_6/share/reto_sem_6/models/goal_marker_3
[3.050s] copying models/goal_marker_3/model.sdf -> /home/ar0ck/ros2_ws_t3003/install/reto_sem_6/share/reto_sem_6/models/goal_marker_3
[3.050s] copying models/goal_marker_3/materials/textures/mcr2_goal_3.png -> /home/ar0ck/ros2_ws_t3003/install/reto_sem_6/share/reto_sem_6/models/goal_marker_3/materials/textures
[3.051s] copying models/world_wall/model.config -> /home/ar0ck/ros2_ws_t3003/install/reto_sem_6/share/reto_sem_6/models/world_wall
[3.051s] copying models/world_wall/model.sdf -> /home/ar0ck/ros2_ws_t3003/install/reto_sem_6/share/reto_sem_6/models/world_wall
[3.051s] copying models/world_wall/meshes/wood_floor.jpg -> /home/ar0ck/ros2_ws_t3003/install/reto_sem_6/share/reto_sem_6/models/world_wall/meshes
[3.052s] copying models/world_wall/meshes/0032-512x512.jpg -> /home/ar0ck/ros2_ws_t3003/install/reto_sem_6/share/reto_sem_6/models/world_wall/meshes
[3.052s] copying models/world_wall/meshes/world_wall1.dae -> /home/ar0ck/ros2_ws_t3003/install/reto_sem_6/share/reto_sem_6/models/world_wall/meshes
[3.053s] copying models/world_wall/materials/textures/wood_floor.jpg -> /home/ar0ck/ros2_ws_t3003/install/reto_sem_6/share/reto_sem_6/models/world_wall/materials/textures
[3.053s] copying models/world_wall/materials/textures/0032-512x512.jpg -> /home/ar0ck/ros2_ws_t3003/install/reto_sem_6/share/reto_sem_6/models/world_wall/materials/textures
[3.054s] copying models/world_wall/materials/textures/MapAll.jpg -> /home/ar0ck/ros2_ws_t3003/install/reto_sem_6/share/reto_sem_6/models/world_wall/materials/textures
[3.057s] copying models/office_model/model.config -> /home/ar0ck/ros2_ws_t3003/install/reto_sem_6/share/reto_sem_6/models/office_model
[3.057s] copying models/office_model/model.sdf -> /home/ar0ck/ros2_ws_t3003/install/reto_sem_6/share/reto_sem_6/models/office_model
[3.057s] copying models/aruco_marker_0/model.config -> /home/ar0ck/ros2_ws_t3003/install/reto_sem_6/share/reto_sem_6/models/aruco_marker_0
[3.058s] copying models/aruco_marker_0/model.sdf -> /home/ar0ck/ros2_ws_t3003/install/reto_sem_6/share/reto_sem_6/models/aruco_marker_0
[3.058s] copying models/aruco_marker_0/materials/textures/marker0.png -> /home/ar0ck/ros2_ws_t3003/install/reto_sem_6/share/reto_sem_6/models/aruco_marker_0/materials/textures
[3.058s] copying models/puzzlebot/model.config -> /home/ar0ck/ros2_ws_t3003/install/reto_sem_6/share/reto_sem_6/models/puzzlebot
[3.059s] copying models/puzzlebot/model.sdf -> /home/ar0ck/ros2_ws_t3003/install/reto_sem_6/share/reto_sem_6/models/puzzlebot
[3.059s] copying models/puzzlebot/meshes/wheel.stl -> /home/ar0ck/ros2_ws_t3003/install/reto_sem_6/share/reto_sem_6/models/puzzlebot/meshes
[3.061s] copying models/puzzlebot/meshes/box9_12.blend -> /home/ar0ck/ros2_ws_t3003/install/reto_sem_6/share/reto_sem_6/models/puzzlebot/meshes
[3.064s] copying models/puzzlebot/meshes/box1_4.blend1 -> /home/ar0ck/ros2_ws_t3003/install/reto_sem_6/share/reto_sem_6/models/puzzlebot/meshes
[3.067s] copying models/puzzlebot/meshes/box1-5.blend -> /home/ar0ck/ros2_ws_t3003/install/reto_sem_6/share/reto_sem_6/models/puzzlebot/meshes
[3.070s] copying models/puzzlebot/meshes/box13_16.blend -> /home/ar0ck/ros2_ws_t3003/install/reto_sem_6/share/reto_sem_6/models/puzzlebot/meshes
[3.073s] copying models/puzzlebot/meshes/chassis1.dae -> /home/ar0ck/ros2_ws_t3003/install/reto_sem_6/share/reto_sem_6/models/puzzlebot/meshes
[3.125s] copying models/puzzlebot/meshes/world_wall1.blend1 -> /home/ar0ck/ros2_ws_t3003/install/reto_sem_6/share/reto_sem_6/models/puzzlebot/meshes
[3.128s] copying models/puzzlebot/meshes/wheel.blend1 -> /home/ar0ck/ros2_ws_t3003/install/reto_sem_6/share/reto_sem_6/models/puzzlebot/meshes
[3.133s] copying models/puzzlebot/meshes/camera.stl -> /home/ar0ck/ros2_ws_t3003/install/reto_sem_6/share/reto_sem_6/models/puzzlebot/meshes
[3.137s] copying models/puzzlebot/meshes/box5_8.blend1 -> /home/ar0ck/ros2_ws_t3003/install/reto_sem_6/share/reto_sem_6/models/puzzlebot/meshes
[3.140s] copying models/puzzlebot/meshes/box5_8.blend -> /home/ar0ck/ros2_ws_t3003/install/reto_sem_6/share/reto_sem_6/models/puzzlebot/meshes
[3.143s] copying models/puzzlebot/meshes/chassis1.blend -> /home/ar0ck/ros2_ws_t3003/install/reto_sem_6/share/reto_sem_6/models/puzzlebot/meshes
[3.200s] copying models/puzzlebot/meshes/chassis.stl -> /home/ar0ck/ros2_ws_t3003/install/reto_sem_6/share/reto_sem_6/models/puzzlebot/meshes
[3.240s] copying models/puzzlebot/meshes/wheel.blend -> /home/ar0ck/ros2_ws_t3003/install/reto_sem_6/share/reto_sem_6/models/puzzlebot/meshes
[3.244s] copying models/puzzlebot/meshes/world_wall1.blend -> /home/ar0ck/ros2_ws_t3003/install/reto_sem_6/share/reto_sem_6/models/puzzlebot/meshes
[3.248s] copying models/puzzlebot/meshes/chassis1.blend1 -> /home/ar0ck/ros2_ws_t3003/install/reto_sem_6/share/reto_sem_6/models/puzzlebot/meshes
[3.306s] copying models/puzzlebot/meshes/wheel.dae -> /home/ar0ck/ros2_ws_t3003/install/reto_sem_6/share/reto_sem_6/models/puzzlebot/meshes
[3.308s] copying models/aruco002_cv/model.config -> /home/ar0ck/ros2_ws_t3003/install/reto_sem_6/share/reto_sem_6/models/aruco002_cv
[3.309s] copying models/aruco002_cv/model.sdf -> /home/ar0ck/ros2_ws_t3003/install/reto_sem_6/share/reto_sem_6/models/aruco002_cv
[3.309s] copying models/aruco002_cv/meshes/aruco002.dae -> /home/ar0ck/ros2_ws_t3003/install/reto_sem_6/share/reto_sem_6/models/aruco002_cv/meshes
[3.309s] copying models/aruco002_cv/materials/textures/4x4_50_002.png -> /home/ar0ck/ros2_ws_t3003/install/reto_sem_6/share/reto_sem_6/models/aruco002_cv/materials/textures
[3.310s] copying models/empty/model.config -> /home/ar0ck/ros2_ws_t3003/install/reto_sem_6/share/reto_sem_6/models/empty
[3.310s] copying models/empty/model.sdf -> /home/ar0ck/ros2_ws_t3003/install/reto_sem_6/share/reto_sem_6/models/empty
[3.310s] copying models/aruco001_cv/model.config -> /home/ar0ck/ros2_ws_t3003/install/reto_sem_6/share/reto_sem_6/models/aruco001_cv
[3.311s] copying models/aruco001_cv/model.sdf -> /home/ar0ck/ros2_ws_t3003/install/reto_sem_6/share/reto_sem_6/models/aruco001_cv
[3.311s] copying models/aruco001_cv/meshes/aruco001.dae -> /home/ar0ck/ros2_ws_t3003/install/reto_sem_6/share/reto_sem_6/models/aruco001_cv/meshes
[3.311s] copying models/aruco001_cv/materials/textures/4x4_50_001.png -> /home/ar0ck/ros2_ws_t3003/install/reto_sem_6/share/reto_sem_6/models/aruco001_cv/materials/textures
[3.312s] copying models/yellow_colored_box/model.config -> /home/ar0ck/ros2_ws_t3003/install/reto_sem_6/share/reto_sem_6/models/yellow_colored_box
[3.312s] copying models/yellow_colored_box/model.sdf -> /home/ar0ck/ros2_ws_t3003/install/reto_sem_6/share/reto_sem_6/models/yellow_colored_box
[3.312s] copying models/aruco001/model.config -> /home/ar0ck/ros2_ws_t3003/install/reto_sem_6/share/reto_sem_6/models/aruco001
[3.313s] copying models/aruco001/model.sdf -> /home/ar0ck/ros2_ws_t3003/install/reto_sem_6/share/reto_sem_6/models/aruco001
[3.313s] copying models/aruco001/meshes/aruco001.dae -> /home/ar0ck/ros2_ws_t3003/install/reto_sem_6/share/reto_sem_6/models/aruco001/meshes
[3.313s] copying models/aruco001/materials/textures/16h3_001.png -> /home/ar0ck/ros2_ws_t3003/install/reto_sem_6/share/reto_sem_6/models/aruco001/materials/textures
[3.314s] copying models/goal_marker_4/model.config -> /home/ar0ck/ros2_ws_t3003/install/reto_sem_6/share/reto_sem_6/models/goal_marker_4
[3.314s] copying models/goal_marker_4/model.sdf -> /home/ar0ck/ros2_ws_t3003/install/reto_sem_6/share/reto_sem_6/models/goal_marker_4
[3.314s] copying models/goal_marker_4/materials/textures/mcr2_goal_4.png -> /home/ar0ck/ros2_ws_t3003/install/reto_sem_6/share/reto_sem_6/models/goal_marker_4/materials/textures
[3.315s] copying models/avoidance_world_3/model.config -> /home/ar0ck/ros2_ws_t3003/install/reto_sem_6/share/reto_sem_6/models/avoidance_world_3
[3.315s] copying models/avoidance_world_3/model.sdf -> /home/ar0ck/ros2_ws_t3003/install/reto_sem_6/share/reto_sem_6/models/avoidance_world_3
[3.316s] copying models/aruco_marker_4/model.config -> /home/ar0ck/ros2_ws_t3003/install/reto_sem_6/share/reto_sem_6/models/aruco_marker_4
[3.316s] copying models/aruco_marker_4/model.sdf -> /home/ar0ck/ros2_ws_t3003/install/reto_sem_6/share/reto_sem_6/models/aruco_marker_4
[3.316s] copying models/aruco_marker_4/materials/textures/marker4.png -> /home/ar0ck/ros2_ws_t3003/install/reto_sem_6/share/reto_sem_6/models/aruco_marker_4/materials/textures
[3.317s] copying models/aruco_marker_3/model.config -> /home/ar0ck/ros2_ws_t3003/install/reto_sem_6/share/reto_sem_6/models/aruco_marker_3
[3.317s] copying models/aruco_marker_3/model.sdf -> /home/ar0ck/ros2_ws_t3003/install/reto_sem_6/share/reto_sem_6/models/aruco_marker_3
[3.317s] copying models/aruco_marker_3/materials/textures/marker3.png -> /home/ar0ck/ros2_ws_t3003/install/reto_sem_6/share/reto_sem_6/models/aruco_marker_3/materials/textures
[3.318s] copying worlds/puzzlebot_arena.world -> /home/ar0ck/ros2_ws_t3003/install/reto_sem_6/share/reto_sem_6/worlds
[3.318s] copying worlds/obstacle_avoidance_2.world -> /home/ar0ck/ros2_ws_t3003/install/reto_sem_6/share/reto_sem_6/worlds
[3.318s] copying worlds/obstacle_avoidance_4.world -> /home/ar0ck/ros2_ws_t3003/install/reto_sem_6/share/reto_sem_6/worlds
[3.319s] copying worlds/puzzlebot_aruco_markers.world -> /home/ar0ck/ros2_ws_t3003/install/reto_sem_6/share/reto_sem_6/worlds
[3.319s] copying worlds/world_aruco_cv.sdf -> /home/ar0ck/ros2_ws_t3003/install/reto_sem_6/share/reto_sem_6/worlds
[3.319s] copying worlds/empty.world -> /home/ar0ck/ros2_ws_t3003/install/reto_sem_6/share/reto_sem_6/worlds
[3.320s] copying worlds/puzzlebot_world.world -> /home/ar0ck/ros2_ws_t3003/install/reto_sem_6/share/reto_sem_6/worlds
[3.320s] copying worlds/office.world -> /home/ar0ck/ros2_ws_t3003/install/reto_sem_6/share/reto_sem_6/worlds
[3.320s] copying worlds/world_aruco_mip.sdf -> /home/ar0ck/ros2_ws_t3003/install/reto_sem_6/share/reto_sem_6/worlds
[3.321s] copying worlds/puzzlebot_arena_markers.world -> /home/ar0ck/ros2_ws_t3003/install/reto_sem_6/share/reto_sem_6/worlds
[3.321s] copying worlds/world_box.sdf -> /home/ar0ck/ros2_ws_t3003/install/reto_sem_6/share/reto_sem_6/worlds
[3.321s] copying worlds/obstacle_avoidance_3.world -> /home/ar0ck/ros2_ws_t3003/install/reto_sem_6/share/reto_sem_6/worlds
[3.322s] copying worlds/obstacle_avoidance_1.world -> /home/ar0ck/ros2_ws_t3003/install/reto_sem_6/share/reto_sem_6/worlds
[3.322s] copying worlds/world_empty.sdf -> /home/ar0ck/ros2_ws_t3003/install/reto_sem_6/share/reto_sem_6/worlds
[3.322s] copying worlds/puzzlebot_track.world -> /home/ar0ck/ros2_ws_t3003/install/reto_sem_6/share/reto_sem_6/worlds
[3.323s] copying worlds/office_2/model.config -> /home/ar0ck/ros2_ws_t3003/install/reto_sem_6/share/reto_sem_6/worlds/office_2
[3.323s] copying worlds/office_2/model.sdf -> /home/ar0ck/ros2_ws_t3003/install/reto_sem_6/share/reto_sem_6/worlds/office_2
[3.324s] copying plugins/libDiffDynamicPlugin.so -> /home/ar0ck/ros2_ws_t3003/install/reto_sem_6/share/reto_sem_6/plugins
[3.330s] running install_egg_info
[3.361s] removing '/home/ar0ck/ros2_ws_t3003/install/reto_sem_6/lib/python3.10/site-packages/reto_sem_6-0.0.0-py3.10.egg-info' (and everything under it)
[3.361s] Copying ../../build/reto_sem_6/reto_sem_6.egg-info to /home/ar0ck/ros2_ws_t3003/install/reto_sem_6/lib/python3.10/site-packages/reto_sem_6-0.0.0-py3.10.egg-info
[3.362s] running install_scripts
[3.613s] Installing aruco script to /home/ar0ck/ros2_ws_t3003/install/reto_sem_6/lib/reto_sem_6
[3.614s] Installing odom script to /home/ar0ck/ros2_ws_t3003/install/reto_sem_6/lib/reto_sem_6
[3.614s] Installing puzzlebot_bot script to /home/ar0ck/ros2_ws_t3003/install/reto_sem_6/lib/reto_sem_6
[3.614s] Installing puzzlebot_gazebo script to /home/ar0ck/ros2_ws_t3003/install/reto_sem_6/lib/reto_sem_6
[3.615s] Installing puzzlebot_sim script to /home/ar0ck/ros2_ws_t3003/install/reto_sem_6/lib/reto_sem_6
[3.616s] writing list of installed files to '/home/ar0ck/ros2_ws_t3003/build/reto_sem_6/install.log'
[3.661s] Invoked command in '/home/ar0ck/ros2_ws_t3003/src/reto_sem_6' returned '0': PYTHONPATH=/home/ar0ck/ros2_ws_t3003/build/reto_sem_6/prefix_override:/usr/lib/python3/dist-packages/colcon_core/task/python/colcon_distutils_commands:/home/ar0ck/ros2_ws_t3003/install/reto_sem_6/lib/python3.10/site-packages:${PYTHONPATH} /usr/bin/python3 -W ignore:setup.py install is deprecated -W ignore:easy_install command is deprecated setup.py egg_info --egg-base ../../build/reto_sem_6 build --build-base /home/ar0ck/ros2_ws_t3003/build/reto_sem_6/build install --record /home/ar0ck/ros2_ws_t3003/build/reto_sem_6/install.log --single-version-externally-managed install_data
