[0.750s] Invoking command in '/home/ar0ck/ros2_ws_t3003/src/puzzlebot_gazebo': PYTHONPATH=/home/ar0ck/ros2_ws_t3003/src/puzzlebot_gazebo/build/puzzlebot_gazebo/prefix_override:/usr/lib/python3/dist-packages/colcon_core/task/python/colcon_distutils_commands:/home/ar0ck/ros2_ws_t3003/src/puzzlebot_gazebo/install/puzzlebot_gazebo/lib/python3.10/site-packages:${PYTHONPATH} /usr/bin/python3 -W ignore:setup.py install is deprecated -W ignore:easy_install command is deprecated setup.py egg_info --egg-base build/puzzlebot_gazebo build --build-base /home/ar0ck/ros2_ws_t3003/src/puzzlebot_gazebo/build/puzzlebot_gazebo/build install --record /home/ar0ck/ros2_ws_t3003/src/puzzlebot_gazebo/build/puzzlebot_gazebo/install.log --single-version-externally-managed install_data
[0.934s] running egg_info
[0.934s] creating build/puzzlebot_gazebo/puzzlebot_gazebo.egg-info
[0.942s] writing build/puzzlebot_gazebo/puzzlebot_gazebo.egg-info/PKG-INFO
[0.942s] writing dependency_links to build/puzzlebot_gazebo/puzzlebot_gazebo.egg-info/dependency_links.txt
[0.942s] writing entry points to build/puzzlebot_gazebo/puzzlebot_gazebo.egg-info/entry_points.txt
[0.942s] writing requirements to build/puzzlebot_gazebo/puzzlebot_gazebo.egg-info/requires.txt
[0.943s] writing top-level names to build/puzzlebot_gazebo/puzzlebot_gazebo.egg-info/top_level.txt
[0.943s] writing manifest file 'build/puzzlebot_gazebo/puzzlebot_gazebo.egg-info/SOURCES.txt'
[0.960s] reading manifest file 'build/puzzlebot_gazebo/puzzlebot_gazebo.egg-info/SOURCES.txt'
[0.960s] adding license file 'LICENSE'
[0.961s] writing manifest file 'build/puzzlebot_gazebo/puzzlebot_gazebo.egg-info/SOURCES.txt'
[0.961s] running build
[0.961s] running build_py
[0.961s] creating /home/ar0ck/ros2_ws_t3003/src/puzzlebot_gazebo/build/puzzlebot_gazebo/build
[0.961s] creating /home/ar0ck/ros2_ws_t3003/src/puzzlebot_gazebo/build/puzzlebot_gazebo/build/lib
[0.961s] creating /home/ar0ck/ros2_ws_t3003/src/puzzlebot_gazebo/build/puzzlebot_gazebo/build/lib/puzzlebot_gazebo
[0.961s] copying puzzlebot_gazebo/__init__.py -> /home/ar0ck/ros2_ws_t3003/src/puzzlebot_gazebo/build/puzzlebot_gazebo/build/lib/puzzlebot_gazebo
[0.961s] copying puzzlebot_gazebo/puzzlebot_gazebo.py -> /home/ar0ck/ros2_ws_t3003/src/puzzlebot_gazebo/build/puzzlebot_gazebo/build/lib/puzzlebot_gazebo
[0.969s] running install
[0.973s] running install_lib
[0.981s] creating /home/ar0ck/ros2_ws_t3003/src/puzzlebot_gazebo/install/puzzlebot_gazebo/lib/python3.10/site-packages/puzzlebot_gazebo
[0.981s] copying /home/ar0ck/ros2_ws_t3003/src/puzzlebot_gazebo/build/puzzlebot_gazebo/build/lib/puzzlebot_gazebo/__init__.py -> /home/ar0ck/ros2_ws_t3003/src/puzzlebot_gazebo/install/puzzlebot_gazebo/lib/python3.10/site-packages/puzzlebot_gazebo
[0.981s] copying /home/ar0ck/ros2_ws_t3003/src/puzzlebot_gazebo/build/puzzlebot_gazebo/build/lib/puzzlebot_gazebo/puzzlebot_gazebo.py -> /home/ar0ck/ros2_ws_t3003/src/puzzlebot_gazebo/install/puzzlebot_gazebo/lib/python3.10/site-packages/puzzlebot_gazebo
[0.981s] byte-compiling /home/ar0ck/ros2_ws_t3003/src/puzzlebot_gazebo/install/puzzlebot_gazebo/lib/python3.10/site-packages/puzzlebot_gazebo/__init__.py to __init__.cpython-310.pyc
[0.981s] byte-compiling /home/ar0ck/ros2_ws_t3003/src/puzzlebot_gazebo/install/puzzlebot_gazebo/lib/python3.10/site-packages/puzzlebot_gazebo/puzzlebot_gazebo.py to puzzlebot_gazebo.cpython-310.pyc
[0.982s] running install_data
[0.982s] creating /home/ar0ck/ros2_ws_t3003/src/puzzlebot_gazebo/install/puzzlebot_gazebo/share/ament_index
[0.982s] creating /home/ar0ck/ros2_ws_t3003/src/puzzlebot_gazebo/install/puzzlebot_gazebo/share/ament_index/resource_index
[0.982s] creating /home/ar0ck/ros2_ws_t3003/src/puzzlebot_gazebo/install/puzzlebot_gazebo/share/ament_index/resource_index/packages
[0.982s] copying resource/puzzlebot_gazebo -> /home/ar0ck/ros2_ws_t3003/src/puzzlebot_gazebo/install/puzzlebot_gazebo/share/ament_index/resource_index/packages
[0.982s] copying package.xml -> /home/ar0ck/ros2_ws_t3003/src/puzzlebot_gazebo/install/puzzlebot_gazebo/share/puzzlebot_gazebo
[0.982s] creating /home/ar0ck/ros2_ws_t3003/src/puzzlebot_gazebo/install/puzzlebot_gazebo/share/puzzlebot_gazebo/launch
[0.982s] copying launch/bringup_simulation_multi_launch.py -> /home/ar0ck/ros2_ws_t3003/src/puzzlebot_gazebo/install/puzzlebot_gazebo/share/puzzlebot_gazebo/launch
[0.982s] copying launch/gazebo_example_launch.py -> /home/ar0ck/ros2_ws_t3003/src/puzzlebot_gazebo/install/puzzlebot_gazebo/share/puzzlebot_gazebo/launch
[0.982s] copying launch/gazebo_puzzlebot_launch.py -> /home/ar0ck/ros2_ws_t3003/src/puzzlebot_gazebo/install/puzzlebot_gazebo/share/puzzlebot_gazebo/launch
[0.982s] copying launch/gazebo_world_launch.py -> /home/ar0ck/ros2_ws_t3003/src/puzzlebot_gazebo/install/puzzlebot_gazebo/share/puzzlebot_gazebo/launch
[0.982s] copying launch/bringup_simulation_simple_launch.py -> /home/ar0ck/ros2_ws_t3003/src/puzzlebot_gazebo/install/puzzlebot_gazebo/share/puzzlebot_gazebo/launch
[0.982s] creating /home/ar0ck/ros2_ws_t3003/src/puzzlebot_gazebo/install/puzzlebot_gazebo/share/puzzlebot_gazebo/config
[0.982s] copying config/puzzlebot_hacker_ed.yaml -> /home/ar0ck/ros2_ws_t3003/src/puzzlebot_gazebo/install/puzzlebot_gazebo/share/puzzlebot_gazebo/config
[0.982s] copying config/puzzlebot_jetson_ed.yaml -> /home/ar0ck/ros2_ws_t3003/src/puzzlebot_gazebo/install/puzzlebot_gazebo/share/puzzlebot_gazebo/config
[0.982s] copying config/puzzlebot_jetson_lidar_ed.yaml -> /home/ar0ck/ros2_ws_t3003/src/puzzlebot_gazebo/install/puzzlebot_gazebo/share/puzzlebot_gazebo/config
[0.982s] creating /home/ar0ck/ros2_ws_t3003/src/puzzlebot_gazebo/install/puzzlebot_gazebo/share/puzzlebot_gazebo/rviz
[0.982s] creating /home/ar0ck/ros2_ws_t3003/src/puzzlebot_gazebo/install/puzzlebot_gazebo/share/puzzlebot_gazebo/models
[0.982s] creating /home/ar0ck/ros2_ws_t3003/src/puzzlebot_gazebo/install/puzzlebot_gazebo/share/puzzlebot_gazebo/models/avoidance_world_4
[0.982s] copying models/avoidance_world_4/model.config -> /home/ar0ck/ros2_ws_t3003/src/puzzlebot_gazebo/install/puzzlebot_gazebo/share/puzzlebot_gazebo/models/avoidance_world_4
[0.983s] copying models/avoidance_world_4/model.sdf -> /home/ar0ck/ros2_ws_t3003/src/puzzlebot_gazebo/install/puzzlebot_gazebo/share/puzzlebot_gazebo/models/avoidance_world_4
[0.983s] creating /home/ar0ck/ros2_ws_t3003/src/puzzlebot_gazebo/install/puzzlebot_gazebo/share/puzzlebot_gazebo/models/box_brick
[0.983s] copying models/box_brick/model.config -> /home/ar0ck/ros2_ws_t3003/src/puzzlebot_gazebo/install/puzzlebot_gazebo/share/puzzlebot_gazebo/models/box_brick
[0.983s] copying models/box_brick/model.sdf -> /home/ar0ck/ros2_ws_t3003/src/puzzlebot_gazebo/install/puzzlebot_gazebo/share/puzzlebot_gazebo/models/box_brick
[0.983s] creating /home/ar0ck/ros2_ws_t3003/src/puzzlebot_gazebo/install/puzzlebot_gazebo/share/puzzlebot_gazebo/models/box_brick/meshes
[0.983s] copying models/box_brick/meshes/box_brick.dae -> /home/ar0ck/ros2_ws_t3003/src/puzzlebot_gazebo/install/puzzlebot_gazebo/share/puzzlebot_gazebo/models/box_brick/meshes
[0.983s] creating /home/ar0ck/ros2_ws_t3003/src/puzzlebot_gazebo/install/puzzlebot_gazebo/share/puzzlebot_gazebo/models/box_brick/materials
[0.983s] creating /home/ar0ck/ros2_ws_t3003/src/puzzlebot_gazebo/install/puzzlebot_gazebo/share/puzzlebot_gazebo/models/box_brick/materials/textures
[0.983s] copying models/box_brick/materials/textures/0032-512x512.jpg -> /home/ar0ck/ros2_ws_t3003/src/puzzlebot_gazebo/install/puzzlebot_gazebo/share/puzzlebot_gazebo/models/box_brick/materials/textures
[0.984s] creating /home/ar0ck/ros2_ws_t3003/src/puzzlebot_gazebo/install/puzzlebot_gazebo/share/puzzlebot_gazebo/models/puzzlebot_lidar
[0.984s] copying models/puzzlebot_lidar/model.config -> /home/ar0ck/ros2_ws_t3003/src/puzzlebot_gazebo/install/puzzlebot_gazebo/share/puzzlebot_gazebo/models/puzzlebot_lidar
[0.984s] copying models/puzzlebot_lidar/model.sdf -> /home/ar0ck/ros2_ws_t3003/src/puzzlebot_gazebo/install/puzzlebot_gazebo/share/puzzlebot_gazebo/models/puzzlebot_lidar
[0.984s] creating /home/ar0ck/ros2_ws_t3003/src/puzzlebot_gazebo/install/puzzlebot_gazebo/share/puzzlebot_gazebo/models/puzzlebot_lidar/meshes
[0.984s] copying models/puzzlebot_lidar/meshes/chassis1.dae -> /home/ar0ck/ros2_ws_t3003/src/puzzlebot_gazebo/install/puzzlebot_gazebo/share/puzzlebot_gazebo/models/puzzlebot_lidar/meshes
[1.000s] copying models/puzzlebot_lidar/meshes/wheel.dae -> /home/ar0ck/ros2_ws_t3003/src/puzzlebot_gazebo/install/puzzlebot_gazebo/share/puzzlebot_gazebo/models/puzzlebot_lidar/meshes
[1.001s] creating /home/ar0ck/ros2_ws_t3003/src/puzzlebot_gazebo/install/puzzlebot_gazebo/share/puzzlebot_gazebo/models/aruco000
[1.001s] copying models/aruco000/model.config -> /home/ar0ck/ros2_ws_t3003/src/puzzlebot_gazebo/install/puzzlebot_gazebo/share/puzzlebot_gazebo/models/aruco000
[1.002s] copying models/aruco000/model.sdf -> /home/ar0ck/ros2_ws_t3003/src/puzzlebot_gazebo/install/puzzlebot_gazebo/share/puzzlebot_gazebo/models/aruco000
[1.002s] creating /home/ar0ck/ros2_ws_t3003/src/puzzlebot_gazebo/install/puzzlebot_gazebo/share/puzzlebot_gazebo/models/aruco000/meshes
[1.002s] copying models/aruco000/meshes/aruco000.dae -> /home/ar0ck/ros2_ws_t3003/src/puzzlebot_gazebo/install/puzzlebot_gazebo/share/puzzlebot_gazebo/models/aruco000/meshes
[1.002s] creating /home/ar0ck/ros2_ws_t3003/src/puzzlebot_gazebo/install/puzzlebot_gazebo/share/puzzlebot_gazebo/models/aruco000/materials
[1.002s] creating /home/ar0ck/ros2_ws_t3003/src/puzzlebot_gazebo/install/puzzlebot_gazebo/share/puzzlebot_gazebo/models/aruco000/materials/textures
[1.002s] copying models/aruco000/materials/textures/16h3_000.png -> /home/ar0ck/ros2_ws_t3003/src/puzzlebot_gazebo/install/puzzlebot_gazebo/share/puzzlebot_gazebo/models/aruco000/materials/textures
[1.002s] creating /home/ar0ck/ros2_ws_t3003/src/puzzlebot_gazebo/install/puzzlebot_gazebo/share/puzzlebot_gazebo/models/aruco002
[1.002s] copying models/aruco002/model.config -> /home/ar0ck/ros2_ws_t3003/src/puzzlebot_gazebo/install/puzzlebot_gazebo/share/puzzlebot_gazebo/models/aruco002
[1.002s] copying models/aruco002/model.sdf -> /home/ar0ck/ros2_ws_t3003/src/puzzlebot_gazebo/install/puzzlebot_gazebo/share/puzzlebot_gazebo/models/aruco002
[1.003s] creating /home/ar0ck/ros2_ws_t3003/src/puzzlebot_gazebo/install/puzzlebot_gazebo/share/puzzlebot_gazebo/models/aruco002/meshes
[1.003s] copying models/aruco002/meshes/aruco002.dae -> /home/ar0ck/ros2_ws_t3003/src/puzzlebot_gazebo/install/puzzlebot_gazebo/share/puzzlebot_gazebo/models/aruco002/meshes
[1.003s] creating /home/ar0ck/ros2_ws_t3003/src/puzzlebot_gazebo/install/puzzlebot_gazebo/share/puzzlebot_gazebo/models/aruco002/materials
[1.003s] creating /home/ar0ck/ros2_ws_t3003/src/puzzlebot_gazebo/install/puzzlebot_gazebo/share/puzzlebot_gazebo/models/aruco002/materials/textures
[1.003s] copying models/aruco002/materials/textures/16h3_002.png -> /home/ar0ck/ros2_ws_t3003/src/puzzlebot_gazebo/install/puzzlebot_gazebo/share/puzzlebot_gazebo/models/aruco002/materials/textures
[1.003s] creating /home/ar0ck/ros2_ws_t3003/src/puzzlebot_gazebo/install/puzzlebot_gazebo/share/puzzlebot_gazebo/models/aruco_marker_2
[1.003s] copying models/aruco_marker_2/model.config -> /home/ar0ck/ros2_ws_t3003/src/puzzlebot_gazebo/install/puzzlebot_gazebo/share/puzzlebot_gazebo/models/aruco_marker_2
[1.003s] copying models/aruco_marker_2/model.sdf -> /home/ar0ck/ros2_ws_t3003/src/puzzlebot_gazebo/install/puzzlebot_gazebo/share/puzzlebot_gazebo/models/aruco_marker_2
[1.003s] creating /home/ar0ck/ros2_ws_t3003/src/puzzlebot_gazebo/install/puzzlebot_gazebo/share/puzzlebot_gazebo/models/aruco_marker_2/materials
[1.003s] creating /home/ar0ck/ros2_ws_t3003/src/puzzlebot_gazebo/install/puzzlebot_gazebo/share/puzzlebot_gazebo/models/aruco_marker_2/materials/textures
[1.003s] copying models/aruco_marker_2/materials/textures/marker2.png -> /home/ar0ck/ros2_ws_t3003/src/puzzlebot_gazebo/install/puzzlebot_gazebo/share/puzzlebot_gazebo/models/aruco_marker_2/materials/textures
[1.003s] creating /home/ar0ck/ros2_ws_t3003/src/puzzlebot_gazebo/install/puzzlebot_gazebo/share/puzzlebot_gazebo/models/avoidance_world_1
[1.003s] copying models/avoidance_world_1/model.config -> /home/ar0ck/ros2_ws_t3003/src/puzzlebot_gazebo/install/puzzlebot_gazebo/share/puzzlebot_gazebo/models/avoidance_world_1
[1.003s] copying models/avoidance_world_1/model.sdf -> /home/ar0ck/ros2_ws_t3003/src/puzzlebot_gazebo/install/puzzlebot_gazebo/share/puzzlebot_gazebo/models/avoidance_world_1
[1.003s] creating /home/ar0ck/ros2_ws_t3003/src/puzzlebot_gazebo/install/puzzlebot_gazebo/share/puzzlebot_gazebo/models/blue_colored_box
[1.003s] copying models/blue_colored_box/model.config -> /home/ar0ck/ros2_ws_t3003/src/puzzlebot_gazebo/install/puzzlebot_gazebo/share/puzzlebot_gazebo/models/blue_colored_box
[1.004s] copying models/blue_colored_box/model.sdf -> /home/ar0ck/ros2_ws_t3003/src/puzzlebot_gazebo/install/puzzlebot_gazebo/share/puzzlebot_gazebo/models/blue_colored_box
[1.004s] creating /home/ar0ck/ros2_ws_t3003/src/puzzlebot_gazebo/install/puzzlebot_gazebo/share/puzzlebot_gazebo/models/aruco000_cv
[1.004s] copying models/aruco000_cv/model.config -> /home/ar0ck/ros2_ws_t3003/src/puzzlebot_gazebo/install/puzzlebot_gazebo/share/puzzlebot_gazebo/models/aruco000_cv
[1.004s] copying models/aruco000_cv/model.sdf -> /home/ar0ck/ros2_ws_t3003/src/puzzlebot_gazebo/install/puzzlebot_gazebo/share/puzzlebot_gazebo/models/aruco000_cv
[1.004s] creating /home/ar0ck/ros2_ws_t3003/src/puzzlebot_gazebo/install/puzzlebot_gazebo/share/puzzlebot_gazebo/models/aruco000_cv/meshes
[1.004s] copying models/aruco000_cv/meshes/aruco000.dae -> /home/ar0ck/ros2_ws_t3003/src/puzzlebot_gazebo/install/puzzlebot_gazebo/share/puzzlebot_gazebo/models/aruco000_cv/meshes
[1.004s] creating /home/ar0ck/ros2_ws_t3003/src/puzzlebot_gazebo/install/puzzlebot_gazebo/share/puzzlebot_gazebo/models/aruco000_cv/materials
[1.004s] creating /home/ar0ck/ros2_ws_t3003/src/puzzlebot_gazebo/install/puzzlebot_gazebo/share/puzzlebot_gazebo/models/aruco000_cv/materials/textures
[1.004s] copying models/aruco000_cv/materials/textures/4x4_50_000.png -> /home/ar0ck/ros2_ws_t3003/src/puzzlebot_gazebo/install/puzzlebot_gazebo/share/puzzlebot_gazebo/models/aruco000_cv/materials/textures
[1.004s] creating /home/ar0ck/ros2_ws_t3003/src/puzzlebot_gazebo/install/puzzlebot_gazebo/share/puzzlebot_gazebo/models/red_colored_box
[1.004s] copying models/red_colored_box/model.config -> /home/ar0ck/ros2_ws_t3003/src/puzzlebot_gazebo/install/puzzlebot_gazebo/share/puzzlebot_gazebo/models/red_colored_box
[1.005s] copying models/red_colored_box/model.sdf -> /home/ar0ck/ros2_ws_t3003/src/puzzlebot_gazebo/install/puzzlebot_gazebo/share/puzzlebot_gazebo/models/red_colored_box
[1.005s] creating /home/ar0ck/ros2_ws_t3003/src/puzzlebot_gazebo/install/puzzlebot_gazebo/share/puzzlebot_gazebo/models/aruco_marker_1
[1.005s] copying models/aruco_marker_1/model.config -> /home/ar0ck/ros2_ws_t3003/src/puzzlebot_gazebo/install/puzzlebot_gazebo/share/puzzlebot_gazebo/models/aruco_marker_1
[1.005s] copying models/aruco_marker_1/model.sdf -> /home/ar0ck/ros2_ws_t3003/src/puzzlebot_gazebo/install/puzzlebot_gazebo/share/puzzlebot_gazebo/models/aruco_marker_1
[1.005s] creating /home/ar0ck/ros2_ws_t3003/src/puzzlebot_gazebo/install/puzzlebot_gazebo/share/puzzlebot_gazebo/models/aruco_marker_1/materials
[1.005s] creating /home/ar0ck/ros2_ws_t3003/src/puzzlebot_gazebo/install/puzzlebot_gazebo/share/puzzlebot_gazebo/models/aruco_marker_1/materials/textures
[1.005s] copying models/aruco_marker_1/materials/textures/marker1.png -> /home/ar0ck/ros2_ws_t3003/src/puzzlebot_gazebo/install/puzzlebot_gazebo/share/puzzlebot_gazebo/models/aruco_marker_1/materials/textures
[1.005s] creating /home/ar0ck/ros2_ws_t3003/src/puzzlebot_gazebo/install/puzzlebot_gazebo/share/puzzlebot_gazebo/models/goal_marker_1
[1.005s] copying models/goal_marker_1/model.config -> /home/ar0ck/ros2_ws_t3003/src/puzzlebot_gazebo/install/puzzlebot_gazebo/share/puzzlebot_gazebo/models/goal_marker_1
[1.005s] copying models/goal_marker_1/model.sdf -> /home/ar0ck/ros2_ws_t3003/src/puzzlebot_gazebo/install/puzzlebot_gazebo/share/puzzlebot_gazebo/models/goal_marker_1
[1.005s] creating /home/ar0ck/ros2_ws_t3003/src/puzzlebot_gazebo/install/puzzlebot_gazebo/share/puzzlebot_gazebo/models/goal_marker_1/materials
[1.005s] creating /home/ar0ck/ros2_ws_t3003/src/puzzlebot_gazebo/install/puzzlebot_gazebo/share/puzzlebot_gazebo/models/goal_marker_1/materials/textures
[1.006s] copying models/goal_marker_1/materials/textures/mcr2_goal_1.png -> /home/ar0ck/ros2_ws_t3003/src/puzzlebot_gazebo/install/puzzlebot_gazebo/share/puzzlebot_gazebo/models/goal_marker_1/materials/textures
[1.006s] creating /home/ar0ck/ros2_ws_t3003/src/puzzlebot_gazebo/install/puzzlebot_gazebo/share/puzzlebot_gazebo/models/arena_a_frame
[1.006s] copying models/arena_a_frame/model.config -> /home/ar0ck/ros2_ws_t3003/src/puzzlebot_gazebo/install/puzzlebot_gazebo/share/puzzlebot_gazebo/models/arena_a_frame
[1.006s] copying models/arena_a_frame/model.sdf -> /home/ar0ck/ros2_ws_t3003/src/puzzlebot_gazebo/install/puzzlebot_gazebo/share/puzzlebot_gazebo/models/arena_a_frame
[1.006s] creating /home/ar0ck/ros2_ws_t3003/src/puzzlebot_gazebo/install/puzzlebot_gazebo/share/puzzlebot_gazebo/models/arena_a_frame/meshes
[1.006s] copying models/arena_a_frame/meshes/MCR2_arena_side.stl -> /home/ar0ck/ros2_ws_t3003/src/puzzlebot_gazebo/install/puzzlebot_gazebo/share/puzzlebot_gazebo/models/arena_a_frame/meshes
[1.006s] creating /home/ar0ck/ros2_ws_t3003/src/puzzlebot_gazebo/install/puzzlebot_gazebo/share/puzzlebot_gazebo/models/arena_a_frame/materials
[1.006s] creating /home/ar0ck/ros2_ws_t3003/src/puzzlebot_gazebo/install/puzzlebot_gazebo/share/puzzlebot_gazebo/models/arena_a_frame/materials/textures
[1.006s] copying models/arena_a_frame/materials/textures/mcr2_banner.png -> /home/ar0ck/ros2_ws_t3003/src/puzzlebot_gazebo/install/puzzlebot_gazebo/share/puzzlebot_gazebo/models/arena_a_frame/materials/textures
[1.007s] creating /home/ar0ck/ros2_ws_t3003/src/puzzlebot_gazebo/install/puzzlebot_gazebo/share/puzzlebot_gazebo/models/simple_light
[1.007s] copying models/simple_light/model.config -> /home/ar0ck/ros2_ws_t3003/src/puzzlebot_gazebo/install/puzzlebot_gazebo/share/puzzlebot_gazebo/models/simple_light
[1.007s] copying models/simple_light/model.sdf -> /home/ar0ck/ros2_ws_t3003/src/puzzlebot_gazebo/install/puzzlebot_gazebo/share/puzzlebot_gazebo/models/simple_light
[1.007s] creating /home/ar0ck/ros2_ws_t3003/src/puzzlebot_gazebo/install/puzzlebot_gazebo/share/puzzlebot_gazebo/models/aruco003_cv
[1.007s] copying models/aruco003_cv/model.config -> /home/ar0ck/ros2_ws_t3003/src/puzzlebot_gazebo/install/puzzlebot_gazebo/share/puzzlebot_gazebo/models/aruco003_cv
[1.007s] copying models/aruco003_cv/model.sdf -> /home/ar0ck/ros2_ws_t3003/src/puzzlebot_gazebo/install/puzzlebot_gazebo/share/puzzlebot_gazebo/models/aruco003_cv
[1.007s] creating /home/ar0ck/ros2_ws_t3003/src/puzzlebot_gazebo/install/puzzlebot_gazebo/share/puzzlebot_gazebo/models/aruco003_cv/meshes
[1.007s] copying models/aruco003_cv/meshes/aruco003.dae -> /home/ar0ck/ros2_ws_t3003/src/puzzlebot_gazebo/install/puzzlebot_gazebo/share/puzzlebot_gazebo/models/aruco003_cv/meshes
[1.007s] creating /home/ar0ck/ros2_ws_t3003/src/puzzlebot_gazebo/install/puzzlebot_gazebo/share/puzzlebot_gazebo/models/aruco003_cv/materials
[1.007s] creating /home/ar0ck/ros2_ws_t3003/src/puzzlebot_gazebo/install/puzzlebot_gazebo/share/puzzlebot_gazebo/models/aruco003_cv/materials/textures
[1.007s] copying models/aruco003_cv/materials/textures/4x4_50_003.png -> /home/ar0ck/ros2_ws_t3003/src/puzzlebot_gazebo/install/puzzlebot_gazebo/share/puzzlebot_gazebo/models/aruco003_cv/materials/textures
[1.008s] creating /home/ar0ck/ros2_ws_t3003/src/puzzlebot_gazebo/install/puzzlebot_gazebo/share/puzzlebot_gazebo/models/goal_marker_5
[1.008s] copying models/goal_marker_5/model.config -> /home/ar0ck/ros2_ws_t3003/src/puzzlebot_gazebo/install/puzzlebot_gazebo/share/puzzlebot_gazebo/models/goal_marker_5
[1.008s] copying models/goal_marker_5/model.sdf -> /home/ar0ck/ros2_ws_t3003/src/puzzlebot_gazebo/install/puzzlebot_gazebo/share/puzzlebot_gazebo/models/goal_marker_5
[1.008s] creating /home/ar0ck/ros2_ws_t3003/src/puzzlebot_gazebo/install/puzzlebot_gazebo/share/puzzlebot_gazebo/models/goal_marker_5/materials
[1.008s] creating /home/ar0ck/ros2_ws_t3003/src/puzzlebot_gazebo/install/puzzlebot_gazebo/share/puzzlebot_gazebo/models/goal_marker_5/materials/textures
[1.008s] copying models/goal_marker_5/materials/textures/mcr2_goal_5.png -> /home/ar0ck/ros2_ws_t3003/src/puzzlebot_gazebo/install/puzzlebot_gazebo/share/puzzlebot_gazebo/models/goal_marker_5/materials/textures
[1.008s] creating /home/ar0ck/ros2_ws_t3003/src/puzzlebot_gazebo/install/puzzlebot_gazebo/share/puzzlebot_gazebo/models/aruco_marker_5
[1.008s] copying models/aruco_marker_5/model.config -> /home/ar0ck/ros2_ws_t3003/src/puzzlebot_gazebo/install/puzzlebot_gazebo/share/puzzlebot_gazebo/models/aruco_marker_5
[1.008s] copying models/aruco_marker_5/model.sdf -> /home/ar0ck/ros2_ws_t3003/src/puzzlebot_gazebo/install/puzzlebot_gazebo/share/puzzlebot_gazebo/models/aruco_marker_5
[1.008s] creating /home/ar0ck/ros2_ws_t3003/src/puzzlebot_gazebo/install/puzzlebot_gazebo/share/puzzlebot_gazebo/models/aruco_marker_5/materials
[1.008s] creating /home/ar0ck/ros2_ws_t3003/src/puzzlebot_gazebo/install/puzzlebot_gazebo/share/puzzlebot_gazebo/models/aruco_marker_5/materials/textures
[1.008s] copying models/aruco_marker_5/materials/textures/marker5.png -> /home/ar0ck/ros2_ws_t3003/src/puzzlebot_gazebo/install/puzzlebot_gazebo/share/puzzlebot_gazebo/models/aruco_marker_5/materials/textures
[1.009s] creating /home/ar0ck/ros2_ws_t3003/src/puzzlebot_gazebo/install/puzzlebot_gazebo/share/puzzlebot_gazebo/models/office_floor
[1.009s] copying models/office_floor/model.config -> /home/ar0ck/ros2_ws_t3003/src/puzzlebot_gazebo/install/puzzlebot_gazebo/share/puzzlebot_gazebo/models/office_floor
[1.009s] copying models/office_floor/model.sdf -> /home/ar0ck/ros2_ws_t3003/src/puzzlebot_gazebo/install/puzzlebot_gazebo/share/puzzlebot_gazebo/models/office_floor
[1.009s] creating /home/ar0ck/ros2_ws_t3003/src/puzzlebot_gazebo/install/puzzlebot_gazebo/share/puzzlebot_gazebo/models/office_floor/materials
[1.009s] creating /home/ar0ck/ros2_ws_t3003/src/puzzlebot_gazebo/install/puzzlebot_gazebo/share/puzzlebot_gazebo/models/office_floor/materials/textures
[1.009s] copying models/office_floor/materials/textures/puzzlebot_wood_7.png -> /home/ar0ck/ros2_ws_t3003/src/puzzlebot_gazebo/install/puzzlebot_gazebo/share/puzzlebot_gazebo/models/office_floor/materials/textures
[1.011s] creating /home/ar0ck/ros2_ws_t3003/src/puzzlebot_gazebo/install/puzzlebot_gazebo/share/puzzlebot_gazebo/models/puzzlebot_track
[1.011s] copying models/puzzlebot_track/model.config -> /home/ar0ck/ros2_ws_t3003/src/puzzlebot_gazebo/install/puzzlebot_gazebo/share/puzzlebot_gazebo/models/puzzlebot_track
[1.011s] copying models/puzzlebot_track/model.sdf -> /home/ar0ck/ros2_ws_t3003/src/puzzlebot_gazebo/install/puzzlebot_gazebo/share/puzzlebot_gazebo/models/puzzlebot_track
[1.011s] creating /home/ar0ck/ros2_ws_t3003/src/puzzlebot_gazebo/install/puzzlebot_gazebo/share/puzzlebot_gazebo/models/puzzlebot_track/materials
[1.011s] creating /home/ar0ck/ros2_ws_t3003/src/puzzlebot_gazebo/install/puzzlebot_gazebo/share/puzzlebot_gazebo/models/puzzlebot_track/materials/textures
[1.011s] copying models/puzzlebot_track/materials/textures/puzzlebot_track.png -> /home/ar0ck/ros2_ws_t3003/src/puzzlebot_gazebo/install/puzzlebot_gazebo/share/puzzlebot_gazebo/models/puzzlebot_track/materials/textures
[1.012s] creating /home/ar0ck/ros2_ws_t3003/src/puzzlebot_gazebo/install/puzzlebot_gazebo/share/puzzlebot_gazebo/models/plugins
[1.012s] copying models/plugins/libDiffDynamicPlugin.so -> /home/ar0ck/ros2_ws_t3003/src/puzzlebot_gazebo/install/puzzlebot_gazebo/share/puzzlebot_gazebo/models/plugins
[1.014s] creating /home/ar0ck/ros2_ws_t3003/src/puzzlebot_gazebo/install/puzzlebot_gazebo/share/puzzlebot_gazebo/models/aruco_box
[1.014s] copying models/aruco_box/model.config -> /home/ar0ck/ros2_ws_t3003/src/puzzlebot_gazebo/install/puzzlebot_gazebo/share/puzzlebot_gazebo/models/aruco_box
[1.014s] copying models/aruco_box/model.sdf -> /home/ar0ck/ros2_ws_t3003/src/puzzlebot_gazebo/install/puzzlebot_gazebo/share/puzzlebot_gazebo/models/aruco_box
[1.014s] creating /home/ar0ck/ros2_ws_t3003/src/puzzlebot_gazebo/install/puzzlebot_gazebo/share/puzzlebot_gazebo/models/aruco_box/materials
[1.014s] creating /home/ar0ck/ros2_ws_t3003/src/puzzlebot_gazebo/install/puzzlebot_gazebo/share/puzzlebot_gazebo/models/aruco_box/materials/textures
[1.014s] copying models/aruco_box/materials/textures/marker1.png -> /home/ar0ck/ros2_ws_t3003/src/puzzlebot_gazebo/install/puzzlebot_gazebo/share/puzzlebot_gazebo/models/aruco_box/materials/textures
[1.014s] copying models/aruco_box/materials/textures/marker0.png -> /home/ar0ck/ros2_ws_t3003/src/puzzlebot_gazebo/install/puzzlebot_gazebo/share/puzzlebot_gazebo/models/aruco_box/materials/textures
[1.014s] copying models/aruco_box/materials/textures/marker4.png -> /home/ar0ck/ros2_ws_t3003/src/puzzlebot_gazebo/install/puzzlebot_gazebo/share/puzzlebot_gazebo/models/aruco_box/materials/textures
[1.015s] copying models/aruco_box/materials/textures/marker5.png -> /home/ar0ck/ros2_ws_t3003/src/puzzlebot_gazebo/install/puzzlebot_gazebo/share/puzzlebot_gazebo/models/aruco_box/materials/textures
[1.015s] copying models/aruco_box/materials/textures/marker2.png -> /home/ar0ck/ros2_ws_t3003/src/puzzlebot_gazebo/install/puzzlebot_gazebo/share/puzzlebot_gazebo/models/aruco_box/materials/textures
[1.015s] copying models/aruco_box/materials/textures/marker3.png -> /home/ar0ck/ros2_ws_t3003/src/puzzlebot_gazebo/install/puzzlebot_gazebo/share/puzzlebot_gazebo/models/aruco_box/materials/textures
[1.015s] creating /home/ar0ck/ros2_ws_t3003/src/puzzlebot_gazebo/install/puzzlebot_gazebo/share/puzzlebot_gazebo/models/aruco003
[1.015s] copying models/aruco003/model.config -> /home/ar0ck/ros2_ws_t3003/src/puzzlebot_gazebo/install/puzzlebot_gazebo/share/puzzlebot_gazebo/models/aruco003
[1.015s] copying models/aruco003/model.sdf -> /home/ar0ck/ros2_ws_t3003/src/puzzlebot_gazebo/install/puzzlebot_gazebo/share/puzzlebot_gazebo/models/aruco003
[1.015s] creating /home/ar0ck/ros2_ws_t3003/src/puzzlebot_gazebo/install/puzzlebot_gazebo/share/puzzlebot_gazebo/models/aruco003/meshes
[1.015s] copying models/aruco003/meshes/aruco003.dae -> /home/ar0ck/ros2_ws_t3003/src/puzzlebot_gazebo/install/puzzlebot_gazebo/share/puzzlebot_gazebo/models/aruco003/meshes
[1.015s] creating /home/ar0ck/ros2_ws_t3003/src/puzzlebot_gazebo/install/puzzlebot_gazebo/share/puzzlebot_gazebo/models/aruco003/materials
[1.015s] creating /home/ar0ck/ros2_ws_t3003/src/puzzlebot_gazebo/install/puzzlebot_gazebo/share/puzzlebot_gazebo/models/aruco003/materials/textures
[1.015s] copying models/aruco003/materials/textures/16h3_003.png -> /home/ar0ck/ros2_ws_t3003/src/puzzlebot_gazebo/install/puzzlebot_gazebo/share/puzzlebot_gazebo/models/aruco003/materials/textures
[1.015s] creating /home/ar0ck/ros2_ws_t3003/src/puzzlebot_gazebo/install/puzzlebot_gazebo/share/puzzlebot_gazebo/models/puzzlebot_base
[1.016s] copying models/puzzlebot_base/model.config -> /home/ar0ck/ros2_ws_t3003/src/puzzlebot_gazebo/install/puzzlebot_gazebo/share/puzzlebot_gazebo/models/puzzlebot_base
[1.016s] copying models/puzzlebot_base/model.sdf -> /home/ar0ck/ros2_ws_t3003/src/puzzlebot_gazebo/install/puzzlebot_gazebo/share/puzzlebot_gazebo/models/puzzlebot_base
[1.016s] creating /home/ar0ck/ros2_ws_t3003/src/puzzlebot_gazebo/install/puzzlebot_gazebo/share/puzzlebot_gazebo/models/puzzlebot_base/materials
[1.016s] creating /home/ar0ck/ros2_ws_t3003/src/puzzlebot_gazebo/install/puzzlebot_gazebo/share/puzzlebot_gazebo/models/puzzlebot_base/materials/textures
[1.016s] copying models/puzzlebot_base/materials/textures/puzzlebot_wood_6.png -> /home/ar0ck/ros2_ws_t3003/src/puzzlebot_gazebo/install/puzzlebot_gazebo/share/puzzlebot_gazebo/models/puzzlebot_base/materials/textures
[1.017s] creating /home/ar0ck/ros2_ws_t3003/src/puzzlebot_gazebo/install/puzzlebot_gazebo/share/puzzlebot_gazebo/models/avoidance_world_2
[1.017s] copying models/avoidance_world_2/model.config -> /home/ar0ck/ros2_ws_t3003/src/puzzlebot_gazebo/install/puzzlebot_gazebo/share/puzzlebot_gazebo/models/avoidance_world_2
[1.017s] copying models/avoidance_world_2/model.sdf -> /home/ar0ck/ros2_ws_t3003/src/puzzlebot_gazebo/install/puzzlebot_gazebo/share/puzzlebot_gazebo/models/avoidance_world_2
[1.017s] creating /home/ar0ck/ros2_ws_t3003/src/puzzlebot_gazebo/install/puzzlebot_gazebo/share/puzzlebot_gazebo/models/puzzlebot_camera
[1.017s] copying models/puzzlebot_camera/model.config -> /home/ar0ck/ros2_ws_t3003/src/puzzlebot_gazebo/install/puzzlebot_gazebo/share/puzzlebot_gazebo/models/puzzlebot_camera
[1.017s] copying models/puzzlebot_camera/model.sdf -> /home/ar0ck/ros2_ws_t3003/src/puzzlebot_gazebo/install/puzzlebot_gazebo/share/puzzlebot_gazebo/models/puzzlebot_camera
[1.018s] creating /home/ar0ck/ros2_ws_t3003/src/puzzlebot_gazebo/install/puzzlebot_gazebo/share/puzzlebot_gazebo/models/puzzlebot_camera/meshes
[1.018s] copying models/puzzlebot_camera/meshes/chassis1.dae -> /home/ar0ck/ros2_ws_t3003/src/puzzlebot_gazebo/install/puzzlebot_gazebo/share/puzzlebot_gazebo/models/puzzlebot_camera/meshes
[1.033s] copying models/puzzlebot_camera/meshes/wheel.dae -> /home/ar0ck/ros2_ws_t3003/src/puzzlebot_gazebo/install/puzzlebot_gazebo/share/puzzlebot_gazebo/models/puzzlebot_camera/meshes
[1.034s] creating /home/ar0ck/ros2_ws_t3003/src/puzzlebot_gazebo/install/puzzlebot_gazebo/share/puzzlebot_gazebo/models/media
[1.034s] creating /home/ar0ck/ros2_ws_t3003/src/puzzlebot_gazebo/install/puzzlebot_gazebo/share/puzzlebot_gazebo/models/media/materials
[1.034s] creating /home/ar0ck/ros2_ws_t3003/src/puzzlebot_gazebo/install/puzzlebot_gazebo/share/puzzlebot_gazebo/models/media/materials/scripts
[1.034s] copying models/media/materials/scripts/mcr2_materials.material -> /home/ar0ck/ros2_ws_t3003/src/puzzlebot_gazebo/install/puzzlebot_gazebo/share/puzzlebot_gazebo/models/media/materials/scripts
[1.034s] creating /home/ar0ck/ros2_ws_t3003/src/puzzlebot_gazebo/install/puzzlebot_gazebo/share/puzzlebot_gazebo/models/media/materials/textures
[1.034s] copying models/media/materials/textures/puzzlebot_wood_7.png -> /home/ar0ck/ros2_ws_t3003/src/puzzlebot_gazebo/install/puzzlebot_gazebo/share/puzzlebot_gazebo/models/media/materials/textures
[1.036s] copying models/media/materials/textures/nvidia_logo_white.jpg -> /home/ar0ck/ros2_ws_t3003/src/puzzlebot_gazebo/install/puzzlebot_gazebo/share/puzzlebot_gazebo/models/media/materials/textures
[1.037s] copying models/media/materials/textures/wood_floor.jpg -> /home/ar0ck/ros2_ws_t3003/src/puzzlebot_gazebo/install/puzzlebot_gazebo/share/puzzlebot_gazebo/models/media/materials/textures
[1.037s] copying models/media/materials/textures/puzzlebot_wood_6.png -> /home/ar0ck/ros2_ws_t3003/src/puzzlebot_gazebo/install/puzzlebot_gazebo/share/puzzlebot_gazebo/models/media/materials/textures
[1.038s] copying models/media/materials/textures/nvidia_hz_logo_white.jpg -> /home/ar0ck/ros2_ws_t3003/src/puzzlebot_gazebo/install/puzzlebot_gazebo/share/puzzlebot_gazebo/models/media/materials/textures
[1.038s] copying models/media/materials/textures/mcr2_goal_3.png -> /home/ar0ck/ros2_ws_t3003/src/puzzlebot_gazebo/install/puzzlebot_gazebo/share/puzzlebot_gazebo/models/media/materials/textures
[1.038s] copying models/media/materials/textures/puzzlebot_logo.png -> /home/ar0ck/ros2_ws_t3003/src/puzzlebot_gazebo/install/puzzlebot_gazebo/share/puzzlebot_gazebo/models/media/materials/textures
[1.039s] copying models/media/materials/textures/puzzlebot_logo_white.png -> /home/ar0ck/ros2_ws_t3003/src/puzzlebot_gazebo/install/puzzlebot_gazebo/share/puzzlebot_gazebo/models/media/materials/textures
[1.039s] copying models/media/materials/textures/mcr2_logo_black.png -> /home/ar0ck/ros2_ws_t3003/src/puzzlebot_gazebo/install/puzzlebot_gazebo/share/puzzlebot_gazebo/models/media/materials/textures
[1.039s] copying models/media/materials/textures/puzzlebot_wood_5.png -> /home/ar0ck/ros2_ws_t3003/src/puzzlebot_gazebo/install/puzzlebot_gazebo/share/puzzlebot_gazebo/models/media/materials/textures
[1.042s] copying models/media/materials/textures/puzzlebot_wood_4.png -> /home/ar0ck/ros2_ws_t3003/src/puzzlebot_gazebo/install/puzzlebot_gazebo/share/puzzlebot_gazebo/models/media/materials/textures
[1.044s] copying models/media/materials/textures/mcr2_goal_2.png -> /home/ar0ck/ros2_ws_t3003/src/puzzlebot_gazebo/install/puzzlebot_gazebo/share/puzzlebot_gazebo/models/media/materials/textures
[1.044s] copying models/media/materials/textures/mcr2_goal_4.png -> /home/ar0ck/ros2_ws_t3003/src/puzzlebot_gazebo/install/puzzlebot_gazebo/share/puzzlebot_gazebo/models/media/materials/textures
[1.045s] copying models/media/materials/textures/nvidia_logo_b_w.jpg -> /home/ar0ck/ros2_ws_t3003/src/puzzlebot_gazebo/install/puzzlebot_gazebo/share/puzzlebot_gazebo/models/media/materials/textures
[1.045s] copying models/media/materials/textures/nvidia_logo_black.jpg -> /home/ar0ck/ros2_ws_t3003/src/puzzlebot_gazebo/install/puzzlebot_gazebo/share/puzzlebot_gazebo/models/media/materials/textures
[1.045s] copying models/media/materials/textures/mcr2_goal_5.png -> /home/ar0ck/ros2_ws_t3003/src/puzzlebot_gazebo/install/puzzlebot_gazebo/share/puzzlebot_gazebo/models/media/materials/textures
[1.045s] copying models/media/materials/textures/mcr2_logo_white.png -> /home/ar0ck/ros2_ws_t3003/src/puzzlebot_gazebo/install/puzzlebot_gazebo/share/puzzlebot_gazebo/models/media/materials/textures
[1.046s] copying models/media/materials/textures/mcr2_goal_1.png -> /home/ar0ck/ros2_ws_t3003/src/puzzlebot_gazebo/install/puzzlebot_gazebo/share/puzzlebot_gazebo/models/media/materials/textures
[1.046s] copying models/media/materials/textures/mcr2_banner.png -> /home/ar0ck/ros2_ws_t3003/src/puzzlebot_gazebo/install/puzzlebot_gazebo/share/puzzlebot_gazebo/models/media/materials/textures
[1.046s] creating /home/ar0ck/ros2_ws_t3003/src/puzzlebot_gazebo/install/puzzlebot_gazebo/share/puzzlebot_gazebo/models/media/materials/textures/aruco_markers
[1.046s] copying models/media/materials/textures/aruco_markers/marker1.png -> /home/ar0ck/ros2_ws_t3003/src/puzzlebot_gazebo/install/puzzlebot_gazebo/share/puzzlebot_gazebo/models/media/materials/textures/aruco_markers
[1.046s] copying models/media/materials/textures/aruco_markers/marker0.png -> /home/ar0ck/ros2_ws_t3003/src/puzzlebot_gazebo/install/puzzlebot_gazebo/share/puzzlebot_gazebo/models/media/materials/textures/aruco_markers
[1.046s] copying models/media/materials/textures/aruco_markers/marker4.png -> /home/ar0ck/ros2_ws_t3003/src/puzzlebot_gazebo/install/puzzlebot_gazebo/share/puzzlebot_gazebo/models/media/materials/textures/aruco_markers
[1.047s] copying models/media/materials/textures/aruco_markers/marker5.png -> /home/ar0ck/ros2_ws_t3003/src/puzzlebot_gazebo/install/puzzlebot_gazebo/share/puzzlebot_gazebo/models/media/materials/textures/aruco_markers
[1.047s] copying models/media/materials/textures/aruco_markers/marker2.png -> /home/ar0ck/ros2_ws_t3003/src/puzzlebot_gazebo/install/puzzlebot_gazebo/share/puzzlebot_gazebo/models/media/materials/textures/aruco_markers
[1.047s] copying models/media/materials/textures/aruco_markers/marker3.png -> /home/ar0ck/ros2_ws_t3003/src/puzzlebot_gazebo/install/puzzlebot_gazebo/share/puzzlebot_gazebo/models/media/materials/textures/aruco_markers
[1.047s] creating /home/ar0ck/ros2_ws_t3003/src/puzzlebot_gazebo/install/puzzlebot_gazebo/share/puzzlebot_gazebo/models/goal_marker_2
[1.047s] copying models/goal_marker_2/model.config -> /home/ar0ck/ros2_ws_t3003/src/puzzlebot_gazebo/install/puzzlebot_gazebo/share/puzzlebot_gazebo/models/goal_marker_2
[1.047s] copying models/goal_marker_2/model.sdf -> /home/ar0ck/ros2_ws_t3003/src/puzzlebot_gazebo/install/puzzlebot_gazebo/share/puzzlebot_gazebo/models/goal_marker_2
[1.047s] creating /home/ar0ck/ros2_ws_t3003/src/puzzlebot_gazebo/install/puzzlebot_gazebo/share/puzzlebot_gazebo/models/goal_marker_2/materials
[1.047s] creating /home/ar0ck/ros2_ws_t3003/src/puzzlebot_gazebo/install/puzzlebot_gazebo/share/puzzlebot_gazebo/models/goal_marker_2/materials/textures
[1.047s] copying models/goal_marker_2/materials/textures/mcr2_goal_2.png -> /home/ar0ck/ros2_ws_t3003/src/puzzlebot_gazebo/install/puzzlebot_gazebo/share/puzzlebot_gazebo/models/goal_marker_2/materials/textures
[1.048s] creating /home/ar0ck/ros2_ws_t3003/src/puzzlebot_gazebo/install/puzzlebot_gazebo/share/puzzlebot_gazebo/models/goal_marker_3
[1.048s] copying models/goal_marker_3/model.config -> /home/ar0ck/ros2_ws_t3003/src/puzzlebot_gazebo/install/puzzlebot_gazebo/share/puzzlebot_gazebo/models/goal_marker_3
[1.048s] copying models/goal_marker_3/model.sdf -> /home/ar0ck/ros2_ws_t3003/src/puzzlebot_gazebo/install/puzzlebot_gazebo/share/puzzlebot_gazebo/models/goal_marker_3
[1.048s] creating /home/ar0ck/ros2_ws_t3003/src/puzzlebot_gazebo/install/puzzlebot_gazebo/share/puzzlebot_gazebo/models/goal_marker_3/materials
[1.048s] creating /home/ar0ck/ros2_ws_t3003/src/puzzlebot_gazebo/install/puzzlebot_gazebo/share/puzzlebot_gazebo/models/goal_marker_3/materials/textures
[1.048s] copying models/goal_marker_3/materials/textures/mcr2_goal_3.png -> /home/ar0ck/ros2_ws_t3003/src/puzzlebot_gazebo/install/puzzlebot_gazebo/share/puzzlebot_gazebo/models/goal_marker_3/materials/textures
[1.048s] creating /home/ar0ck/ros2_ws_t3003/src/puzzlebot_gazebo/install/puzzlebot_gazebo/share/puzzlebot_gazebo/models/world_wall
[1.048s] copying models/world_wall/model.config -> /home/ar0ck/ros2_ws_t3003/src/puzzlebot_gazebo/install/puzzlebot_gazebo/share/puzzlebot_gazebo/models/world_wall
[1.048s] copying models/world_wall/model.sdf -> /home/ar0ck/ros2_ws_t3003/src/puzzlebot_gazebo/install/puzzlebot_gazebo/share/puzzlebot_gazebo/models/world_wall
[1.049s] creating /home/ar0ck/ros2_ws_t3003/src/puzzlebot_gazebo/install/puzzlebot_gazebo/share/puzzlebot_gazebo/models/world_wall/meshes
[1.049s] copying models/world_wall/meshes/wood_floor.jpg -> /home/ar0ck/ros2_ws_t3003/src/puzzlebot_gazebo/install/puzzlebot_gazebo/share/puzzlebot_gazebo/models/world_wall/meshes
[1.049s] copying models/world_wall/meshes/0032-512x512.jpg -> /home/ar0ck/ros2_ws_t3003/src/puzzlebot_gazebo/install/puzzlebot_gazebo/share/puzzlebot_gazebo/models/world_wall/meshes
[1.049s] copying models/world_wall/meshes/world_wall1.dae -> /home/ar0ck/ros2_ws_t3003/src/puzzlebot_gazebo/install/puzzlebot_gazebo/share/puzzlebot_gazebo/models/world_wall/meshes
[1.050s] creating /home/ar0ck/ros2_ws_t3003/src/puzzlebot_gazebo/install/puzzlebot_gazebo/share/puzzlebot_gazebo/models/world_wall/materials
[1.050s] creating /home/ar0ck/ros2_ws_t3003/src/puzzlebot_gazebo/install/puzzlebot_gazebo/share/puzzlebot_gazebo/models/world_wall/materials/textures
[1.050s] copying models/world_wall/materials/textures/wood_floor.jpg -> /home/ar0ck/ros2_ws_t3003/src/puzzlebot_gazebo/install/puzzlebot_gazebo/share/puzzlebot_gazebo/models/world_wall/materials/textures
[1.050s] copying models/world_wall/materials/textures/0032-512x512.jpg -> /home/ar0ck/ros2_ws_t3003/src/puzzlebot_gazebo/install/puzzlebot_gazebo/share/puzzlebot_gazebo/models/world_wall/materials/textures
[1.050s] copying models/world_wall/materials/textures/MapAll.jpg -> /home/ar0ck/ros2_ws_t3003/src/puzzlebot_gazebo/install/puzzlebot_gazebo/share/puzzlebot_gazebo/models/world_wall/materials/textures
[1.052s] creating /home/ar0ck/ros2_ws_t3003/src/puzzlebot_gazebo/install/puzzlebot_gazebo/share/puzzlebot_gazebo/models/office_model
[1.052s] copying models/office_model/model.config -> /home/ar0ck/ros2_ws_t3003/src/puzzlebot_gazebo/install/puzzlebot_gazebo/share/puzzlebot_gazebo/models/office_model
[1.052s] copying models/office_model/model.sdf -> /home/ar0ck/ros2_ws_t3003/src/puzzlebot_gazebo/install/puzzlebot_gazebo/share/puzzlebot_gazebo/models/office_model
[1.052s] creating /home/ar0ck/ros2_ws_t3003/src/puzzlebot_gazebo/install/puzzlebot_gazebo/share/puzzlebot_gazebo/models/aruco_marker_0
[1.052s] copying models/aruco_marker_0/model.config -> /home/ar0ck/ros2_ws_t3003/src/puzzlebot_gazebo/install/puzzlebot_gazebo/share/puzzlebot_gazebo/models/aruco_marker_0
[1.052s] copying models/aruco_marker_0/model.sdf -> /home/ar0ck/ros2_ws_t3003/src/puzzlebot_gazebo/install/puzzlebot_gazebo/share/puzzlebot_gazebo/models/aruco_marker_0
[1.052s] creating /home/ar0ck/ros2_ws_t3003/src/puzzlebot_gazebo/install/puzzlebot_gazebo/share/puzzlebot_gazebo/models/aruco_marker_0/materials
[1.053s] creating /home/ar0ck/ros2_ws_t3003/src/puzzlebot_gazebo/install/puzzlebot_gazebo/share/puzzlebot_gazebo/models/aruco_marker_0/materials/textures
[1.053s] copying models/aruco_marker_0/materials/textures/marker0.png -> /home/ar0ck/ros2_ws_t3003/src/puzzlebot_gazebo/install/puzzlebot_gazebo/share/puzzlebot_gazebo/models/aruco_marker_0/materials/textures
[1.053s] creating /home/ar0ck/ros2_ws_t3003/src/puzzlebot_gazebo/install/puzzlebot_gazebo/share/puzzlebot_gazebo/models/puzzlebot
[1.053s] copying models/puzzlebot/model.config -> /home/ar0ck/ros2_ws_t3003/src/puzzlebot_gazebo/install/puzzlebot_gazebo/share/puzzlebot_gazebo/models/puzzlebot
[1.053s] copying models/puzzlebot/model.sdf -> /home/ar0ck/ros2_ws_t3003/src/puzzlebot_gazebo/install/puzzlebot_gazebo/share/puzzlebot_gazebo/models/puzzlebot
[1.053s] creating /home/ar0ck/ros2_ws_t3003/src/puzzlebot_gazebo/install/puzzlebot_gazebo/share/puzzlebot_gazebo/models/puzzlebot/meshes
[1.053s] copying models/puzzlebot/meshes/wheel.stl -> /home/ar0ck/ros2_ws_t3003/src/puzzlebot_gazebo/install/puzzlebot_gazebo/share/puzzlebot_gazebo/models/puzzlebot/meshes
[1.054s] copying models/puzzlebot/meshes/box9_12.blend -> /home/ar0ck/ros2_ws_t3003/src/puzzlebot_gazebo/install/puzzlebot_gazebo/share/puzzlebot_gazebo/models/puzzlebot/meshes
[1.055s] copying models/puzzlebot/meshes/box1_4.blend1 -> /home/ar0ck/ros2_ws_t3003/src/puzzlebot_gazebo/install/puzzlebot_gazebo/share/puzzlebot_gazebo/models/puzzlebot/meshes
[1.056s] copying models/puzzlebot/meshes/box1-5.blend -> /home/ar0ck/ros2_ws_t3003/src/puzzlebot_gazebo/install/puzzlebot_gazebo/share/puzzlebot_gazebo/models/puzzlebot/meshes
[1.057s] copying models/puzzlebot/meshes/box13_16.blend -> /home/ar0ck/ros2_ws_t3003/src/puzzlebot_gazebo/install/puzzlebot_gazebo/share/puzzlebot_gazebo/models/puzzlebot/meshes
[1.058s] copying models/puzzlebot/meshes/chassis1.dae -> /home/ar0ck/ros2_ws_t3003/src/puzzlebot_gazebo/install/puzzlebot_gazebo/share/puzzlebot_gazebo/models/puzzlebot/meshes
[1.073s] copying models/puzzlebot/meshes/world_wall1.blend1 -> /home/ar0ck/ros2_ws_t3003/src/puzzlebot_gazebo/install/puzzlebot_gazebo/share/puzzlebot_gazebo/models/puzzlebot/meshes
[1.074s] copying models/puzzlebot/meshes/wheel.blend1 -> /home/ar0ck/ros2_ws_t3003/src/puzzlebot_gazebo/install/puzzlebot_gazebo/share/puzzlebot_gazebo/models/puzzlebot/meshes
[1.076s] copying models/puzzlebot/meshes/camera.stl -> /home/ar0ck/ros2_ws_t3003/src/puzzlebot_gazebo/install/puzzlebot_gazebo/share/puzzlebot_gazebo/models/puzzlebot/meshes
[1.077s] copying models/puzzlebot/meshes/box5_8.blend1 -> /home/ar0ck/ros2_ws_t3003/src/puzzlebot_gazebo/install/puzzlebot_gazebo/share/puzzlebot_gazebo/models/puzzlebot/meshes
[1.079s] copying models/puzzlebot/meshes/box5_8.blend -> /home/ar0ck/ros2_ws_t3003/src/puzzlebot_gazebo/install/puzzlebot_gazebo/share/puzzlebot_gazebo/models/puzzlebot/meshes
[1.080s] copying models/puzzlebot/meshes/chassis1.blend -> /home/ar0ck/ros2_ws_t3003/src/puzzlebot_gazebo/install/puzzlebot_gazebo/share/puzzlebot_gazebo/models/puzzlebot/meshes
[1.097s] copying models/puzzlebot/meshes/chassis.stl -> /home/ar0ck/ros2_ws_t3003/src/puzzlebot_gazebo/install/puzzlebot_gazebo/share/puzzlebot_gazebo/models/puzzlebot/meshes
[1.109s] copying models/puzzlebot/meshes/wheel.blend -> /home/ar0ck/ros2_ws_t3003/src/puzzlebot_gazebo/install/puzzlebot_gazebo/share/puzzlebot_gazebo/models/puzzlebot/meshes
[1.111s] copying models/puzzlebot/meshes/world_wall1.blend -> /home/ar0ck/ros2_ws_t3003/src/puzzlebot_gazebo/install/puzzlebot_gazebo/share/puzzlebot_gazebo/models/puzzlebot/meshes
[1.112s] copying models/puzzlebot/meshes/chassis1.blend1 -> /home/ar0ck/ros2_ws_t3003/src/puzzlebot_gazebo/install/puzzlebot_gazebo/share/puzzlebot_gazebo/models/puzzlebot/meshes
[1.131s] copying models/puzzlebot/meshes/wheel.dae -> /home/ar0ck/ros2_ws_t3003/src/puzzlebot_gazebo/install/puzzlebot_gazebo/share/puzzlebot_gazebo/models/puzzlebot/meshes
[1.132s] creating /home/ar0ck/ros2_ws_t3003/src/puzzlebot_gazebo/install/puzzlebot_gazebo/share/puzzlebot_gazebo/models/aruco002_cv
[1.132s] copying models/aruco002_cv/model.config -> /home/ar0ck/ros2_ws_t3003/src/puzzlebot_gazebo/install/puzzlebot_gazebo/share/puzzlebot_gazebo/models/aruco002_cv
[1.132s] copying models/aruco002_cv/model.sdf -> /home/ar0ck/ros2_ws_t3003/src/puzzlebot_gazebo/install/puzzlebot_gazebo/share/puzzlebot_gazebo/models/aruco002_cv
[1.132s] creating /home/ar0ck/ros2_ws_t3003/src/puzzlebot_gazebo/install/puzzlebot_gazebo/share/puzzlebot_gazebo/models/aruco002_cv/meshes
[1.132s] copying models/aruco002_cv/meshes/aruco002.dae -> /home/ar0ck/ros2_ws_t3003/src/puzzlebot_gazebo/install/puzzlebot_gazebo/share/puzzlebot_gazebo/models/aruco002_cv/meshes
[1.133s] creating /home/ar0ck/ros2_ws_t3003/src/puzzlebot_gazebo/install/puzzlebot_gazebo/share/puzzlebot_gazebo/models/aruco002_cv/materials
[1.133s] creating /home/ar0ck/ros2_ws_t3003/src/puzzlebot_gazebo/install/puzzlebot_gazebo/share/puzzlebot_gazebo/models/aruco002_cv/materials/textures
[1.133s] copying models/aruco002_cv/materials/textures/4x4_50_002.png -> /home/ar0ck/ros2_ws_t3003/src/puzzlebot_gazebo/install/puzzlebot_gazebo/share/puzzlebot_gazebo/models/aruco002_cv/materials/textures
[1.133s] creating /home/ar0ck/ros2_ws_t3003/src/puzzlebot_gazebo/install/puzzlebot_gazebo/share/puzzlebot_gazebo/models/empty
[1.133s] copying models/empty/model.config -> /home/ar0ck/ros2_ws_t3003/src/puzzlebot_gazebo/install/puzzlebot_gazebo/share/puzzlebot_gazebo/models/empty
[1.133s] copying models/empty/model.sdf -> /home/ar0ck/ros2_ws_t3003/src/puzzlebot_gazebo/install/puzzlebot_gazebo/share/puzzlebot_gazebo/models/empty
[1.133s] creating /home/ar0ck/ros2_ws_t3003/src/puzzlebot_gazebo/install/puzzlebot_gazebo/share/puzzlebot_gazebo/models/aruco001_cv
[1.133s] copying models/aruco001_cv/model.config -> /home/ar0ck/ros2_ws_t3003/src/puzzlebot_gazebo/install/puzzlebot_gazebo/share/puzzlebot_gazebo/models/aruco001_cv
[1.133s] copying models/aruco001_cv/model.sdf -> /home/ar0ck/ros2_ws_t3003/src/puzzlebot_gazebo/install/puzzlebot_gazebo/share/puzzlebot_gazebo/models/aruco001_cv
[1.134s] creating /home/ar0ck/ros2_ws_t3003/src/puzzlebot_gazebo/install/puzzlebot_gazebo/share/puzzlebot_gazebo/models/aruco001_cv/meshes
[1.134s] copying models/aruco001_cv/meshes/aruco001.dae -> /home/ar0ck/ros2_ws_t3003/src/puzzlebot_gazebo/install/puzzlebot_gazebo/share/puzzlebot_gazebo/models/aruco001_cv/meshes
[1.134s] creating /home/ar0ck/ros2_ws_t3003/src/puzzlebot_gazebo/install/puzzlebot_gazebo/share/puzzlebot_gazebo/models/aruco001_cv/materials
[1.134s] creating /home/ar0ck/ros2_ws_t3003/src/puzzlebot_gazebo/install/puzzlebot_gazebo/share/puzzlebot_gazebo/models/aruco001_cv/materials/textures
[1.134s] copying models/aruco001_cv/materials/textures/4x4_50_001.png -> /home/ar0ck/ros2_ws_t3003/src/puzzlebot_gazebo/install/puzzlebot_gazebo/share/puzzlebot_gazebo/models/aruco001_cv/materials/textures
[1.134s] creating /home/ar0ck/ros2_ws_t3003/src/puzzlebot_gazebo/install/puzzlebot_gazebo/share/puzzlebot_gazebo/models/yellow_colored_box
[1.134s] copying models/yellow_colored_box/model.config -> /home/ar0ck/ros2_ws_t3003/src/puzzlebot_gazebo/install/puzzlebot_gazebo/share/puzzlebot_gazebo/models/yellow_colored_box
[1.134s] copying models/yellow_colored_box/model.sdf -> /home/ar0ck/ros2_ws_t3003/src/puzzlebot_gazebo/install/puzzlebot_gazebo/share/puzzlebot_gazebo/models/yellow_colored_box
[1.135s] creating /home/ar0ck/ros2_ws_t3003/src/puzzlebot_gazebo/install/puzzlebot_gazebo/share/puzzlebot_gazebo/models/aruco001
[1.135s] copying models/aruco001/model.config -> /home/ar0ck/ros2_ws_t3003/src/puzzlebot_gazebo/install/puzzlebot_gazebo/share/puzzlebot_gazebo/models/aruco001
[1.135s] copying models/aruco001/model.sdf -> /home/ar0ck/ros2_ws_t3003/src/puzzlebot_gazebo/install/puzzlebot_gazebo/share/puzzlebot_gazebo/models/aruco001
[1.135s] creating /home/ar0ck/ros2_ws_t3003/src/puzzlebot_gazebo/install/puzzlebot_gazebo/share/puzzlebot_gazebo/models/aruco001/meshes
[1.135s] copying models/aruco001/meshes/aruco001.dae -> /home/ar0ck/ros2_ws_t3003/src/puzzlebot_gazebo/install/puzzlebot_gazebo/share/puzzlebot_gazebo/models/aruco001/meshes
[1.135s] creating /home/ar0ck/ros2_ws_t3003/src/puzzlebot_gazebo/install/puzzlebot_gazebo/share/puzzlebot_gazebo/models/aruco001/materials
[1.135s] creating /home/ar0ck/ros2_ws_t3003/src/puzzlebot_gazebo/install/puzzlebot_gazebo/share/puzzlebot_gazebo/models/aruco001/materials/textures
[1.135s] copying models/aruco001/materials/textures/16h3_001.png -> /home/ar0ck/ros2_ws_t3003/src/puzzlebot_gazebo/install/puzzlebot_gazebo/share/puzzlebot_gazebo/models/aruco001/materials/textures
[1.135s] creating /home/ar0ck/ros2_ws_t3003/src/puzzlebot_gazebo/install/puzzlebot_gazebo/share/puzzlebot_gazebo/models/goal_marker_4
[1.135s] copying models/goal_marker_4/model.config -> /home/ar0ck/ros2_ws_t3003/src/puzzlebot_gazebo/install/puzzlebot_gazebo/share/puzzlebot_gazebo/models/goal_marker_4
[1.135s] copying models/goal_marker_4/model.sdf -> /home/ar0ck/ros2_ws_t3003/src/puzzlebot_gazebo/install/puzzlebot_gazebo/share/puzzlebot_gazebo/models/goal_marker_4
[1.135s] creating /home/ar0ck/ros2_ws_t3003/src/puzzlebot_gazebo/install/puzzlebot_gazebo/share/puzzlebot_gazebo/models/goal_marker_4/materials
[1.136s] creating /home/ar0ck/ros2_ws_t3003/src/puzzlebot_gazebo/install/puzzlebot_gazebo/share/puzzlebot_gazebo/models/goal_marker_4/materials/textures
[1.136s] copying models/goal_marker_4/materials/textures/mcr2_goal_4.png -> /home/ar0ck/ros2_ws_t3003/src/puzzlebot_gazebo/install/puzzlebot_gazebo/share/puzzlebot_gazebo/models/goal_marker_4/materials/textures
[1.136s] creating /home/ar0ck/ros2_ws_t3003/src/puzzlebot_gazebo/install/puzzlebot_gazebo/share/puzzlebot_gazebo/models/avoidance_world_3
[1.136s] copying models/avoidance_world_3/model.config -> /home/ar0ck/ros2_ws_t3003/src/puzzlebot_gazebo/install/puzzlebot_gazebo/share/puzzlebot_gazebo/models/avoidance_world_3
[1.136s] copying models/avoidance_world_3/model.sdf -> /home/ar0ck/ros2_ws_t3003/src/puzzlebot_gazebo/install/puzzlebot_gazebo/share/puzzlebot_gazebo/models/avoidance_world_3
[1.136s] creating /home/ar0ck/ros2_ws_t3003/src/puzzlebot_gazebo/install/puzzlebot_gazebo/share/puzzlebot_gazebo/models/aruco_marker_4
[1.136s] copying models/aruco_marker_4/model.config -> /home/ar0ck/ros2_ws_t3003/src/puzzlebot_gazebo/install/puzzlebot_gazebo/share/puzzlebot_gazebo/models/aruco_marker_4
[1.136s] copying models/aruco_marker_4/model.sdf -> /home/ar0ck/ros2_ws_t3003/src/puzzlebot_gazebo/install/puzzlebot_gazebo/share/puzzlebot_gazebo/models/aruco_marker_4
[1.136s] creating /home/ar0ck/ros2_ws_t3003/src/puzzlebot_gazebo/install/puzzlebot_gazebo/share/puzzlebot_gazebo/models/aruco_marker_4/materials
[1.136s] creating /home/ar0ck/ros2_ws_t3003/src/puzzlebot_gazebo/install/puzzlebot_gazebo/share/puzzlebot_gazebo/models/aruco_marker_4/materials/textures
[1.136s] copying models/aruco_marker_4/materials/textures/marker4.png -> /home/ar0ck/ros2_ws_t3003/src/puzzlebot_gazebo/install/puzzlebot_gazebo/share/puzzlebot_gazebo/models/aruco_marker_4/materials/textures
[1.137s] creating /home/ar0ck/ros2_ws_t3003/src/puzzlebot_gazebo/install/puzzlebot_gazebo/share/puzzlebot_gazebo/models/aruco_marker_3
[1.137s] copying models/aruco_marker_3/model.config -> /home/ar0ck/ros2_ws_t3003/src/puzzlebot_gazebo/install/puzzlebot_gazebo/share/puzzlebot_gazebo/models/aruco_marker_3
[1.137s] copying models/aruco_marker_3/model.sdf -> /home/ar0ck/ros2_ws_t3003/src/puzzlebot_gazebo/install/puzzlebot_gazebo/share/puzzlebot_gazebo/models/aruco_marker_3
[1.137s] creating /home/ar0ck/ros2_ws_t3003/src/puzzlebot_gazebo/install/puzzlebot_gazebo/share/puzzlebot_gazebo/models/aruco_marker_3/materials
[1.137s] creating /home/ar0ck/ros2_ws_t3003/src/puzzlebot_gazebo/install/puzzlebot_gazebo/share/puzzlebot_gazebo/models/aruco_marker_3/materials/textures
[1.137s] copying models/aruco_marker_3/materials/textures/marker3.png -> /home/ar0ck/ros2_ws_t3003/src/puzzlebot_gazebo/install/puzzlebot_gazebo/share/puzzlebot_gazebo/models/aruco_marker_3/materials/textures
[1.137s] creating /home/ar0ck/ros2_ws_t3003/src/puzzlebot_gazebo/install/puzzlebot_gazebo/share/puzzlebot_gazebo/worlds
[1.137s] copying worlds/puzzlebot_arena.world -> /home/ar0ck/ros2_ws_t3003/src/puzzlebot_gazebo/install/puzzlebot_gazebo/share/puzzlebot_gazebo/worlds
[1.137s] copying worlds/obstacle_avoidance_2.world -> /home/ar0ck/ros2_ws_t3003/src/puzzlebot_gazebo/install/puzzlebot_gazebo/share/puzzlebot_gazebo/worlds
[1.137s] copying worlds/obstacle_avoidance_4.world -> /home/ar0ck/ros2_ws_t3003/src/puzzlebot_gazebo/install/puzzlebot_gazebo/share/puzzlebot_gazebo/worlds
[1.138s] copying worlds/puzzlebot_aruco_markers.world -> /home/ar0ck/ros2_ws_t3003/src/puzzlebot_gazebo/install/puzzlebot_gazebo/share/puzzlebot_gazebo/worlds
[1.138s] copying worlds/world_aruco_cv.sdf -> /home/ar0ck/ros2_ws_t3003/src/puzzlebot_gazebo/install/puzzlebot_gazebo/share/puzzlebot_gazebo/worlds
[1.138s] copying worlds/empty.world -> /home/ar0ck/ros2_ws_t3003/src/puzzlebot_gazebo/install/puzzlebot_gazebo/share/puzzlebot_gazebo/worlds
[1.138s] copying worlds/puzzlebot_world.world -> /home/ar0ck/ros2_ws_t3003/src/puzzlebot_gazebo/install/puzzlebot_gazebo/share/puzzlebot_gazebo/worlds
[1.138s] copying worlds/office.world -> /home/ar0ck/ros2_ws_t3003/src/puzzlebot_gazebo/install/puzzlebot_gazebo/share/puzzlebot_gazebo/worlds
[1.138s] copying worlds/world_aruco_mip.sdf -> /home/ar0ck/ros2_ws_t3003/src/puzzlebot_gazebo/install/puzzlebot_gazebo/share/puzzlebot_gazebo/worlds
[1.139s] copying worlds/puzzlebot_arena_markers.world -> /home/ar0ck/ros2_ws_t3003/src/puzzlebot_gazebo/install/puzzlebot_gazebo/share/puzzlebot_gazebo/worlds
[1.139s] copying worlds/world_box.sdf -> /home/ar0ck/ros2_ws_t3003/src/puzzlebot_gazebo/install/puzzlebot_gazebo/share/puzzlebot_gazebo/worlds
[1.139s] copying worlds/obstacle_avoidance_3.world -> /home/ar0ck/ros2_ws_t3003/src/puzzlebot_gazebo/install/puzzlebot_gazebo/share/puzzlebot_gazebo/worlds
[1.139s] copying worlds/obstacle_avoidance_1.world -> /home/ar0ck/ros2_ws_t3003/src/puzzlebot_gazebo/install/puzzlebot_gazebo/share/puzzlebot_gazebo/worlds
[1.139s] copying worlds/world_empty.sdf -> /home/ar0ck/ros2_ws_t3003/src/puzzlebot_gazebo/install/puzzlebot_gazebo/share/puzzlebot_gazebo/worlds
[1.139s] copying worlds/puzzlebot_track.world -> /home/ar0ck/ros2_ws_t3003/src/puzzlebot_gazebo/install/puzzlebot_gazebo/share/puzzlebot_gazebo/worlds
[1.140s] creating /home/ar0ck/ros2_ws_t3003/src/puzzlebot_gazebo/install/puzzlebot_gazebo/share/puzzlebot_gazebo/worlds/office_2
[1.140s] copying worlds/office_2/model.config -> /home/ar0ck/ros2_ws_t3003/src/puzzlebot_gazebo/install/puzzlebot_gazebo/share/puzzlebot_gazebo/worlds/office_2
[1.140s] copying worlds/office_2/model.sdf -> /home/ar0ck/ros2_ws_t3003/src/puzzlebot_gazebo/install/puzzlebot_gazebo/share/puzzlebot_gazebo/worlds/office_2
[1.140s] creating /home/ar0ck/ros2_ws_t3003/src/puzzlebot_gazebo/install/puzzlebot_gazebo/share/puzzlebot_gazebo/plugins
[1.140s] copying plugins/libDiffDynamicPlugin.so -> /home/ar0ck/ros2_ws_t3003/src/puzzlebot_gazebo/install/puzzlebot_gazebo/share/puzzlebot_gazebo/plugins
[1.143s] running install_egg_info
[1.153s] Copying build/puzzlebot_gazebo/puzzlebot_gazebo.egg-info to /home/ar0ck/ros2_ws_t3003/src/puzzlebot_gazebo/install/puzzlebot_gazebo/lib/python3.10/site-packages/puzzlebot_gazebo-0.0.0-py3.10.egg-info
[1.153s] running install_scripts
[1.224s] Installing puzzlebot_gazebo script to /home/ar0ck/ros2_ws_t3003/src/puzzlebot_gazebo/install/puzzlebot_gazebo/lib/puzzlebot_gazebo
[1.224s] writing list of installed files to '/home/ar0ck/ros2_ws_t3003/src/puzzlebot_gazebo/build/puzzlebot_gazebo/install.log'
[1.242s] Invoked command in '/home/ar0ck/ros2_ws_t3003/src/puzzlebot_gazebo' returned '0': PYTHONPATH=/home/ar0ck/ros2_ws_t3003/src/puzzlebot_gazebo/build/puzzlebot_gazebo/prefix_override:/usr/lib/python3/dist-packages/colcon_core/task/python/colcon_distutils_commands:/home/ar0ck/ros2_ws_t3003/src/puzzlebot_gazebo/install/puzzlebot_gazebo/lib/python3.10/site-packages:${PYTHONPATH} /usr/bin/python3 -W ignore:setup.py install is deprecated -W ignore:easy_install command is deprecated setup.py egg_info --egg-base build/puzzlebot_gazebo build --build-base /home/ar0ck/ros2_ws_t3003/src/puzzlebot_gazebo/build/puzzlebot_gazebo/build install --record /home/ar0ck/ros2_ws_t3003/src/puzzlebot_gazebo/build/puzzlebot_gazebo/install.log --single-version-externally-managed install_data
