[0.083s] DEBUG:colcon:Command line arguments: ['/usr/bin/colcon', 'build']
[0.083s] DEBUG:colcon:Parsed command line arguments: Namespace(log_base=None, log_level=None, verb_name='build', build_base='build', install_base='install', merge_install=False, symlink_install=False, test_result_base=None, continue_on_error=False, executor='parallel', parallel_workers=16, event_handlers=None, ignore_user_meta=False, metas=['./colcon.meta'], base_paths=['.'], packages_ignore=None, packages_ignore_regex=None, paths=None, packages_up_to=None, packages_up_to_regex=None, packages_above=None, packages_above_and_dependencies=None, packages_above_depth=None, packages_select_by_dep=None, packages_skip_by_dep=None, packages_skip_up_to=None, packages_select_build_failed=False, packages_skip_build_finished=False, packages_select_test_failures=False, packages_skip_test_passed=False, packages_select=None, packages_skip=None, packages_select_regex=None, packages_skip_regex=None, packages_start=None, packages_end=None, allow_overriding=[], cmake_args=None, cmake_target=None, cmake_target_skip_unavailable=False, cmake_clean_cache=False, cmake_clean_first=False, cmake_force_configure=False, ament_cmake_args=None, catkin_cmake_args=None, catkin_skip_building_tests=False, verb_parser=<colcon_defaults.argument_parser.defaults.DefaultArgumentsDecorator object at 0x76090171b7c0>, verb_extension=<colcon_core.verb.build.BuildVerb object at 0x760901801360>, main=<bound method BuildVerb.main of <colcon_core.verb.build.BuildVerb object at 0x760901801360>>)
[0.112s] Level 1:colcon.colcon_core.package_discovery:discover_packages(colcon_meta) check parameters
[0.112s] Level 1:colcon.colcon_core.package_discovery:discover_packages(recursive) check parameters
[0.112s] Level 1:colcon.colcon_core.package_discovery:discover_packages(ignore) check parameters
[0.112s] Level 1:colcon.colcon_core.package_discovery:discover_packages(path) check parameters
[0.112s] Level 1:colcon.colcon_core.package_discovery:discover_packages(colcon_meta) discover
[0.112s] Level 1:colcon.colcon_core.package_discovery:discover_packages(recursive) discover
[0.112s] INFO:colcon.colcon_core.package_discovery:Crawling recursively for packages in '/home/ar0ck/TE3003B_Retos'
[0.112s] Level 1:colcon.colcon_core.package_identification:_identify(.) by extensions ['ignore', 'ignore_ament_install']
[0.112s] Level 1:colcon.colcon_core.package_identification:_identify(.) by extension 'ignore'
[0.112s] Level 1:colcon.colcon_core.package_identification:_identify(.) by extension 'ignore_ament_install'
[0.112s] Level 1:colcon.colcon_core.package_identification:_identify(.) by extensions ['colcon_pkg']
[0.112s] Level 1:colcon.colcon_core.package_identification:_identify(.) by extension 'colcon_pkg'
[0.112s] Level 1:colcon.colcon_core.package_identification:_identify(.) by extensions ['colcon_meta']
[0.112s] Level 1:colcon.colcon_core.package_identification:_identify(.) by extension 'colcon_meta'
[0.113s] Level 1:colcon.colcon_core.package_identification:_identify(.) by extensions ['ros']
[0.113s] Level 1:colcon.colcon_core.package_identification:_identify(.) by extension 'ros'
[0.126s] DEBUG:colcon.colcon_core.package_identification:Package '.' with type 'ros.ament_python' and name 'reto_sem_5'
[0.126s] Level 1:colcon.colcon_core.package_discovery:discover_packages(recursive) using defaults
[0.126s] Level 1:colcon.colcon_core.package_discovery:discover_packages(ignore) discover
[0.126s] Level 1:colcon.colcon_core.package_discovery:discover_packages(ignore) using defaults
[0.126s] Level 1:colcon.colcon_core.package_discovery:discover_packages(path) discover
[0.126s] Level 1:colcon.colcon_core.package_discovery:discover_packages(path) using defaults
[0.141s] Level 1:colcon.colcon_core.package_discovery:discover_packages(prefix_path) check parameters
[0.141s] Level 1:colcon.colcon_core.package_discovery:discover_packages(prefix_path) discover
[0.143s] DEBUG:colcon.colcon_installed_package_information.package_discovery:Found 2 installed packages in /home/ar0ck/TE3003B_Retos/install
[0.144s] DEBUG:colcon.colcon_installed_package_information.package_discovery:Found 284 installed packages in /opt/ros/humble
[0.145s] Level 1:colcon.colcon_core.package_discovery:discover_packages(prefix_path) using defaults
[0.173s] Level 5:colcon.colcon_core.verb:set package 'reto_sem_5' build argument 'cmake_args' from command line to 'None'
[0.173s] Level 5:colcon.colcon_core.verb:set package 'reto_sem_5' build argument 'cmake_target' from command line to 'None'
[0.173s] Level 5:colcon.colcon_core.verb:set package 'reto_sem_5' build argument 'cmake_target_skip_unavailable' from command line to 'False'
[0.173s] Level 5:colcon.colcon_core.verb:set package 'reto_sem_5' build argument 'cmake_clean_cache' from command line to 'False'
[0.173s] Level 5:colcon.colcon_core.verb:set package 'reto_sem_5' build argument 'cmake_clean_first' from command line to 'False'
[0.173s] Level 5:colcon.colcon_core.verb:set package 'reto_sem_5' build argument 'cmake_force_configure' from command line to 'False'
[0.173s] Level 5:colcon.colcon_core.verb:set package 'reto_sem_5' build argument 'ament_cmake_args' from command line to 'None'
[0.173s] Level 5:colcon.colcon_core.verb:set package 'reto_sem_5' build argument 'catkin_cmake_args' from command line to 'None'
[0.173s] Level 5:colcon.colcon_core.verb:set package 'reto_sem_5' build argument 'catkin_skip_building_tests' from command line to 'False'
[0.173s] DEBUG:colcon.colcon_core.verb:Building package 'reto_sem_5' with the following arguments: {'ament_cmake_args': None, 'build_base': '/home/ar0ck/TE3003B_Retos/build/reto_sem_5', 'catkin_cmake_args': None, 'catkin_skip_building_tests': False, 'cmake_args': None, 'cmake_clean_cache': False, 'cmake_clean_first': False, 'cmake_force_configure': False, 'cmake_target': None, 'cmake_target_skip_unavailable': False, 'install_base': '/home/ar0ck/TE3003B_Retos/install/reto_sem_5', 'merge_install': False, 'path': '/home/ar0ck/TE3003B_Retos', 'symlink_install': False, 'test_result_base': None}
[0.173s] INFO:colcon.colcon_core.executor:Executing jobs using 'parallel' executor
[0.174s] DEBUG:colcon.colcon_parallel_executor.executor.parallel:run_until_complete
[0.175s] INFO:colcon.colcon_ros.task.ament_python.build:Building ROS package in '/home/ar0ck/TE3003B_Retos' with build type 'ament_python'
[0.175s] Level 1:colcon.colcon_core.shell:create_environment_hook('reto_sem_5', 'ament_prefix_path')
[0.176s] INFO:colcon.colcon_core.plugin_system:Skipping extension 'colcon_core.shell.bat': Not used on non-Windows systems
[0.176s] INFO:colcon.colcon_core.shell:Creating environment hook '/home/ar0ck/TE3003B_Retos/install/reto_sem_5/share/reto_sem_5/hook/ament_prefix_path.ps1'
[0.177s] INFO:colcon.colcon_core.shell:Creating environment descriptor '/home/ar0ck/TE3003B_Retos/install/reto_sem_5/share/reto_sem_5/hook/ament_prefix_path.dsv'
[0.177s] INFO:colcon.colcon_core.shell:Creating environment hook '/home/ar0ck/TE3003B_Retos/install/reto_sem_5/share/reto_sem_5/hook/ament_prefix_path.sh'
[0.178s] INFO:colcon.colcon_core.shell:Skip shell extension 'powershell' for command environment: Not usable outside of PowerShell
[0.178s] DEBUG:colcon.colcon_core.shell:Skip shell extension 'dsv' for command environment
[0.354s] INFO:colcon.colcon_core.task.python.build:Building Python package in '/home/ar0ck/TE3003B_Retos'
[0.354s] INFO:colcon.colcon_core.shell:Skip shell extension 'powershell' for command environment: Not usable outside of PowerShell
[0.354s] DEBUG:colcon.colcon_core.shell:Skip shell extension 'dsv' for command environment
[0.840s] DEBUG:colcon.colcon_core.event_handler.log_command:Invoking command in '/home/ar0ck/TE3003B_Retos': PYTHONPATH=/home/ar0ck/TE3003B_Retos/build/reto_sem_5/prefix_override:/usr/lib/python3/dist-packages/colcon_core/task/python/colcon_distutils_commands:/home/ar0ck/TE3003B_Retos/install/reto_sem_5/lib/python3.10/site-packages:${PYTHONPATH} /usr/bin/python3 -W ignore:setup.py install is deprecated -W ignore:easy_install command is deprecated setup.py egg_info --egg-base build/reto_sem_5 build --build-base /home/ar0ck/TE3003B_Retos/build/reto_sem_5/build install --record /home/ar0ck/TE3003B_Retos/build/reto_sem_5/install.log --single-version-externally-managed install_data
[1.163s] DEBUG:colcon.colcon_core.event_handler.log_command:Invoked command in '/home/ar0ck/TE3003B_Retos' returned '0': PYTHONPATH=/home/ar0ck/TE3003B_Retos/build/reto_sem_5/prefix_override:/usr/lib/python3/dist-packages/colcon_core/task/python/colcon_distutils_commands:/home/ar0ck/TE3003B_Retos/install/reto_sem_5/lib/python3.10/site-packages:${PYTHONPATH} /usr/bin/python3 -W ignore:setup.py install is deprecated -W ignore:easy_install command is deprecated setup.py egg_info --egg-base build/reto_sem_5 build --build-base /home/ar0ck/TE3003B_Retos/build/reto_sem_5/build install --record /home/ar0ck/TE3003B_Retos/build/reto_sem_5/install.log --single-version-externally-managed install_data
[1.165s] Level 1:colcon.colcon_core.environment:checking '/home/ar0ck/TE3003B_Retos/install/reto_sem_5' for CMake module files
[1.165s] Level 1:colcon.colcon_core.environment:checking '/home/ar0ck/TE3003B_Retos/install/reto_sem_5' for CMake config files
[1.165s] Level 1:colcon.colcon_core.environment:checking '/home/ar0ck/TE3003B_Retos/install/reto_sem_5/lib'
[1.165s] Level 1:colcon.colcon_core.environment:checking '/home/ar0ck/TE3003B_Retos/install/reto_sem_5/bin'
[1.165s] Level 1:colcon.colcon_core.environment:checking '/home/ar0ck/TE3003B_Retos/install/reto_sem_5/lib/pkgconfig/reto_sem_5.pc'
[1.166s] Level 1:colcon.colcon_core.environment:checking '/home/ar0ck/TE3003B_Retos/install/reto_sem_5/lib/python3.10/site-packages'
[1.166s] Level 1:colcon.colcon_core.shell:create_environment_hook('reto_sem_5', 'pythonpath')
[1.166s] INFO:colcon.colcon_core.shell:Creating environment hook '/home/ar0ck/TE3003B_Retos/install/reto_sem_5/share/reto_sem_5/hook/pythonpath.ps1'
[1.166s] INFO:colcon.colcon_core.shell:Creating environment descriptor '/home/ar0ck/TE3003B_Retos/install/reto_sem_5/share/reto_sem_5/hook/pythonpath.dsv'
[1.166s] INFO:colcon.colcon_core.shell:Creating environment hook '/home/ar0ck/TE3003B_Retos/install/reto_sem_5/share/reto_sem_5/hook/pythonpath.sh'
[1.167s] Level 1:colcon.colcon_core.environment:checking '/home/ar0ck/TE3003B_Retos/install/reto_sem_5/bin'
[1.167s] Level 1:colcon.colcon_core.environment:create_environment_scripts_only(reto_sem_5)
[1.167s] INFO:colcon.colcon_core.shell:Creating package script '/home/ar0ck/TE3003B_Retos/install/reto_sem_5/share/reto_sem_5/package.ps1'
[1.168s] INFO:colcon.colcon_core.shell:Creating package descriptor '/home/ar0ck/TE3003B_Retos/install/reto_sem_5/share/reto_sem_5/package.dsv'
[1.168s] INFO:colcon.colcon_core.shell:Creating package script '/home/ar0ck/TE3003B_Retos/install/reto_sem_5/share/reto_sem_5/package.sh'
[1.169s] INFO:colcon.colcon_core.shell:Creating package script '/home/ar0ck/TE3003B_Retos/install/reto_sem_5/share/reto_sem_5/package.bash'
[1.169s] INFO:colcon.colcon_core.shell:Creating package script '/home/ar0ck/TE3003B_Retos/install/reto_sem_5/share/reto_sem_5/package.zsh'
[1.169s] Level 1:colcon.colcon_core.environment:create_file_with_runtime_dependencies(/home/ar0ck/TE3003B_Retos/install/reto_sem_5/share/colcon-core/packages/reto_sem_5)
[1.169s] DEBUG:colcon.colcon_parallel_executor.executor.parallel:closing loop
[1.170s] DEBUG:colcon.colcon_parallel_executor.executor.parallel:loop closed
[1.170s] DEBUG:colcon.colcon_parallel_executor.executor.parallel:run_until_complete finished with '0'
[1.170s] DEBUG:colcon.colcon_core.event_reactor:joining thread
[1.173s] INFO:colcon.colcon_core.plugin_system:Skipping extension 'colcon_notification.desktop_notification.terminal_notifier': Not used on non-Darwin systems
[1.173s] INFO:colcon.colcon_core.plugin_system:Skipping extension 'colcon_notification.desktop_notification.win32': Not used on non-Windows systems
[1.173s] INFO:colcon.colcon_notification.desktop_notification:Sending desktop notification using 'notify2'
[1.182s] DEBUG:colcon.colcon_core.event_reactor:joined thread
[1.182s] INFO:colcon.colcon_core.shell:Creating prefix script '/home/ar0ck/TE3003B_Retos/install/local_setup.ps1'
[1.183s] INFO:colcon.colcon_core.shell:Creating prefix util module '/home/ar0ck/TE3003B_Retos/install/_local_setup_util_ps1.py'
[1.184s] INFO:colcon.colcon_core.shell:Creating prefix chain script '/home/ar0ck/TE3003B_Retos/install/setup.ps1'
[1.184s] INFO:colcon.colcon_core.shell:Creating prefix script '/home/ar0ck/TE3003B_Retos/install/local_setup.sh'
[1.185s] INFO:colcon.colcon_core.shell:Creating prefix util module '/home/ar0ck/TE3003B_Retos/install/_local_setup_util_sh.py'
[1.185s] INFO:colcon.colcon_core.shell:Creating prefix chain script '/home/ar0ck/TE3003B_Retos/install/setup.sh'
[1.185s] INFO:colcon.colcon_core.shell:Creating prefix script '/home/ar0ck/TE3003B_Retos/install/local_setup.bash'
[1.186s] INFO:colcon.colcon_core.shell:Creating prefix chain script '/home/ar0ck/TE3003B_Retos/install/setup.bash'
[1.186s] INFO:colcon.colcon_core.shell:Creating prefix script '/home/ar0ck/TE3003B_Retos/install/local_setup.zsh'
[1.186s] INFO:colcon.colcon_core.shell:Creating prefix chain script '/home/ar0ck/TE3003B_Retos/install/setup.zsh'
