running egg_info
writing ../../build/reto_sem_6/reto_sem_6.egg-info/PKG-INFO
writing dependency_links to ../../build/reto_sem_6/reto_sem_6.egg-info/dependency_links.txt
writing entry points to ../../build/reto_sem_6/reto_sem_6.egg-info/entry_points.txt
writing requirements to ../../build/reto_sem_6/reto_sem_6.egg-info/requires.txt
writing top-level names to ../../build/reto_sem_6/reto_sem_6.egg-info/top_level.txt
reading manifest file '../../build/reto_sem_6/reto_sem_6.egg-info/SOURCES.txt'
adding license file 'LICENSE'
writing manifest file '../../build/reto_sem_6/reto_sem_6.egg-info/SOURCES.txt'
running build
running build_py
copying reto_sem_6/puzzlebot_sim.py -> /home/ar0ck/ros2_ws_t3003/build/reto_sem_6/build/lib/reto_sem_6
copying reto_sem_6/__init__.py -> /home/ar0ck/ros2_ws_t3003/build/reto_sem_6/build/lib/reto_sem_6
copying reto_sem_6/odom.py -> /home/ar0ck/ros2_ws_t3003/build/reto_sem_6/build/lib/reto_sem_6
copying reto_sem_6/puzzlebot_gazebo.py -> /home/ar0ck/ros2_ws_t3003/build/reto_sem_6/build/lib/reto_sem_6
copying reto_sem_6/aruco.py -> /home/ar0ck/ros2_ws_t3003/build/reto_sem_6/build/lib/reto_sem_6
copying reto_sem_6/puzzle_bot.py -> /home/ar0ck/ros2_ws_t3003/build/reto_sem_6/build/lib/reto_sem_6
running install
running install_lib
running install_data
copying resource/reto_sem_6 -> /home/ar0ck/ros2_ws_t3003/install/reto_sem_6/share/ament_index/resource_index/packages
copying package.xml -> /home/ar0ck/ros2_ws_t3003/install/reto_sem_6/share/reto_sem_6
copying launch/bringup_simulation_multi_launch.py -> /home/ar0ck/ros2_ws_t3003/install/reto_sem_6/share/reto_sem_6/launch
copying launch/gazebo_example_launch.py -> /home/ar0ck/ros2_ws_t3003/install/reto_sem_6/share/reto_sem_6/launch
copying launch/gazebo_puzzlebot_launch.py -> /home/ar0ck/ros2_ws_t3003/install/reto_sem_6/share/reto_sem_6/launch
copying launch/gazebo_world_launch.py -> /home/ar0ck/ros2_ws_t3003/install/reto_sem_6/share/reto_sem_6/launch
copying launch/bringup_simulation_simple_launch.py -> /home/ar0ck/ros2_ws_t3003/install/reto_sem_6/share/reto_sem_6/launch
copying config/puzzlebot_hacker_ed.yaml -> /home/ar0ck/ros2_ws_t3003/install/reto_sem_6/share/reto_sem_6/config
copying config/puzzlebot_jetson_ed.yaml -> /home/ar0ck/ros2_ws_t3003/install/reto_sem_6/share/reto_sem_6/config
copying config/puzzlebot_jetson_lidar_ed.yaml -> /home/ar0ck/ros2_ws_t3003/install/reto_sem_6/share/reto_sem_6/config
copying models/avoidance_world_4/model.config -> /home/ar0ck/ros2_ws_t3003/install/reto_sem_6/share/reto_sem_6/models/avoidance_world_4
copying models/avoidance_world_4/model.sdf -> /home/ar0ck/ros2_ws_t3003/install/reto_sem_6/share/reto_sem_6/models/avoidance_world_4
copying models/box_brick/model.config -> /home/ar0ck/ros2_ws_t3003/install/reto_sem_6/share/reto_sem_6/models/box_brick
copying models/box_brick/model.sdf -> /home/ar0ck/ros2_ws_t3003/install/reto_sem_6/share/reto_sem_6/models/box_brick
copying models/box_brick/meshes/box_brick.dae -> /home/ar0ck/ros2_ws_t3003/install/reto_sem_6/share/reto_sem_6/models/box_brick/meshes
copying models/box_brick/materials/textures/0032-512x512.jpg -> /home/ar0ck/ros2_ws_t3003/install/reto_sem_6/share/reto_sem_6/models/box_brick/materials/textures
copying models/puzzlebot_lidar/model.config -> /home/ar0ck/ros2_ws_t3003/install/reto_sem_6/share/reto_sem_6/models/puzzlebot_lidar
copying models/puzzlebot_lidar/model.sdf -> /home/ar0ck/ros2_ws_t3003/install/reto_sem_6/share/reto_sem_6/models/puzzlebot_lidar
copying models/puzzlebot_lidar/meshes/chassis1.dae -> /home/ar0ck/ros2_ws_t3003/install/reto_sem_6/share/reto_sem_6/models/puzzlebot_lidar/meshes
copying models/puzzlebot_lidar/meshes/wheel.dae -> /home/ar0ck/ros2_ws_t3003/install/reto_sem_6/share/reto_sem_6/models/puzzlebot_lidar/meshes
copying models/aruco000/model.config -> /home/ar0ck/ros2_ws_t3003/install/reto_sem_6/share/reto_sem_6/models/aruco000
copying models/aruco000/model.sdf -> /home/ar0ck/ros2_ws_t3003/install/reto_sem_6/share/reto_sem_6/models/aruco000
copying models/aruco000/meshes/aruco000.dae -> /home/ar0ck/ros2_ws_t3003/install/reto_sem_6/share/reto_sem_6/models/aruco000/meshes
copying models/aruco000/materials/textures/16h3_000.png -> /home/ar0ck/ros2_ws_t3003/install/reto_sem_6/share/reto_sem_6/models/aruco000/materials/textures
copying models/aruco002/model.config -> /home/ar0ck/ros2_ws_t3003/install/reto_sem_6/share/reto_sem_6/models/aruco002
copying models/aruco002/model.sdf -> /home/ar0ck/ros2_ws_t3003/install/reto_sem_6/share/reto_sem_6/models/aruco002
copying models/aruco002/meshes/aruco002.dae -> /home/ar0ck/ros2_ws_t3003/install/reto_sem_6/share/reto_sem_6/models/aruco002/meshes
copying models/aruco002/materials/textures/16h3_002.png -> /home/ar0ck/ros2_ws_t3003/install/reto_sem_6/share/reto_sem_6/models/aruco002/materials/textures
copying models/aruco_marker_2/model.config -> /home/ar0ck/ros2_ws_t3003/install/reto_sem_6/share/reto_sem_6/models/aruco_marker_2
copying models/aruco_marker_2/model.sdf -> /home/ar0ck/ros2_ws_t3003/install/reto_sem_6/share/reto_sem_6/models/aruco_marker_2
copying models/aruco_marker_2/materials/textures/marker2.png -> /home/ar0ck/ros2_ws_t3003/install/reto_sem_6/share/reto_sem_6/models/aruco_marker_2/materials/textures
copying models/avoidance_world_1/model.config -> /home/ar0ck/ros2_ws_t3003/install/reto_sem_6/share/reto_sem_6/models/avoidance_world_1
copying models/avoidance_world_1/model.sdf -> /home/ar0ck/ros2_ws_t3003/install/reto_sem_6/share/reto_sem_6/models/avoidance_world_1
copying models/blue_colored_box/model.config -> /home/ar0ck/ros2_ws_t3003/install/reto_sem_6/share/reto_sem_6/models/blue_colored_box
copying models/blue_colored_box/model.sdf -> /home/ar0ck/ros2_ws_t3003/install/reto_sem_6/share/reto_sem_6/models/blue_colored_box
copying models/aruco000_cv/model.config -> /home/ar0ck/ros2_ws_t3003/install/reto_sem_6/share/reto_sem_6/models/aruco000_cv
copying models/aruco000_cv/model.sdf -> /home/ar0ck/ros2_ws_t3003/install/reto_sem_6/share/reto_sem_6/models/aruco000_cv
copying models/aruco000_cv/meshes/aruco000.dae -> /home/ar0ck/ros2_ws_t3003/install/reto_sem_6/share/reto_sem_6/models/aruco000_cv/meshes
copying models/aruco000_cv/materials/textures/4x4_50_000.png -> /home/ar0ck/ros2_ws_t3003/install/reto_sem_6/share/reto_sem_6/models/aruco000_cv/materials/textures
copying models/red_colored_box/model.config -> /home/ar0ck/ros2_ws_t3003/install/reto_sem_6/share/reto_sem_6/models/red_colored_box
copying models/red_colored_box/model.sdf -> /home/ar0ck/ros2_ws_t3003/install/reto_sem_6/share/reto_sem_6/models/red_colored_box
copying models/aruco_marker_1/model.config -> /home/ar0ck/ros2_ws_t3003/install/reto_sem_6/share/reto_sem_6/models/aruco_marker_1
copying models/aruco_marker_1/model.sdf -> /home/ar0ck/ros2_ws_t3003/install/reto_sem_6/share/reto_sem_6/models/aruco_marker_1
copying models/aruco_marker_1/materials/textures/marker1.png -> /home/ar0ck/ros2_ws_t3003/install/reto_sem_6/share/reto_sem_6/models/aruco_marker_1/materials/textures
copying models/goal_marker_1/model.config -> /home/ar0ck/ros2_ws_t3003/install/reto_sem_6/share/reto_sem_6/models/goal_marker_1
copying models/goal_marker_1/model.sdf -> /home/ar0ck/ros2_ws_t3003/install/reto_sem_6/share/reto_sem_6/models/goal_marker_1
copying models/goal_marker_1/materials/textures/mcr2_goal_1.png -> /home/ar0ck/ros2_ws_t3003/install/reto_sem_6/share/reto_sem_6/models/goal_marker_1/materials/textures
copying models/arena_a_frame/model.config -> /home/ar0ck/ros2_ws_t3003/install/reto_sem_6/share/reto_sem_6/models/arena_a_frame
copying models/arena_a_frame/model.sdf -> /home/ar0ck/ros2_ws_t3003/install/reto_sem_6/share/reto_sem_6/models/arena_a_frame
copying models/arena_a_frame/meshes/MCR2_arena_side.stl -> /home/ar0ck/ros2_ws_t3003/install/reto_sem_6/share/reto_sem_6/models/arena_a_frame/meshes
copying models/arena_a_frame/materials/textures/mcr2_banner.png -> /home/ar0ck/ros2_ws_t3003/install/reto_sem_6/share/reto_sem_6/models/arena_a_frame/materials/textures
copying models/simple_light/model.config -> /home/ar0ck/ros2_ws_t3003/install/reto_sem_6/share/reto_sem_6/models/simple_light
copying models/simple_light/model.sdf -> /home/ar0ck/ros2_ws_t3003/install/reto_sem_6/share/reto_sem_6/models/simple_light
copying models/aruco003_cv/model.config -> /home/ar0ck/ros2_ws_t3003/install/reto_sem_6/share/reto_sem_6/models/aruco003_cv
copying models/aruco003_cv/model.sdf -> /home/ar0ck/ros2_ws_t3003/install/reto_sem_6/share/reto_sem_6/models/aruco003_cv
copying models/aruco003_cv/meshes/aruco003.dae -> /home/ar0ck/ros2_ws_t3003/install/reto_sem_6/share/reto_sem_6/models/aruco003_cv/meshes
copying models/aruco003_cv/materials/textures/4x4_50_003.png -> /home/ar0ck/ros2_ws_t3003/install/reto_sem_6/share/reto_sem_6/models/aruco003_cv/materials/textures
copying models/goal_marker_5/model.config -> /home/ar0ck/ros2_ws_t3003/install/reto_sem_6/share/reto_sem_6/models/goal_marker_5
copying models/goal_marker_5/model.sdf -> /home/ar0ck/ros2_ws_t3003/install/reto_sem_6/share/reto_sem_6/models/goal_marker_5
copying models/goal_marker_5/materials/textures/mcr2_goal_5.png -> /home/ar0ck/ros2_ws_t3003/install/reto_sem_6/share/reto_sem_6/models/goal_marker_5/materials/textures
copying models/aruco_marker_5/model.config -> /home/ar0ck/ros2_ws_t3003/install/reto_sem_6/share/reto_sem_6/models/aruco_marker_5
copying models/aruco_marker_5/model.sdf -> /home/ar0ck/ros2_ws_t3003/install/reto_sem_6/share/reto_sem_6/models/aruco_marker_5
copying models/aruco_marker_5/materials/textures/marker5.png -> /home/ar0ck/ros2_ws_t3003/install/reto_sem_6/share/reto_sem_6/models/aruco_marker_5/materials/textures
copying models/office_floor/model.config -> /home/ar0ck/ros2_ws_t3003/install/reto_sem_6/share/reto_sem_6/models/office_floor
copying models/office_floor/model.sdf -> /home/ar0ck/ros2_ws_t3003/install/reto_sem_6/share/reto_sem_6/models/office_floor
copying models/office_floor/materials/textures/puzzlebot_wood_7.png -> /home/ar0ck/ros2_ws_t3003/install/reto_sem_6/share/reto_sem_6/models/office_floor/materials/textures
copying models/puzzlebot_track/model.config -> /home/ar0ck/ros2_ws_t3003/install/reto_sem_6/share/reto_sem_6/models/puzzlebot_track
copying models/puzzlebot_track/model.sdf -> /home/ar0ck/ros2_ws_t3003/install/reto_sem_6/share/reto_sem_6/models/puzzlebot_track
copying models/puzzlebot_track/materials/textures/puzzlebot_track.png -> /home/ar0ck/ros2_ws_t3003/install/reto_sem_6/share/reto_sem_6/models/puzzlebot_track/materials/textures
copying models/plugins/libDiffDynamicPlugin.so -> /home/ar0ck/ros2_ws_t3003/install/reto_sem_6/share/reto_sem_6/models/plugins
copying models/aruco_box/model.config -> /home/ar0ck/ros2_ws_t3003/install/reto_sem_6/share/reto_sem_6/models/aruco_box
copying models/aruco_box/model.sdf -> /home/ar0ck/ros2_ws_t3003/install/reto_sem_6/share/reto_sem_6/models/aruco_box
copying models/aruco_box/materials/textures/marker1.png -> /home/ar0ck/ros2_ws_t3003/install/reto_sem_6/share/reto_sem_6/models/aruco_box/materials/textures
copying models/aruco_box/materials/textures/marker0.png -> /home/ar0ck/ros2_ws_t3003/install/reto_sem_6/share/reto_sem_6/models/aruco_box/materials/textures
copying models/aruco_box/materials/textures/marker4.png -> /home/ar0ck/ros2_ws_t3003/install/reto_sem_6/share/reto_sem_6/models/aruco_box/materials/textures
copying models/aruco_box/materials/textures/marker5.png -> /home/ar0ck/ros2_ws_t3003/install/reto_sem_6/share/reto_sem_6/models/aruco_box/materials/textures
copying models/aruco_box/materials/textures/marker2.png -> /home/ar0ck/ros2_ws_t3003/install/reto_sem_6/share/reto_sem_6/models/aruco_box/materials/textures
copying models/aruco_box/materials/textures/marker3.png -> /home/ar0ck/ros2_ws_t3003/install/reto_sem_6/share/reto_sem_6/models/aruco_box/materials/textures
copying models/aruco003/model.config -> /home/ar0ck/ros2_ws_t3003/install/reto_sem_6/share/reto_sem_6/models/aruco003
copying models/aruco003/model.sdf -> /home/ar0ck/ros2_ws_t3003/install/reto_sem_6/share/reto_sem_6/models/aruco003
copying models/aruco003/meshes/aruco003.dae -> /home/ar0ck/ros2_ws_t3003/install/reto_sem_6/share/reto_sem_6/models/aruco003/meshes
copying models/aruco003/materials/textures/16h3_003.png -> /home/ar0ck/ros2_ws_t3003/install/reto_sem_6/share/reto_sem_6/models/aruco003/materials/textures
copying models/puzzlebot_base/model.config -> /home/ar0ck/ros2_ws_t3003/install/reto_sem_6/share/reto_sem_6/models/puzzlebot_base
copying models/puzzlebot_base/model.sdf -> /home/ar0ck/ros2_ws_t3003/install/reto_sem_6/share/reto_sem_6/models/puzzlebot_base
copying models/puzzlebot_base/materials/textures/puzzlebot_wood_6.png -> /home/ar0ck/ros2_ws_t3003/install/reto_sem_6/share/reto_sem_6/models/puzzlebot_base/materials/textures
copying models/avoidance_world_2/model.config -> /home/ar0ck/ros2_ws_t3003/install/reto_sem_6/share/reto_sem_6/models/avoidance_world_2
copying models/avoidance_world_2/model.sdf -> /home/ar0ck/ros2_ws_t3003/install/reto_sem_6/share/reto_sem_6/models/avoidance_world_2
copying models/puzzlebot_camera/model.config -> /home/ar0ck/ros2_ws_t3003/install/reto_sem_6/share/reto_sem_6/models/puzzlebot_camera
copying models/puzzlebot_camera/model.sdf -> /home/ar0ck/ros2_ws_t3003/install/reto_sem_6/share/reto_sem_6/models/puzzlebot_camera
copying models/puzzlebot_camera/meshes/chassis1.dae -> /home/ar0ck/ros2_ws_t3003/install/reto_sem_6/share/reto_sem_6/models/puzzlebot_camera/meshes
copying models/puzzlebot_camera/meshes/wheel.dae -> /home/ar0ck/ros2_ws_t3003/install/reto_sem_6/share/reto_sem_6/models/puzzlebot_camera/meshes
copying models/media/materials/scripts/mcr2_materials.material -> /home/ar0ck/ros2_ws_t3003/install/reto_sem_6/share/reto_sem_6/models/media/materials/scripts
copying models/media/materials/textures/puzzlebot_wood_7.png -> /home/ar0ck/ros2_ws_t3003/install/reto_sem_6/share/reto_sem_6/models/media/materials/textures
copying models/media/materials/textures/nvidia_logo_white.jpg -> /home/ar0ck/ros2_ws_t3003/install/reto_sem_6/share/reto_sem_6/models/media/materials/textures
copying models/media/materials/textures/wood_floor.jpg -> /home/ar0ck/ros2_ws_t3003/install/reto_sem_6/share/reto_sem_6/models/media/materials/textures
copying models/media/materials/textures/puzzlebot_wood_6.png -> /home/ar0ck/ros2_ws_t3003/install/reto_sem_6/share/reto_sem_6/models/media/materials/textures
copying models/media/materials/textures/nvidia_hz_logo_white.jpg -> /home/ar0ck/ros2_ws_t3003/install/reto_sem_6/share/reto_sem_6/models/media/materials/textures
copying models/media/materials/textures/mcr2_goal_3.png -> /home/ar0ck/ros2_ws_t3003/install/reto_sem_6/share/reto_sem_6/models/media/materials/textures
copying models/media/materials/textures/puzzlebot_logo.png -> /home/ar0ck/ros2_ws_t3003/install/reto_sem_6/share/reto_sem_6/models/media/materials/textures
copying models/media/materials/textures/puzzlebot_logo_white.png -> /home/ar0ck/ros2_ws_t3003/install/reto_sem_6/share/reto_sem_6/models/media/materials/textures
copying models/media/materials/textures/mcr2_logo_black.png -> /home/ar0ck/ros2_ws_t3003/install/reto_sem_6/share/reto_sem_6/models/media/materials/textures
copying models/media/materials/textures/puzzlebot_wood_5.png -> /home/ar0ck/ros2_ws_t3003/install/reto_sem_6/share/reto_sem_6/models/media/materials/textures
copying models/media/materials/textures/puzzlebot_wood_4.png -> /home/ar0ck/ros2_ws_t3003/install/reto_sem_6/share/reto_sem_6/models/media/materials/textures
copying models/media/materials/textures/mcr2_goal_2.png -> /home/ar0ck/ros2_ws_t3003/install/reto_sem_6/share/reto_sem_6/models/media/materials/textures
copying models/media/materials/textures/mcr2_goal_4.png -> /home/ar0ck/ros2_ws_t3003/install/reto_sem_6/share/reto_sem_6/models/media/materials/textures
copying models/media/materials/textures/nvidia_logo_b_w.jpg -> /home/ar0ck/ros2_ws_t3003/install/reto_sem_6/share/reto_sem_6/models/media/materials/textures
copying models/media/materials/textures/nvidia_logo_black.jpg -> /home/ar0ck/ros2_ws_t3003/install/reto_sem_6/share/reto_sem_6/models/media/materials/textures
copying models/media/materials/textures/mcr2_goal_5.png -> /home/ar0ck/ros2_ws_t3003/install/reto_sem_6/share/reto_sem_6/models/media/materials/textures
copying models/media/materials/textures/mcr2_logo_white.png -> /home/ar0ck/ros2_ws_t3003/install/reto_sem_6/share/reto_sem_6/models/media/materials/textures
copying models/media/materials/textures/mcr2_goal_1.png -> /home/ar0ck/ros2_ws_t3003/install/reto_sem_6/share/reto_sem_6/models/media/materials/textures
copying models/media/materials/textures/mcr2_banner.png -> /home/ar0ck/ros2_ws_t3003/install/reto_sem_6/share/reto_sem_6/models/media/materials/textures
copying models/media/materials/textures/aruco_markers/marker1.png -> /home/ar0ck/ros2_ws_t3003/install/reto_sem_6/share/reto_sem_6/models/media/materials/textures/aruco_markers
copying models/media/materials/textures/aruco_markers/marker0.png -> /home/ar0ck/ros2_ws_t3003/install/reto_sem_6/share/reto_sem_6/models/media/materials/textures/aruco_markers
copying models/media/materials/textures/aruco_markers/marker4.png -> /home/ar0ck/ros2_ws_t3003/install/reto_sem_6/share/reto_sem_6/models/media/materials/textures/aruco_markers
copying models/media/materials/textures/aruco_markers/marker5.png -> /home/ar0ck/ros2_ws_t3003/install/reto_sem_6/share/reto_sem_6/models/media/materials/textures/aruco_markers
copying models/media/materials/textures/aruco_markers/marker2.png -> /home/ar0ck/ros2_ws_t3003/install/reto_sem_6/share/reto_sem_6/models/media/materials/textures/aruco_markers
copying models/media/materials/textures/aruco_markers/marker3.png -> /home/ar0ck/ros2_ws_t3003/install/reto_sem_6/share/reto_sem_6/models/media/materials/textures/aruco_markers
copying models/goal_marker_2/model.config -> /home/ar0ck/ros2_ws_t3003/install/reto_sem_6/share/reto_sem_6/models/goal_marker_2
copying models/goal_marker_2/model.sdf -> /home/ar0ck/ros2_ws_t3003/install/reto_sem_6/share/reto_sem_6/models/goal_marker_2
copying models/goal_marker_2/materials/textures/mcr2_goal_2.png -> /home/ar0ck/ros2_ws_t3003/install/reto_sem_6/share/reto_sem_6/models/goal_marker_2/materials/textures
copying models/goal_marker_3/model.config -> /home/ar0ck/ros2_ws_t3003/install/reto_sem_6/share/reto_sem_6/models/goal_marker_3
copying models/goal_marker_3/model.sdf -> /home/ar0ck/ros2_ws_t3003/install/reto_sem_6/share/reto_sem_6/models/goal_marker_3
copying models/goal_marker_3/materials/textures/mcr2_goal_3.png -> /home/ar0ck/ros2_ws_t3003/install/reto_sem_6/share/reto_sem_6/models/goal_marker_3/materials/textures
copying models/world_wall/model.config -> /home/ar0ck/ros2_ws_t3003/install/reto_sem_6/share/reto_sem_6/models/world_wall
copying models/world_wall/model.sdf -> /home/ar0ck/ros2_ws_t3003/install/reto_sem_6/share/reto_sem_6/models/world_wall
copying models/world_wall/meshes/wood_floor.jpg -> /home/ar0ck/ros2_ws_t3003/install/reto_sem_6/share/reto_sem_6/models/world_wall/meshes
copying models/world_wall/meshes/0032-512x512.jpg -> /home/ar0ck/ros2_ws_t3003/install/reto_sem_6/share/reto_sem_6/models/world_wall/meshes
copying models/world_wall/meshes/world_wall1.dae -> /home/ar0ck/ros2_ws_t3003/install/reto_sem_6/share/reto_sem_6/models/world_wall/meshes
copying models/world_wall/materials/textures/wood_floor.jpg -> /home/ar0ck/ros2_ws_t3003/install/reto_sem_6/share/reto_sem_6/models/world_wall/materials/textures
copying models/world_wall/materials/textures/0032-512x512.jpg -> /home/ar0ck/ros2_ws_t3003/install/reto_sem_6/share/reto_sem_6/models/world_wall/materials/textures
copying models/world_wall/materials/textures/MapAll.jpg -> /home/ar0ck/ros2_ws_t3003/install/reto_sem_6/share/reto_sem_6/models/world_wall/materials/textures
copying models/office_model/model.config -> /home/ar0ck/ros2_ws_t3003/install/reto_sem_6/share/reto_sem_6/models/office_model
copying models/office_model/model.sdf -> /home/ar0ck/ros2_ws_t3003/install/reto_sem_6/share/reto_sem_6/models/office_model
copying models/aruco_marker_0/model.config -> /home/ar0ck/ros2_ws_t3003/install/reto_sem_6/share/reto_sem_6/models/aruco_marker_0
copying models/aruco_marker_0/model.sdf -> /home/ar0ck/ros2_ws_t3003/install/reto_sem_6/share/reto_sem_6/models/aruco_marker_0
copying models/aruco_marker_0/materials/textures/marker0.png -> /home/ar0ck/ros2_ws_t3003/install/reto_sem_6/share/reto_sem_6/models/aruco_marker_0/materials/textures
copying models/puzzlebot/model.config -> /home/ar0ck/ros2_ws_t3003/install/reto_sem_6/share/reto_sem_6/models/puzzlebot
copying models/puzzlebot/model.sdf -> /home/ar0ck/ros2_ws_t3003/install/reto_sem_6/share/reto_sem_6/models/puzzlebot
copying models/puzzlebot/meshes/wheel.stl -> /home/ar0ck/ros2_ws_t3003/install/reto_sem_6/share/reto_sem_6/models/puzzlebot/meshes
copying models/puzzlebot/meshes/box9_12.blend -> /home/ar0ck/ros2_ws_t3003/install/reto_sem_6/share/reto_sem_6/models/puzzlebot/meshes
copying models/puzzlebot/meshes/box1_4.blend1 -> /home/ar0ck/ros2_ws_t3003/install/reto_sem_6/share/reto_sem_6/models/puzzlebot/meshes
copying models/puzzlebot/meshes/box1-5.blend -> /home/ar0ck/ros2_ws_t3003/install/reto_sem_6/share/reto_sem_6/models/puzzlebot/meshes
copying models/puzzlebot/meshes/box13_16.blend -> /home/ar0ck/ros2_ws_t3003/install/reto_sem_6/share/reto_sem_6/models/puzzlebot/meshes
copying models/puzzlebot/meshes/chassis1.dae -> /home/ar0ck/ros2_ws_t3003/install/reto_sem_6/share/reto_sem_6/models/puzzlebot/meshes
copying models/puzzlebot/meshes/world_wall1.blend1 -> /home/ar0ck/ros2_ws_t3003/install/reto_sem_6/share/reto_sem_6/models/puzzlebot/meshes
copying models/puzzlebot/meshes/wheel.blend1 -> /home/ar0ck/ros2_ws_t3003/install/reto_sem_6/share/reto_sem_6/models/puzzlebot/meshes
copying models/puzzlebot/meshes/camera.stl -> /home/ar0ck/ros2_ws_t3003/install/reto_sem_6/share/reto_sem_6/models/puzzlebot/meshes
copying models/puzzlebot/meshes/box5_8.blend1 -> /home/ar0ck/ros2_ws_t3003/install/reto_sem_6/share/reto_sem_6/models/puzzlebot/meshes
copying models/puzzlebot/meshes/box5_8.blend -> /home/ar0ck/ros2_ws_t3003/install/reto_sem_6/share/reto_sem_6/models/puzzlebot/meshes
copying models/puzzlebot/meshes/chassis1.blend -> /home/ar0ck/ros2_ws_t3003/install/reto_sem_6/share/reto_sem_6/models/puzzlebot/meshes
copying models/puzzlebot/meshes/chassis.stl -> /home/ar0ck/ros2_ws_t3003/install/reto_sem_6/share/reto_sem_6/models/puzzlebot/meshes
copying models/puzzlebot/meshes/wheel.blend -> /home/ar0ck/ros2_ws_t3003/install/reto_sem_6/share/reto_sem_6/models/puzzlebot/meshes
copying models/puzzlebot/meshes/world_wall1.blend -> /home/ar0ck/ros2_ws_t3003/install/reto_sem_6/share/reto_sem_6/models/puzzlebot/meshes
copying models/puzzlebot/meshes/chassis1.blend1 -> /home/ar0ck/ros2_ws_t3003/install/reto_sem_6/share/reto_sem_6/models/puzzlebot/meshes
copying models/puzzlebot/meshes/wheel.dae -> /home/ar0ck/ros2_ws_t3003/install/reto_sem_6/share/reto_sem_6/models/puzzlebot/meshes
copying models/aruco002_cv/model.config -> /home/ar0ck/ros2_ws_t3003/install/reto_sem_6/share/reto_sem_6/models/aruco002_cv
copying models/aruco002_cv/model.sdf -> /home/ar0ck/ros2_ws_t3003/install/reto_sem_6/share/reto_sem_6/models/aruco002_cv
copying models/aruco002_cv/meshes/aruco002.dae -> /home/ar0ck/ros2_ws_t3003/install/reto_sem_6/share/reto_sem_6/models/aruco002_cv/meshes
copying models/aruco002_cv/materials/textures/4x4_50_002.png -> /home/ar0ck/ros2_ws_t3003/install/reto_sem_6/share/reto_sem_6/models/aruco002_cv/materials/textures
copying models/empty/model.config -> /home/ar0ck/ros2_ws_t3003/install/reto_sem_6/share/reto_sem_6/models/empty
copying models/empty/model.sdf -> /home/ar0ck/ros2_ws_t3003/install/reto_sem_6/share/reto_sem_6/models/empty
copying models/aruco001_cv/model.config -> /home/ar0ck/ros2_ws_t3003/install/reto_sem_6/share/reto_sem_6/models/aruco001_cv
copying models/aruco001_cv/model.sdf -> /home/ar0ck/ros2_ws_t3003/install/reto_sem_6/share/reto_sem_6/models/aruco001_cv
copying models/aruco001_cv/meshes/aruco001.dae -> /home/ar0ck/ros2_ws_t3003/install/reto_sem_6/share/reto_sem_6/models/aruco001_cv/meshes
copying models/aruco001_cv/materials/textures/4x4_50_001.png -> /home/ar0ck/ros2_ws_t3003/install/reto_sem_6/share/reto_sem_6/models/aruco001_cv/materials/textures
copying models/yellow_colored_box/model.config -> /home/ar0ck/ros2_ws_t3003/install/reto_sem_6/share/reto_sem_6/models/yellow_colored_box
copying models/yellow_colored_box/model.sdf -> /home/ar0ck/ros2_ws_t3003/install/reto_sem_6/share/reto_sem_6/models/yellow_colored_box
copying models/aruco001/model.config -> /home/ar0ck/ros2_ws_t3003/install/reto_sem_6/share/reto_sem_6/models/aruco001
copying models/aruco001/model.sdf -> /home/ar0ck/ros2_ws_t3003/install/reto_sem_6/share/reto_sem_6/models/aruco001
copying models/aruco001/meshes/aruco001.dae -> /home/ar0ck/ros2_ws_t3003/install/reto_sem_6/share/reto_sem_6/models/aruco001/meshes
copying models/aruco001/materials/textures/16h3_001.png -> /home/ar0ck/ros2_ws_t3003/install/reto_sem_6/share/reto_sem_6/models/aruco001/materials/textures
copying models/goal_marker_4/model.config -> /home/ar0ck/ros2_ws_t3003/install/reto_sem_6/share/reto_sem_6/models/goal_marker_4
copying models/goal_marker_4/model.sdf -> /home/ar0ck/ros2_ws_t3003/install/reto_sem_6/share/reto_sem_6/models/goal_marker_4
copying models/goal_marker_4/materials/textures/mcr2_goal_4.png -> /home/ar0ck/ros2_ws_t3003/install/reto_sem_6/share/reto_sem_6/models/goal_marker_4/materials/textures
copying models/avoidance_world_3/model.config -> /home/ar0ck/ros2_ws_t3003/install/reto_sem_6/share/reto_sem_6/models/avoidance_world_3
copying models/avoidance_world_3/model.sdf -> /home/ar0ck/ros2_ws_t3003/install/reto_sem_6/share/reto_sem_6/models/avoidance_world_3
copying models/aruco_marker_4/model.config -> /home/ar0ck/ros2_ws_t3003/install/reto_sem_6/share/reto_sem_6/models/aruco_marker_4
copying models/aruco_marker_4/model.sdf -> /home/ar0ck/ros2_ws_t3003/install/reto_sem_6/share/reto_sem_6/models/aruco_marker_4
copying models/aruco_marker_4/materials/textures/marker4.png -> /home/ar0ck/ros2_ws_t3003/install/reto_sem_6/share/reto_sem_6/models/aruco_marker_4/materials/textures
copying models/aruco_marker_3/model.config -> /home/ar0ck/ros2_ws_t3003/install/reto_sem_6/share/reto_sem_6/models/aruco_marker_3
copying models/aruco_marker_3/model.sdf -> /home/ar0ck/ros2_ws_t3003/install/reto_sem_6/share/reto_sem_6/models/aruco_marker_3
copying models/aruco_marker_3/materials/textures/marker3.png -> /home/ar0ck/ros2_ws_t3003/install/reto_sem_6/share/reto_sem_6/models/aruco_marker_3/materials/textures
copying worlds/puzzlebot_arena.world -> /home/ar0ck/ros2_ws_t3003/install/reto_sem_6/share/reto_sem_6/worlds
copying worlds/obstacle_avoidance_2.world -> /home/ar0ck/ros2_ws_t3003/install/reto_sem_6/share/reto_sem_6/worlds
copying worlds/obstacle_avoidance_4.world -> /home/ar0ck/ros2_ws_t3003/install/reto_sem_6/share/reto_sem_6/worlds
copying worlds/puzzlebot_aruco_markers.world -> /home/ar0ck/ros2_ws_t3003/install/reto_sem_6/share/reto_sem_6/worlds
copying worlds/world_aruco_cv.sdf -> /home/ar0ck/ros2_ws_t3003/install/reto_sem_6/share/reto_sem_6/worlds
copying worlds/empty.world -> /home/ar0ck/ros2_ws_t3003/install/reto_sem_6/share/reto_sem_6/worlds
copying worlds/puzzlebot_world.world -> /home/ar0ck/ros2_ws_t3003/install/reto_sem_6/share/reto_sem_6/worlds
copying worlds/office.world -> /home/ar0ck/ros2_ws_t3003/install/reto_sem_6/share/reto_sem_6/worlds
copying worlds/world_aruco_mip.sdf -> /home/ar0ck/ros2_ws_t3003/install/reto_sem_6/share/reto_sem_6/worlds
copying worlds/puzzlebot_arena_markers.world -> /home/ar0ck/ros2_ws_t3003/install/reto_sem_6/share/reto_sem_6/worlds
copying worlds/world_box.sdf -> /home/ar0ck/ros2_ws_t3003/install/reto_sem_6/share/reto_sem_6/worlds
copying worlds/obstacle_avoidance_3.world -> /home/ar0ck/ros2_ws_t3003/install/reto_sem_6/share/reto_sem_6/worlds
copying worlds/obstacle_avoidance_1.world -> /home/ar0ck/ros2_ws_t3003/install/reto_sem_6/share/reto_sem_6/worlds
copying worlds/world_empty.sdf -> /home/ar0ck/ros2_ws_t3003/install/reto_sem_6/share/reto_sem_6/worlds
copying worlds/puzzlebot_track.world -> /home/ar0ck/ros2_ws_t3003/install/reto_sem_6/share/reto_sem_6/worlds
copying worlds/office_2/model.config -> /home/ar0ck/ros2_ws_t3003/install/reto_sem_6/share/reto_sem_6/worlds/office_2
copying worlds/office_2/model.sdf -> /home/ar0ck/ros2_ws_t3003/install/reto_sem_6/share/reto_sem_6/worlds/office_2
copying plugins/libDiffDynamicPlugin.so -> /home/ar0ck/ros2_ws_t3003/install/reto_sem_6/share/reto_sem_6/plugins
running install_egg_info
removing '/home/ar0ck/ros2_ws_t3003/install/reto_sem_6/lib/python3.10/site-packages/reto_sem_6-0.0.0-py3.10.egg-info' (and everything under it)
Copying ../../build/reto_sem_6/reto_sem_6.egg-info to /home/ar0ck/ros2_ws_t3003/install/reto_sem_6/lib/python3.10/site-packages/reto_sem_6-0.0.0-py3.10.egg-info
running install_scripts
Installing aruco script to /home/ar0ck/ros2_ws_t3003/install/reto_sem_6/lib/reto_sem_6
Installing odom script to /home/ar0ck/ros2_ws_t3003/install/reto_sem_6/lib/reto_sem_6
Installing puzzlebot_bot script to /home/ar0ck/ros2_ws_t3003/install/reto_sem_6/lib/reto_sem_6
Installing puzzlebot_gazebo script to /home/ar0ck/ros2_ws_t3003/install/reto_sem_6/lib/reto_sem_6
Installing puzzlebot_sim script to /home/ar0ck/ros2_ws_t3003/install/reto_sem_6/lib/reto_sem_6
writing list of installed files to '/home/ar0ck/ros2_ws_t3003/build/reto_sem_6/install.log'
