[0.112s] DEBUG:colcon:Command line arguments: ['/usr/bin/colcon', 'build']
[0.112s] DEBUG:colcon:Parsed command line arguments: Namespace(log_base=None, log_level=None, verb_name='build', build_base='build', install_base='install', merge_install=False, symlink_install=False, test_result_base=None, continue_on_error=False, executor='parallel', parallel_workers=16, event_handlers=None, ignore_user_meta=False, metas=['./colcon.meta'], base_paths=['.'], packages_ignore=None, packages_ignore_regex=None, paths=None, packages_up_to=None, packages_up_to_regex=None, packages_above=None, packages_above_and_dependencies=None, packages_above_depth=None, packages_select_by_dep=None, packages_skip_by_dep=None, packages_skip_up_to=None, packages_select_build_failed=False, packages_skip_build_finished=False, packages_select_test_failures=False, packages_skip_test_passed=False, packages_select=None, packages_skip=None, packages_select_regex=None, packages_skip_regex=None, packages_start=None, packages_end=None, allow_overriding=[], cmake_args=None, cmake_target=None, cmake_target_skip_unavailable=False, cmake_clean_cache=False, cmake_clean_first=False, cmake_force_configure=False, ament_cmake_args=None, catkin_cmake_args=None, catkin_skip_building_tests=False, verb_parser=<colcon_defaults.argument_parser.defaults.DefaultArgumentsDecorator object at 0x705e30a6b280>, verb_extension=<colcon_core.verb.build.BuildVerb object at 0x705e30ba4e20>, main=<bound method BuildVerb.main of <colcon_core.verb.build.BuildVerb object at 0x705e30ba4e20>>)
[0.158s] Level 1:colcon.colcon_core.package_discovery:discover_packages(colcon_meta) check parameters
[0.158s] Level 1:colcon.colcon_core.package_discovery:discover_packages(recursive) check parameters
[0.158s] Level 1:colcon.colcon_core.package_discovery:discover_packages(ignore) check parameters
[0.158s] Level 1:colcon.colcon_core.package_discovery:discover_packages(path) check parameters
[0.158s] Level 1:colcon.colcon_core.package_discovery:discover_packages(colcon_meta) discover
[0.158s] Level 1:colcon.colcon_core.package_discovery:discover_packages(recursive) discover
[0.158s] INFO:colcon.colcon_core.package_discovery:Crawling recursively for packages in '/home/ar0ck/TE3003B_Retos'
[0.158s] Level 1:colcon.colcon_core.package_identification:_identify(.) by extensions ['ignore', 'ignore_ament_install']
[0.158s] Level 1:colcon.colcon_core.package_identification:_identify(.) by extension 'ignore'
[0.158s] Level 1:colcon.colcon_core.package_identification:_identify(.) by extension 'ignore_ament_install'
[0.158s] Level 1:colcon.colcon_core.package_identification:_identify(.) by extensions ['colcon_pkg']
[0.158s] Level 1:colcon.colcon_core.package_identification:_identify(.) by extension 'colcon_pkg'
[0.158s] Level 1:colcon.colcon_core.package_identification:_identify(.) by extensions ['colcon_meta']
[0.159s] Level 1:colcon.colcon_core.package_identification:_identify(.) by extension 'colcon_meta'
[0.159s] Level 1:colcon.colcon_core.package_identification:_identify(.) by extensions ['ros']
[0.159s] Level 1:colcon.colcon_core.package_identification:_identify(.) by extension 'ros'
[0.177s] DEBUG:colcon.colcon_core.package_identification:Package '.' with type 'ros.ament_python' and name 'reto_sem_5'
[0.177s] Level 1:colcon.colcon_core.package_discovery:discover_packages(recursive) using defaults
[0.177s] Level 1:colcon.colcon_core.package_discovery:discover_packages(ignore) discover
[0.177s] Level 1:colcon.colcon_core.package_discovery:discover_packages(ignore) using defaults
[0.177s] Level 1:colcon.colcon_core.package_discovery:discover_packages(path) discover
[0.177s] Level 1:colcon.colcon_core.package_discovery:discover_packages(path) using defaults
[0.199s] Level 1:colcon.colcon_core.package_discovery:discover_packages(prefix_path) check parameters
[0.199s] Level 1:colcon.colcon_core.package_discovery:discover_packages(prefix_path) discover
[0.202s] DEBUG:colcon.colcon_installed_package_information.package_discovery:Found 283 installed packages in /opt/ros/humble
[0.203s] Level 1:colcon.colcon_core.package_discovery:discover_packages(prefix_path) using defaults
[0.232s] Level 5:colcon.colcon_core.verb:set package 'reto_sem_5' build argument 'cmake_args' from command line to 'None'
[0.233s] Level 5:colcon.colcon_core.verb:set package 'reto_sem_5' build argument 'cmake_target' from command line to 'None'
[0.233s] Level 5:colcon.colcon_core.verb:set package 'reto_sem_5' build argument 'cmake_target_skip_unavailable' from command line to 'False'
[0.233s] Level 5:colcon.colcon_core.verb:set package 'reto_sem_5' build argument 'cmake_clean_cache' from command line to 'False'
[0.233s] Level 5:colcon.colcon_core.verb:set package 'reto_sem_5' build argument 'cmake_clean_first' from command line to 'False'
[0.233s] Level 5:colcon.colcon_core.verb:set package 'reto_sem_5' build argument 'cmake_force_configure' from command line to 'False'
[0.233s] Level 5:colcon.colcon_core.verb:set package 'reto_sem_5' build argument 'ament_cmake_args' from command line to 'None'
[0.233s] Level 5:colcon.colcon_core.verb:set package 'reto_sem_5' build argument 'catkin_cmake_args' from command line to 'None'
[0.233s] Level 5:colcon.colcon_core.verb:set package 'reto_sem_5' build argument 'catkin_skip_building_tests' from command line to 'False'
[0.233s] DEBUG:colcon.colcon_core.verb:Building package 'reto_sem_5' with the following arguments: {'ament_cmake_args': None, 'build_base': '/home/ar0ck/TE3003B_Retos/build/reto_sem_5', 'catkin_cmake_args': None, 'catkin_skip_building_tests': False, 'cmake_args': None, 'cmake_clean_cache': False, 'cmake_clean_first': False, 'cmake_force_configure': False, 'cmake_target': None, 'cmake_target_skip_unavailable': False, 'install_base': '/home/ar0ck/TE3003B_Retos/install/reto_sem_5', 'merge_install': False, 'path': '/home/ar0ck/TE3003B_Retos', 'symlink_install': False, 'test_result_base': None}
[0.233s] INFO:colcon.colcon_core.executor:Executing jobs using 'parallel' executor
[0.234s] DEBUG:colcon.colcon_parallel_executor.executor.parallel:run_until_complete
[0.234s] INFO:colcon.colcon_ros.task.ament_python.build:Building ROS package in '/home/ar0ck/TE3003B_Retos' with build type 'ament_python'
[0.234s] Level 1:colcon.colcon_core.shell:create_environment_hook('reto_sem_5', 'ament_prefix_path')
[0.237s] INFO:colcon.colcon_core.plugin_system:Skipping extension 'colcon_core.shell.bat': Not used on non-Windows systems
[0.237s] INFO:colcon.colcon_core.shell:Creating environment hook '/home/ar0ck/TE3003B_Retos/install/reto_sem_5/share/reto_sem_5/hook/ament_prefix_path.ps1'
[0.238s] INFO:colcon.colcon_core.shell:Creating environment descriptor '/home/ar0ck/TE3003B_Retos/install/reto_sem_5/share/reto_sem_5/hook/ament_prefix_path.dsv'
[0.238s] INFO:colcon.colcon_core.shell:Creating environment hook '/home/ar0ck/TE3003B_Retos/install/reto_sem_5/share/reto_sem_5/hook/ament_prefix_path.sh'
[0.239s] INFO:colcon.colcon_core.shell:Skip shell extension 'powershell' for command environment: Not usable outside of PowerShell
[0.239s] DEBUG:colcon.colcon_core.shell:Skip shell extension 'dsv' for command environment
[0.422s] INFO:colcon.colcon_core.task.python.build:Building Python package in '/home/ar0ck/TE3003B_Retos'
[0.422s] INFO:colcon.colcon_core.shell:Skip shell extension 'powershell' for command environment: Not usable outside of PowerShell
[0.422s] DEBUG:colcon.colcon_core.shell:Skip shell extension 'dsv' for command environment
[0.820s] DEBUG:colcon.colcon_core.event_handler.log_command:Invoking command in '/home/ar0ck/TE3003B_Retos': PYTHONPATH=/home/ar0ck/TE3003B_Retos/build/reto_sem_5/prefix_override:/usr/lib/python3/dist-packages/colcon_core/task/python/colcon_distutils_commands:/home/ar0ck/TE3003B_Retos/install/reto_sem_5/lib/python3.10/site-packages:${PYTHONPATH} /usr/bin/python3 -W ignore:setup.py install is deprecated -W ignore:easy_install command is deprecated setup.py egg_info --egg-base build/reto_sem_5 build --build-base /home/ar0ck/TE3003B_Retos/build/reto_sem_5/build install --record /home/ar0ck/TE3003B_Retos/build/reto_sem_5/install.log --single-version-externally-managed install_data
[1.115s] DEBUG:colcon.colcon_core.event_handler.log_command:Invoked command in '/home/ar0ck/TE3003B_Retos' returned '0': PYTHONPATH=/home/ar0ck/TE3003B_Retos/build/reto_sem_5/prefix_override:/usr/lib/python3/dist-packages/colcon_core/task/python/colcon_distutils_commands:/home/ar0ck/TE3003B_Retos/install/reto_sem_5/lib/python3.10/site-packages:${PYTHONPATH} /usr/bin/python3 -W ignore:setup.py install is deprecated -W ignore:easy_install command is deprecated setup.py egg_info --egg-base build/reto_sem_5 build --build-base /home/ar0ck/TE3003B_Retos/build/reto_sem_5/build install --record /home/ar0ck/TE3003B_Retos/build/reto_sem_5/install.log --single-version-externally-managed install_data
[1.125s] Level 1:colcon.colcon_core.environment:checking '/home/ar0ck/TE3003B_Retos/install/reto_sem_5' for CMake module files
[1.125s] Level 1:colcon.colcon_core.environment:checking '/home/ar0ck/TE3003B_Retos/install/reto_sem_5' for CMake config files
[1.126s] Level 1:colcon.colcon_core.environment:checking '/home/ar0ck/TE3003B_Retos/install/reto_sem_5/lib'
[1.126s] Level 1:colcon.colcon_core.environment:checking '/home/ar0ck/TE3003B_Retos/install/reto_sem_5/bin'
[1.126s] Level 1:colcon.colcon_core.environment:checking '/home/ar0ck/TE3003B_Retos/install/reto_sem_5/lib/pkgconfig/reto_sem_5.pc'
[1.126s] Level 1:colcon.colcon_core.environment:checking '/home/ar0ck/TE3003B_Retos/install/reto_sem_5/lib/python3.10/site-packages'
[1.126s] Level 1:colcon.colcon_core.shell:create_environment_hook('reto_sem_5', 'pythonpath')
[1.126s] INFO:colcon.colcon_core.shell:Creating environment hook '/home/ar0ck/TE3003B_Retos/install/reto_sem_5/share/reto_sem_5/hook/pythonpath.ps1'
[1.126s] INFO:colcon.colcon_core.shell:Creating environment descriptor '/home/ar0ck/TE3003B_Retos/install/reto_sem_5/share/reto_sem_5/hook/pythonpath.dsv'
[1.127s] INFO:colcon.colcon_core.shell:Creating environment hook '/home/ar0ck/TE3003B_Retos/install/reto_sem_5/share/reto_sem_5/hook/pythonpath.sh'
[1.127s] Level 1:colcon.colcon_core.environment:checking '/home/ar0ck/TE3003B_Retos/install/reto_sem_5/bin'
[1.127s] Level 1:colcon.colcon_core.environment:create_environment_scripts_only(reto_sem_5)
[1.127s] INFO:colcon.colcon_core.shell:Creating package script '/home/ar0ck/TE3003B_Retos/install/reto_sem_5/share/reto_sem_5/package.ps1'
[1.128s] INFO:colcon.colcon_core.shell:Creating package descriptor '/home/ar0ck/TE3003B_Retos/install/reto_sem_5/share/reto_sem_5/package.dsv'
[1.128s] INFO:colcon.colcon_core.shell:Creating package script '/home/ar0ck/TE3003B_Retos/install/reto_sem_5/share/reto_sem_5/package.sh'
[1.128s] INFO:colcon.colcon_core.shell:Creating package script '/home/ar0ck/TE3003B_Retos/install/reto_sem_5/share/reto_sem_5/package.bash'
[1.129s] INFO:colcon.colcon_core.shell:Creating package script '/home/ar0ck/TE3003B_Retos/install/reto_sem_5/share/reto_sem_5/package.zsh'
[1.129s] Level 1:colcon.colcon_core.environment:create_file_with_runtime_dependencies(/home/ar0ck/TE3003B_Retos/install/reto_sem_5/share/colcon-core/packages/reto_sem_5)
[1.129s] DEBUG:colcon.colcon_parallel_executor.executor.parallel:closing loop
[1.129s] DEBUG:colcon.colcon_parallel_executor.executor.parallel:loop closed
[1.129s] DEBUG:colcon.colcon_parallel_executor.executor.parallel:run_until_complete finished with '0'
[1.129s] DEBUG:colcon.colcon_core.event_reactor:joining thread
[1.134s] INFO:colcon.colcon_core.plugin_system:Skipping extension 'colcon_notification.desktop_notification.terminal_notifier': Not used on non-Darwin systems
[1.134s] INFO:colcon.colcon_core.plugin_system:Skipping extension 'colcon_notification.desktop_notification.win32': Not used on non-Windows systems
[1.134s] INFO:colcon.colcon_notification.desktop_notification:Sending desktop notification using 'notify2'
[1.145s] DEBUG:colcon.colcon_core.event_reactor:joined thread
[1.145s] INFO:colcon.colcon_core.shell:Creating prefix script '/home/ar0ck/TE3003B_Retos/install/local_setup.ps1'
[1.146s] INFO:colcon.colcon_core.shell:Creating prefix util module '/home/ar0ck/TE3003B_Retos/install/_local_setup_util_ps1.py'
[1.147s] INFO:colcon.colcon_core.shell:Creating prefix chain script '/home/ar0ck/TE3003B_Retos/install/setup.ps1'
[1.148s] INFO:colcon.colcon_core.shell:Creating prefix script '/home/ar0ck/TE3003B_Retos/install/local_setup.sh'
[1.148s] INFO:colcon.colcon_core.shell:Creating prefix util module '/home/ar0ck/TE3003B_Retos/install/_local_setup_util_sh.py'
[1.148s] INFO:colcon.colcon_core.shell:Creating prefix chain script '/home/ar0ck/TE3003B_Retos/install/setup.sh'
[1.149s] INFO:colcon.colcon_core.shell:Creating prefix script '/home/ar0ck/TE3003B_Retos/install/local_setup.bash'
[1.149s] INFO:colcon.colcon_core.shell:Creating prefix chain script '/home/ar0ck/TE3003B_Retos/install/setup.bash'
[1.150s] INFO:colcon.colcon_core.shell:Creating prefix script '/home/ar0ck/TE3003B_Retos/install/local_setup.zsh'
[1.150s] INFO:colcon.colcon_core.shell:Creating prefix chain script '/home/ar0ck/TE3003B_Retos/install/setup.zsh'
