[0.846s] Invoking command in '/home/ar0ck/ros2_ws_t3003/src/puzzlebot_gazebo': PYTHONPATH=/home/ar0ck/ros2_ws_t3003/build/puzzlebot_gazebo/prefix_override:/usr/lib/python3/dist-packages/colcon_core/task/python/colcon_distutils_commands:/home/ar0ck/ros2_ws_t3003/install/puzzlebot_gazebo/lib/python3.10/site-packages:${PYTHONPATH} /usr/bin/python3 -W ignore:setup.py install is deprecated -W ignore:easy_install command is deprecated setup.py egg_info --egg-base ../../build/puzzlebot_gazebo build --build-base /home/ar0ck/ros2_ws_t3003/build/puzzlebot_gazebo/build install --record /home/ar0ck/ros2_ws_t3003/build/puzzlebot_gazebo/install.log --single-version-externally-managed install_data
[0.987s] running egg_info
[0.995s] writing ../../build/puzzlebot_gazebo/puzzlebot_gazebo.egg-info/PKG-INFO
[0.995s] writing dependency_links to ../../build/puzzlebot_gazebo/puzzlebot_gazebo.egg-info/dependency_links.txt
[0.996s] writing entry points to ../../build/puzzlebot_gazebo/puzzlebot_gazebo.egg-info/entry_points.txt
[0.996s] writing requirements to ../../build/puzzlebot_gazebo/puzzlebot_gazebo.egg-info/requires.txt
[0.996s] writing top-level names to ../../build/puzzlebot_gazebo/puzzlebot_gazebo.egg-info/top_level.txt
[1.014s] reading manifest file '../../build/puzzlebot_gazebo/puzzlebot_gazebo.egg-info/SOURCES.txt'
[1.015s] adding license file 'LICENSE'
[1.017s] writing manifest file '../../build/puzzlebot_gazebo/puzzlebot_gazebo.egg-info/SOURCES.txt'
[1.017s] running build
[1.017s] running build_py
[1.017s] copying puzzlebot_gazebo/__init__.py -> /home/ar0ck/ros2_ws_t3003/build/puzzlebot_gazebo/build/lib/puzzlebot_gazebo
[1.017s] copying puzzlebot_gazebo/puzzlebot_gazebo.py -> /home/ar0ck/ros2_ws_t3003/build/puzzlebot_gazebo/build/lib/puzzlebot_gazebo
[1.017s] running install
[1.020s] running install_lib
[1.030s] running install_data
[1.030s] copying resource/puzzlebot_gazebo -> /home/ar0ck/ros2_ws_t3003/install/puzzlebot_gazebo/share/ament_index/resource_index/packages
[1.030s] copying package.xml -> /home/ar0ck/ros2_ws_t3003/install/puzzlebot_gazebo/share/puzzlebot_gazebo
[1.030s] copying launch/bringup_simulation_multi_launch.py -> /home/ar0ck/ros2_ws_t3003/install/puzzlebot_gazebo/share/puzzlebot_gazebo/launch
[1.030s] copying launch/gazebo_example_launch.py -> /home/ar0ck/ros2_ws_t3003/install/puzzlebot_gazebo/share/puzzlebot_gazebo/launch
[1.030s] copying launch/gazebo_puzzlebot_launch.py -> /home/ar0ck/ros2_ws_t3003/install/puzzlebot_gazebo/share/puzzlebot_gazebo/launch
[1.030s] copying launch/gazebo_world_launch.py -> /home/ar0ck/ros2_ws_t3003/install/puzzlebot_gazebo/share/puzzlebot_gazebo/launch
[1.030s] copying launch/bringup_simulation_simple_launch.py -> /home/ar0ck/ros2_ws_t3003/install/puzzlebot_gazebo/share/puzzlebot_gazebo/launch
[1.030s] copying config/puzzlebot_hacker_ed.yaml -> /home/ar0ck/ros2_ws_t3003/install/puzzlebot_gazebo/share/puzzlebot_gazebo/config
[1.030s] copying config/puzzlebot_jetson_ed.yaml -> /home/ar0ck/ros2_ws_t3003/install/puzzlebot_gazebo/share/puzzlebot_gazebo/config
[1.030s] copying config/puzzlebot_jetson_lidar_ed.yaml -> /home/ar0ck/ros2_ws_t3003/install/puzzlebot_gazebo/share/puzzlebot_gazebo/config
[1.030s] copying models/avoidance_world_4/model.config -> /home/ar0ck/ros2_ws_t3003/install/puzzlebot_gazebo/share/puzzlebot_gazebo/models/avoidance_world_4
[1.031s] copying models/avoidance_world_4/model.sdf -> /home/ar0ck/ros2_ws_t3003/install/puzzlebot_gazebo/share/puzzlebot_gazebo/models/avoidance_world_4
[1.031s] copying models/box_brick/model.config -> /home/ar0ck/ros2_ws_t3003/install/puzzlebot_gazebo/share/puzzlebot_gazebo/models/box_brick
[1.031s] copying models/box_brick/model.sdf -> /home/ar0ck/ros2_ws_t3003/install/puzzlebot_gazebo/share/puzzlebot_gazebo/models/box_brick
[1.031s] copying models/box_brick/meshes/box_brick.dae -> /home/ar0ck/ros2_ws_t3003/install/puzzlebot_gazebo/share/puzzlebot_gazebo/models/box_brick/meshes
[1.031s] copying models/box_brick/materials/textures/0032-512x512.jpg -> /home/ar0ck/ros2_ws_t3003/install/puzzlebot_gazebo/share/puzzlebot_gazebo/models/box_brick/materials/textures
[1.031s] copying models/puzzlebot_lidar/model.config -> /home/ar0ck/ros2_ws_t3003/install/puzzlebot_gazebo/share/puzzlebot_gazebo/models/puzzlebot_lidar
[1.031s] copying models/puzzlebot_lidar/model.sdf -> /home/ar0ck/ros2_ws_t3003/install/puzzlebot_gazebo/share/puzzlebot_gazebo/models/puzzlebot_lidar
[1.031s] copying models/puzzlebot_lidar/meshes/chassis1.dae -> /home/ar0ck/ros2_ws_t3003/install/puzzlebot_gazebo/share/puzzlebot_gazebo/models/puzzlebot_lidar/meshes
[1.048s] copying models/puzzlebot_lidar/meshes/wheel.dae -> /home/ar0ck/ros2_ws_t3003/install/puzzlebot_gazebo/share/puzzlebot_gazebo/models/puzzlebot_lidar/meshes
[1.049s] copying models/aruco000/model.config -> /home/ar0ck/ros2_ws_t3003/install/puzzlebot_gazebo/share/puzzlebot_gazebo/models/aruco000
[1.049s] copying models/aruco000/model.sdf -> /home/ar0ck/ros2_ws_t3003/install/puzzlebot_gazebo/share/puzzlebot_gazebo/models/aruco000
[1.049s] copying models/aruco000/meshes/aruco000.dae -> /home/ar0ck/ros2_ws_t3003/install/puzzlebot_gazebo/share/puzzlebot_gazebo/models/aruco000/meshes
[1.050s] copying models/aruco000/materials/textures/16h3_000.png -> /home/ar0ck/ros2_ws_t3003/install/puzzlebot_gazebo/share/puzzlebot_gazebo/models/aruco000/materials/textures
[1.050s] copying models/aruco002/model.config -> /home/ar0ck/ros2_ws_t3003/install/puzzlebot_gazebo/share/puzzlebot_gazebo/models/aruco002
[1.050s] copying models/aruco002/model.sdf -> /home/ar0ck/ros2_ws_t3003/install/puzzlebot_gazebo/share/puzzlebot_gazebo/models/aruco002
[1.050s] copying models/aruco002/meshes/aruco002.dae -> /home/ar0ck/ros2_ws_t3003/install/puzzlebot_gazebo/share/puzzlebot_gazebo/models/aruco002/meshes
[1.050s] copying models/aruco002/materials/textures/16h3_002.png -> /home/ar0ck/ros2_ws_t3003/install/puzzlebot_gazebo/share/puzzlebot_gazebo/models/aruco002/materials/textures
[1.050s] copying models/aruco_marker_2/model.config -> /home/ar0ck/ros2_ws_t3003/install/puzzlebot_gazebo/share/puzzlebot_gazebo/models/aruco_marker_2
[1.050s] copying models/aruco_marker_2/model.sdf -> /home/ar0ck/ros2_ws_t3003/install/puzzlebot_gazebo/share/puzzlebot_gazebo/models/aruco_marker_2
[1.050s] copying models/aruco_marker_2/materials/textures/marker2.png -> /home/ar0ck/ros2_ws_t3003/install/puzzlebot_gazebo/share/puzzlebot_gazebo/models/aruco_marker_2/materials/textures
[1.050s] copying models/avoidance_world_1/model.config -> /home/ar0ck/ros2_ws_t3003/install/puzzlebot_gazebo/share/puzzlebot_gazebo/models/avoidance_world_1
[1.050s] copying models/avoidance_world_1/model.sdf -> /home/ar0ck/ros2_ws_t3003/install/puzzlebot_gazebo/share/puzzlebot_gazebo/models/avoidance_world_1
[1.050s] copying models/blue_colored_box/model.config -> /home/ar0ck/ros2_ws_t3003/install/puzzlebot_gazebo/share/puzzlebot_gazebo/models/blue_colored_box
[1.050s] copying models/blue_colored_box/model.sdf -> /home/ar0ck/ros2_ws_t3003/install/puzzlebot_gazebo/share/puzzlebot_gazebo/models/blue_colored_box
[1.051s] copying models/aruco000_cv/model.config -> /home/ar0ck/ros2_ws_t3003/install/puzzlebot_gazebo/share/puzzlebot_gazebo/models/aruco000_cv
[1.051s] copying models/aruco000_cv/model.sdf -> /home/ar0ck/ros2_ws_t3003/install/puzzlebot_gazebo/share/puzzlebot_gazebo/models/aruco000_cv
[1.051s] copying models/aruco000_cv/meshes/aruco000.dae -> /home/ar0ck/ros2_ws_t3003/install/puzzlebot_gazebo/share/puzzlebot_gazebo/models/aruco000_cv/meshes
[1.051s] copying models/aruco000_cv/materials/textures/4x4_50_000.png -> /home/ar0ck/ros2_ws_t3003/install/puzzlebot_gazebo/share/puzzlebot_gazebo/models/aruco000_cv/materials/textures
[1.051s] copying models/red_colored_box/model.config -> /home/ar0ck/ros2_ws_t3003/install/puzzlebot_gazebo/share/puzzlebot_gazebo/models/red_colored_box
[1.051s] copying models/red_colored_box/model.sdf -> /home/ar0ck/ros2_ws_t3003/install/puzzlebot_gazebo/share/puzzlebot_gazebo/models/red_colored_box
[1.051s] copying models/aruco_marker_1/model.config -> /home/ar0ck/ros2_ws_t3003/install/puzzlebot_gazebo/share/puzzlebot_gazebo/models/aruco_marker_1
[1.051s] copying models/aruco_marker_1/model.sdf -> /home/ar0ck/ros2_ws_t3003/install/puzzlebot_gazebo/share/puzzlebot_gazebo/models/aruco_marker_1
[1.051s] copying models/aruco_marker_1/materials/textures/marker1.png -> /home/ar0ck/ros2_ws_t3003/install/puzzlebot_gazebo/share/puzzlebot_gazebo/models/aruco_marker_1/materials/textures
[1.051s] copying models/goal_marker_1/model.config -> /home/ar0ck/ros2_ws_t3003/install/puzzlebot_gazebo/share/puzzlebot_gazebo/models/goal_marker_1
[1.052s] copying models/goal_marker_1/model.sdf -> /home/ar0ck/ros2_ws_t3003/install/puzzlebot_gazebo/share/puzzlebot_gazebo/models/goal_marker_1
[1.052s] copying models/goal_marker_1/materials/textures/mcr2_goal_1.png -> /home/ar0ck/ros2_ws_t3003/install/puzzlebot_gazebo/share/puzzlebot_gazebo/models/goal_marker_1/materials/textures
[1.052s] copying models/arena_a_frame/model.config -> /home/ar0ck/ros2_ws_t3003/install/puzzlebot_gazebo/share/puzzlebot_gazebo/models/arena_a_frame
[1.052s] copying models/arena_a_frame/model.sdf -> /home/ar0ck/ros2_ws_t3003/install/puzzlebot_gazebo/share/puzzlebot_gazebo/models/arena_a_frame
[1.052s] copying models/arena_a_frame/meshes/MCR2_arena_side.stl -> /home/ar0ck/ros2_ws_t3003/install/puzzlebot_gazebo/share/puzzlebot_gazebo/models/arena_a_frame/meshes
[1.052s] copying models/arena_a_frame/materials/textures/mcr2_banner.png -> /home/ar0ck/ros2_ws_t3003/install/puzzlebot_gazebo/share/puzzlebot_gazebo/models/arena_a_frame/materials/textures
[1.052s] copying models/simple_light/model.config -> /home/ar0ck/ros2_ws_t3003/install/puzzlebot_gazebo/share/puzzlebot_gazebo/models/simple_light
[1.052s] copying models/simple_light/model.sdf -> /home/ar0ck/ros2_ws_t3003/install/puzzlebot_gazebo/share/puzzlebot_gazebo/models/simple_light
[1.052s] copying models/aruco003_cv/model.config -> /home/ar0ck/ros2_ws_t3003/install/puzzlebot_gazebo/share/puzzlebot_gazebo/models/aruco003_cv
[1.053s] copying models/aruco003_cv/model.sdf -> /home/ar0ck/ros2_ws_t3003/install/puzzlebot_gazebo/share/puzzlebot_gazebo/models/aruco003_cv
[1.053s] copying models/aruco003_cv/meshes/aruco003.dae -> /home/ar0ck/ros2_ws_t3003/install/puzzlebot_gazebo/share/puzzlebot_gazebo/models/aruco003_cv/meshes
[1.053s] copying models/aruco003_cv/materials/textures/4x4_50_003.png -> /home/ar0ck/ros2_ws_t3003/install/puzzlebot_gazebo/share/puzzlebot_gazebo/models/aruco003_cv/materials/textures
[1.053s] copying models/goal_marker_5/model.config -> /home/ar0ck/ros2_ws_t3003/install/puzzlebot_gazebo/share/puzzlebot_gazebo/models/goal_marker_5
[1.053s] copying models/goal_marker_5/model.sdf -> /home/ar0ck/ros2_ws_t3003/install/puzzlebot_gazebo/share/puzzlebot_gazebo/models/goal_marker_5
[1.053s] copying models/goal_marker_5/materials/textures/mcr2_goal_5.png -> /home/ar0ck/ros2_ws_t3003/install/puzzlebot_gazebo/share/puzzlebot_gazebo/models/goal_marker_5/materials/textures
[1.053s] copying models/aruco_marker_5/model.config -> /home/ar0ck/ros2_ws_t3003/install/puzzlebot_gazebo/share/puzzlebot_gazebo/models/aruco_marker_5
[1.053s] copying models/aruco_marker_5/model.sdf -> /home/ar0ck/ros2_ws_t3003/install/puzzlebot_gazebo/share/puzzlebot_gazebo/models/aruco_marker_5
[1.053s] copying models/aruco_marker_5/materials/textures/marker5.png -> /home/ar0ck/ros2_ws_t3003/install/puzzlebot_gazebo/share/puzzlebot_gazebo/models/aruco_marker_5/materials/textures
[1.053s] copying models/office_floor/model.config -> /home/ar0ck/ros2_ws_t3003/install/puzzlebot_gazebo/share/puzzlebot_gazebo/models/office_floor
[1.054s] copying models/office_floor/model.sdf -> /home/ar0ck/ros2_ws_t3003/install/puzzlebot_gazebo/share/puzzlebot_gazebo/models/office_floor
[1.054s] copying models/office_floor/materials/textures/puzzlebot_wood_7.png -> /home/ar0ck/ros2_ws_t3003/install/puzzlebot_gazebo/share/puzzlebot_gazebo/models/office_floor/materials/textures
[1.055s] copying models/puzzlebot_track/model.config -> /home/ar0ck/ros2_ws_t3003/install/puzzlebot_gazebo/share/puzzlebot_gazebo/models/puzzlebot_track
[1.055s] copying models/puzzlebot_track/model.sdf -> /home/ar0ck/ros2_ws_t3003/install/puzzlebot_gazebo/share/puzzlebot_gazebo/models/puzzlebot_track
[1.055s] copying models/puzzlebot_track/materials/textures/puzzlebot_track.png -> /home/ar0ck/ros2_ws_t3003/install/puzzlebot_gazebo/share/puzzlebot_gazebo/models/puzzlebot_track/materials/textures
[1.056s] copying models/plugins/libDiffDynamicPlugin.so -> /home/ar0ck/ros2_ws_t3003/install/puzzlebot_gazebo/share/puzzlebot_gazebo/models/plugins
[1.058s] copying models/aruco_box/model.config -> /home/ar0ck/ros2_ws_t3003/install/puzzlebot_gazebo/share/puzzlebot_gazebo/models/aruco_box
[1.058s] copying models/aruco_box/model.sdf -> /home/ar0ck/ros2_ws_t3003/install/puzzlebot_gazebo/share/puzzlebot_gazebo/models/aruco_box
[1.058s] copying models/aruco_box/materials/textures/marker1.png -> /home/ar0ck/ros2_ws_t3003/install/puzzlebot_gazebo/share/puzzlebot_gazebo/models/aruco_box/materials/textures
[1.058s] copying models/aruco_box/materials/textures/marker0.png -> /home/ar0ck/ros2_ws_t3003/install/puzzlebot_gazebo/share/puzzlebot_gazebo/models/aruco_box/materials/textures
[1.058s] copying models/aruco_box/materials/textures/marker4.png -> /home/ar0ck/ros2_ws_t3003/install/puzzlebot_gazebo/share/puzzlebot_gazebo/models/aruco_box/materials/textures
[1.058s] copying models/aruco_box/materials/textures/marker5.png -> /home/ar0ck/ros2_ws_t3003/install/puzzlebot_gazebo/share/puzzlebot_gazebo/models/aruco_box/materials/textures
[1.058s] copying models/aruco_box/materials/textures/marker2.png -> /home/ar0ck/ros2_ws_t3003/install/puzzlebot_gazebo/share/puzzlebot_gazebo/models/aruco_box/materials/textures
[1.058s] copying models/aruco_box/materials/textures/marker3.png -> /home/ar0ck/ros2_ws_t3003/install/puzzlebot_gazebo/share/puzzlebot_gazebo/models/aruco_box/materials/textures
[1.058s] copying models/aruco003/model.config -> /home/ar0ck/ros2_ws_t3003/install/puzzlebot_gazebo/share/puzzlebot_gazebo/models/aruco003
[1.058s] copying models/aruco003/model.sdf -> /home/ar0ck/ros2_ws_t3003/install/puzzlebot_gazebo/share/puzzlebot_gazebo/models/aruco003
[1.058s] copying models/aruco003/meshes/aruco003.dae -> /home/ar0ck/ros2_ws_t3003/install/puzzlebot_gazebo/share/puzzlebot_gazebo/models/aruco003/meshes
[1.059s] copying models/aruco003/materials/textures/16h3_003.png -> /home/ar0ck/ros2_ws_t3003/install/puzzlebot_gazebo/share/puzzlebot_gazebo/models/aruco003/materials/textures
[1.059s] copying models/puzzlebot_base/model.config -> /home/ar0ck/ros2_ws_t3003/install/puzzlebot_gazebo/share/puzzlebot_gazebo/models/puzzlebot_base
[1.059s] copying models/puzzlebot_base/model.sdf -> /home/ar0ck/ros2_ws_t3003/install/puzzlebot_gazebo/share/puzzlebot_gazebo/models/puzzlebot_base
[1.059s] copying models/puzzlebot_base/materials/textures/puzzlebot_wood_6.png -> /home/ar0ck/ros2_ws_t3003/install/puzzlebot_gazebo/share/puzzlebot_gazebo/models/puzzlebot_base/materials/textures
[1.060s] copying models/avoidance_world_2/model.config -> /home/ar0ck/ros2_ws_t3003/install/puzzlebot_gazebo/share/puzzlebot_gazebo/models/avoidance_world_2
[1.060s] copying models/avoidance_world_2/model.sdf -> /home/ar0ck/ros2_ws_t3003/install/puzzlebot_gazebo/share/puzzlebot_gazebo/models/avoidance_world_2
[1.060s] copying models/puzzlebot_camera/model.config -> /home/ar0ck/ros2_ws_t3003/install/puzzlebot_gazebo/share/puzzlebot_gazebo/models/puzzlebot_camera
[1.060s] copying models/puzzlebot_camera/model.sdf -> /home/ar0ck/ros2_ws_t3003/install/puzzlebot_gazebo/share/puzzlebot_gazebo/models/puzzlebot_camera
[1.060s] copying models/puzzlebot_camera/meshes/chassis1.dae -> /home/ar0ck/ros2_ws_t3003/install/puzzlebot_gazebo/share/puzzlebot_gazebo/models/puzzlebot_camera/meshes
[1.076s] copying models/puzzlebot_camera/meshes/wheel.dae -> /home/ar0ck/ros2_ws_t3003/install/puzzlebot_gazebo/share/puzzlebot_gazebo/models/puzzlebot_camera/meshes
[1.077s] copying models/media/materials/scripts/mcr2_materials.material -> /home/ar0ck/ros2_ws_t3003/install/puzzlebot_gazebo/share/puzzlebot_gazebo/models/media/materials/scripts
[1.077s] copying models/media/materials/textures/puzzlebot_wood_7.png -> /home/ar0ck/ros2_ws_t3003/install/puzzlebot_gazebo/share/puzzlebot_gazebo/models/media/materials/textures
[1.079s] copying models/media/materials/textures/nvidia_logo_white.jpg -> /home/ar0ck/ros2_ws_t3003/install/puzzlebot_gazebo/share/puzzlebot_gazebo/models/media/materials/textures
[1.079s] copying models/media/materials/textures/wood_floor.jpg -> /home/ar0ck/ros2_ws_t3003/install/puzzlebot_gazebo/share/puzzlebot_gazebo/models/media/materials/textures
[1.079s] copying models/media/materials/textures/puzzlebot_wood_6.png -> /home/ar0ck/ros2_ws_t3003/install/puzzlebot_gazebo/share/puzzlebot_gazebo/models/media/materials/textures
[1.080s] copying models/media/materials/textures/nvidia_hz_logo_white.jpg -> /home/ar0ck/ros2_ws_t3003/install/puzzlebot_gazebo/share/puzzlebot_gazebo/models/media/materials/textures
[1.080s] copying models/media/materials/textures/mcr2_goal_3.png -> /home/ar0ck/ros2_ws_t3003/install/puzzlebot_gazebo/share/puzzlebot_gazebo/models/media/materials/textures
[1.080s] copying models/media/materials/textures/puzzlebot_logo.png -> /home/ar0ck/ros2_ws_t3003/install/puzzlebot_gazebo/share/puzzlebot_gazebo/models/media/materials/textures
[1.080s] copying models/media/materials/textures/puzzlebot_logo_white.png -> /home/ar0ck/ros2_ws_t3003/install/puzzlebot_gazebo/share/puzzlebot_gazebo/models/media/materials/textures
[1.080s] copying models/media/materials/textures/mcr2_logo_black.png -> /home/ar0ck/ros2_ws_t3003/install/puzzlebot_gazebo/share/puzzlebot_gazebo/models/media/materials/textures
[1.080s] copying models/media/materials/textures/puzzlebot_wood_5.png -> /home/ar0ck/ros2_ws_t3003/install/puzzlebot_gazebo/share/puzzlebot_gazebo/models/media/materials/textures
[1.083s] copying models/media/materials/textures/puzzlebot_wood_4.png -> /home/ar0ck/ros2_ws_t3003/install/puzzlebot_gazebo/share/puzzlebot_gazebo/models/media/materials/textures
[1.085s] copying models/media/materials/textures/mcr2_goal_2.png -> /home/ar0ck/ros2_ws_t3003/install/puzzlebot_gazebo/share/puzzlebot_gazebo/models/media/materials/textures
[1.085s] copying models/media/materials/textures/mcr2_goal_4.png -> /home/ar0ck/ros2_ws_t3003/install/puzzlebot_gazebo/share/puzzlebot_gazebo/models/media/materials/textures
[1.085s] copying models/media/materials/textures/nvidia_logo_b_w.jpg -> /home/ar0ck/ros2_ws_t3003/install/puzzlebot_gazebo/share/puzzlebot_gazebo/models/media/materials/textures
[1.085s] copying models/media/materials/textures/nvidia_logo_black.jpg -> /home/ar0ck/ros2_ws_t3003/install/puzzlebot_gazebo/share/puzzlebot_gazebo/models/media/materials/textures
[1.086s] copying models/media/materials/textures/mcr2_goal_5.png -> /home/ar0ck/ros2_ws_t3003/install/puzzlebot_gazebo/share/puzzlebot_gazebo/models/media/materials/textures
[1.086s] copying models/media/materials/textures/mcr2_logo_white.png -> /home/ar0ck/ros2_ws_t3003/install/puzzlebot_gazebo/share/puzzlebot_gazebo/models/media/materials/textures
[1.086s] copying models/media/materials/textures/mcr2_goal_1.png -> /home/ar0ck/ros2_ws_t3003/install/puzzlebot_gazebo/share/puzzlebot_gazebo/models/media/materials/textures
[1.086s] copying models/media/materials/textures/mcr2_banner.png -> /home/ar0ck/ros2_ws_t3003/install/puzzlebot_gazebo/share/puzzlebot_gazebo/models/media/materials/textures
[1.086s] copying models/media/materials/textures/aruco_markers/marker1.png -> /home/ar0ck/ros2_ws_t3003/install/puzzlebot_gazebo/share/puzzlebot_gazebo/models/media/materials/textures/aruco_markers
[1.086s] copying models/media/materials/textures/aruco_markers/marker0.png -> /home/ar0ck/ros2_ws_t3003/install/puzzlebot_gazebo/share/puzzlebot_gazebo/models/media/materials/textures/aruco_markers
[1.086s] copying models/media/materials/textures/aruco_markers/marker4.png -> /home/ar0ck/ros2_ws_t3003/install/puzzlebot_gazebo/share/puzzlebot_gazebo/models/media/materials/textures/aruco_markers
[1.086s] copying models/media/materials/textures/aruco_markers/marker5.png -> /home/ar0ck/ros2_ws_t3003/install/puzzlebot_gazebo/share/puzzlebot_gazebo/models/media/materials/textures/aruco_markers
[1.087s] copying models/media/materials/textures/aruco_markers/marker2.png -> /home/ar0ck/ros2_ws_t3003/install/puzzlebot_gazebo/share/puzzlebot_gazebo/models/media/materials/textures/aruco_markers
[1.087s] copying models/media/materials/textures/aruco_markers/marker3.png -> /home/ar0ck/ros2_ws_t3003/install/puzzlebot_gazebo/share/puzzlebot_gazebo/models/media/materials/textures/aruco_markers
[1.087s] copying models/goal_marker_2/model.config -> /home/ar0ck/ros2_ws_t3003/install/puzzlebot_gazebo/share/puzzlebot_gazebo/models/goal_marker_2
[1.087s] copying models/goal_marker_2/model.sdf -> /home/ar0ck/ros2_ws_t3003/install/puzzlebot_gazebo/share/puzzlebot_gazebo/models/goal_marker_2
[1.087s] copying models/goal_marker_2/materials/textures/mcr2_goal_2.png -> /home/ar0ck/ros2_ws_t3003/install/puzzlebot_gazebo/share/puzzlebot_gazebo/models/goal_marker_2/materials/textures
[1.087s] copying models/goal_marker_3/model.config -> /home/ar0ck/ros2_ws_t3003/install/puzzlebot_gazebo/share/puzzlebot_gazebo/models/goal_marker_3
[1.087s] copying models/goal_marker_3/model.sdf -> /home/ar0ck/ros2_ws_t3003/install/puzzlebot_gazebo/share/puzzlebot_gazebo/models/goal_marker_3
[1.087s] copying models/goal_marker_3/materials/textures/mcr2_goal_3.png -> /home/ar0ck/ros2_ws_t3003/install/puzzlebot_gazebo/share/puzzlebot_gazebo/models/goal_marker_3/materials/textures
[1.087s] copying models/world_wall/model.config -> /home/ar0ck/ros2_ws_t3003/install/puzzlebot_gazebo/share/puzzlebot_gazebo/models/world_wall
[1.087s] copying models/world_wall/model.sdf -> /home/ar0ck/ros2_ws_t3003/install/puzzlebot_gazebo/share/puzzlebot_gazebo/models/world_wall
[1.088s] copying models/world_wall/meshes/wood_floor.jpg -> /home/ar0ck/ros2_ws_t3003/install/puzzlebot_gazebo/share/puzzlebot_gazebo/models/world_wall/meshes
[1.088s] copying models/world_wall/meshes/0032-512x512.jpg -> /home/ar0ck/ros2_ws_t3003/install/puzzlebot_gazebo/share/puzzlebot_gazebo/models/world_wall/meshes
[1.088s] copying models/world_wall/meshes/world_wall1.dae -> /home/ar0ck/ros2_ws_t3003/install/puzzlebot_gazebo/share/puzzlebot_gazebo/models/world_wall/meshes
[1.088s] copying models/world_wall/materials/textures/wood_floor.jpg -> /home/ar0ck/ros2_ws_t3003/install/puzzlebot_gazebo/share/puzzlebot_gazebo/models/world_wall/materials/textures
[1.088s] copying models/world_wall/materials/textures/0032-512x512.jpg -> /home/ar0ck/ros2_ws_t3003/install/puzzlebot_gazebo/share/puzzlebot_gazebo/models/world_wall/materials/textures
[1.088s] copying models/world_wall/materials/textures/MapAll.jpg -> /home/ar0ck/ros2_ws_t3003/install/puzzlebot_gazebo/share/puzzlebot_gazebo/models/world_wall/materials/textures
[1.089s] copying models/office_model/model.config -> /home/ar0ck/ros2_ws_t3003/install/puzzlebot_gazebo/share/puzzlebot_gazebo/models/office_model
[1.089s] copying models/office_model/model.sdf -> /home/ar0ck/ros2_ws_t3003/install/puzzlebot_gazebo/share/puzzlebot_gazebo/models/office_model
[1.089s] copying models/aruco_marker_0/model.config -> /home/ar0ck/ros2_ws_t3003/install/puzzlebot_gazebo/share/puzzlebot_gazebo/models/aruco_marker_0
[1.090s] copying models/aruco_marker_0/model.sdf -> /home/ar0ck/ros2_ws_t3003/install/puzzlebot_gazebo/share/puzzlebot_gazebo/models/aruco_marker_0
[1.090s] copying models/aruco_marker_0/materials/textures/marker0.png -> /home/ar0ck/ros2_ws_t3003/install/puzzlebot_gazebo/share/puzzlebot_gazebo/models/aruco_marker_0/materials/textures
[1.090s] copying models/puzzlebot/model.config -> /home/ar0ck/ros2_ws_t3003/install/puzzlebot_gazebo/share/puzzlebot_gazebo/models/puzzlebot
[1.090s] copying models/puzzlebot/model.sdf -> /home/ar0ck/ros2_ws_t3003/install/puzzlebot_gazebo/share/puzzlebot_gazebo/models/puzzlebot
[1.090s] copying models/puzzlebot/meshes/wheel.stl -> /home/ar0ck/ros2_ws_t3003/install/puzzlebot_gazebo/share/puzzlebot_gazebo/models/puzzlebot/meshes
[1.091s] copying models/puzzlebot/meshes/box9_12.blend -> /home/ar0ck/ros2_ws_t3003/install/puzzlebot_gazebo/share/puzzlebot_gazebo/models/puzzlebot/meshes
[1.091s] copying models/puzzlebot/meshes/box1_4.blend1 -> /home/ar0ck/ros2_ws_t3003/install/puzzlebot_gazebo/share/puzzlebot_gazebo/models/puzzlebot/meshes
[1.092s] copying models/puzzlebot/meshes/box1-5.blend -> /home/ar0ck/ros2_ws_t3003/install/puzzlebot_gazebo/share/puzzlebot_gazebo/models/puzzlebot/meshes
[1.093s] copying models/puzzlebot/meshes/box13_16.blend -> /home/ar0ck/ros2_ws_t3003/install/puzzlebot_gazebo/share/puzzlebot_gazebo/models/puzzlebot/meshes
[1.094s] copying models/puzzlebot/meshes/chassis1.dae -> /home/ar0ck/ros2_ws_t3003/install/puzzlebot_gazebo/share/puzzlebot_gazebo/models/puzzlebot/meshes
[1.110s] copying models/puzzlebot/meshes/world_wall1.blend1 -> /home/ar0ck/ros2_ws_t3003/install/puzzlebot_gazebo/share/puzzlebot_gazebo/models/puzzlebot/meshes
[1.111s] copying models/puzzlebot/meshes/wheel.blend1 -> /home/ar0ck/ros2_ws_t3003/install/puzzlebot_gazebo/share/puzzlebot_gazebo/models/puzzlebot/meshes
[1.113s] copying models/puzzlebot/meshes/camera.stl -> /home/ar0ck/ros2_ws_t3003/install/puzzlebot_gazebo/share/puzzlebot_gazebo/models/puzzlebot/meshes
[1.114s] copying models/puzzlebot/meshes/box5_8.blend1 -> /home/ar0ck/ros2_ws_t3003/install/puzzlebot_gazebo/share/puzzlebot_gazebo/models/puzzlebot/meshes
[1.115s] copying models/puzzlebot/meshes/box5_8.blend -> /home/ar0ck/ros2_ws_t3003/install/puzzlebot_gazebo/share/puzzlebot_gazebo/models/puzzlebot/meshes
[1.116s] copying models/puzzlebot/meshes/chassis1.blend -> /home/ar0ck/ros2_ws_t3003/install/puzzlebot_gazebo/share/puzzlebot_gazebo/models/puzzlebot/meshes
[1.134s] copying models/puzzlebot/meshes/chassis.stl -> /home/ar0ck/ros2_ws_t3003/install/puzzlebot_gazebo/share/puzzlebot_gazebo/models/puzzlebot/meshes
[1.147s] copying models/puzzlebot/meshes/wheel.blend -> /home/ar0ck/ros2_ws_t3003/install/puzzlebot_gazebo/share/puzzlebot_gazebo/models/puzzlebot/meshes
[1.149s] copying models/puzzlebot/meshes/world_wall1.blend -> /home/ar0ck/ros2_ws_t3003/install/puzzlebot_gazebo/share/puzzlebot_gazebo/models/puzzlebot/meshes
[1.150s] copying models/puzzlebot/meshes/chassis1.blend1 -> /home/ar0ck/ros2_ws_t3003/install/puzzlebot_gazebo/share/puzzlebot_gazebo/models/puzzlebot/meshes
[1.168s] copying models/puzzlebot/meshes/wheel.dae -> /home/ar0ck/ros2_ws_t3003/install/puzzlebot_gazebo/share/puzzlebot_gazebo/models/puzzlebot/meshes
[1.169s] copying models/aruco002_cv/model.config -> /home/ar0ck/ros2_ws_t3003/install/puzzlebot_gazebo/share/puzzlebot_gazebo/models/aruco002_cv
[1.169s] copying models/aruco002_cv/model.sdf -> /home/ar0ck/ros2_ws_t3003/install/puzzlebot_gazebo/share/puzzlebot_gazebo/models/aruco002_cv
[1.169s] copying models/aruco002_cv/meshes/aruco002.dae -> /home/ar0ck/ros2_ws_t3003/install/puzzlebot_gazebo/share/puzzlebot_gazebo/models/aruco002_cv/meshes
[1.169s] copying models/aruco002_cv/materials/textures/4x4_50_002.png -> /home/ar0ck/ros2_ws_t3003/install/puzzlebot_gazebo/share/puzzlebot_gazebo/models/aruco002_cv/materials/textures
[1.169s] copying models/empty/model.config -> /home/ar0ck/ros2_ws_t3003/install/puzzlebot_gazebo/share/puzzlebot_gazebo/models/empty
[1.169s] copying models/empty/model.sdf -> /home/ar0ck/ros2_ws_t3003/install/puzzlebot_gazebo/share/puzzlebot_gazebo/models/empty
[1.169s] copying models/aruco001_cv/model.config -> /home/ar0ck/ros2_ws_t3003/install/puzzlebot_gazebo/share/puzzlebot_gazebo/models/aruco001_cv
[1.170s] copying models/aruco001_cv/model.sdf -> /home/ar0ck/ros2_ws_t3003/install/puzzlebot_gazebo/share/puzzlebot_gazebo/models/aruco001_cv
[1.170s] copying models/aruco001_cv/meshes/aruco001.dae -> /home/ar0ck/ros2_ws_t3003/install/puzzlebot_gazebo/share/puzzlebot_gazebo/models/aruco001_cv/meshes
[1.170s] copying models/aruco001_cv/materials/textures/4x4_50_001.png -> /home/ar0ck/ros2_ws_t3003/install/puzzlebot_gazebo/share/puzzlebot_gazebo/models/aruco001_cv/materials/textures
[1.170s] copying models/yellow_colored_box/model.config -> /home/ar0ck/ros2_ws_t3003/install/puzzlebot_gazebo/share/puzzlebot_gazebo/models/yellow_colored_box
[1.170s] copying models/yellow_colored_box/model.sdf -> /home/ar0ck/ros2_ws_t3003/install/puzzlebot_gazebo/share/puzzlebot_gazebo/models/yellow_colored_box
[1.170s] copying models/aruco001/model.config -> /home/ar0ck/ros2_ws_t3003/install/puzzlebot_gazebo/share/puzzlebot_gazebo/models/aruco001
[1.170s] copying models/aruco001/model.sdf -> /home/ar0ck/ros2_ws_t3003/install/puzzlebot_gazebo/share/puzzlebot_gazebo/models/aruco001
[1.170s] copying models/aruco001/meshes/aruco001.dae -> /home/ar0ck/ros2_ws_t3003/install/puzzlebot_gazebo/share/puzzlebot_gazebo/models/aruco001/meshes
[1.170s] copying models/aruco001/materials/textures/16h3_001.png -> /home/ar0ck/ros2_ws_t3003/install/puzzlebot_gazebo/share/puzzlebot_gazebo/models/aruco001/materials/textures
[1.170s] copying models/goal_marker_4/model.config -> /home/ar0ck/ros2_ws_t3003/install/puzzlebot_gazebo/share/puzzlebot_gazebo/models/goal_marker_4
[1.171s] copying models/goal_marker_4/model.sdf -> /home/ar0ck/ros2_ws_t3003/install/puzzlebot_gazebo/share/puzzlebot_gazebo/models/goal_marker_4
[1.171s] copying models/goal_marker_4/materials/textures/mcr2_goal_4.png -> /home/ar0ck/ros2_ws_t3003/install/puzzlebot_gazebo/share/puzzlebot_gazebo/models/goal_marker_4/materials/textures
[1.171s] copying models/avoidance_world_3/model.config -> /home/ar0ck/ros2_ws_t3003/install/puzzlebot_gazebo/share/puzzlebot_gazebo/models/avoidance_world_3
[1.171s] copying models/avoidance_world_3/model.sdf -> /home/ar0ck/ros2_ws_t3003/install/puzzlebot_gazebo/share/puzzlebot_gazebo/models/avoidance_world_3
[1.171s] copying models/aruco_marker_4/model.config -> /home/ar0ck/ros2_ws_t3003/install/puzzlebot_gazebo/share/puzzlebot_gazebo/models/aruco_marker_4
[1.171s] copying models/aruco_marker_4/model.sdf -> /home/ar0ck/ros2_ws_t3003/install/puzzlebot_gazebo/share/puzzlebot_gazebo/models/aruco_marker_4
[1.171s] copying models/aruco_marker_4/materials/textures/marker4.png -> /home/ar0ck/ros2_ws_t3003/install/puzzlebot_gazebo/share/puzzlebot_gazebo/models/aruco_marker_4/materials/textures
[1.171s] copying models/aruco_marker_3/model.config -> /home/ar0ck/ros2_ws_t3003/install/puzzlebot_gazebo/share/puzzlebot_gazebo/models/aruco_marker_3
[1.171s] copying models/aruco_marker_3/model.sdf -> /home/ar0ck/ros2_ws_t3003/install/puzzlebot_gazebo/share/puzzlebot_gazebo/models/aruco_marker_3
[1.171s] copying models/aruco_marker_3/materials/textures/marker3.png -> /home/ar0ck/ros2_ws_t3003/install/puzzlebot_gazebo/share/puzzlebot_gazebo/models/aruco_marker_3/materials/textures
[1.172s] copying worlds/puzzlebot_arena.world -> /home/ar0ck/ros2_ws_t3003/install/puzzlebot_gazebo/share/puzzlebot_gazebo/worlds
[1.172s] copying worlds/obstacle_avoidance_2.world -> /home/ar0ck/ros2_ws_t3003/install/puzzlebot_gazebo/share/puzzlebot_gazebo/worlds
[1.172s] copying worlds/obstacle_avoidance_4.world -> /home/ar0ck/ros2_ws_t3003/install/puzzlebot_gazebo/share/puzzlebot_gazebo/worlds
[1.172s] copying worlds/puzzlebot_aruco_markers.world -> /home/ar0ck/ros2_ws_t3003/install/puzzlebot_gazebo/share/puzzlebot_gazebo/worlds
[1.172s] copying worlds/world_aruco_cv.sdf -> /home/ar0ck/ros2_ws_t3003/install/puzzlebot_gazebo/share/puzzlebot_gazebo/worlds
[1.172s] copying worlds/empty.world -> /home/ar0ck/ros2_ws_t3003/install/puzzlebot_gazebo/share/puzzlebot_gazebo/worlds
[1.172s] copying worlds/puzzlebot_world.world -> /home/ar0ck/ros2_ws_t3003/install/puzzlebot_gazebo/share/puzzlebot_gazebo/worlds
[1.172s] copying worlds/office.world -> /home/ar0ck/ros2_ws_t3003/install/puzzlebot_gazebo/share/puzzlebot_gazebo/worlds
[1.172s] copying worlds/world_aruco_mip.sdf -> /home/ar0ck/ros2_ws_t3003/install/puzzlebot_gazebo/share/puzzlebot_gazebo/worlds
[1.173s] copying worlds/puzzlebot_arena_markers.world -> /home/ar0ck/ros2_ws_t3003/install/puzzlebot_gazebo/share/puzzlebot_gazebo/worlds
[1.173s] copying worlds/world_box.sdf -> /home/ar0ck/ros2_ws_t3003/install/puzzlebot_gazebo/share/puzzlebot_gazebo/worlds
[1.173s] copying worlds/obstacle_avoidance_3.world -> /home/ar0ck/ros2_ws_t3003/install/puzzlebot_gazebo/share/puzzlebot_gazebo/worlds
[1.173s] copying worlds/obstacle_avoidance_1.world -> /home/ar0ck/ros2_ws_t3003/install/puzzlebot_gazebo/share/puzzlebot_gazebo/worlds
[1.173s] copying worlds/world_empty.sdf -> /home/ar0ck/ros2_ws_t3003/install/puzzlebot_gazebo/share/puzzlebot_gazebo/worlds
[1.173s] copying worlds/puzzlebot_track.world -> /home/ar0ck/ros2_ws_t3003/install/puzzlebot_gazebo/share/puzzlebot_gazebo/worlds
[1.173s] copying worlds/office_2/model.config -> /home/ar0ck/ros2_ws_t3003/install/puzzlebot_gazebo/share/puzzlebot_gazebo/worlds/office_2
[1.173s] copying worlds/office_2/model.sdf -> /home/ar0ck/ros2_ws_t3003/install/puzzlebot_gazebo/share/puzzlebot_gazebo/worlds/office_2
[1.174s] copying plugins/libDiffDynamicPlugin.so -> /home/ar0ck/ros2_ws_t3003/install/puzzlebot_gazebo/share/puzzlebot_gazebo/plugins
[1.175s] running install_egg_info
[1.185s] removing '/home/ar0ck/ros2_ws_t3003/install/puzzlebot_gazebo/lib/python3.10/site-packages/puzzlebot_gazebo-0.0.0-py3.10.egg-info' (and everything under it)
[1.186s] Copying ../../build/puzzlebot_gazebo/puzzlebot_gazebo.egg-info to /home/ar0ck/ros2_ws_t3003/install/puzzlebot_gazebo/lib/python3.10/site-packages/puzzlebot_gazebo-0.0.0-py3.10.egg-info
[1.186s] running install_scripts
[1.264s] Installing puzzlebot_gazebo script to /home/ar0ck/ros2_ws_t3003/install/puzzlebot_gazebo/lib/puzzlebot_gazebo
[1.265s] writing list of installed files to '/home/ar0ck/ros2_ws_t3003/build/puzzlebot_gazebo/install.log'
[1.292s] Invoked command in '/home/ar0ck/ros2_ws_t3003/src/puzzlebot_gazebo' returned '0': PYTHONPATH=/home/ar0ck/ros2_ws_t3003/build/puzzlebot_gazebo/prefix_override:/usr/lib/python3/dist-packages/colcon_core/task/python/colcon_distutils_commands:/home/ar0ck/ros2_ws_t3003/install/puzzlebot_gazebo/lib/python3.10/site-packages:${PYTHONPATH} /usr/bin/python3 -W ignore:setup.py install is deprecated -W ignore:easy_install command is deprecated setup.py egg_info --egg-base ../../build/puzzlebot_gazebo build --build-base /home/ar0ck/ros2_ws_t3003/build/puzzlebot_gazebo/build install --record /home/ar0ck/ros2_ws_t3003/build/puzzlebot_gazebo/install.log --single-version-externally-managed install_data
