running egg_info
creating ../build/puzzlebot_sim/puzzlebot_sim.egg-info
writing ../build/puzzlebot_sim/puzzlebot_sim.egg-info/PKG-INFO
writing dependency_links to ../build/puzzlebot_sim/puzzlebot_sim.egg-info/dependency_links.txt
writing requirements to ../build/puzzlebot_sim/puzzlebot_sim.egg-info/requires.txt
writing top-level names to ../build/puzzlebot_sim/puzzlebot_sim.egg-info/top_level.txt
writing manifest file '../build/puzzlebot_sim/puzzlebot_sim.egg-info/SOURCES.txt'
reading manifest file '../build/puzzlebot_sim/puzzlebot_sim.egg-info/SOURCES.txt'
writing manifest file '../build/puzzlebot_sim/puzzlebot_sim.egg-info/SOURCES.txt'
running build
running build_py
creating /home/ar0ck/TE3003B_Retos/build/puzzlebot_sim/build
creating /home/ar0ck/TE3003B_Retos/build/puzzlebot_sim/build/lib
creating /home/ar0ck/TE3003B_Retos/build/puzzlebot_sim/build/lib/puzzlebot_sim
copying puzzlebot_sim/__init__.py -> /home/ar0ck/TE3003B_Retos/build/puzzlebot_sim/build/lib/puzzlebot_sim
running install
running install_lib
creating /home/ar0ck/TE3003B_Retos/install/puzzlebot_sim/lib/python3.10/site-packages/puzzlebot_sim
copying /home/ar0ck/TE3003B_Retos/build/puzzlebot_sim/build/lib/puzzlebot_sim/__init__.py -> /home/ar0ck/TE3003B_Retos/install/puzzlebot_sim/lib/python3.10/site-packages/puzzlebot_sim
byte-compiling /home/ar0ck/TE3003B_Retos/install/puzzlebot_sim/lib/python3.10/site-packages/puzzlebot_sim/__init__.py to __init__.cpython-310.pyc
running install_data
creating /home/ar0ck/TE3003B_Retos/install/puzzlebot_sim/share/ament_index
creating /home/ar0ck/TE3003B_Retos/install/puzzlebot_sim/share/ament_index/resource_index
creating /home/ar0ck/TE3003B_Retos/install/puzzlebot_sim/share/ament_index/resource_index/packages
copying resource/puzzlebot_sim -> /home/ar0ck/TE3003B_Retos/install/puzzlebot_sim/share/ament_index/resource_index/packages
copying package.xml -> /home/ar0ck/TE3003B_Retos/install/puzzlebot_sim/share/puzzlebot_sim
running install_egg_info
Copying ../build/puzzlebot_sim/puzzlebot_sim.egg-info to /home/ar0ck/TE3003B_Retos/install/puzzlebot_sim/lib/python3.10/site-packages/puzzlebot_sim-0.0.0-py3.10.egg-info
running install_scripts
writing list of installed files to '/home/ar0ck/TE3003B_Retos/build/puzzlebot_sim/install.log'
