[0.659s] Invoking command in '/home/ar0ck/TE3003B_Retos/puzzlebot_sim': PYTHONPATH=/home/ar0ck/TE3003B_Retos/build/puzzlebot_sim/prefix_override:/usr/lib/python3/dist-packages/colcon_core/task/python/colcon_distutils_commands:/home/ar0ck/TE3003B_Retos/install/puzzlebot_sim/lib/python3.10/site-packages:${PYTHONPATH} /usr/bin/python3 -W ignore:setup.py install is deprecated -W ignore:easy_install command is deprecated setup.py egg_info --egg-base ../build/puzzlebot_sim build --build-base /home/ar0ck/TE3003B_Retos/build/puzzlebot_sim/build install --record /home/ar0ck/TE3003B_Retos/build/puzzlebot_sim/install.log --single-version-externally-managed install_data
[0.819s] running egg_info
[0.819s] creating ../build/puzzlebot_sim/puzzlebot_sim.egg-info
[0.827s] writing ../build/puzzlebot_sim/puzzlebot_sim.egg-info/PKG-INFO
[0.827s] writing dependency_links to ../build/puzzlebot_sim/puzzlebot_sim.egg-info/dependency_links.txt
[0.827s] writing requirements to ../build/puzzlebot_sim/puzzlebot_sim.egg-info/requires.txt
[0.827s] writing top-level names to ../build/puzzlebot_sim/puzzlebot_sim.egg-info/top_level.txt
[0.827s] writing manifest file '../build/puzzlebot_sim/puzzlebot_sim.egg-info/SOURCES.txt'
[0.844s] reading manifest file '../build/puzzlebot_sim/puzzlebot_sim.egg-info/SOURCES.txt'
[0.844s] writing manifest file '../build/puzzlebot_sim/puzzlebot_sim.egg-info/SOURCES.txt'
[0.844s] running build
[0.845s] running build_py
[0.845s] creating /home/ar0ck/TE3003B_Retos/build/puzzlebot_sim/build
[0.845s] creating /home/ar0ck/TE3003B_Retos/build/puzzlebot_sim/build/lib
[0.845s] creating /home/ar0ck/TE3003B_Retos/build/puzzlebot_sim/build/lib/puzzlebot_sim
[0.845s] copying puzzlebot_sim/__init__.py -> /home/ar0ck/TE3003B_Retos/build/puzzlebot_sim/build/lib/puzzlebot_sim
[0.845s] running install
[0.848s] running install_lib
[0.856s] creating /home/ar0ck/TE3003B_Retos/install/puzzlebot_sim/lib/python3.10/site-packages/puzzlebot_sim
[0.856s] copying /home/ar0ck/TE3003B_Retos/build/puzzlebot_sim/build/lib/puzzlebot_sim/__init__.py -> /home/ar0ck/TE3003B_Retos/install/puzzlebot_sim/lib/python3.10/site-packages/puzzlebot_sim
[0.856s] byte-compiling /home/ar0ck/TE3003B_Retos/install/puzzlebot_sim/lib/python3.10/site-packages/puzzlebot_sim/__init__.py to __init__.cpython-310.pyc
[0.856s] running install_data
[0.856s] creating /home/ar0ck/TE3003B_Retos/install/puzzlebot_sim/share/ament_index
[0.856s] creating /home/ar0ck/TE3003B_Retos/install/puzzlebot_sim/share/ament_index/resource_index
[0.856s] creating /home/ar0ck/TE3003B_Retos/install/puzzlebot_sim/share/ament_index/resource_index/packages
[0.856s] copying resource/puzzlebot_sim -> /home/ar0ck/TE3003B_Retos/install/puzzlebot_sim/share/ament_index/resource_index/packages
[0.857s] copying package.xml -> /home/ar0ck/TE3003B_Retos/install/puzzlebot_sim/share/puzzlebot_sim
[0.857s] running install_egg_info
[0.865s] Copying ../build/puzzlebot_sim/puzzlebot_sim.egg-info to /home/ar0ck/TE3003B_Retos/install/puzzlebot_sim/lib/python3.10/site-packages/puzzlebot_sim-0.0.0-py3.10.egg-info
[0.866s] running install_scripts
[0.939s] writing list of installed files to '/home/ar0ck/TE3003B_Retos/build/puzzlebot_sim/install.log'
[0.955s] Invoked command in '/home/ar0ck/TE3003B_Retos/puzzlebot_sim' returned '0': PYTHONPATH=/home/ar0ck/TE3003B_Retos/build/puzzlebot_sim/prefix_override:/usr/lib/python3/dist-packages/colcon_core/task/python/colcon_distutils_commands:/home/ar0ck/TE3003B_Retos/install/puzzlebot_sim/lib/python3.10/site-packages:${PYTHONPATH} /usr/bin/python3 -W ignore:setup.py install is deprecated -W ignore:easy_install command is deprecated setup.py egg_info --egg-base ../build/puzzlebot_sim build --build-base /home/ar0ck/TE3003B_Retos/build/puzzlebot_sim/build install --record /home/ar0ck/TE3003B_Retos/build/puzzlebot_sim/install.log --single-version-externally-managed install_data
