[0.966s] Invoking command in '/home/ar0ck/ros2_ws_t3003/src/puzzlebot_description': PYTHONPATH=/home/ar0ck/ros2_ws_t3003/build/puzzlebot_description/prefix_override:/usr/lib/python3/dist-packages/colcon_core/task/python/colcon_distutils_commands:/home/ar0ck/ros2_ws_t3003/install/puzzlebot_description/lib/python3.10/site-packages:${PYTHONPATH} /usr/bin/python3 -W ignore:setup.py install is deprecated -W ignore:easy_install command is deprecated setup.py egg_info --egg-base ../../build/puzzlebot_description build --build-base /home/ar0ck/ros2_ws_t3003/build/puzzlebot_description/build install --record /home/ar0ck/ros2_ws_t3003/build/puzzlebot_description/install.log --single-version-externally-managed install_data
[1.105s] running egg_info
[1.113s] writing ../../build/puzzlebot_description/puzzlebot_description.egg-info/PKG-INFO
[1.114s] writing dependency_links to ../../build/puzzlebot_description/puzzlebot_description.egg-info/dependency_links.txt
[1.114s] writing entry points to ../../build/puzzlebot_description/puzzlebot_description.egg-info/entry_points.txt
[1.114s] writing requirements to ../../build/puzzlebot_description/puzzlebot_description.egg-info/requires.txt
[1.114s] writing top-level names to ../../build/puzzlebot_description/puzzlebot_description.egg-info/top_level.txt
[1.133s] reading manifest file '../../build/puzzlebot_description/puzzlebot_description.egg-info/SOURCES.txt'
[1.133s] adding license file 'LICENSE'
[1.134s] writing manifest file '../../build/puzzlebot_description/puzzlebot_description.egg-info/SOURCES.txt'
[1.134s] running build
[1.134s] running build_py
[1.134s] running install
[1.137s] running install_lib
[1.147s] running install_data
[1.147s] copying urdf/mcr2_control/gazebo_control.xacro -> /home/ar0ck/ros2_ws_t3003/install/puzzlebot_description/share/puzzlebot_description/urdf/mcr2_control
[1.147s] running install_egg_info
[1.158s] removing '/home/ar0ck/ros2_ws_t3003/install/puzzlebot_description/lib/python3.10/site-packages/puzzlebot_description-0.0.0-py3.10.egg-info' (and everything under it)
[1.159s] Copying ../../build/puzzlebot_description/puzzlebot_description.egg-info to /home/ar0ck/ros2_ws_t3003/install/puzzlebot_description/lib/python3.10/site-packages/puzzlebot_description-0.0.0-py3.10.egg-info
[1.159s] running install_scripts
[1.245s] Installing joint_state_publisher script to /home/ar0ck/ros2_ws_t3003/install/puzzlebot_description/lib/puzzlebot_description
[1.246s] writing list of installed files to '/home/ar0ck/ros2_ws_t3003/build/puzzlebot_description/install.log'
[1.268s] Invoked command in '/home/ar0ck/ros2_ws_t3003/src/puzzlebot_description' returned '0': PYTHONPATH=/home/ar0ck/ros2_ws_t3003/build/puzzlebot_description/prefix_override:/usr/lib/python3/dist-packages/colcon_core/task/python/colcon_distutils_commands:/home/ar0ck/ros2_ws_t3003/install/puzzlebot_description/lib/python3.10/site-packages:${PYTHONPATH} /usr/bin/python3 -W ignore:setup.py install is deprecated -W ignore:easy_install command is deprecated setup.py egg_info --egg-base ../../build/puzzlebot_description build --build-base /home/ar0ck/ros2_ws_t3003/build/puzzlebot_description/build install --record /home/ar0ck/ros2_ws_t3003/build/puzzlebot_description/install.log --single-version-externally-managed install_data
