[0.082s] DEBUG:colcon:Command line arguments: ['/usr/bin/colcon', 'build']
[0.082s] DEBUG:colcon:Parsed command line arguments: Namespace(log_base=None, log_level=None, verb_name='build', build_base='build', install_base='install', merge_install=False, symlink_install=False, test_result_base=None, continue_on_error=False, executor='parallel', parallel_workers=16, event_handlers=None, ignore_user_meta=False, metas=['./colcon.meta'], base_paths=['.'], packages_ignore=None, packages_ignore_regex=None, paths=None, packages_up_to=None, packages_up_to_regex=None, packages_above=None, packages_above_and_dependencies=None, packages_above_depth=None, packages_select_by_dep=None, packages_skip_by_dep=None, packages_skip_up_to=None, packages_select_build_failed=False, packages_skip_build_finished=False, packages_select_test_failures=False, packages_skip_test_passed=False, packages_select=None, packages_skip=None, packages_select_regex=None, packages_skip_regex=None, packages_start=None, packages_end=None, allow_overriding=[], cmake_args=None, cmake_target=None, cmake_target_skip_unavailable=False, cmake_clean_cache=False, cmake_clean_first=False, cmake_force_configure=False, ament_cmake_args=None, catkin_cmake_args=None, catkin_skip_building_tests=False, verb_parser=<colcon_defaults.argument_parser.defaults.DefaultArgumentsDecorator object at 0x7b1384a6b970>, verb_extension=<colcon_core.verb.build.BuildVerb object at 0x7b13851c5510>, main=<bound method BuildVerb.main of <colcon_core.verb.build.BuildVerb object at 0x7b13851c5510>>)
[0.111s] Level 1:colcon.colcon_core.package_discovery:discover_packages(colcon_meta) check parameters
[0.111s] Level 1:colcon.colcon_core.package_discovery:discover_packages(recursive) check parameters
[0.111s] Level 1:colcon.colcon_core.package_discovery:discover_packages(ignore) check parameters
[0.111s] Level 1:colcon.colcon_core.package_discovery:discover_packages(path) check parameters
[0.111s] Level 1:colcon.colcon_core.package_discovery:discover_packages(colcon_meta) discover
[0.111s] Level 1:colcon.colcon_core.package_discovery:discover_packages(recursive) discover
[0.111s] INFO:colcon.colcon_core.package_discovery:Crawling recursively for packages in '/home/ar0ck/ros2_ws_t3003'
[0.112s] Level 1:colcon.colcon_core.package_identification:_identify(.) by extensions ['ignore', 'ignore_ament_install']
[0.112s] Level 1:colcon.colcon_core.package_identification:_identify(.) by extension 'ignore'
[0.112s] Level 1:colcon.colcon_core.package_identification:_identify(.) by extension 'ignore_ament_install'
[0.112s] Level 1:colcon.colcon_core.package_identification:_identify(.) by extensions ['colcon_pkg']
[0.112s] Level 1:colcon.colcon_core.package_identification:_identify(.) by extension 'colcon_pkg'
[0.112s] Level 1:colcon.colcon_core.package_identification:_identify(.) by extensions ['colcon_meta']
[0.112s] Level 1:colcon.colcon_core.package_identification:_identify(.) by extension 'colcon_meta'
[0.112s] Level 1:colcon.colcon_core.package_identification:_identify(.) by extensions ['ros']
[0.112s] Level 1:colcon.colcon_core.package_identification:_identify(.) by extension 'ros'
[0.124s] Level 1:colcon.colcon_core.package_identification:_identify(.) by extensions ['cmake', 'python']
[0.124s] Level 1:colcon.colcon_core.package_identification:_identify(.) by extension 'cmake'
[0.124s] Level 1:colcon.colcon_core.package_identification:_identify(.) by extension 'python'
[0.124s] Level 1:colcon.colcon_core.package_identification:_identify(.) by extensions ['python_setup_py']
[0.124s] Level 1:colcon.colcon_core.package_identification:_identify(.) by extension 'python_setup_py'
[0.124s] Level 1:colcon.colcon_core.package_identification:_identify(build) by extensions ['ignore', 'ignore_ament_install']
[0.124s] Level 1:colcon.colcon_core.package_identification:_identify(build) by extension 'ignore'
[0.124s] Level 1:colcon.colcon_core.package_identification:_identify(build) ignored
[0.124s] Level 1:colcon.colcon_core.package_identification:_identify(install) by extensions ['ignore', 'ignore_ament_install']
[0.124s] Level 1:colcon.colcon_core.package_identification:_identify(install) by extension 'ignore'
[0.124s] Level 1:colcon.colcon_core.package_identification:_identify(install) ignored
[0.124s] Level 1:colcon.colcon_core.package_identification:_identify(log) by extensions ['ignore', 'ignore_ament_install']
[0.124s] Level 1:colcon.colcon_core.package_identification:_identify(log) by extension 'ignore'
[0.124s] Level 1:colcon.colcon_core.package_identification:_identify(log) ignored
[0.124s] Level 1:colcon.colcon_core.package_identification:_identify(src) by extensions ['ignore', 'ignore_ament_install']
[0.124s] Level 1:colcon.colcon_core.package_identification:_identify(src) by extension 'ignore'
[0.124s] Level 1:colcon.colcon_core.package_identification:_identify(src) by extension 'ignore_ament_install'
[0.125s] Level 1:colcon.colcon_core.package_identification:_identify(src) by extensions ['colcon_pkg']
[0.125s] Level 1:colcon.colcon_core.package_identification:_identify(src) by extension 'colcon_pkg'
[0.125s] Level 1:colcon.colcon_core.package_identification:_identify(src) by extensions ['colcon_meta']
[0.125s] Level 1:colcon.colcon_core.package_identification:_identify(src) by extension 'colcon_meta'
[0.125s] Level 1:colcon.colcon_core.package_identification:_identify(src) by extensions ['ros']
[0.125s] Level 1:colcon.colcon_core.package_identification:_identify(src) by extension 'ros'
[0.125s] Level 1:colcon.colcon_core.package_identification:_identify(src) by extensions ['cmake', 'python']
[0.125s] Level 1:colcon.colcon_core.package_identification:_identify(src) by extension 'cmake'
[0.125s] Level 1:colcon.colcon_core.package_identification:_identify(src) by extension 'python'
[0.125s] Level 1:colcon.colcon_core.package_identification:_identify(src) by extensions ['python_setup_py']
[0.125s] Level 1:colcon.colcon_core.package_identification:_identify(src) by extension 'python_setup_py'
[0.125s] Level 1:colcon.colcon_core.package_identification:_identify(src/puzzlebot_description) by extensions ['ignore', 'ignore_ament_install']
[0.125s] Level 1:colcon.colcon_core.package_identification:_identify(src/puzzlebot_description) by extension 'ignore'
[0.125s] Level 1:colcon.colcon_core.package_identification:_identify(src/puzzlebot_description) by extension 'ignore_ament_install'
[0.125s] Level 1:colcon.colcon_core.package_identification:_identify(src/puzzlebot_description) by extensions ['colcon_pkg']
[0.125s] Level 1:colcon.colcon_core.package_identification:_identify(src/puzzlebot_description) by extension 'colcon_pkg'
[0.125s] Level 1:colcon.colcon_core.package_identification:_identify(src/puzzlebot_description) by extensions ['colcon_meta']
[0.125s] Level 1:colcon.colcon_core.package_identification:_identify(src/puzzlebot_description) by extension 'colcon_meta'
[0.125s] Level 1:colcon.colcon_core.package_identification:_identify(src/puzzlebot_description) by extensions ['ros']
[0.125s] Level 1:colcon.colcon_core.package_identification:_identify(src/puzzlebot_description) by extension 'ros'
[0.127s] DEBUG:colcon.colcon_core.package_identification:Package 'src/puzzlebot_description' with type 'ros.ament_python' and name 'puzzlebot_description'
[0.127s] Level 1:colcon.colcon_core.package_identification:_identify(src/puzzlebot_gazebo) by extensions ['ignore', 'ignore_ament_install']
[0.128s] Level 1:colcon.colcon_core.package_identification:_identify(src/puzzlebot_gazebo) by extension 'ignore'
[0.128s] Level 1:colcon.colcon_core.package_identification:_identify(src/puzzlebot_gazebo) by extension 'ignore_ament_install'
[0.128s] Level 1:colcon.colcon_core.package_identification:_identify(src/puzzlebot_gazebo) by extensions ['colcon_pkg']
[0.128s] Level 1:colcon.colcon_core.package_identification:_identify(src/puzzlebot_gazebo) by extension 'colcon_pkg'
[0.128s] Level 1:colcon.colcon_core.package_identification:_identify(src/puzzlebot_gazebo) by extensions ['colcon_meta']
[0.128s] Level 1:colcon.colcon_core.package_identification:_identify(src/puzzlebot_gazebo) by extension 'colcon_meta'
[0.128s] Level 1:colcon.colcon_core.package_identification:_identify(src/puzzlebot_gazebo) by extensions ['ros']
[0.128s] Level 1:colcon.colcon_core.package_identification:_identify(src/puzzlebot_gazebo) by extension 'ros'
[0.129s] DEBUG:colcon.colcon_core.package_identification:Package 'src/puzzlebot_gazebo' with type 'ros.ament_python' and name 'puzzlebot_gazebo'
[0.129s] Level 1:colcon.colcon_core.package_identification:_identify(src/reto_sem_6) by extensions ['ignore', 'ignore_ament_install']
[0.129s] Level 1:colcon.colcon_core.package_identification:_identify(src/reto_sem_6) by extension 'ignore'
[0.129s] Level 1:colcon.colcon_core.package_identification:_identify(src/reto_sem_6) by extension 'ignore_ament_install'
[0.129s] Level 1:colcon.colcon_core.package_identification:_identify(src/reto_sem_6) by extensions ['colcon_pkg']
[0.129s] Level 1:colcon.colcon_core.package_identification:_identify(src/reto_sem_6) by extension 'colcon_pkg'
[0.129s] Level 1:colcon.colcon_core.package_identification:_identify(src/reto_sem_6) by extensions ['colcon_meta']
[0.129s] Level 1:colcon.colcon_core.package_identification:_identify(src/reto_sem_6) by extension 'colcon_meta'
[0.129s] Level 1:colcon.colcon_core.package_identification:_identify(src/reto_sem_6) by extensions ['ros']
[0.129s] Level 1:colcon.colcon_core.package_identification:_identify(src/reto_sem_6) by extension 'ros'
[0.130s] DEBUG:colcon.colcon_core.package_identification:Package 'src/reto_sem_6' with type 'ros.ament_python' and name 'reto_sem_6'
[0.130s] Level 1:colcon.colcon_core.package_discovery:discover_packages(recursive) using defaults
[0.130s] Level 1:colcon.colcon_core.package_discovery:discover_packages(ignore) discover
[0.130s] Level 1:colcon.colcon_core.package_discovery:discover_packages(ignore) using defaults
[0.130s] Level 1:colcon.colcon_core.package_discovery:discover_packages(path) discover
[0.130s] Level 1:colcon.colcon_core.package_discovery:discover_packages(path) using defaults
[0.146s] Level 1:colcon.colcon_core.package_discovery:discover_packages(prefix_path) check parameters
[0.146s] Level 1:colcon.colcon_core.package_discovery:discover_packages(prefix_path) discover
[0.147s] DEBUG:colcon.colcon_installed_package_information.package_discovery:Found 3 installed packages in /home/ar0ck/ros2_ws_t3003/install
[0.148s] DEBUG:colcon.colcon_installed_package_information.package_discovery:Found 287 installed packages in /opt/ros/humble
[0.149s] Level 1:colcon.colcon_core.package_discovery:discover_packages(prefix_path) using defaults
[0.178s] Level 5:colcon.colcon_core.verb:set package 'puzzlebot_description' build argument 'cmake_args' from command line to 'None'
[0.178s] Level 5:colcon.colcon_core.verb:set package 'puzzlebot_description' build argument 'cmake_target' from command line to 'None'
[0.178s] Level 5:colcon.colcon_core.verb:set package 'puzzlebot_description' build argument 'cmake_target_skip_unavailable' from command line to 'False'
[0.178s] Level 5:colcon.colcon_core.verb:set package 'puzzlebot_description' build argument 'cmake_clean_cache' from command line to 'False'
[0.178s] Level 5:colcon.colcon_core.verb:set package 'puzzlebot_description' build argument 'cmake_clean_first' from command line to 'False'
[0.178s] Level 5:colcon.colcon_core.verb:set package 'puzzlebot_description' build argument 'cmake_force_configure' from command line to 'False'
[0.178s] Level 5:colcon.colcon_core.verb:set package 'puzzlebot_description' build argument 'ament_cmake_args' from command line to 'None'
[0.178s] Level 5:colcon.colcon_core.verb:set package 'puzzlebot_description' build argument 'catkin_cmake_args' from command line to 'None'
[0.178s] Level 5:colcon.colcon_core.verb:set package 'puzzlebot_description' build argument 'catkin_skip_building_tests' from command line to 'False'
[0.178s] DEBUG:colcon.colcon_core.verb:Building package 'puzzlebot_description' with the following arguments: {'ament_cmake_args': None, 'build_base': '/home/ar0ck/ros2_ws_t3003/build/puzzlebot_description', 'catkin_cmake_args': None, 'catkin_skip_building_tests': False, 'cmake_args': None, 'cmake_clean_cache': False, 'cmake_clean_first': False, 'cmake_force_configure': False, 'cmake_target': None, 'cmake_target_skip_unavailable': False, 'install_base': '/home/ar0ck/ros2_ws_t3003/install/puzzlebot_description', 'merge_install': False, 'path': '/home/ar0ck/ros2_ws_t3003/src/puzzlebot_description', 'symlink_install': False, 'test_result_base': None}
[0.179s] Level 5:colcon.colcon_core.verb:set package 'puzzlebot_gazebo' build argument 'cmake_args' from command line to 'None'
[0.179s] Level 5:colcon.colcon_core.verb:set package 'puzzlebot_gazebo' build argument 'cmake_target' from command line to 'None'
[0.179s] Level 5:colcon.colcon_core.verb:set package 'puzzlebot_gazebo' build argument 'cmake_target_skip_unavailable' from command line to 'False'
[0.179s] Level 5:colcon.colcon_core.verb:set package 'puzzlebot_gazebo' build argument 'cmake_clean_cache' from command line to 'False'
[0.179s] Level 5:colcon.colcon_core.verb:set package 'puzzlebot_gazebo' build argument 'cmake_clean_first' from command line to 'False'
[0.179s] Level 5:colcon.colcon_core.verb:set package 'puzzlebot_gazebo' build argument 'cmake_force_configure' from command line to 'False'
[0.179s] Level 5:colcon.colcon_core.verb:set package 'puzzlebot_gazebo' build argument 'ament_cmake_args' from command line to 'None'
[0.179s] Level 5:colcon.colcon_core.verb:set package 'puzzlebot_gazebo' build argument 'catkin_cmake_args' from command line to 'None'
[0.179s] Level 5:colcon.colcon_core.verb:set package 'puzzlebot_gazebo' build argument 'catkin_skip_building_tests' from command line to 'False'
[0.179s] DEBUG:colcon.colcon_core.verb:Building package 'puzzlebot_gazebo' with the following arguments: {'ament_cmake_args': None, 'build_base': '/home/ar0ck/ros2_ws_t3003/build/puzzlebot_gazebo', 'catkin_cmake_args': None, 'catkin_skip_building_tests': False, 'cmake_args': None, 'cmake_clean_cache': False, 'cmake_clean_first': False, 'cmake_force_configure': False, 'cmake_target': None, 'cmake_target_skip_unavailable': False, 'install_base': '/home/ar0ck/ros2_ws_t3003/install/puzzlebot_gazebo', 'merge_install': False, 'path': '/home/ar0ck/ros2_ws_t3003/src/puzzlebot_gazebo', 'symlink_install': False, 'test_result_base': None}
[0.179s] Level 5:colcon.colcon_core.verb:set package 'reto_sem_6' build argument 'cmake_args' from command line to 'None'
[0.179s] Level 5:colcon.colcon_core.verb:set package 'reto_sem_6' build argument 'cmake_target' from command line to 'None'
[0.179s] Level 5:colcon.colcon_core.verb:set package 'reto_sem_6' build argument 'cmake_target_skip_unavailable' from command line to 'False'
[0.179s] Level 5:colcon.colcon_core.verb:set package 'reto_sem_6' build argument 'cmake_clean_cache' from command line to 'False'
[0.179s] Level 5:colcon.colcon_core.verb:set package 'reto_sem_6' build argument 'cmake_clean_first' from command line to 'False'
[0.179s] Level 5:colcon.colcon_core.verb:set package 'reto_sem_6' build argument 'cmake_force_configure' from command line to 'False'
[0.179s] Level 5:colcon.colcon_core.verb:set package 'reto_sem_6' build argument 'ament_cmake_args' from command line to 'None'
[0.179s] Level 5:colcon.colcon_core.verb:set package 'reto_sem_6' build argument 'catkin_cmake_args' from command line to 'None'
[0.179s] Level 5:colcon.colcon_core.verb:set package 'reto_sem_6' build argument 'catkin_skip_building_tests' from command line to 'False'
[0.179s] DEBUG:colcon.colcon_core.verb:Building package 'reto_sem_6' with the following arguments: {'ament_cmake_args': None, 'build_base': '/home/ar0ck/ros2_ws_t3003/build/reto_sem_6', 'catkin_cmake_args': None, 'catkin_skip_building_tests': False, 'cmake_args': None, 'cmake_clean_cache': False, 'cmake_clean_first': False, 'cmake_force_configure': False, 'cmake_target': None, 'cmake_target_skip_unavailable': False, 'install_base': '/home/ar0ck/ros2_ws_t3003/install/reto_sem_6', 'merge_install': False, 'path': '/home/ar0ck/ros2_ws_t3003/src/reto_sem_6', 'symlink_install': False, 'test_result_base': None}
[0.179s] INFO:colcon.colcon_core.executor:Executing jobs using 'parallel' executor
[0.180s] DEBUG:colcon.colcon_parallel_executor.executor.parallel:run_until_complete
[0.180s] INFO:colcon.colcon_ros.task.ament_python.build:Building ROS package in '/home/ar0ck/ros2_ws_t3003/src/puzzlebot_description' with build type 'ament_python'
[0.181s] Level 1:colcon.colcon_core.shell:create_environment_hook('puzzlebot_description', 'ament_prefix_path')
[0.182s] INFO:colcon.colcon_core.plugin_system:Skipping extension 'colcon_core.shell.bat': Not used on non-Windows systems
[0.182s] INFO:colcon.colcon_core.shell:Creating environment hook '/home/ar0ck/ros2_ws_t3003/install/puzzlebot_description/share/puzzlebot_description/hook/ament_prefix_path.ps1'
[0.183s] INFO:colcon.colcon_core.shell:Creating environment descriptor '/home/ar0ck/ros2_ws_t3003/install/puzzlebot_description/share/puzzlebot_description/hook/ament_prefix_path.dsv'
[0.183s] INFO:colcon.colcon_core.shell:Creating environment hook '/home/ar0ck/ros2_ws_t3003/install/puzzlebot_description/share/puzzlebot_description/hook/ament_prefix_path.sh'
[0.184s] INFO:colcon.colcon_core.shell:Skip shell extension 'powershell' for command environment: Not usable outside of PowerShell
[0.184s] DEBUG:colcon.colcon_core.shell:Skip shell extension 'dsv' for command environment
[0.187s] INFO:colcon.colcon_ros.task.ament_python.build:Building ROS package in '/home/ar0ck/ros2_ws_t3003/src/puzzlebot_gazebo' with build type 'ament_python'
[0.187s] Level 1:colcon.colcon_core.shell:create_environment_hook('puzzlebot_gazebo', 'ament_prefix_path')
[0.188s] INFO:colcon.colcon_core.shell:Creating environment hook '/home/ar0ck/ros2_ws_t3003/install/puzzlebot_gazebo/share/puzzlebot_gazebo/hook/ament_prefix_path.ps1'
[0.188s] INFO:colcon.colcon_core.shell:Creating environment descriptor '/home/ar0ck/ros2_ws_t3003/install/puzzlebot_gazebo/share/puzzlebot_gazebo/hook/ament_prefix_path.dsv'
[0.188s] INFO:colcon.colcon_core.shell:Creating environment hook '/home/ar0ck/ros2_ws_t3003/install/puzzlebot_gazebo/share/puzzlebot_gazebo/hook/ament_prefix_path.sh'
[0.189s] INFO:colcon.colcon_core.shell:Skip shell extension 'powershell' for command environment: Not usable outside of PowerShell
[0.189s] DEBUG:colcon.colcon_core.shell:Skip shell extension 'dsv' for command environment
[0.192s] INFO:colcon.colcon_ros.task.ament_python.build:Building ROS package in '/home/ar0ck/ros2_ws_t3003/src/reto_sem_6' with build type 'ament_python'
[0.192s] Level 1:colcon.colcon_core.shell:create_environment_hook('reto_sem_6', 'ament_prefix_path')
[0.192s] INFO:colcon.colcon_core.shell:Creating environment hook '/home/ar0ck/ros2_ws_t3003/install/reto_sem_6/share/reto_sem_6/hook/ament_prefix_path.ps1'
[0.192s] INFO:colcon.colcon_core.shell:Creating environment descriptor '/home/ar0ck/ros2_ws_t3003/install/reto_sem_6/share/reto_sem_6/hook/ament_prefix_path.dsv'
[0.193s] INFO:colcon.colcon_core.shell:Creating environment hook '/home/ar0ck/ros2_ws_t3003/install/reto_sem_6/share/reto_sem_6/hook/ament_prefix_path.sh'
[0.193s] INFO:colcon.colcon_core.shell:Skip shell extension 'powershell' for command environment: Not usable outside of PowerShell
[0.193s] DEBUG:colcon.colcon_core.shell:Skip shell extension 'dsv' for command environment
[0.365s] INFO:colcon.colcon_core.task.python.build:Building Python package in '/home/ar0ck/ros2_ws_t3003/src/puzzlebot_description'
[0.365s] INFO:colcon.colcon_core.shell:Skip shell extension 'powershell' for command environment: Not usable outside of PowerShell
[0.365s] DEBUG:colcon.colcon_core.shell:Skip shell extension 'dsv' for command environment
[0.544s] INFO:colcon.colcon_core.task.python.build:Building Python package in '/home/ar0ck/ros2_ws_t3003/src/puzzlebot_gazebo'
[0.545s] INFO:colcon.colcon_core.shell:Skip shell extension 'powershell' for command environment: Not usable outside of PowerShell
[0.545s] DEBUG:colcon.colcon_core.shell:Skip shell extension 'dsv' for command environment
[0.727s] INFO:colcon.colcon_core.task.python.build:Building Python package in '/home/ar0ck/ros2_ws_t3003/src/reto_sem_6'
[0.728s] INFO:colcon.colcon_core.shell:Skip shell extension 'powershell' for command environment: Not usable outside of PowerShell
[0.728s] DEBUG:colcon.colcon_core.shell:Skip shell extension 'dsv' for command environment
[1.129s] DEBUG:colcon.colcon_core.event_handler.log_command:Invoking command in '/home/ar0ck/ros2_ws_t3003/src/puzzlebot_description': PYTHONPATH=/home/ar0ck/ros2_ws_t3003/build/puzzlebot_description/prefix_override:/usr/lib/python3/dist-packages/colcon_core/task/python/colcon_distutils_commands:/home/ar0ck/ros2_ws_t3003/install/puzzlebot_description/lib/python3.10/site-packages:${PYTHONPATH} /usr/bin/python3 -W ignore:setup.py install is deprecated -W ignore:easy_install command is deprecated setup.py egg_info --egg-base ../../build/puzzlebot_description build --build-base /home/ar0ck/ros2_ws_t3003/build/puzzlebot_description/build install --record /home/ar0ck/ros2_ws_t3003/build/puzzlebot_description/install.log --single-version-externally-managed install_data
[1.135s] DEBUG:colcon.colcon_core.event_handler.log_command:Invoking command in '/home/ar0ck/ros2_ws_t3003/src/reto_sem_6': PYTHONPATH=/home/ar0ck/ros2_ws_t3003/build/reto_sem_6/prefix_override:/usr/lib/python3/dist-packages/colcon_core/task/python/colcon_distutils_commands:/home/ar0ck/ros2_ws_t3003/install/reto_sem_6/lib/python3.10/site-packages:${PYTHONPATH} /usr/bin/python3 -W ignore:setup.py install is deprecated -W ignore:easy_install command is deprecated setup.py egg_info --egg-base ../../build/reto_sem_6 build --build-base /home/ar0ck/ros2_ws_t3003/build/reto_sem_6/build install --record /home/ar0ck/ros2_ws_t3003/build/reto_sem_6/install.log --single-version-externally-managed install_data
[1.144s] DEBUG:colcon.colcon_core.event_handler.log_command:Invoking command in '/home/ar0ck/ros2_ws_t3003/src/puzzlebot_gazebo': PYTHONPATH=/home/ar0ck/ros2_ws_t3003/build/puzzlebot_gazebo/prefix_override:/usr/lib/python3/dist-packages/colcon_core/task/python/colcon_distutils_commands:/home/ar0ck/ros2_ws_t3003/install/puzzlebot_gazebo/lib/python3.10/site-packages:${PYTHONPATH} /usr/bin/python3 -W ignore:setup.py install is deprecated -W ignore:easy_install command is deprecated setup.py egg_info --egg-base ../../build/puzzlebot_gazebo build --build-base /home/ar0ck/ros2_ws_t3003/build/puzzlebot_gazebo/build install --record /home/ar0ck/ros2_ws_t3003/build/puzzlebot_gazebo/install.log --single-version-externally-managed install_data
[1.434s] DEBUG:colcon.colcon_core.event_handler.log_command:Invoked command in '/home/ar0ck/ros2_ws_t3003/src/puzzlebot_description' returned '0': PYTHONPATH=/home/ar0ck/ros2_ws_t3003/build/puzzlebot_description/prefix_override:/usr/lib/python3/dist-packages/colcon_core/task/python/colcon_distutils_commands:/home/ar0ck/ros2_ws_t3003/install/puzzlebot_description/lib/python3.10/site-packages:${PYTHONPATH} /usr/bin/python3 -W ignore:setup.py install is deprecated -W ignore:easy_install command is deprecated setup.py egg_info --egg-base ../../build/puzzlebot_description build --build-base /home/ar0ck/ros2_ws_t3003/build/puzzlebot_description/build install --record /home/ar0ck/ros2_ws_t3003/build/puzzlebot_description/install.log --single-version-externally-managed install_data
[1.436s] Level 1:colcon.colcon_core.environment:checking '/home/ar0ck/ros2_ws_t3003/install/puzzlebot_description' for CMake module files
[1.436s] Level 1:colcon.colcon_core.environment:checking '/home/ar0ck/ros2_ws_t3003/install/puzzlebot_description' for CMake config files
[1.436s] Level 1:colcon.colcon_core.environment:checking '/home/ar0ck/ros2_ws_t3003/install/puzzlebot_description/lib'
[1.437s] Level 1:colcon.colcon_core.environment:checking '/home/ar0ck/ros2_ws_t3003/install/puzzlebot_description/bin'
[1.437s] Level 1:colcon.colcon_core.environment:checking '/home/ar0ck/ros2_ws_t3003/install/puzzlebot_description/lib/pkgconfig/puzzlebot_description.pc'
[1.437s] Level 1:colcon.colcon_core.environment:checking '/home/ar0ck/ros2_ws_t3003/install/puzzlebot_description/lib/python3.10/site-packages'
[1.437s] Level 1:colcon.colcon_core.shell:create_environment_hook('puzzlebot_description', 'pythonpath')
[1.437s] INFO:colcon.colcon_core.shell:Creating environment hook '/home/ar0ck/ros2_ws_t3003/install/puzzlebot_description/share/puzzlebot_description/hook/pythonpath.ps1'
[1.437s] INFO:colcon.colcon_core.shell:Creating environment descriptor '/home/ar0ck/ros2_ws_t3003/install/puzzlebot_description/share/puzzlebot_description/hook/pythonpath.dsv'
[1.438s] INFO:colcon.colcon_core.shell:Creating environment hook '/home/ar0ck/ros2_ws_t3003/install/puzzlebot_description/share/puzzlebot_description/hook/pythonpath.sh'
[1.438s] Level 1:colcon.colcon_core.environment:checking '/home/ar0ck/ros2_ws_t3003/install/puzzlebot_description/bin'
[1.438s] Level 1:colcon.colcon_core.environment:create_environment_scripts_only(puzzlebot_description)
[1.438s] INFO:colcon.colcon_core.shell:Creating package script '/home/ar0ck/ros2_ws_t3003/install/puzzlebot_description/share/puzzlebot_description/package.ps1'
[1.438s] INFO:colcon.colcon_core.shell:Creating package descriptor '/home/ar0ck/ros2_ws_t3003/install/puzzlebot_description/share/puzzlebot_description/package.dsv'
[1.439s] INFO:colcon.colcon_core.shell:Creating package script '/home/ar0ck/ros2_ws_t3003/install/puzzlebot_description/share/puzzlebot_description/package.sh'
[1.440s] INFO:colcon.colcon_core.shell:Creating package script '/home/ar0ck/ros2_ws_t3003/install/puzzlebot_description/share/puzzlebot_description/package.bash'
[1.441s] INFO:colcon.colcon_core.shell:Creating package script '/home/ar0ck/ros2_ws_t3003/install/puzzlebot_description/share/puzzlebot_description/package.zsh'
[1.441s] Level 1:colcon.colcon_core.environment:create_file_with_runtime_dependencies(/home/ar0ck/ros2_ws_t3003/install/puzzlebot_description/share/colcon-core/packages/puzzlebot_description)
[1.576s] Level 1:colcon.colcon_core.environment:checking '/home/ar0ck/ros2_ws_t3003/install/reto_sem_6' for CMake module files
[1.577s] DEBUG:colcon.colcon_core.event_handler.log_command:Invoked command in '/home/ar0ck/ros2_ws_t3003/src/reto_sem_6' returned '0': PYTHONPATH=/home/ar0ck/ros2_ws_t3003/build/reto_sem_6/prefix_override:/usr/lib/python3/dist-packages/colcon_core/task/python/colcon_distutils_commands:/home/ar0ck/ros2_ws_t3003/install/reto_sem_6/lib/python3.10/site-packages:${PYTHONPATH} /usr/bin/python3 -W ignore:setup.py install is deprecated -W ignore:easy_install command is deprecated setup.py egg_info --egg-base ../../build/reto_sem_6 build --build-base /home/ar0ck/ros2_ws_t3003/build/reto_sem_6/build install --record /home/ar0ck/ros2_ws_t3003/build/reto_sem_6/install.log --single-version-externally-managed install_data
[1.577s] Level 1:colcon.colcon_core.environment:checking '/home/ar0ck/ros2_ws_t3003/install/reto_sem_6' for CMake config files
[1.579s] Level 1:colcon.colcon_core.environment:checking '/home/ar0ck/ros2_ws_t3003/install/reto_sem_6/lib'
[1.579s] Level 1:colcon.colcon_core.environment:checking '/home/ar0ck/ros2_ws_t3003/install/reto_sem_6/bin'
[1.579s] Level 1:colcon.colcon_core.environment:checking '/home/ar0ck/ros2_ws_t3003/install/reto_sem_6/lib/pkgconfig/reto_sem_6.pc'
[1.579s] Level 1:colcon.colcon_core.environment:checking '/home/ar0ck/ros2_ws_t3003/install/reto_sem_6/lib/python3.10/site-packages'
[1.579s] Level 1:colcon.colcon_core.shell:create_environment_hook('reto_sem_6', 'pythonpath')
[1.579s] INFO:colcon.colcon_core.shell:Creating environment hook '/home/ar0ck/ros2_ws_t3003/install/reto_sem_6/share/reto_sem_6/hook/pythonpath.ps1'
[1.579s] INFO:colcon.colcon_core.shell:Creating environment descriptor '/home/ar0ck/ros2_ws_t3003/install/reto_sem_6/share/reto_sem_6/hook/pythonpath.dsv'
[1.580s] INFO:colcon.colcon_core.shell:Creating environment hook '/home/ar0ck/ros2_ws_t3003/install/reto_sem_6/share/reto_sem_6/hook/pythonpath.sh'
[1.580s] Level 1:colcon.colcon_core.environment:checking '/home/ar0ck/ros2_ws_t3003/install/reto_sem_6/bin'
[1.580s] Level 1:colcon.colcon_core.environment:create_environment_scripts_only(reto_sem_6)
[1.580s] INFO:colcon.colcon_core.shell:Creating package script '/home/ar0ck/ros2_ws_t3003/install/reto_sem_6/share/reto_sem_6/package.ps1'
[1.580s] INFO:colcon.colcon_core.shell:Creating package descriptor '/home/ar0ck/ros2_ws_t3003/install/reto_sem_6/share/reto_sem_6/package.dsv'
[1.581s] INFO:colcon.colcon_core.shell:Creating package script '/home/ar0ck/ros2_ws_t3003/install/reto_sem_6/share/reto_sem_6/package.sh'
[1.581s] INFO:colcon.colcon_core.shell:Creating package script '/home/ar0ck/ros2_ws_t3003/install/reto_sem_6/share/reto_sem_6/package.bash'
[1.581s] INFO:colcon.colcon_core.shell:Creating package script '/home/ar0ck/ros2_ws_t3003/install/reto_sem_6/share/reto_sem_6/package.zsh'
[1.582s] Level 1:colcon.colcon_core.environment:create_file_with_runtime_dependencies(/home/ar0ck/ros2_ws_t3003/install/reto_sem_6/share/colcon-core/packages/reto_sem_6)
[1.582s] Level 1:colcon.colcon_core.environment:checking '/home/ar0ck/ros2_ws_t3003/install/puzzlebot_gazebo' for CMake module files
[1.583s] Level 1:colcon.colcon_core.environment:checking '/home/ar0ck/ros2_ws_t3003/install/puzzlebot_gazebo' for CMake config files
[1.583s] DEBUG:colcon.colcon_core.event_handler.log_command:Invoked command in '/home/ar0ck/ros2_ws_t3003/src/puzzlebot_gazebo' returned '0': PYTHONPATH=/home/ar0ck/ros2_ws_t3003/build/puzzlebot_gazebo/prefix_override:/usr/lib/python3/dist-packages/colcon_core/task/python/colcon_distutils_commands:/home/ar0ck/ros2_ws_t3003/install/puzzlebot_gazebo/lib/python3.10/site-packages:${PYTHONPATH} /usr/bin/python3 -W ignore:setup.py install is deprecated -W ignore:easy_install command is deprecated setup.py egg_info --egg-base ../../build/puzzlebot_gazebo build --build-base /home/ar0ck/ros2_ws_t3003/build/puzzlebot_gazebo/build install --record /home/ar0ck/ros2_ws_t3003/build/puzzlebot_gazebo/install.log --single-version-externally-managed install_data
[1.585s] Level 1:colcon.colcon_core.environment:checking '/home/ar0ck/ros2_ws_t3003/install/puzzlebot_gazebo/lib'
[1.585s] Level 1:colcon.colcon_core.environment:checking '/home/ar0ck/ros2_ws_t3003/install/puzzlebot_gazebo/bin'
[1.585s] Level 1:colcon.colcon_core.environment:checking '/home/ar0ck/ros2_ws_t3003/install/puzzlebot_gazebo/lib/pkgconfig/puzzlebot_gazebo.pc'
[1.585s] Level 1:colcon.colcon_core.environment:checking '/home/ar0ck/ros2_ws_t3003/install/puzzlebot_gazebo/lib/python3.10/site-packages'
[1.585s] Level 1:colcon.colcon_core.shell:create_environment_hook('puzzlebot_gazebo', 'pythonpath')
[1.586s] INFO:colcon.colcon_core.shell:Creating environment hook '/home/ar0ck/ros2_ws_t3003/install/puzzlebot_gazebo/share/puzzlebot_gazebo/hook/pythonpath.ps1'
[1.586s] INFO:colcon.colcon_core.shell:Creating environment descriptor '/home/ar0ck/ros2_ws_t3003/install/puzzlebot_gazebo/share/puzzlebot_gazebo/hook/pythonpath.dsv'
[1.586s] INFO:colcon.colcon_core.shell:Creating environment hook '/home/ar0ck/ros2_ws_t3003/install/puzzlebot_gazebo/share/puzzlebot_gazebo/hook/pythonpath.sh'
[1.586s] Level 1:colcon.colcon_core.environment:checking '/home/ar0ck/ros2_ws_t3003/install/puzzlebot_gazebo/bin'
[1.586s] Level 1:colcon.colcon_core.environment:create_environment_scripts_only(puzzlebot_gazebo)
[1.586s] INFO:colcon.colcon_core.shell:Creating package script '/home/ar0ck/ros2_ws_t3003/install/puzzlebot_gazebo/share/puzzlebot_gazebo/package.ps1'
[1.587s] INFO:colcon.colcon_core.shell:Creating package descriptor '/home/ar0ck/ros2_ws_t3003/install/puzzlebot_gazebo/share/puzzlebot_gazebo/package.dsv'
[1.587s] INFO:colcon.colcon_core.shell:Creating package script '/home/ar0ck/ros2_ws_t3003/install/puzzlebot_gazebo/share/puzzlebot_gazebo/package.sh'
[1.587s] INFO:colcon.colcon_core.shell:Creating package script '/home/ar0ck/ros2_ws_t3003/install/puzzlebot_gazebo/share/puzzlebot_gazebo/package.bash'
[1.587s] INFO:colcon.colcon_core.shell:Creating package script '/home/ar0ck/ros2_ws_t3003/install/puzzlebot_gazebo/share/puzzlebot_gazebo/package.zsh'
[1.587s] Level 1:colcon.colcon_core.environment:create_file_with_runtime_dependencies(/home/ar0ck/ros2_ws_t3003/install/puzzlebot_gazebo/share/colcon-core/packages/puzzlebot_gazebo)
[1.588s] DEBUG:colcon.colcon_parallel_executor.executor.parallel:closing loop
[1.588s] DEBUG:colcon.colcon_parallel_executor.executor.parallel:loop closed
[1.588s] DEBUG:colcon.colcon_parallel_executor.executor.parallel:run_until_complete finished with '0'
[1.588s] DEBUG:colcon.colcon_core.event_reactor:joining thread
[1.592s] INFO:colcon.colcon_core.plugin_system:Skipping extension 'colcon_notification.desktop_notification.terminal_notifier': Not used on non-Darwin systems
[1.592s] INFO:colcon.colcon_core.plugin_system:Skipping extension 'colcon_notification.desktop_notification.win32': Not used on non-Windows systems
[1.592s] INFO:colcon.colcon_notification.desktop_notification:Sending desktop notification using 'notify2'
[1.598s] DEBUG:colcon.colcon_core.event_reactor:joined thread
[1.599s] INFO:colcon.colcon_core.shell:Creating prefix script '/home/ar0ck/ros2_ws_t3003/install/local_setup.ps1'
[1.599s] INFO:colcon.colcon_core.shell:Creating prefix util module '/home/ar0ck/ros2_ws_t3003/install/_local_setup_util_ps1.py'
[1.600s] INFO:colcon.colcon_core.shell:Creating prefix chain script '/home/ar0ck/ros2_ws_t3003/install/setup.ps1'
[1.600s] INFO:colcon.colcon_core.shell:Creating prefix script '/home/ar0ck/ros2_ws_t3003/install/local_setup.sh'
[1.601s] INFO:colcon.colcon_core.shell:Creating prefix util module '/home/ar0ck/ros2_ws_t3003/install/_local_setup_util_sh.py'
[1.601s] INFO:colcon.colcon_core.shell:Creating prefix chain script '/home/ar0ck/ros2_ws_t3003/install/setup.sh'
[1.601s] INFO:colcon.colcon_core.shell:Creating prefix script '/home/ar0ck/ros2_ws_t3003/install/local_setup.bash'
[1.609s] INFO:colcon.colcon_core.shell:Creating prefix chain script '/home/ar0ck/ros2_ws_t3003/install/setup.bash'
[1.609s] INFO:colcon.colcon_core.shell:Creating prefix script '/home/ar0ck/ros2_ws_t3003/install/local_setup.zsh'
[1.610s] INFO:colcon.colcon_core.shell:Creating prefix chain script '/home/ar0ck/ros2_ws_t3003/install/setup.zsh'
