[0.644s] Invoking command in '/home/ar0ck/TE3003B_Retos': PYTHONPATH=/home/ar0ck/TE3003B_Retos/build/reto_sem_5/prefix_override:/usr/lib/python3/dist-packages/colcon_core/task/python/colcon_distutils_commands:/home/ar0ck/TE3003B_Retos/install/reto_sem_5/lib/python3.10/site-packages:${PYTHONPATH} /usr/bin/python3 -W ignore:setup.py install is deprecated -W ignore:easy_install command is deprecated setup.py egg_info --egg-base build/reto_sem_5 build --build-base /home/ar0ck/TE3003B_Retos/build/reto_sem_5/build install --record /home/ar0ck/TE3003B_Retos/build/reto_sem_5/install.log --single-version-externally-managed install_data
[0.823s] running egg_info
[0.831s] writing build/reto_sem_5/reto_sem_5.egg-info/PKG-INFO
[0.831s] writing dependency_links to build/reto_sem_5/reto_sem_5.egg-info/dependency_links.txt
[0.831s] writing entry points to build/reto_sem_5/reto_sem_5.egg-info/entry_points.txt
[0.831s] writing requirements to build/reto_sem_5/reto_sem_5.egg-info/requires.txt
[0.831s] writing top-level names to build/reto_sem_5/reto_sem_5.egg-info/top_level.txt
[0.849s] reading manifest file 'build/reto_sem_5/reto_sem_5.egg-info/SOURCES.txt'
[0.849s] adding license file 'LICENSE'
[0.849s] writing manifest file 'build/reto_sem_5/reto_sem_5.egg-info/SOURCES.txt'
[0.849s] running build
[0.849s] running build_py
[0.849s] copying reto_sem_5/puzzlebot_sim.py -> /home/ar0ck/TE3003B_Retos/build/reto_sem_5/build/lib/reto_sem_5
[0.849s] copying reto_sem_5/__init__.py -> /home/ar0ck/TE3003B_Retos/build/reto_sem_5/build/lib/reto_sem_5
[0.849s] copying reto_sem_5/odom.py -> /home/ar0ck/TE3003B_Retos/build/reto_sem_5/build/lib/reto_sem_5
[0.850s] copying reto_sem_5/control.py -> /home/ar0ck/TE3003B_Retos/build/reto_sem_5/build/lib/reto_sem_5
[0.850s] copying reto_sem_5/puzzle_bot.py -> /home/ar0ck/TE3003B_Retos/build/reto_sem_5/build/lib/reto_sem_5
[0.850s] running install
[0.852s] running install_lib
[0.861s] running install_data
[0.862s] copying resource/reto_sem_5 -> /home/ar0ck/TE3003B_Retos/install/reto_sem_5/share/ament_index/resource_index/packages
[0.862s] copying package.xml -> /home/ar0ck/TE3003B_Retos/install/reto_sem_5/share/reto_sem_5
[0.862s] copying launch/puzzlebot_launch.py -> /home/ar0ck/TE3003B_Retos/install/reto_sem_5/share/reto_sem_5/launch
[0.862s] copying rviz/config.rviz -> /home/ar0ck/TE3003B_Retos/install/reto_sem_5/share/reto_sem_5/rviz
[0.862s] copying rviz/puzzlebot.rviz -> /home/ar0ck/TE3003B_Retos/install/reto_sem_5/share/reto_sem_5/rviz
[0.862s] copying meshes/Puzzlebot_Caster_Wheel.stl -> /home/ar0ck/TE3003B_Retos/install/reto_sem_5/share/reto_sem_5/meshes
[0.862s] copying meshes/Puzzlebot_Jetson_Lidar_Edition_Base.stl -> /home/ar0ck/TE3003B_Retos/install/reto_sem_5/share/reto_sem_5/meshes
[0.862s] copying meshes/Puzzlebot_Wheel.stl -> /home/ar0ck/TE3003B_Retos/install/reto_sem_5/share/reto_sem_5/meshes
[0.862s] copying urdf/puzzle_bot.urdf -> /home/ar0ck/TE3003B_Retos/install/reto_sem_5/share/reto_sem_5/urdf
[0.862s] running install_egg_info
[0.872s] removing '/home/ar0ck/TE3003B_Retos/install/reto_sem_5/lib/python3.10/site-packages/reto_sem_5-0.0.0-py3.10.egg-info' (and everything under it)
[0.872s] Copying build/reto_sem_5/reto_sem_5.egg-info to /home/ar0ck/TE3003B_Retos/install/reto_sem_5/lib/python3.10/site-packages/reto_sem_5-0.0.0-py3.10.egg-info
[0.872s] running install_scripts
[0.945s] Installing control script to /home/ar0ck/TE3003B_Retos/install/reto_sem_5/lib/reto_sem_5
[0.946s] Installing puzzle_bot script to /home/ar0ck/TE3003B_Retos/install/reto_sem_5/lib/reto_sem_5
[0.946s] Installing puzzlebot_sim script to /home/ar0ck/TE3003B_Retos/install/reto_sem_5/lib/reto_sem_5
[0.946s] writing list of installed files to '/home/ar0ck/TE3003B_Retos/build/reto_sem_5/install.log'
[0.961s] Invoked command in '/home/ar0ck/TE3003B_Retos' returned '0': PYTHONPATH=/home/ar0ck/TE3003B_Retos/build/reto_sem_5/prefix_override:/usr/lib/python3/dist-packages/colcon_core/task/python/colcon_distutils_commands:/home/ar0ck/TE3003B_Retos/install/reto_sem_5/lib/python3.10/site-packages:${PYTHONPATH} /usr/bin/python3 -W ignore:setup.py install is deprecated -W ignore:easy_install command is deprecated setup.py egg_info --egg-base build/reto_sem_5 build --build-base /home/ar0ck/TE3003B_Retos/build/reto_sem_5/build install --record /home/ar0ck/TE3003B_Retos/build/reto_sem_5/install.log --single-version-externally-managed install_data
