[0.628s] Invoking command in '/home/ar0ck/TE3003B_Retos/puzzlebot_sim': PYTHONPATH=/home/ar0ck/TE3003B_Retos/build/puzzlebot_sim/prefix_override:/usr/lib/python3/dist-packages/colcon_core/task/python/colcon_distutils_commands:/home/ar0ck/TE3003B_Retos/install/puzzlebot_sim/lib/python3.10/site-packages:${PYTHONPATH} /usr/bin/python3 -W ignore:setup.py install is deprecated -W ignore:easy_install command is deprecated setup.py egg_info --egg-base ../build/puzzlebot_sim build --build-base /home/ar0ck/TE3003B_Retos/build/puzzlebot_sim/build install --record /home/ar0ck/TE3003B_Retos/build/puzzlebot_sim/install.log --single-version-externally-managed install_data
[0.799s] running egg_info
[0.807s] writing ../build/puzzlebot_sim/puzzlebot_sim.egg-info/PKG-INFO
[0.807s] writing dependency_links to ../build/puzzlebot_sim/puzzlebot_sim.egg-info/dependency_links.txt
[0.808s] writing requirements to ../build/puzzlebot_sim/puzzlebot_sim.egg-info/requires.txt
[0.808s] writing top-level names to ../build/puzzlebot_sim/puzzlebot_sim.egg-info/top_level.txt
[0.824s] reading manifest file '../build/puzzlebot_sim/puzzlebot_sim.egg-info/SOURCES.txt'
[0.824s] writing manifest file '../build/puzzlebot_sim/puzzlebot_sim.egg-info/SOURCES.txt'
[0.825s] running build
[0.825s] running build_py
[0.825s] copying puzzlebot_sim/__init__.py -> /home/ar0ck/TE3003B_Retos/build/puzzlebot_sim/build/lib/puzzlebot_sim
[0.825s] running install
[0.827s] running install_lib
[0.836s] running install_data
[0.836s] copying resource/puzzlebot_sim -> /home/ar0ck/TE3003B_Retos/install/puzzlebot_sim/share/ament_index/resource_index/packages
[0.836s] copying package.xml -> /home/ar0ck/TE3003B_Retos/install/puzzlebot_sim/share/puzzlebot_sim
[0.837s] running install_egg_info
[0.845s] removing '/home/ar0ck/TE3003B_Retos/install/puzzlebot_sim/lib/python3.10/site-packages/puzzlebot_sim-0.0.0-py3.10.egg-info' (and everything under it)
[0.846s] Copying ../build/puzzlebot_sim/puzzlebot_sim.egg-info to /home/ar0ck/TE3003B_Retos/install/puzzlebot_sim/lib/python3.10/site-packages/puzzlebot_sim-0.0.0-py3.10.egg-info
[0.846s] running install_scripts
[0.917s] writing list of installed files to '/home/ar0ck/TE3003B_Retos/build/puzzlebot_sim/install.log'
[0.933s] Invoked command in '/home/ar0ck/TE3003B_Retos/puzzlebot_sim' returned '0': PYTHONPATH=/home/ar0ck/TE3003B_Retos/build/puzzlebot_sim/prefix_override:/usr/lib/python3/dist-packages/colcon_core/task/python/colcon_distutils_commands:/home/ar0ck/TE3003B_Retos/install/puzzlebot_sim/lib/python3.10/site-packages:${PYTHONPATH} /usr/bin/python3 -W ignore:setup.py install is deprecated -W ignore:easy_install command is deprecated setup.py egg_info --egg-base ../build/puzzlebot_sim build --build-base /home/ar0ck/TE3003B_Retos/build/puzzlebot_sim/build install --record /home/ar0ck/TE3003B_Retos/build/puzzlebot_sim/install.log --single-version-externally-managed install_data
