running egg_info
writing build/reto_sem_5/reto_sem_5.egg-info/PKG-INFO
writing dependency_links to build/reto_sem_5/reto_sem_5.egg-info/dependency_links.txt
writing entry points to build/reto_sem_5/reto_sem_5.egg-info/entry_points.txt
writing requirements to build/reto_sem_5/reto_sem_5.egg-info/requires.txt
writing top-level names to build/reto_sem_5/reto_sem_5.egg-info/top_level.txt
reading manifest file 'build/reto_sem_5/reto_sem_5.egg-info/SOURCES.txt'
adding license file 'LICENSE'
writing manifest file 'build/reto_sem_5/reto_sem_5.egg-info/SOURCES.txt'
running build
running build_py
copying reto_sem_5/puzzlebot_sim.py -> /home/ar0ck/TE3003B_Retos/build/reto_sem_5/build/lib/reto_sem_5
copying reto_sem_5/__init__.py -> /home/ar0ck/TE3003B_Retos/build/reto_sem_5/build/lib/reto_sem_5
copying reto_sem_5/odom.py -> /home/ar0ck/TE3003B_Retos/build/reto_sem_5/build/lib/reto_sem_5
copying reto_sem_5/control.py -> /home/ar0ck/TE3003B_Retos/build/reto_sem_5/build/lib/reto_sem_5
copying reto_sem_5/puzzle_bot.py -> /home/ar0ck/TE3003B_Retos/build/reto_sem_5/build/lib/reto_sem_5
running install
running install_lib
running install_data
copying resource/reto_sem_5 -> /home/ar0ck/TE3003B_Retos/install/reto_sem_5/share/ament_index/resource_index/packages
copying package.xml -> /home/ar0ck/TE3003B_Retos/install/reto_sem_5/share/reto_sem_5
copying launch/puzzlebot_launch.py -> /home/ar0ck/TE3003B_Retos/install/reto_sem_5/share/reto_sem_5/launch
copying rviz/config.rviz -> /home/ar0ck/TE3003B_Retos/install/reto_sem_5/share/reto_sem_5/rviz
copying rviz/puzzlebot.rviz -> /home/ar0ck/TE3003B_Retos/install/reto_sem_5/share/reto_sem_5/rviz
copying meshes/Puzzlebot_Caster_Wheel.stl -> /home/ar0ck/TE3003B_Retos/install/reto_sem_5/share/reto_sem_5/meshes
copying meshes/Puzzlebot_Jetson_Lidar_Edition_Base.stl -> /home/ar0ck/TE3003B_Retos/install/reto_sem_5/share/reto_sem_5/meshes
copying meshes/Puzzlebot_Wheel.stl -> /home/ar0ck/TE3003B_Retos/install/reto_sem_5/share/reto_sem_5/meshes
copying urdf/puzzle_bot.urdf -> /home/ar0ck/TE3003B_Retos/install/reto_sem_5/share/reto_sem_5/urdf
running install_egg_info
removing '/home/ar0ck/TE3003B_Retos/install/reto_sem_5/lib/python3.10/site-packages/reto_sem_5-0.0.0-py3.10.egg-info' (and everything under it)
Copying build/reto_sem_5/reto_sem_5.egg-info to /home/ar0ck/TE3003B_Retos/install/reto_sem_5/lib/python3.10/site-packages/reto_sem_5-0.0.0-py3.10.egg-info
running install_scripts
Installing control script to /home/ar0ck/TE3003B_Retos/install/reto_sem_5/lib/reto_sem_5
Installing puzzle_bot script to /home/ar0ck/TE3003B_Retos/install/reto_sem_5/lib/reto_sem_5
Installing puzzlebot_sim script to /home/ar0ck/TE3003B_Retos/install/reto_sem_5/lib/reto_sem_5
writing list of installed files to '/home/ar0ck/TE3003B_Retos/build/reto_sem_5/install.log'
