[0.604s] Invoking command in '/home/ar0ck/TE3003B_Retos/puzzlebot_sim': PYTHONPATH=/home/ar0ck/TE3003B_Retos/build/puzzlebot_sim/prefix_override:/usr/lib/python3/dist-packages/colcon_core/task/python/colcon_distutils_commands:/home/ar0ck/TE3003B_Retos/install/puzzlebot_sim/lib/python3.10/site-packages:${PYTHONPATH} /usr/bin/python3 -W ignore:setup.py install is deprecated -W ignore:easy_install command is deprecated setup.py egg_info --egg-base ../build/puzzlebot_sim build --build-base /home/ar0ck/TE3003B_Retos/build/puzzlebot_sim/build install --record /home/ar0ck/TE3003B_Retos/build/puzzlebot_sim/install.log --single-version-externally-managed install_data
[0.737s] running egg_info
[0.745s] writing ../build/puzzlebot_sim/puzzlebot_sim.egg-info/PKG-INFO
[0.746s] writing dependency_links to ../build/puzzlebot_sim/puzzlebot_sim.egg-info/dependency_links.txt
[0.746s] writing entry points to ../build/puzzlebot_sim/puzzlebot_sim.egg-info/entry_points.txt
[0.746s] writing requirements to ../build/puzzlebot_sim/puzzlebot_sim.egg-info/requires.txt
[0.746s] writing top-level names to ../build/puzzlebot_sim/puzzlebot_sim.egg-info/top_level.txt
[0.763s] reading manifest file '../build/puzzlebot_sim/puzzlebot_sim.egg-info/SOURCES.txt'
[0.764s] writing manifest file '../build/puzzlebot_sim/puzzlebot_sim.egg-info/SOURCES.txt'
[0.764s] running build
[0.764s] running build_py
[0.764s] copying puzzlebot_sim/dyn_tf.py -> /home/ar0ck/TE3003B_Retos/build/puzzlebot_sim/build/lib/puzzlebot_sim
[0.764s] copying puzzlebot_sim/tf_listener.py -> /home/ar0ck/TE3003B_Retos/build/puzzlebot_sim/build/lib/puzzlebot_sim
[0.764s] copying puzzlebot_sim/static_tf.py -> /home/ar0ck/TE3003B_Retos/build/puzzlebot_sim/build/lib/puzzlebot_sim
[0.764s] copying puzzlebot_sim/mix_tf.py -> /home/ar0ck/TE3003B_Retos/build/puzzlebot_sim/build/lib/puzzlebot_sim
[0.764s] running install
[0.767s] running install_lib
[0.776s] copying /home/ar0ck/TE3003B_Retos/build/puzzlebot_sim/build/lib/puzzlebot_sim/dyn_tf.py -> /home/ar0ck/TE3003B_Retos/install/puzzlebot_sim/lib/python3.10/site-packages/puzzlebot_sim
[0.776s] copying /home/ar0ck/TE3003B_Retos/build/puzzlebot_sim/build/lib/puzzlebot_sim/tf_listener.py -> /home/ar0ck/TE3003B_Retos/install/puzzlebot_sim/lib/python3.10/site-packages/puzzlebot_sim
[0.776s] copying /home/ar0ck/TE3003B_Retos/build/puzzlebot_sim/build/lib/puzzlebot_sim/static_tf.py -> /home/ar0ck/TE3003B_Retos/install/puzzlebot_sim/lib/python3.10/site-packages/puzzlebot_sim
[0.776s] copying /home/ar0ck/TE3003B_Retos/build/puzzlebot_sim/build/lib/puzzlebot_sim/mix_tf.py -> /home/ar0ck/TE3003B_Retos/install/puzzlebot_sim/lib/python3.10/site-packages/puzzlebot_sim
[0.776s] byte-compiling /home/ar0ck/TE3003B_Retos/install/puzzlebot_sim/lib/python3.10/site-packages/puzzlebot_sim/dyn_tf.py to dyn_tf.cpython-310.pyc
[0.777s] byte-compiling /home/ar0ck/TE3003B_Retos/install/puzzlebot_sim/lib/python3.10/site-packages/puzzlebot_sim/tf_listener.py to tf_listener.cpython-310.pyc
[0.777s] byte-compiling /home/ar0ck/TE3003B_Retos/install/puzzlebot_sim/lib/python3.10/site-packages/puzzlebot_sim/static_tf.py to static_tf.cpython-310.pyc
[0.777s] byte-compiling /home/ar0ck/TE3003B_Retos/install/puzzlebot_sim/lib/python3.10/site-packages/puzzlebot_sim/mix_tf.py to mix_tf.cpython-310.pyc
[0.778s] running install_data
[0.778s] copying resource/puzzlebot_sim -> /home/ar0ck/TE3003B_Retos/install/puzzlebot_sim/share/ament_index/resource_index/packages
[0.778s] copying package.xml -> /home/ar0ck/TE3003B_Retos/install/puzzlebot_sim/share/puzzlebot_sim
[0.778s] running install_egg_info
[0.787s] removing '/home/ar0ck/TE3003B_Retos/install/puzzlebot_sim/lib/python3.10/site-packages/puzzlebot_sim-0.0.0-py3.10.egg-info' (and everything under it)
[0.787s] Copying ../build/puzzlebot_sim/puzzlebot_sim.egg-info to /home/ar0ck/TE3003B_Retos/install/puzzlebot_sim/lib/python3.10/site-packages/puzzlebot_sim-0.0.0-py3.10.egg-info
[0.788s] running install_scripts
[0.862s] Installing static_tf_launch script to /home/ar0ck/TE3003B_Retos/install/puzzlebot_sim/lib/puzzlebot_sim
[0.862s] writing list of installed files to '/home/ar0ck/TE3003B_Retos/build/puzzlebot_sim/install.log'
[0.879s] Invoked command in '/home/ar0ck/TE3003B_Retos/puzzlebot_sim' returned '0': PYTHONPATH=/home/ar0ck/TE3003B_Retos/build/puzzlebot_sim/prefix_override:/usr/lib/python3/dist-packages/colcon_core/task/python/colcon_distutils_commands:/home/ar0ck/TE3003B_Retos/install/puzzlebot_sim/lib/python3.10/site-packages:${PYTHONPATH} /usr/bin/python3 -W ignore:setup.py install is deprecated -W ignore:easy_install command is deprecated setup.py egg_info --egg-base ../build/puzzlebot_sim build --build-base /home/ar0ck/TE3003B_Retos/build/puzzlebot_sim/build install --record /home/ar0ck/TE3003B_Retos/build/puzzlebot_sim/install.log --single-version-externally-managed install_data
