[0.692s] Invoking command in '/home/ar0ck/ros2_ws_t3003/src/puzzlebot_description': PYTHONPATH=/home/ar0ck/ros2_ws_t3003/build/puzzlebot_description/prefix_override:/usr/lib/python3/dist-packages/colcon_core/task/python/colcon_distutils_commands:/home/ar0ck/ros2_ws_t3003/install/puzzlebot_description/lib/python3.10/site-packages:${PYTHONPATH} /usr/bin/python3 -W ignore:setup.py install is deprecated -W ignore:easy_install command is deprecated setup.py egg_info --egg-base ../../build/puzzlebot_description build --build-base /home/ar0ck/ros2_ws_t3003/build/puzzlebot_description/build install --record /home/ar0ck/ros2_ws_t3003/build/puzzlebot_description/install.log --single-version-externally-managed install_data
[0.831s] running egg_info
[0.840s] writing ../../build/puzzlebot_description/puzzlebot_description.egg-info/PKG-INFO
[0.840s] writing dependency_links to ../../build/puzzlebot_description/puzzlebot_description.egg-info/dependency_links.txt
[0.840s] writing entry points to ../../build/puzzlebot_description/puzzlebot_description.egg-info/entry_points.txt
[0.841s] writing requirements to ../../build/puzzlebot_description/puzzlebot_description.egg-info/requires.txt
[0.841s] writing top-level names to ../../build/puzzlebot_description/puzzlebot_description.egg-info/top_level.txt
[0.858s] reading manifest file '../../build/puzzlebot_description/puzzlebot_description.egg-info/SOURCES.txt'
[0.859s] adding license file 'LICENSE'
[0.859s] writing manifest file '../../build/puzzlebot_description/puzzlebot_description.egg-info/SOURCES.txt'
[0.859s] running build
[0.859s] running build_py
[0.859s] running install
[0.862s] running install_lib
[0.871s] running install_data
[0.872s] copying urdf/mcr2_control/gazebo_control.xacro -> /home/ar0ck/ros2_ws_t3003/install/puzzlebot_description/share/puzzlebot_description/urdf/mcr2_control
[0.872s] running install_egg_info
[0.882s] removing '/home/ar0ck/ros2_ws_t3003/install/puzzlebot_description/lib/python3.10/site-packages/puzzlebot_description-0.0.0-py3.10.egg-info' (and everything under it)
[0.882s] Copying ../../build/puzzlebot_description/puzzlebot_description.egg-info to /home/ar0ck/ros2_ws_t3003/install/puzzlebot_description/lib/python3.10/site-packages/puzzlebot_description-0.0.0-py3.10.egg-info
[0.882s] running install_scripts
[0.967s] Installing joint_state_publisher script to /home/ar0ck/ros2_ws_t3003/install/puzzlebot_description/lib/puzzlebot_description
[0.967s] writing list of installed files to '/home/ar0ck/ros2_ws_t3003/build/puzzlebot_description/install.log'
[0.992s] Invoked command in '/home/ar0ck/ros2_ws_t3003/src/puzzlebot_description' returned '0': PYTHONPATH=/home/ar0ck/ros2_ws_t3003/build/puzzlebot_description/prefix_override:/usr/lib/python3/dist-packages/colcon_core/task/python/colcon_distutils_commands:/home/ar0ck/ros2_ws_t3003/install/puzzlebot_description/lib/python3.10/site-packages:${PYTHONPATH} /usr/bin/python3 -W ignore:setup.py install is deprecated -W ignore:easy_install command is deprecated setup.py egg_info --egg-base ../../build/puzzlebot_description build --build-base /home/ar0ck/ros2_ws_t3003/build/puzzlebot_description/build install --record /home/ar0ck/ros2_ws_t3003/build/puzzlebot_description/install.log --single-version-externally-managed install_data
