[2.299s] Invoking command in '/home/ar0ck/ros2_ws_t3003/src/puzzlebot_gazebo': PYTHONPATH=/home/ar0ck/ros2_ws_t3003/build/puzzlebot_gazebo/prefix_override:/usr/lib/python3/dist-packages/colcon_core/task/python/colcon_distutils_commands:/home/ar0ck/ros2_ws_t3003/install/puzzlebot_gazebo/lib/python3.10/site-packages:${PYTHONPATH} /usr/bin/python3 -W ignore:setup.py install is deprecated -W ignore:easy_install command is deprecated setup.py egg_info --egg-base ../../build/puzzlebot_gazebo build --build-base /home/ar0ck/ros2_ws_t3003/build/puzzlebot_gazebo/build install --record /home/ar0ck/ros2_ws_t3003/build/puzzlebot_gazebo/install.log --single-version-externally-managed install_data
[2.762s] running egg_info
[2.792s] writing ../../build/puzzlebot_gazebo/puzzlebot_gazebo.egg-info/PKG-INFO
[2.793s] writing dependency_links to ../../build/puzzlebot_gazebo/puzzlebot_gazebo.egg-info/dependency_links.txt
[2.793s] writing entry points to ../../build/puzzlebot_gazebo/puzzlebot_gazebo.egg-info/entry_points.txt
[2.794s] writing requirements to ../../build/puzzlebot_gazebo/puzzlebot_gazebo.egg-info/requires.txt
[2.794s] writing top-level names to ../../build/puzzlebot_gazebo/puzzlebot_gazebo.egg-info/top_level.txt
[2.860s] reading manifest file '../../build/puzzlebot_gazebo/puzzlebot_gazebo.egg-info/SOURCES.txt'
[2.862s] adding license file 'LICENSE'
[2.867s] writing manifest file '../../build/puzzlebot_gazebo/puzzlebot_gazebo.egg-info/SOURCES.txt'
[2.868s] running build
[2.868s] running build_py
[2.869s] copying puzzlebot_gazebo/__init__.py -> /home/ar0ck/ros2_ws_t3003/build/puzzlebot_gazebo/build/lib/puzzlebot_gazebo
[2.869s] copying puzzlebot_gazebo/puzzlebot_gazebo.py -> /home/ar0ck/ros2_ws_t3003/build/puzzlebot_gazebo/build/lib/puzzlebot_gazebo
[2.869s] running install
[2.879s] running install_lib
[2.912s] running install_data
[2.913s] copying resource/puzzlebot_gazebo -> /home/ar0ck/ros2_ws_t3003/install/puzzlebot_gazebo/share/ament_index/resource_index/packages
[2.913s] copying package.xml -> /home/ar0ck/ros2_ws_t3003/install/puzzlebot_gazebo/share/puzzlebot_gazebo
[2.913s] copying launch/bringup_simulation_multi_launch.py -> /home/ar0ck/ros2_ws_t3003/install/puzzlebot_gazebo/share/puzzlebot_gazebo/launch
[2.914s] copying launch/gazebo_example_launch.py -> /home/ar0ck/ros2_ws_t3003/install/puzzlebot_gazebo/share/puzzlebot_gazebo/launch
[2.914s] copying launch/gazebo_puzzlebot_launch.py -> /home/ar0ck/ros2_ws_t3003/install/puzzlebot_gazebo/share/puzzlebot_gazebo/launch
[2.914s] copying launch/gazebo_world_launch.py -> /home/ar0ck/ros2_ws_t3003/install/puzzlebot_gazebo/share/puzzlebot_gazebo/launch
[2.915s] copying launch/bringup_simulation_simple_launch.py -> /home/ar0ck/ros2_ws_t3003/install/puzzlebot_gazebo/share/puzzlebot_gazebo/launch
[2.915s] copying config/puzzlebot_hacker_ed.yaml -> /home/ar0ck/ros2_ws_t3003/install/puzzlebot_gazebo/share/puzzlebot_gazebo/config
[2.915s] copying config/puzzlebot_jetson_ed.yaml -> /home/ar0ck/ros2_ws_t3003/install/puzzlebot_gazebo/share/puzzlebot_gazebo/config
[2.916s] copying config/puzzlebot_jetson_lidar_ed.yaml -> /home/ar0ck/ros2_ws_t3003/install/puzzlebot_gazebo/share/puzzlebot_gazebo/config
[2.916s] copying models/avoidance_world_4/model.config -> /home/ar0ck/ros2_ws_t3003/install/puzzlebot_gazebo/share/puzzlebot_gazebo/models/avoidance_world_4
[2.916s] copying models/avoidance_world_4/model.sdf -> /home/ar0ck/ros2_ws_t3003/install/puzzlebot_gazebo/share/puzzlebot_gazebo/models/avoidance_world_4
[2.917s] copying models/box_brick/model.config -> /home/ar0ck/ros2_ws_t3003/install/puzzlebot_gazebo/share/puzzlebot_gazebo/models/box_brick
[2.917s] copying models/box_brick/model.sdf -> /home/ar0ck/ros2_ws_t3003/install/puzzlebot_gazebo/share/puzzlebot_gazebo/models/box_brick
[2.917s] copying models/box_brick/meshes/box_brick.dae -> /home/ar0ck/ros2_ws_t3003/install/puzzlebot_gazebo/share/puzzlebot_gazebo/models/box_brick/meshes
[2.918s] copying models/box_brick/materials/textures/0032-512x512.jpg -> /home/ar0ck/ros2_ws_t3003/install/puzzlebot_gazebo/share/puzzlebot_gazebo/models/box_brick/materials/textures
[2.919s] copying models/puzzlebot_lidar/model.config -> /home/ar0ck/ros2_ws_t3003/install/puzzlebot_gazebo/share/puzzlebot_gazebo/models/puzzlebot_lidar
[2.919s] copying models/puzzlebot_lidar/model.sdf -> /home/ar0ck/ros2_ws_t3003/install/puzzlebot_gazebo/share/puzzlebot_gazebo/models/puzzlebot_lidar
[2.919s] copying models/puzzlebot_lidar/meshes/chassis1.dae -> /home/ar0ck/ros2_ws_t3003/install/puzzlebot_gazebo/share/puzzlebot_gazebo/models/puzzlebot_lidar/meshes
[2.972s] copying models/puzzlebot_lidar/meshes/wheel.dae -> /home/ar0ck/ros2_ws_t3003/install/puzzlebot_gazebo/share/puzzlebot_gazebo/models/puzzlebot_lidar/meshes
[2.974s] copying models/aruco000/model.config -> /home/ar0ck/ros2_ws_t3003/install/puzzlebot_gazebo/share/puzzlebot_gazebo/models/aruco000
[2.975s] copying models/aruco000/model.sdf -> /home/ar0ck/ros2_ws_t3003/install/puzzlebot_gazebo/share/puzzlebot_gazebo/models/aruco000
[2.975s] copying models/aruco000/meshes/aruco000.dae -> /home/ar0ck/ros2_ws_t3003/install/puzzlebot_gazebo/share/puzzlebot_gazebo/models/aruco000/meshes
[2.975s] copying models/aruco000/materials/textures/16h3_000.png -> /home/ar0ck/ros2_ws_t3003/install/puzzlebot_gazebo/share/puzzlebot_gazebo/models/aruco000/materials/textures
[2.976s] copying models/aruco002/model.config -> /home/ar0ck/ros2_ws_t3003/install/puzzlebot_gazebo/share/puzzlebot_gazebo/models/aruco002
[2.976s] copying models/aruco002/model.sdf -> /home/ar0ck/ros2_ws_t3003/install/puzzlebot_gazebo/share/puzzlebot_gazebo/models/aruco002
[2.976s] copying models/aruco002/meshes/aruco002.dae -> /home/ar0ck/ros2_ws_t3003/install/puzzlebot_gazebo/share/puzzlebot_gazebo/models/aruco002/meshes
[2.977s] copying models/aruco002/materials/textures/16h3_002.png -> /home/ar0ck/ros2_ws_t3003/install/puzzlebot_gazebo/share/puzzlebot_gazebo/models/aruco002/materials/textures
[2.977s] copying models/aruco_marker_2/model.config -> /home/ar0ck/ros2_ws_t3003/install/puzzlebot_gazebo/share/puzzlebot_gazebo/models/aruco_marker_2
[2.977s] copying models/aruco_marker_2/model.sdf -> /home/ar0ck/ros2_ws_t3003/install/puzzlebot_gazebo/share/puzzlebot_gazebo/models/aruco_marker_2
[2.978s] copying models/aruco_marker_2/materials/textures/marker2.png -> /home/ar0ck/ros2_ws_t3003/install/puzzlebot_gazebo/share/puzzlebot_gazebo/models/aruco_marker_2/materials/textures
[2.978s] copying models/avoidance_world_1/model.config -> /home/ar0ck/ros2_ws_t3003/install/puzzlebot_gazebo/share/puzzlebot_gazebo/models/avoidance_world_1
[2.979s] copying models/avoidance_world_1/model.sdf -> /home/ar0ck/ros2_ws_t3003/install/puzzlebot_gazebo/share/puzzlebot_gazebo/models/avoidance_world_1
[2.979s] copying models/blue_colored_box/model.config -> /home/ar0ck/ros2_ws_t3003/install/puzzlebot_gazebo/share/puzzlebot_gazebo/models/blue_colored_box
[2.979s] copying models/blue_colored_box/model.sdf -> /home/ar0ck/ros2_ws_t3003/install/puzzlebot_gazebo/share/puzzlebot_gazebo/models/blue_colored_box
[2.980s] copying models/aruco000_cv/model.config -> /home/ar0ck/ros2_ws_t3003/install/puzzlebot_gazebo/share/puzzlebot_gazebo/models/aruco000_cv
[2.980s] copying models/aruco000_cv/model.sdf -> /home/ar0ck/ros2_ws_t3003/install/puzzlebot_gazebo/share/puzzlebot_gazebo/models/aruco000_cv
[2.980s] copying models/aruco000_cv/meshes/aruco000.dae -> /home/ar0ck/ros2_ws_t3003/install/puzzlebot_gazebo/share/puzzlebot_gazebo/models/aruco000_cv/meshes
[2.981s] copying models/aruco000_cv/materials/textures/4x4_50_000.png -> /home/ar0ck/ros2_ws_t3003/install/puzzlebot_gazebo/share/puzzlebot_gazebo/models/aruco000_cv/materials/textures
[2.981s] copying models/red_colored_box/model.config -> /home/ar0ck/ros2_ws_t3003/install/puzzlebot_gazebo/share/puzzlebot_gazebo/models/red_colored_box
[2.981s] copying models/red_colored_box/model.sdf -> /home/ar0ck/ros2_ws_t3003/install/puzzlebot_gazebo/share/puzzlebot_gazebo/models/red_colored_box
[2.982s] copying models/aruco_marker_1/model.config -> /home/ar0ck/ros2_ws_t3003/install/puzzlebot_gazebo/share/puzzlebot_gazebo/models/aruco_marker_1
[2.982s] copying models/aruco_marker_1/model.sdf -> /home/ar0ck/ros2_ws_t3003/install/puzzlebot_gazebo/share/puzzlebot_gazebo/models/aruco_marker_1
[2.982s] copying models/aruco_marker_1/materials/textures/marker1.png -> /home/ar0ck/ros2_ws_t3003/install/puzzlebot_gazebo/share/puzzlebot_gazebo/models/aruco_marker_1/materials/textures
[2.983s] copying models/goal_marker_1/model.config -> /home/ar0ck/ros2_ws_t3003/install/puzzlebot_gazebo/share/puzzlebot_gazebo/models/goal_marker_1
[2.983s] copying models/goal_marker_1/model.sdf -> /home/ar0ck/ros2_ws_t3003/install/puzzlebot_gazebo/share/puzzlebot_gazebo/models/goal_marker_1
[2.983s] copying models/goal_marker_1/materials/textures/mcr2_goal_1.png -> /home/ar0ck/ros2_ws_t3003/install/puzzlebot_gazebo/share/puzzlebot_gazebo/models/goal_marker_1/materials/textures
[2.984s] copying models/arena_a_frame/model.config -> /home/ar0ck/ros2_ws_t3003/install/puzzlebot_gazebo/share/puzzlebot_gazebo/models/arena_a_frame
[2.984s] copying models/arena_a_frame/model.sdf -> /home/ar0ck/ros2_ws_t3003/install/puzzlebot_gazebo/share/puzzlebot_gazebo/models/arena_a_frame
[2.984s] copying models/arena_a_frame/meshes/MCR2_arena_side.stl -> /home/ar0ck/ros2_ws_t3003/install/puzzlebot_gazebo/share/puzzlebot_gazebo/models/arena_a_frame/meshes
[2.985s] copying models/arena_a_frame/materials/textures/mcr2_banner.png -> /home/ar0ck/ros2_ws_t3003/install/puzzlebot_gazebo/share/puzzlebot_gazebo/models/arena_a_frame/materials/textures
[2.985s] copying models/simple_light/model.config -> /home/ar0ck/ros2_ws_t3003/install/puzzlebot_gazebo/share/puzzlebot_gazebo/models/simple_light
[2.986s] copying models/simple_light/model.sdf -> /home/ar0ck/ros2_ws_t3003/install/puzzlebot_gazebo/share/puzzlebot_gazebo/models/simple_light
[2.986s] copying models/aruco003_cv/model.config -> /home/ar0ck/ros2_ws_t3003/install/puzzlebot_gazebo/share/puzzlebot_gazebo/models/aruco003_cv
[2.986s] copying models/aruco003_cv/model.sdf -> /home/ar0ck/ros2_ws_t3003/install/puzzlebot_gazebo/share/puzzlebot_gazebo/models/aruco003_cv
[2.987s] copying models/aruco003_cv/meshes/aruco003.dae -> /home/ar0ck/ros2_ws_t3003/install/puzzlebot_gazebo/share/puzzlebot_gazebo/models/aruco003_cv/meshes
[2.987s] copying models/aruco003_cv/materials/textures/4x4_50_003.png -> /home/ar0ck/ros2_ws_t3003/install/puzzlebot_gazebo/share/puzzlebot_gazebo/models/aruco003_cv/materials/textures
[2.988s] copying models/goal_marker_5/model.config -> /home/ar0ck/ros2_ws_t3003/install/puzzlebot_gazebo/share/puzzlebot_gazebo/models/goal_marker_5
[2.988s] copying models/goal_marker_5/model.sdf -> /home/ar0ck/ros2_ws_t3003/install/puzzlebot_gazebo/share/puzzlebot_gazebo/models/goal_marker_5
[2.988s] copying models/goal_marker_5/materials/textures/mcr2_goal_5.png -> /home/ar0ck/ros2_ws_t3003/install/puzzlebot_gazebo/share/puzzlebot_gazebo/models/goal_marker_5/materials/textures
[2.989s] copying models/aruco_marker_5/model.config -> /home/ar0ck/ros2_ws_t3003/install/puzzlebot_gazebo/share/puzzlebot_gazebo/models/aruco_marker_5
[2.989s] copying models/aruco_marker_5/model.sdf -> /home/ar0ck/ros2_ws_t3003/install/puzzlebot_gazebo/share/puzzlebot_gazebo/models/aruco_marker_5
[2.989s] copying models/aruco_marker_5/materials/textures/marker5.png -> /home/ar0ck/ros2_ws_t3003/install/puzzlebot_gazebo/share/puzzlebot_gazebo/models/aruco_marker_5/materials/textures
[2.990s] copying models/office_floor/model.config -> /home/ar0ck/ros2_ws_t3003/install/puzzlebot_gazebo/share/puzzlebot_gazebo/models/office_floor
[2.990s] copying models/office_floor/model.sdf -> /home/ar0ck/ros2_ws_t3003/install/puzzlebot_gazebo/share/puzzlebot_gazebo/models/office_floor
[2.990s] copying models/office_floor/materials/textures/puzzlebot_wood_7.png -> /home/ar0ck/ros2_ws_t3003/install/puzzlebot_gazebo/share/puzzlebot_gazebo/models/office_floor/materials/textures
[2.996s] copying models/puzzlebot_track/model.config -> /home/ar0ck/ros2_ws_t3003/install/puzzlebot_gazebo/share/puzzlebot_gazebo/models/puzzlebot_track
[2.996s] copying models/puzzlebot_track/model.sdf -> /home/ar0ck/ros2_ws_t3003/install/puzzlebot_gazebo/share/puzzlebot_gazebo/models/puzzlebot_track
[2.996s] copying models/puzzlebot_track/materials/textures/puzzlebot_track.png -> /home/ar0ck/ros2_ws_t3003/install/puzzlebot_gazebo/share/puzzlebot_gazebo/models/puzzlebot_track/materials/textures
[2.997s] copying models/plugins/libDiffDynamicPlugin.so -> /home/ar0ck/ros2_ws_t3003/install/puzzlebot_gazebo/share/puzzlebot_gazebo/models/plugins
[3.003s] copying models/aruco_box/model.config -> /home/ar0ck/ros2_ws_t3003/install/puzzlebot_gazebo/share/puzzlebot_gazebo/models/aruco_box
[3.004s] copying models/aruco_box/model.sdf -> /home/ar0ck/ros2_ws_t3003/install/puzzlebot_gazebo/share/puzzlebot_gazebo/models/aruco_box
[3.004s] copying models/aruco_box/materials/textures/marker1.png -> /home/ar0ck/ros2_ws_t3003/install/puzzlebot_gazebo/share/puzzlebot_gazebo/models/aruco_box/materials/textures
[3.004s] copying models/aruco_box/materials/textures/marker0.png -> /home/ar0ck/ros2_ws_t3003/install/puzzlebot_gazebo/share/puzzlebot_gazebo/models/aruco_box/materials/textures
[3.005s] copying models/aruco_box/materials/textures/marker4.png -> /home/ar0ck/ros2_ws_t3003/install/puzzlebot_gazebo/share/puzzlebot_gazebo/models/aruco_box/materials/textures
[3.005s] copying models/aruco_box/materials/textures/marker5.png -> /home/ar0ck/ros2_ws_t3003/install/puzzlebot_gazebo/share/puzzlebot_gazebo/models/aruco_box/materials/textures
[3.005s] copying models/aruco_box/materials/textures/marker2.png -> /home/ar0ck/ros2_ws_t3003/install/puzzlebot_gazebo/share/puzzlebot_gazebo/models/aruco_box/materials/textures
[3.006s] copying models/aruco_box/materials/textures/marker3.png -> /home/ar0ck/ros2_ws_t3003/install/puzzlebot_gazebo/share/puzzlebot_gazebo/models/aruco_box/materials/textures
[3.006s] copying models/aruco003/model.config -> /home/ar0ck/ros2_ws_t3003/install/puzzlebot_gazebo/share/puzzlebot_gazebo/models/aruco003
[3.006s] copying models/aruco003/model.sdf -> /home/ar0ck/ros2_ws_t3003/install/puzzlebot_gazebo/share/puzzlebot_gazebo/models/aruco003
[3.007s] copying models/aruco003/meshes/aruco003.dae -> /home/ar0ck/ros2_ws_t3003/install/puzzlebot_gazebo/share/puzzlebot_gazebo/models/aruco003/meshes
[3.007s] copying models/aruco003/materials/textures/16h3_003.png -> /home/ar0ck/ros2_ws_t3003/install/puzzlebot_gazebo/share/puzzlebot_gazebo/models/aruco003/materials/textures
[3.007s] copying models/puzzlebot_base/model.config -> /home/ar0ck/ros2_ws_t3003/install/puzzlebot_gazebo/share/puzzlebot_gazebo/models/puzzlebot_base
[3.008s] copying models/puzzlebot_base/model.sdf -> /home/ar0ck/ros2_ws_t3003/install/puzzlebot_gazebo/share/puzzlebot_gazebo/models/puzzlebot_base
[3.008s] copying models/puzzlebot_base/materials/textures/puzzlebot_wood_6.png -> /home/ar0ck/ros2_ws_t3003/install/puzzlebot_gazebo/share/puzzlebot_gazebo/models/puzzlebot_base/materials/textures
[3.011s] copying models/avoidance_world_2/model.config -> /home/ar0ck/ros2_ws_t3003/install/puzzlebot_gazebo/share/puzzlebot_gazebo/models/avoidance_world_2
[3.011s] copying models/avoidance_world_2/model.sdf -> /home/ar0ck/ros2_ws_t3003/install/puzzlebot_gazebo/share/puzzlebot_gazebo/models/avoidance_world_2
[3.011s] copying models/puzzlebot_camera/model.config -> /home/ar0ck/ros2_ws_t3003/install/puzzlebot_gazebo/share/puzzlebot_gazebo/models/puzzlebot_camera
[3.012s] copying models/puzzlebot_camera/model.sdf -> /home/ar0ck/ros2_ws_t3003/install/puzzlebot_gazebo/share/puzzlebot_gazebo/models/puzzlebot_camera
[3.012s] copying models/puzzlebot_camera/meshes/chassis1.dae -> /home/ar0ck/ros2_ws_t3003/install/puzzlebot_gazebo/share/puzzlebot_gazebo/models/puzzlebot_camera/meshes
[3.064s] copying models/puzzlebot_camera/meshes/wheel.dae -> /home/ar0ck/ros2_ws_t3003/install/puzzlebot_gazebo/share/puzzlebot_gazebo/models/puzzlebot_camera/meshes
[3.066s] copying models/media/materials/scripts/mcr2_materials.material -> /home/ar0ck/ros2_ws_t3003/install/puzzlebot_gazebo/share/puzzlebot_gazebo/models/media/materials/scripts
[3.067s] copying models/media/materials/textures/puzzlebot_wood_7.png -> /home/ar0ck/ros2_ws_t3003/install/puzzlebot_gazebo/share/puzzlebot_gazebo/models/media/materials/textures
[3.072s] copying models/media/materials/textures/nvidia_logo_white.jpg -> /home/ar0ck/ros2_ws_t3003/install/puzzlebot_gazebo/share/puzzlebot_gazebo/models/media/materials/textures
[3.073s] copying models/media/materials/textures/wood_floor.jpg -> /home/ar0ck/ros2_ws_t3003/install/puzzlebot_gazebo/share/puzzlebot_gazebo/models/media/materials/textures
[3.073s] copying models/media/materials/textures/puzzlebot_wood_6.png -> /home/ar0ck/ros2_ws_t3003/install/puzzlebot_gazebo/share/puzzlebot_gazebo/models/media/materials/textures
[3.076s] copying models/media/materials/textures/nvidia_hz_logo_white.jpg -> /home/ar0ck/ros2_ws_t3003/install/puzzlebot_gazebo/share/puzzlebot_gazebo/models/media/materials/textures
[3.076s] copying models/media/materials/textures/mcr2_goal_3.png -> /home/ar0ck/ros2_ws_t3003/install/puzzlebot_gazebo/share/puzzlebot_gazebo/models/media/materials/textures
[3.077s] copying models/media/materials/textures/puzzlebot_logo.png -> /home/ar0ck/ros2_ws_t3003/install/puzzlebot_gazebo/share/puzzlebot_gazebo/models/media/materials/textures
[3.077s] copying models/media/materials/textures/puzzlebot_logo_white.png -> /home/ar0ck/ros2_ws_t3003/install/puzzlebot_gazebo/share/puzzlebot_gazebo/models/media/materials/textures
[3.077s] copying models/media/materials/textures/mcr2_logo_black.png -> /home/ar0ck/ros2_ws_t3003/install/puzzlebot_gazebo/share/puzzlebot_gazebo/models/media/materials/textures
[3.078s] copying models/media/materials/textures/puzzlebot_wood_5.png -> /home/ar0ck/ros2_ws_t3003/install/puzzlebot_gazebo/share/puzzlebot_gazebo/models/media/materials/textures
[3.086s] copying models/media/materials/textures/puzzlebot_wood_4.png -> /home/ar0ck/ros2_ws_t3003/install/puzzlebot_gazebo/share/puzzlebot_gazebo/models/media/materials/textures
[3.093s] copying models/media/materials/textures/mcr2_goal_2.png -> /home/ar0ck/ros2_ws_t3003/install/puzzlebot_gazebo/share/puzzlebot_gazebo/models/media/materials/textures
[3.094s] copying models/media/materials/textures/mcr2_goal_4.png -> /home/ar0ck/ros2_ws_t3003/install/puzzlebot_gazebo/share/puzzlebot_gazebo/models/media/materials/textures
[3.094s] copying models/media/materials/textures/nvidia_logo_b_w.jpg -> /home/ar0ck/ros2_ws_t3003/install/puzzlebot_gazebo/share/puzzlebot_gazebo/models/media/materials/textures
[3.095s] copying models/media/materials/textures/nvidia_logo_black.jpg -> /home/ar0ck/ros2_ws_t3003/install/puzzlebot_gazebo/share/puzzlebot_gazebo/models/media/materials/textures
[3.095s] copying models/media/materials/textures/mcr2_goal_5.png -> /home/ar0ck/ros2_ws_t3003/install/puzzlebot_gazebo/share/puzzlebot_gazebo/models/media/materials/textures
[3.096s] copying models/media/materials/textures/mcr2_logo_white.png -> /home/ar0ck/ros2_ws_t3003/install/puzzlebot_gazebo/share/puzzlebot_gazebo/models/media/materials/textures
[3.096s] copying models/media/materials/textures/mcr2_goal_1.png -> /home/ar0ck/ros2_ws_t3003/install/puzzlebot_gazebo/share/puzzlebot_gazebo/models/media/materials/textures
[3.097s] copying models/media/materials/textures/mcr2_banner.png -> /home/ar0ck/ros2_ws_t3003/install/puzzlebot_gazebo/share/puzzlebot_gazebo/models/media/materials/textures
[3.097s] copying models/media/materials/textures/aruco_markers/marker1.png -> /home/ar0ck/ros2_ws_t3003/install/puzzlebot_gazebo/share/puzzlebot_gazebo/models/media/materials/textures/aruco_markers
[3.098s] copying models/media/materials/textures/aruco_markers/marker0.png -> /home/ar0ck/ros2_ws_t3003/install/puzzlebot_gazebo/share/puzzlebot_gazebo/models/media/materials/textures/aruco_markers
[3.098s] copying models/media/materials/textures/aruco_markers/marker4.png -> /home/ar0ck/ros2_ws_t3003/install/puzzlebot_gazebo/share/puzzlebot_gazebo/models/media/materials/textures/aruco_markers
[3.098s] copying models/media/materials/textures/aruco_markers/marker5.png -> /home/ar0ck/ros2_ws_t3003/install/puzzlebot_gazebo/share/puzzlebot_gazebo/models/media/materials/textures/aruco_markers
[3.099s] copying models/media/materials/textures/aruco_markers/marker2.png -> /home/ar0ck/ros2_ws_t3003/install/puzzlebot_gazebo/share/puzzlebot_gazebo/models/media/materials/textures/aruco_markers
[3.099s] copying models/media/materials/textures/aruco_markers/marker3.png -> /home/ar0ck/ros2_ws_t3003/install/puzzlebot_gazebo/share/puzzlebot_gazebo/models/media/materials/textures/aruco_markers
[3.099s] copying models/goal_marker_2/model.config -> /home/ar0ck/ros2_ws_t3003/install/puzzlebot_gazebo/share/puzzlebot_gazebo/models/goal_marker_2
[3.100s] copying models/goal_marker_2/model.sdf -> /home/ar0ck/ros2_ws_t3003/install/puzzlebot_gazebo/share/puzzlebot_gazebo/models/goal_marker_2
[3.100s] copying models/goal_marker_2/materials/textures/mcr2_goal_2.png -> /home/ar0ck/ros2_ws_t3003/install/puzzlebot_gazebo/share/puzzlebot_gazebo/models/goal_marker_2/materials/textures
[3.100s] copying models/goal_marker_3/model.config -> /home/ar0ck/ros2_ws_t3003/install/puzzlebot_gazebo/share/puzzlebot_gazebo/models/goal_marker_3
[3.101s] copying models/goal_marker_3/model.sdf -> /home/ar0ck/ros2_ws_t3003/install/puzzlebot_gazebo/share/puzzlebot_gazebo/models/goal_marker_3
[3.101s] copying models/goal_marker_3/materials/textures/mcr2_goal_3.png -> /home/ar0ck/ros2_ws_t3003/install/puzzlebot_gazebo/share/puzzlebot_gazebo/models/goal_marker_3/materials/textures
[3.102s] copying models/world_wall/model.config -> /home/ar0ck/ros2_ws_t3003/install/puzzlebot_gazebo/share/puzzlebot_gazebo/models/world_wall
[3.102s] copying models/world_wall/model.sdf -> /home/ar0ck/ros2_ws_t3003/install/puzzlebot_gazebo/share/puzzlebot_gazebo/models/world_wall
[3.102s] copying models/world_wall/meshes/wood_floor.jpg -> /home/ar0ck/ros2_ws_t3003/install/puzzlebot_gazebo/share/puzzlebot_gazebo/models/world_wall/meshes
[3.103s] copying models/world_wall/meshes/0032-512x512.jpg -> /home/ar0ck/ros2_ws_t3003/install/puzzlebot_gazebo/share/puzzlebot_gazebo/models/world_wall/meshes
[3.103s] copying models/world_wall/meshes/world_wall1.dae -> /home/ar0ck/ros2_ws_t3003/install/puzzlebot_gazebo/share/puzzlebot_gazebo/models/world_wall/meshes
[3.104s] copying models/world_wall/materials/textures/wood_floor.jpg -> /home/ar0ck/ros2_ws_t3003/install/puzzlebot_gazebo/share/puzzlebot_gazebo/models/world_wall/materials/textures
[3.104s] copying models/world_wall/materials/textures/0032-512x512.jpg -> /home/ar0ck/ros2_ws_t3003/install/puzzlebot_gazebo/share/puzzlebot_gazebo/models/world_wall/materials/textures
[3.105s] copying models/world_wall/materials/textures/MapAll.jpg -> /home/ar0ck/ros2_ws_t3003/install/puzzlebot_gazebo/share/puzzlebot_gazebo/models/world_wall/materials/textures
[3.108s] copying models/office_model/model.config -> /home/ar0ck/ros2_ws_t3003/install/puzzlebot_gazebo/share/puzzlebot_gazebo/models/office_model
[3.108s] copying models/office_model/model.sdf -> /home/ar0ck/ros2_ws_t3003/install/puzzlebot_gazebo/share/puzzlebot_gazebo/models/office_model
[3.108s] copying models/aruco_marker_0/model.config -> /home/ar0ck/ros2_ws_t3003/install/puzzlebot_gazebo/share/puzzlebot_gazebo/models/aruco_marker_0
[3.109s] copying models/aruco_marker_0/model.sdf -> /home/ar0ck/ros2_ws_t3003/install/puzzlebot_gazebo/share/puzzlebot_gazebo/models/aruco_marker_0
[3.109s] copying models/aruco_marker_0/materials/textures/marker0.png -> /home/ar0ck/ros2_ws_t3003/install/puzzlebot_gazebo/share/puzzlebot_gazebo/models/aruco_marker_0/materials/textures
[3.109s] copying models/puzzlebot/model.config -> /home/ar0ck/ros2_ws_t3003/install/puzzlebot_gazebo/share/puzzlebot_gazebo/models/puzzlebot
[3.110s] copying models/puzzlebot/model.sdf -> /home/ar0ck/ros2_ws_t3003/install/puzzlebot_gazebo/share/puzzlebot_gazebo/models/puzzlebot
[3.110s] copying models/puzzlebot/meshes/wheel.stl -> /home/ar0ck/ros2_ws_t3003/install/puzzlebot_gazebo/share/puzzlebot_gazebo/models/puzzlebot/meshes
[3.112s] copying models/puzzlebot/meshes/box9_12.blend -> /home/ar0ck/ros2_ws_t3003/install/puzzlebot_gazebo/share/puzzlebot_gazebo/models/puzzlebot/meshes
[3.115s] copying models/puzzlebot/meshes/box1_4.blend1 -> /home/ar0ck/ros2_ws_t3003/install/puzzlebot_gazebo/share/puzzlebot_gazebo/models/puzzlebot/meshes
[3.118s] copying models/puzzlebot/meshes/box1-5.blend -> /home/ar0ck/ros2_ws_t3003/install/puzzlebot_gazebo/share/puzzlebot_gazebo/models/puzzlebot/meshes
[3.121s] copying models/puzzlebot/meshes/box13_16.blend -> /home/ar0ck/ros2_ws_t3003/install/puzzlebot_gazebo/share/puzzlebot_gazebo/models/puzzlebot/meshes
[3.124s] copying models/puzzlebot/meshes/chassis1.dae -> /home/ar0ck/ros2_ws_t3003/install/puzzlebot_gazebo/share/puzzlebot_gazebo/models/puzzlebot/meshes
[3.175s] copying models/puzzlebot/meshes/world_wall1.blend1 -> /home/ar0ck/ros2_ws_t3003/install/puzzlebot_gazebo/share/puzzlebot_gazebo/models/puzzlebot/meshes
[3.178s] copying models/puzzlebot/meshes/wheel.blend1 -> /home/ar0ck/ros2_ws_t3003/install/puzzlebot_gazebo/share/puzzlebot_gazebo/models/puzzlebot/meshes
[3.183s] copying models/puzzlebot/meshes/camera.stl -> /home/ar0ck/ros2_ws_t3003/install/puzzlebot_gazebo/share/puzzlebot_gazebo/models/puzzlebot/meshes
[3.187s] copying models/puzzlebot/meshes/box5_8.blend1 -> /home/ar0ck/ros2_ws_t3003/install/puzzlebot_gazebo/share/puzzlebot_gazebo/models/puzzlebot/meshes
[3.190s] copying models/puzzlebot/meshes/box5_8.blend -> /home/ar0ck/ros2_ws_t3003/install/puzzlebot_gazebo/share/puzzlebot_gazebo/models/puzzlebot/meshes
[3.192s] copying models/puzzlebot/meshes/chassis1.blend -> /home/ar0ck/ros2_ws_t3003/install/puzzlebot_gazebo/share/puzzlebot_gazebo/models/puzzlebot/meshes
[3.249s] copying models/puzzlebot/meshes/chassis.stl -> /home/ar0ck/ros2_ws_t3003/install/puzzlebot_gazebo/share/puzzlebot_gazebo/models/puzzlebot/meshes
[3.289s] copying models/puzzlebot/meshes/wheel.blend -> /home/ar0ck/ros2_ws_t3003/install/puzzlebot_gazebo/share/puzzlebot_gazebo/models/puzzlebot/meshes
[3.294s] copying models/puzzlebot/meshes/world_wall1.blend -> /home/ar0ck/ros2_ws_t3003/install/puzzlebot_gazebo/share/puzzlebot_gazebo/models/puzzlebot/meshes
[3.297s] copying models/puzzlebot/meshes/chassis1.blend1 -> /home/ar0ck/ros2_ws_t3003/install/puzzlebot_gazebo/share/puzzlebot_gazebo/models/puzzlebot/meshes
[3.357s] copying models/puzzlebot/meshes/wheel.dae -> /home/ar0ck/ros2_ws_t3003/install/puzzlebot_gazebo/share/puzzlebot_gazebo/models/puzzlebot/meshes
[3.359s] copying models/aruco002_cv/model.config -> /home/ar0ck/ros2_ws_t3003/install/puzzlebot_gazebo/share/puzzlebot_gazebo/models/aruco002_cv
[3.360s] copying models/aruco002_cv/model.sdf -> /home/ar0ck/ros2_ws_t3003/install/puzzlebot_gazebo/share/puzzlebot_gazebo/models/aruco002_cv
[3.360s] copying models/aruco002_cv/meshes/aruco002.dae -> /home/ar0ck/ros2_ws_t3003/install/puzzlebot_gazebo/share/puzzlebot_gazebo/models/aruco002_cv/meshes
[3.360s] copying models/aruco002_cv/materials/textures/4x4_50_002.png -> /home/ar0ck/ros2_ws_t3003/install/puzzlebot_gazebo/share/puzzlebot_gazebo/models/aruco002_cv/materials/textures
[3.361s] copying models/empty/model.config -> /home/ar0ck/ros2_ws_t3003/install/puzzlebot_gazebo/share/puzzlebot_gazebo/models/empty
[3.361s] copying models/empty/model.sdf -> /home/ar0ck/ros2_ws_t3003/install/puzzlebot_gazebo/share/puzzlebot_gazebo/models/empty
[3.361s] copying models/aruco001_cv/model.config -> /home/ar0ck/ros2_ws_t3003/install/puzzlebot_gazebo/share/puzzlebot_gazebo/models/aruco001_cv
[3.362s] copying models/aruco001_cv/model.sdf -> /home/ar0ck/ros2_ws_t3003/install/puzzlebot_gazebo/share/puzzlebot_gazebo/models/aruco001_cv
[3.362s] copying models/aruco001_cv/meshes/aruco001.dae -> /home/ar0ck/ros2_ws_t3003/install/puzzlebot_gazebo/share/puzzlebot_gazebo/models/aruco001_cv/meshes
[3.362s] copying models/aruco001_cv/materials/textures/4x4_50_001.png -> /home/ar0ck/ros2_ws_t3003/install/puzzlebot_gazebo/share/puzzlebot_gazebo/models/aruco001_cv/materials/textures
[3.363s] copying models/yellow_colored_box/model.config -> /home/ar0ck/ros2_ws_t3003/install/puzzlebot_gazebo/share/puzzlebot_gazebo/models/yellow_colored_box
[3.363s] copying models/yellow_colored_box/model.sdf -> /home/ar0ck/ros2_ws_t3003/install/puzzlebot_gazebo/share/puzzlebot_gazebo/models/yellow_colored_box
[3.363s] copying models/aruco001/model.config -> /home/ar0ck/ros2_ws_t3003/install/puzzlebot_gazebo/share/puzzlebot_gazebo/models/aruco001
[3.364s] copying models/aruco001/model.sdf -> /home/ar0ck/ros2_ws_t3003/install/puzzlebot_gazebo/share/puzzlebot_gazebo/models/aruco001
[3.364s] copying models/aruco001/meshes/aruco001.dae -> /home/ar0ck/ros2_ws_t3003/install/puzzlebot_gazebo/share/puzzlebot_gazebo/models/aruco001/meshes
[3.364s] copying models/aruco001/materials/textures/16h3_001.png -> /home/ar0ck/ros2_ws_t3003/install/puzzlebot_gazebo/share/puzzlebot_gazebo/models/aruco001/materials/textures
[3.365s] copying models/goal_marker_4/model.config -> /home/ar0ck/ros2_ws_t3003/install/puzzlebot_gazebo/share/puzzlebot_gazebo/models/goal_marker_4
[3.365s] copying models/goal_marker_4/model.sdf -> /home/ar0ck/ros2_ws_t3003/install/puzzlebot_gazebo/share/puzzlebot_gazebo/models/goal_marker_4
[3.365s] copying models/goal_marker_4/materials/textures/mcr2_goal_4.png -> /home/ar0ck/ros2_ws_t3003/install/puzzlebot_gazebo/share/puzzlebot_gazebo/models/goal_marker_4/materials/textures
[3.366s] copying models/avoidance_world_3/model.config -> /home/ar0ck/ros2_ws_t3003/install/puzzlebot_gazebo/share/puzzlebot_gazebo/models/avoidance_world_3
[3.366s] copying models/avoidance_world_3/model.sdf -> /home/ar0ck/ros2_ws_t3003/install/puzzlebot_gazebo/share/puzzlebot_gazebo/models/avoidance_world_3
[3.366s] copying models/aruco_marker_4/model.config -> /home/ar0ck/ros2_ws_t3003/install/puzzlebot_gazebo/share/puzzlebot_gazebo/models/aruco_marker_4
[3.367s] copying models/aruco_marker_4/model.sdf -> /home/ar0ck/ros2_ws_t3003/install/puzzlebot_gazebo/share/puzzlebot_gazebo/models/aruco_marker_4
[3.367s] copying models/aruco_marker_4/materials/textures/marker4.png -> /home/ar0ck/ros2_ws_t3003/install/puzzlebot_gazebo/share/puzzlebot_gazebo/models/aruco_marker_4/materials/textures
[3.367s] copying models/aruco_marker_3/model.config -> /home/ar0ck/ros2_ws_t3003/install/puzzlebot_gazebo/share/puzzlebot_gazebo/models/aruco_marker_3
[3.368s] copying models/aruco_marker_3/model.sdf -> /home/ar0ck/ros2_ws_t3003/install/puzzlebot_gazebo/share/puzzlebot_gazebo/models/aruco_marker_3
[3.368s] copying models/aruco_marker_3/materials/textures/marker3.png -> /home/ar0ck/ros2_ws_t3003/install/puzzlebot_gazebo/share/puzzlebot_gazebo/models/aruco_marker_3/materials/textures
[3.368s] copying worlds/puzzlebot_arena.world -> /home/ar0ck/ros2_ws_t3003/install/puzzlebot_gazebo/share/puzzlebot_gazebo/worlds
[3.369s] copying worlds/obstacle_avoidance_2.world -> /home/ar0ck/ros2_ws_t3003/install/puzzlebot_gazebo/share/puzzlebot_gazebo/worlds
[3.369s] copying worlds/obstacle_avoidance_4.world -> /home/ar0ck/ros2_ws_t3003/install/puzzlebot_gazebo/share/puzzlebot_gazebo/worlds
[3.369s] copying worlds/puzzlebot_aruco_markers.world -> /home/ar0ck/ros2_ws_t3003/install/puzzlebot_gazebo/share/puzzlebot_gazebo/worlds
[3.370s] copying worlds/world_aruco_cv.sdf -> /home/ar0ck/ros2_ws_t3003/install/puzzlebot_gazebo/share/puzzlebot_gazebo/worlds
[3.370s] copying worlds/empty.world -> /home/ar0ck/ros2_ws_t3003/install/puzzlebot_gazebo/share/puzzlebot_gazebo/worlds
[3.370s] copying worlds/puzzlebot_world.world -> /home/ar0ck/ros2_ws_t3003/install/puzzlebot_gazebo/share/puzzlebot_gazebo/worlds
[3.371s] copying worlds/office.world -> /home/ar0ck/ros2_ws_t3003/install/puzzlebot_gazebo/share/puzzlebot_gazebo/worlds
[3.371s] copying worlds/world_aruco_mip.sdf -> /home/ar0ck/ros2_ws_t3003/install/puzzlebot_gazebo/share/puzzlebot_gazebo/worlds
[3.372s] copying worlds/puzzlebot_arena_markers.world -> /home/ar0ck/ros2_ws_t3003/install/puzzlebot_gazebo/share/puzzlebot_gazebo/worlds
[3.372s] copying worlds/world_box.sdf -> /home/ar0ck/ros2_ws_t3003/install/puzzlebot_gazebo/share/puzzlebot_gazebo/worlds
[3.372s] copying worlds/obstacle_avoidance_3.world -> /home/ar0ck/ros2_ws_t3003/install/puzzlebot_gazebo/share/puzzlebot_gazebo/worlds
[3.373s] copying worlds/obstacle_avoidance_1.world -> /home/ar0ck/ros2_ws_t3003/install/puzzlebot_gazebo/share/puzzlebot_gazebo/worlds
[3.373s] copying worlds/world_empty.sdf -> /home/ar0ck/ros2_ws_t3003/install/puzzlebot_gazebo/share/puzzlebot_gazebo/worlds
[3.373s] copying worlds/puzzlebot_track.world -> /home/ar0ck/ros2_ws_t3003/install/puzzlebot_gazebo/share/puzzlebot_gazebo/worlds
[3.373s] copying worlds/office_2/model.config -> /home/ar0ck/ros2_ws_t3003/install/puzzlebot_gazebo/share/puzzlebot_gazebo/worlds/office_2
[3.374s] copying worlds/office_2/model.sdf -> /home/ar0ck/ros2_ws_t3003/install/puzzlebot_gazebo/share/puzzlebot_gazebo/worlds/office_2
[3.374s] copying plugins/libDiffDynamicPlugin.so -> /home/ar0ck/ros2_ws_t3003/install/puzzlebot_gazebo/share/puzzlebot_gazebo/plugins
[3.381s] running install_egg_info
[3.415s] removing '/home/ar0ck/ros2_ws_t3003/install/puzzlebot_gazebo/lib/python3.10/site-packages/puzzlebot_gazebo-0.0.0-py3.10.egg-info' (and everything under it)
[3.416s] Copying ../../build/puzzlebot_gazebo/puzzlebot_gazebo.egg-info to /home/ar0ck/ros2_ws_t3003/install/puzzlebot_gazebo/lib/python3.10/site-packages/puzzlebot_gazebo-0.0.0-py3.10.egg-info
[3.418s] running install_scripts
[3.683s] Installing puzzlebot_gazebo script to /home/ar0ck/ros2_ws_t3003/install/puzzlebot_gazebo/lib/puzzlebot_gazebo
[3.684s] writing list of installed files to '/home/ar0ck/ros2_ws_t3003/build/puzzlebot_gazebo/install.log'
[3.729s] Invoked command in '/home/ar0ck/ros2_ws_t3003/src/puzzlebot_gazebo' returned '0': PYTHONPATH=/home/ar0ck/ros2_ws_t3003/build/puzzlebot_gazebo/prefix_override:/usr/lib/python3/dist-packages/colcon_core/task/python/colcon_distutils_commands:/home/ar0ck/ros2_ws_t3003/install/puzzlebot_gazebo/lib/python3.10/site-packages:${PYTHONPATH} /usr/bin/python3 -W ignore:setup.py install is deprecated -W ignore:easy_install command is deprecated setup.py egg_info --egg-base ../../build/puzzlebot_gazebo build --build-base /home/ar0ck/ros2_ws_t3003/build/puzzlebot_gazebo/build install --record /home/ar0ck/ros2_ws_t3003/build/puzzlebot_gazebo/install.log --single-version-externally-managed install_data
