running egg_info
creating build/reto_sem_6/reto_sem_6.egg-info
writing build/reto_sem_6/reto_sem_6.egg-info/PKG-INFO
writing dependency_links to build/reto_sem_6/reto_sem_6.egg-info/dependency_links.txt
writing entry points to build/reto_sem_6/reto_sem_6.egg-info/entry_points.txt
writing requirements to build/reto_sem_6/reto_sem_6.egg-info/requires.txt
writing top-level names to build/reto_sem_6/reto_sem_6.egg-info/top_level.txt
writing manifest file 'build/reto_sem_6/reto_sem_6.egg-info/SOURCES.txt'
reading manifest file 'build/reto_sem_6/reto_sem_6.egg-info/SOURCES.txt'
adding license file 'LICENSE'
writing manifest file 'build/reto_sem_6/reto_sem_6.egg-info/SOURCES.txt'
running build
running build_py
creating /home/ar0ck/TE3003B_Retos/build/reto_sem_6/build
creating /home/ar0ck/TE3003B_Retos/build/reto_sem_6/build/lib
creating /home/ar0ck/TE3003B_Retos/build/reto_sem_6/build/lib/reto_sem_6
copying reto_sem_6/puzzlebot_sim.py -> /home/ar0ck/TE3003B_Retos/build/reto_sem_6/build/lib/reto_sem_6
copying reto_sem_6/__init__.py -> /home/ar0ck/TE3003B_Retos/build/reto_sem_6/build/lib/reto_sem_6
copying reto_sem_6/odom.py -> /home/ar0ck/TE3003B_Retos/build/reto_sem_6/build/lib/reto_sem_6
copying reto_sem_6/control.py -> /home/ar0ck/TE3003B_Retos/build/reto_sem_6/build/lib/reto_sem_6
copying reto_sem_6/point_gen.py -> /home/ar0ck/TE3003B_Retos/build/reto_sem_6/build/lib/reto_sem_6
copying reto_sem_6/puzzle_bot.py -> /home/ar0ck/TE3003B_Retos/build/reto_sem_6/build/lib/reto_sem_6
running install
running install_lib
creating /home/ar0ck/TE3003B_Retos/install/reto_sem_6/lib/python3.10/site-packages/reto_sem_6
copying /home/ar0ck/TE3003B_Retos/build/reto_sem_6/build/lib/reto_sem_6/puzzlebot_sim.py -> /home/ar0ck/TE3003B_Retos/install/reto_sem_6/lib/python3.10/site-packages/reto_sem_6
copying /home/ar0ck/TE3003B_Retos/build/reto_sem_6/build/lib/reto_sem_6/__init__.py -> /home/ar0ck/TE3003B_Retos/install/reto_sem_6/lib/python3.10/site-packages/reto_sem_6
copying /home/ar0ck/TE3003B_Retos/build/reto_sem_6/build/lib/reto_sem_6/odom.py -> /home/ar0ck/TE3003B_Retos/install/reto_sem_6/lib/python3.10/site-packages/reto_sem_6
copying /home/ar0ck/TE3003B_Retos/build/reto_sem_6/build/lib/reto_sem_6/control.py -> /home/ar0ck/TE3003B_Retos/install/reto_sem_6/lib/python3.10/site-packages/reto_sem_6
copying /home/ar0ck/TE3003B_Retos/build/reto_sem_6/build/lib/reto_sem_6/point_gen.py -> /home/ar0ck/TE3003B_Retos/install/reto_sem_6/lib/python3.10/site-packages/reto_sem_6
copying /home/ar0ck/TE3003B_Retos/build/reto_sem_6/build/lib/reto_sem_6/puzzle_bot.py -> /home/ar0ck/TE3003B_Retos/install/reto_sem_6/lib/python3.10/site-packages/reto_sem_6
byte-compiling /home/ar0ck/TE3003B_Retos/install/reto_sem_6/lib/python3.10/site-packages/reto_sem_6/puzzlebot_sim.py to puzzlebot_sim.cpython-310.pyc
byte-compiling /home/ar0ck/TE3003B_Retos/install/reto_sem_6/lib/python3.10/site-packages/reto_sem_6/__init__.py to __init__.cpython-310.pyc
byte-compiling /home/ar0ck/TE3003B_Retos/install/reto_sem_6/lib/python3.10/site-packages/reto_sem_6/odom.py to odom.cpython-310.pyc
byte-compiling /home/ar0ck/TE3003B_Retos/install/reto_sem_6/lib/python3.10/site-packages/reto_sem_6/control.py to control.cpython-310.pyc
byte-compiling /home/ar0ck/TE3003B_Retos/install/reto_sem_6/lib/python3.10/site-packages/reto_sem_6/point_gen.py to point_gen.cpython-310.pyc
byte-compiling /home/ar0ck/TE3003B_Retos/install/reto_sem_6/lib/python3.10/site-packages/reto_sem_6/puzzle_bot.py to puzzle_bot.cpython-310.pyc
running install_data
creating /home/ar0ck/TE3003B_Retos/install/reto_sem_6/share/ament_index
creating /home/ar0ck/TE3003B_Retos/install/reto_sem_6/share/ament_index/resource_index
creating /home/ar0ck/TE3003B_Retos/install/reto_sem_6/share/ament_index/resource_index/packages
copying resource/reto_sem_6 -> /home/ar0ck/TE3003B_Retos/install/reto_sem_6/share/ament_index/resource_index/packages
copying package.xml -> /home/ar0ck/TE3003B_Retos/install/reto_sem_6/share/reto_sem_6
creating /home/ar0ck/TE3003B_Retos/install/reto_sem_6/share/reto_sem_6/launch
copying launch/puzzlebot_launch.py -> /home/ar0ck/TE3003B_Retos/install/reto_sem_6/share/reto_sem_6/launch
creating /home/ar0ck/TE3003B_Retos/install/reto_sem_6/share/reto_sem_6/config
creating /home/ar0ck/TE3003B_Retos/install/reto_sem_6/share/reto_sem_6/rviz
copying rviz/config.rviz -> /home/ar0ck/TE3003B_Retos/install/reto_sem_6/share/reto_sem_6/rviz
copying rviz/puzzlebot.rviz -> /home/ar0ck/TE3003B_Retos/install/reto_sem_6/share/reto_sem_6/rviz
creating /home/ar0ck/TE3003B_Retos/install/reto_sem_6/share/reto_sem_6/meshes
copying meshes/Puzzlebot_Caster_Wheel.stl -> /home/ar0ck/TE3003B_Retos/install/reto_sem_6/share/reto_sem_6/meshes
copying meshes/Puzzlebot_Jetson_Lidar_Edition_Base.stl -> /home/ar0ck/TE3003B_Retos/install/reto_sem_6/share/reto_sem_6/meshes
copying meshes/Puzzlebot_Wheel.stl -> /home/ar0ck/TE3003B_Retos/install/reto_sem_6/share/reto_sem_6/meshes
creating /home/ar0ck/TE3003B_Retos/install/reto_sem_6/share/reto_sem_6/urdf
copying urdf/puzzle_bot.urdf -> /home/ar0ck/TE3003B_Retos/install/reto_sem_6/share/reto_sem_6/urdf
running install_egg_info
Copying build/reto_sem_6/reto_sem_6.egg-info to /home/ar0ck/TE3003B_Retos/install/reto_sem_6/lib/python3.10/site-packages/reto_sem_6-0.0.0-py3.10.egg-info
running install_scripts
Installing control script to /home/ar0ck/TE3003B_Retos/install/reto_sem_6/lib/reto_sem_6
Installing point_gen script to /home/ar0ck/TE3003B_Retos/install/reto_sem_6/lib/reto_sem_6
Installing puzzle_bot script to /home/ar0ck/TE3003B_Retos/install/reto_sem_6/lib/reto_sem_6
Installing puzzlebot_sim script to /home/ar0ck/TE3003B_Retos/install/reto_sem_6/lib/reto_sem_6
writing list of installed files to '/home/ar0ck/TE3003B_Retos/build/reto_sem_6/install.log'
