[0.633s] Invoking command in '/home/ar0ck/TE3003B_Retos': PYTHONPATH=/home/ar0ck/TE3003B_Retos/build/reto_sem_6/prefix_override:/usr/lib/python3/dist-packages/colcon_core/task/python/colcon_distutils_commands:/home/ar0ck/TE3003B_Retos/install/reto_sem_6/lib/python3.10/site-packages:${PYTHONPATH} /usr/bin/python3 -W ignore:setup.py install is deprecated -W ignore:easy_install command is deprecated setup.py egg_info --egg-base build/reto_sem_6 build --build-base /home/ar0ck/TE3003B_Retos/build/reto_sem_6/build install --record /home/ar0ck/TE3003B_Retos/build/reto_sem_6/install.log --single-version-externally-managed install_data
[0.833s] running egg_info
[0.833s] creating build/reto_sem_6/reto_sem_6.egg-info
[0.845s] writing build/reto_sem_6/reto_sem_6.egg-info/PKG-INFO
[0.845s] writing dependency_links to build/reto_sem_6/reto_sem_6.egg-info/dependency_links.txt
[0.845s] writing entry points to build/reto_sem_6/reto_sem_6.egg-info/entry_points.txt
[0.845s] writing requirements to build/reto_sem_6/reto_sem_6.egg-info/requires.txt
[0.846s] writing top-level names to build/reto_sem_6/reto_sem_6.egg-info/top_level.txt
[0.846s] writing manifest file 'build/reto_sem_6/reto_sem_6.egg-info/SOURCES.txt'
[0.863s] reading manifest file 'build/reto_sem_6/reto_sem_6.egg-info/SOURCES.txt'
[0.863s] adding license file 'LICENSE'
[0.864s] writing manifest file 'build/reto_sem_6/reto_sem_6.egg-info/SOURCES.txt'
[0.864s] running build
[0.864s] running build_py
[0.864s] creating /home/ar0ck/TE3003B_Retos/build/reto_sem_6/build
[0.864s] creating /home/ar0ck/TE3003B_Retos/build/reto_sem_6/build/lib
[0.864s] creating /home/ar0ck/TE3003B_Retos/build/reto_sem_6/build/lib/reto_sem_6
[0.864s] copying reto_sem_6/puzzlebot_sim.py -> /home/ar0ck/TE3003B_Retos/build/reto_sem_6/build/lib/reto_sem_6
[0.864s] copying reto_sem_6/__init__.py -> /home/ar0ck/TE3003B_Retos/build/reto_sem_6/build/lib/reto_sem_6
[0.864s] copying reto_sem_6/odom.py -> /home/ar0ck/TE3003B_Retos/build/reto_sem_6/build/lib/reto_sem_6
[0.864s] copying reto_sem_6/control.py -> /home/ar0ck/TE3003B_Retos/build/reto_sem_6/build/lib/reto_sem_6
[0.864s] copying reto_sem_6/point_gen.py -> /home/ar0ck/TE3003B_Retos/build/reto_sem_6/build/lib/reto_sem_6
[0.864s] copying reto_sem_6/puzzle_bot.py -> /home/ar0ck/TE3003B_Retos/build/reto_sem_6/build/lib/reto_sem_6
[0.864s] running install
[0.867s] running install_lib
[0.876s] creating /home/ar0ck/TE3003B_Retos/install/reto_sem_6/lib/python3.10/site-packages/reto_sem_6
[0.876s] copying /home/ar0ck/TE3003B_Retos/build/reto_sem_6/build/lib/reto_sem_6/puzzlebot_sim.py -> /home/ar0ck/TE3003B_Retos/install/reto_sem_6/lib/python3.10/site-packages/reto_sem_6
[0.876s] copying /home/ar0ck/TE3003B_Retos/build/reto_sem_6/build/lib/reto_sem_6/__init__.py -> /home/ar0ck/TE3003B_Retos/install/reto_sem_6/lib/python3.10/site-packages/reto_sem_6
[0.876s] copying /home/ar0ck/TE3003B_Retos/build/reto_sem_6/build/lib/reto_sem_6/odom.py -> /home/ar0ck/TE3003B_Retos/install/reto_sem_6/lib/python3.10/site-packages/reto_sem_6
[0.876s] copying /home/ar0ck/TE3003B_Retos/build/reto_sem_6/build/lib/reto_sem_6/control.py -> /home/ar0ck/TE3003B_Retos/install/reto_sem_6/lib/python3.10/site-packages/reto_sem_6
[0.876s] copying /home/ar0ck/TE3003B_Retos/build/reto_sem_6/build/lib/reto_sem_6/point_gen.py -> /home/ar0ck/TE3003B_Retos/install/reto_sem_6/lib/python3.10/site-packages/reto_sem_6
[0.876s] copying /home/ar0ck/TE3003B_Retos/build/reto_sem_6/build/lib/reto_sem_6/puzzle_bot.py -> /home/ar0ck/TE3003B_Retos/install/reto_sem_6/lib/python3.10/site-packages/reto_sem_6
[0.876s] byte-compiling /home/ar0ck/TE3003B_Retos/install/reto_sem_6/lib/python3.10/site-packages/reto_sem_6/puzzlebot_sim.py to puzzlebot_sim.cpython-310.pyc
[0.877s] byte-compiling /home/ar0ck/TE3003B_Retos/install/reto_sem_6/lib/python3.10/site-packages/reto_sem_6/__init__.py to __init__.cpython-310.pyc
[0.877s] byte-compiling /home/ar0ck/TE3003B_Retos/install/reto_sem_6/lib/python3.10/site-packages/reto_sem_6/odom.py to odom.cpython-310.pyc
[0.877s] byte-compiling /home/ar0ck/TE3003B_Retos/install/reto_sem_6/lib/python3.10/site-packages/reto_sem_6/control.py to control.cpython-310.pyc
[0.878s] byte-compiling /home/ar0ck/TE3003B_Retos/install/reto_sem_6/lib/python3.10/site-packages/reto_sem_6/point_gen.py to point_gen.cpython-310.pyc
[0.878s] byte-compiling /home/ar0ck/TE3003B_Retos/install/reto_sem_6/lib/python3.10/site-packages/reto_sem_6/puzzle_bot.py to puzzle_bot.cpython-310.pyc
[0.879s] running install_data
[0.879s] creating /home/ar0ck/TE3003B_Retos/install/reto_sem_6/share/ament_index
[0.879s] creating /home/ar0ck/TE3003B_Retos/install/reto_sem_6/share/ament_index/resource_index
[0.879s] creating /home/ar0ck/TE3003B_Retos/install/reto_sem_6/share/ament_index/resource_index/packages
[0.879s] copying resource/reto_sem_6 -> /home/ar0ck/TE3003B_Retos/install/reto_sem_6/share/ament_index/resource_index/packages
[0.879s] copying package.xml -> /home/ar0ck/TE3003B_Retos/install/reto_sem_6/share/reto_sem_6
[0.879s] creating /home/ar0ck/TE3003B_Retos/install/reto_sem_6/share/reto_sem_6/launch
[0.879s] copying launch/puzzlebot_launch.py -> /home/ar0ck/TE3003B_Retos/install/reto_sem_6/share/reto_sem_6/launch
[0.879s] creating /home/ar0ck/TE3003B_Retos/install/reto_sem_6/share/reto_sem_6/config
[0.879s] creating /home/ar0ck/TE3003B_Retos/install/reto_sem_6/share/reto_sem_6/rviz
[0.879s] copying rviz/config.rviz -> /home/ar0ck/TE3003B_Retos/install/reto_sem_6/share/reto_sem_6/rviz
[0.879s] copying rviz/puzzlebot.rviz -> /home/ar0ck/TE3003B_Retos/install/reto_sem_6/share/reto_sem_6/rviz
[0.879s] creating /home/ar0ck/TE3003B_Retos/install/reto_sem_6/share/reto_sem_6/meshes
[0.879s] copying meshes/Puzzlebot_Caster_Wheel.stl -> /home/ar0ck/TE3003B_Retos/install/reto_sem_6/share/reto_sem_6/meshes
[0.880s] copying meshes/Puzzlebot_Jetson_Lidar_Edition_Base.stl -> /home/ar0ck/TE3003B_Retos/install/reto_sem_6/share/reto_sem_6/meshes
[0.880s] copying meshes/Puzzlebot_Wheel.stl -> /home/ar0ck/TE3003B_Retos/install/reto_sem_6/share/reto_sem_6/meshes
[0.881s] creating /home/ar0ck/TE3003B_Retos/install/reto_sem_6/share/reto_sem_6/urdf
[0.881s] copying urdf/puzzle_bot.urdf -> /home/ar0ck/TE3003B_Retos/install/reto_sem_6/share/reto_sem_6/urdf
[0.881s] running install_egg_info
[0.890s] Copying build/reto_sem_6/reto_sem_6.egg-info to /home/ar0ck/TE3003B_Retos/install/reto_sem_6/lib/python3.10/site-packages/reto_sem_6-0.0.0-py3.10.egg-info
[0.890s] running install_scripts
[0.964s] Installing control script to /home/ar0ck/TE3003B_Retos/install/reto_sem_6/lib/reto_sem_6
[0.964s] Installing point_gen script to /home/ar0ck/TE3003B_Retos/install/reto_sem_6/lib/reto_sem_6
[0.964s] Installing puzzle_bot script to /home/ar0ck/TE3003B_Retos/install/reto_sem_6/lib/reto_sem_6
[0.964s] Installing puzzlebot_sim script to /home/ar0ck/TE3003B_Retos/install/reto_sem_6/lib/reto_sem_6
[0.964s] writing list of installed files to '/home/ar0ck/TE3003B_Retos/build/reto_sem_6/install.log'
[0.980s] Invoked command in '/home/ar0ck/TE3003B_Retos' returned '0': PYTHONPATH=/home/ar0ck/TE3003B_Retos/build/reto_sem_6/prefix_override:/usr/lib/python3/dist-packages/colcon_core/task/python/colcon_distutils_commands:/home/ar0ck/TE3003B_Retos/install/reto_sem_6/lib/python3.10/site-packages:${PYTHONPATH} /usr/bin/python3 -W ignore:setup.py install is deprecated -W ignore:easy_install command is deprecated setup.py egg_info --egg-base build/reto_sem_6 build --build-base /home/ar0ck/TE3003B_Retos/build/reto_sem_6/build install --record /home/ar0ck/TE3003B_Retos/build/reto_sem_6/install.log --single-version-externally-managed install_data
