running egg_info
creating build/reto_sem_5/reto_sem_5.egg-info
writing build/reto_sem_5/reto_sem_5.egg-info/PKG-INFO
writing dependency_links to build/reto_sem_5/reto_sem_5.egg-info/dependency_links.txt
writing entry points to build/reto_sem_5/reto_sem_5.egg-info/entry_points.txt
writing requirements to build/reto_sem_5/reto_sem_5.egg-info/requires.txt
writing top-level names to build/reto_sem_5/reto_sem_5.egg-info/top_level.txt
writing manifest file 'build/reto_sem_5/reto_sem_5.egg-info/SOURCES.txt'
reading manifest file 'build/reto_sem_5/reto_sem_5.egg-info/SOURCES.txt'
adding license file 'LICENSE'
writing manifest file 'build/reto_sem_5/reto_sem_5.egg-info/SOURCES.txt'
running build
running build_py
creating /home/ar0ck/TE3003B_Retos/build/reto_sem_5/build
creating /home/ar0ck/TE3003B_Retos/build/reto_sem_5/build/lib
creating /home/ar0ck/TE3003B_Retos/build/reto_sem_5/build/lib/reto_sem_5
copying reto_sem_5/puzzlebot_sim.py -> /home/ar0ck/TE3003B_Retos/build/reto_sem_5/build/lib/reto_sem_5
copying reto_sem_5/__init__.py -> /home/ar0ck/TE3003B_Retos/build/reto_sem_5/build/lib/reto_sem_5
copying reto_sem_5/odom.py -> /home/ar0ck/TE3003B_Retos/build/reto_sem_5/build/lib/reto_sem_5
copying reto_sem_5/control.py -> /home/ar0ck/TE3003B_Retos/build/reto_sem_5/build/lib/reto_sem_5
copying reto_sem_5/puzzle_bot.py -> /home/ar0ck/TE3003B_Retos/build/reto_sem_5/build/lib/reto_sem_5
running install
running install_lib
creating /home/ar0ck/TE3003B_Retos/install/reto_sem_5/lib/python3.10/site-packages/reto_sem_5
copying /home/ar0ck/TE3003B_Retos/build/reto_sem_5/build/lib/reto_sem_5/puzzlebot_sim.py -> /home/ar0ck/TE3003B_Retos/install/reto_sem_5/lib/python3.10/site-packages/reto_sem_5
copying /home/ar0ck/TE3003B_Retos/build/reto_sem_5/build/lib/reto_sem_5/__init__.py -> /home/ar0ck/TE3003B_Retos/install/reto_sem_5/lib/python3.10/site-packages/reto_sem_5
copying /home/ar0ck/TE3003B_Retos/build/reto_sem_5/build/lib/reto_sem_5/odom.py -> /home/ar0ck/TE3003B_Retos/install/reto_sem_5/lib/python3.10/site-packages/reto_sem_5
copying /home/ar0ck/TE3003B_Retos/build/reto_sem_5/build/lib/reto_sem_5/control.py -> /home/ar0ck/TE3003B_Retos/install/reto_sem_5/lib/python3.10/site-packages/reto_sem_5
copying /home/ar0ck/TE3003B_Retos/build/reto_sem_5/build/lib/reto_sem_5/puzzle_bot.py -> /home/ar0ck/TE3003B_Retos/install/reto_sem_5/lib/python3.10/site-packages/reto_sem_5
byte-compiling /home/ar0ck/TE3003B_Retos/install/reto_sem_5/lib/python3.10/site-packages/reto_sem_5/puzzlebot_sim.py to puzzlebot_sim.cpython-310.pyc
byte-compiling /home/ar0ck/TE3003B_Retos/install/reto_sem_5/lib/python3.10/site-packages/reto_sem_5/__init__.py to __init__.cpython-310.pyc
byte-compiling /home/ar0ck/TE3003B_Retos/install/reto_sem_5/lib/python3.10/site-packages/reto_sem_5/odom.py to odom.cpython-310.pyc
byte-compiling /home/ar0ck/TE3003B_Retos/install/reto_sem_5/lib/python3.10/site-packages/reto_sem_5/control.py to control.cpython-310.pyc
byte-compiling /home/ar0ck/TE3003B_Retos/install/reto_sem_5/lib/python3.10/site-packages/reto_sem_5/puzzle_bot.py to puzzle_bot.cpython-310.pyc
running install_data
creating /home/ar0ck/TE3003B_Retos/install/reto_sem_5/share/ament_index
creating /home/ar0ck/TE3003B_Retos/install/reto_sem_5/share/ament_index/resource_index
creating /home/ar0ck/TE3003B_Retos/install/reto_sem_5/share/ament_index/resource_index/packages
copying resource/reto_sem_5 -> /home/ar0ck/TE3003B_Retos/install/reto_sem_5/share/ament_index/resource_index/packages
copying package.xml -> /home/ar0ck/TE3003B_Retos/install/reto_sem_5/share/reto_sem_5
creating /home/ar0ck/TE3003B_Retos/install/reto_sem_5/share/reto_sem_5/launch
copying launch/puzzlebot_launch.py -> /home/ar0ck/TE3003B_Retos/install/reto_sem_5/share/reto_sem_5/launch
creating /home/ar0ck/TE3003B_Retos/install/reto_sem_5/share/reto_sem_5/config
creating /home/ar0ck/TE3003B_Retos/install/reto_sem_5/share/reto_sem_5/rviz
copying rviz/config.rviz -> /home/ar0ck/TE3003B_Retos/install/reto_sem_5/share/reto_sem_5/rviz
copying rviz/puzzlebot.rviz -> /home/ar0ck/TE3003B_Retos/install/reto_sem_5/share/reto_sem_5/rviz
creating /home/ar0ck/TE3003B_Retos/install/reto_sem_5/share/reto_sem_5/meshes
copying meshes/Puzzlebot_Caster_Wheel.stl -> /home/ar0ck/TE3003B_Retos/install/reto_sem_5/share/reto_sem_5/meshes
copying meshes/Puzzlebot_Jetson_Lidar_Edition_Base.stl -> /home/ar0ck/TE3003B_Retos/install/reto_sem_5/share/reto_sem_5/meshes
copying meshes/Puzzlebot_Wheel.stl -> /home/ar0ck/TE3003B_Retos/install/reto_sem_5/share/reto_sem_5/meshes
creating /home/ar0ck/TE3003B_Retos/install/reto_sem_5/share/reto_sem_5/urdf
copying urdf/puzzle_bot.urdf -> /home/ar0ck/TE3003B_Retos/install/reto_sem_5/share/reto_sem_5/urdf
running install_egg_info
Copying build/reto_sem_5/reto_sem_5.egg-info to /home/ar0ck/TE3003B_Retos/install/reto_sem_5/lib/python3.10/site-packages/reto_sem_5-0.0.0-py3.10.egg-info
running install_scripts
Installing control script to /home/ar0ck/TE3003B_Retos/install/reto_sem_5/lib/reto_sem_5
Installing puzzle_bot script to /home/ar0ck/TE3003B_Retos/install/reto_sem_5/lib/reto_sem_5
Installing puzzlebot_sim script to /home/ar0ck/TE3003B_Retos/install/reto_sem_5/lib/reto_sem_5
writing list of installed files to '/home/ar0ck/TE3003B_Retos/build/reto_sem_5/install.log'
