[0.585s] Invoking command in '/home/ar0ck/TE3003B_Retos': PYTHONPATH=/home/ar0ck/TE3003B_Retos/build/reto_sem_5/prefix_override:/usr/lib/python3/dist-packages/colcon_core/task/python/colcon_distutils_commands:/home/ar0ck/TE3003B_Retos/install/reto_sem_5/lib/python3.10/site-packages:${PYTHONPATH} /usr/bin/python3 -W ignore:setup.py install is deprecated -W ignore:easy_install command is deprecated setup.py egg_info --egg-base build/reto_sem_5 build --build-base /home/ar0ck/TE3003B_Retos/build/reto_sem_5/build install --record /home/ar0ck/TE3003B_Retos/build/reto_sem_5/install.log --single-version-externally-managed install_data
[0.726s] running egg_info
[0.727s] creating build/reto_sem_5/reto_sem_5.egg-info
[0.737s] writing build/reto_sem_5/reto_sem_5.egg-info/PKG-INFO
[0.737s] writing dependency_links to build/reto_sem_5/reto_sem_5.egg-info/dependency_links.txt
[0.737s] writing entry points to build/reto_sem_5/reto_sem_5.egg-info/entry_points.txt
[0.737s] writing requirements to build/reto_sem_5/reto_sem_5.egg-info/requires.txt
[0.737s] writing top-level names to build/reto_sem_5/reto_sem_5.egg-info/top_level.txt
[0.737s] writing manifest file 'build/reto_sem_5/reto_sem_5.egg-info/SOURCES.txt'
[0.755s] reading manifest file 'build/reto_sem_5/reto_sem_5.egg-info/SOURCES.txt'
[0.755s] adding license file 'LICENSE'
[0.756s] writing manifest file 'build/reto_sem_5/reto_sem_5.egg-info/SOURCES.txt'
[0.756s] running build
[0.756s] running build_py
[0.756s] creating /home/ar0ck/TE3003B_Retos/build/reto_sem_5/build
[0.756s] creating /home/ar0ck/TE3003B_Retos/build/reto_sem_5/build/lib
[0.756s] creating /home/ar0ck/TE3003B_Retos/build/reto_sem_5/build/lib/reto_sem_5
[0.756s] copying reto_sem_5/puzzlebot_sim.py -> /home/ar0ck/TE3003B_Retos/build/reto_sem_5/build/lib/reto_sem_5
[0.756s] copying reto_sem_5/__init__.py -> /home/ar0ck/TE3003B_Retos/build/reto_sem_5/build/lib/reto_sem_5
[0.756s] copying reto_sem_5/odom.py -> /home/ar0ck/TE3003B_Retos/build/reto_sem_5/build/lib/reto_sem_5
[0.756s] copying reto_sem_5/control.py -> /home/ar0ck/TE3003B_Retos/build/reto_sem_5/build/lib/reto_sem_5
[0.756s] copying reto_sem_5/puzzle_bot.py -> /home/ar0ck/TE3003B_Retos/build/reto_sem_5/build/lib/reto_sem_5
[0.756s] running install
[0.759s] running install_lib
[0.770s] creating /home/ar0ck/TE3003B_Retos/install/reto_sem_5/lib/python3.10/site-packages/reto_sem_5
[0.770s] copying /home/ar0ck/TE3003B_Retos/build/reto_sem_5/build/lib/reto_sem_5/puzzlebot_sim.py -> /home/ar0ck/TE3003B_Retos/install/reto_sem_5/lib/python3.10/site-packages/reto_sem_5
[0.770s] copying /home/ar0ck/TE3003B_Retos/build/reto_sem_5/build/lib/reto_sem_5/__init__.py -> /home/ar0ck/TE3003B_Retos/install/reto_sem_5/lib/python3.10/site-packages/reto_sem_5
[0.770s] copying /home/ar0ck/TE3003B_Retos/build/reto_sem_5/build/lib/reto_sem_5/odom.py -> /home/ar0ck/TE3003B_Retos/install/reto_sem_5/lib/python3.10/site-packages/reto_sem_5
[0.770s] copying /home/ar0ck/TE3003B_Retos/build/reto_sem_5/build/lib/reto_sem_5/control.py -> /home/ar0ck/TE3003B_Retos/install/reto_sem_5/lib/python3.10/site-packages/reto_sem_5
[0.770s] copying /home/ar0ck/TE3003B_Retos/build/reto_sem_5/build/lib/reto_sem_5/puzzle_bot.py -> /home/ar0ck/TE3003B_Retos/install/reto_sem_5/lib/python3.10/site-packages/reto_sem_5
[0.770s] byte-compiling /home/ar0ck/TE3003B_Retos/install/reto_sem_5/lib/python3.10/site-packages/reto_sem_5/puzzlebot_sim.py to puzzlebot_sim.cpython-310.pyc
[0.771s] byte-compiling /home/ar0ck/TE3003B_Retos/install/reto_sem_5/lib/python3.10/site-packages/reto_sem_5/__init__.py to __init__.cpython-310.pyc
[0.771s] byte-compiling /home/ar0ck/TE3003B_Retos/install/reto_sem_5/lib/python3.10/site-packages/reto_sem_5/odom.py to odom.cpython-310.pyc
[0.771s] byte-compiling /home/ar0ck/TE3003B_Retos/install/reto_sem_5/lib/python3.10/site-packages/reto_sem_5/control.py to control.cpython-310.pyc
[0.772s] byte-compiling /home/ar0ck/TE3003B_Retos/install/reto_sem_5/lib/python3.10/site-packages/reto_sem_5/puzzle_bot.py to puzzle_bot.cpython-310.pyc
[0.772s] running install_data
[0.772s] creating /home/ar0ck/TE3003B_Retos/install/reto_sem_5/share/ament_index
[0.772s] creating /home/ar0ck/TE3003B_Retos/install/reto_sem_5/share/ament_index/resource_index
[0.772s] creating /home/ar0ck/TE3003B_Retos/install/reto_sem_5/share/ament_index/resource_index/packages
[0.772s] copying resource/reto_sem_5 -> /home/ar0ck/TE3003B_Retos/install/reto_sem_5/share/ament_index/resource_index/packages
[0.773s] copying package.xml -> /home/ar0ck/TE3003B_Retos/install/reto_sem_5/share/reto_sem_5
[0.773s] creating /home/ar0ck/TE3003B_Retos/install/reto_sem_5/share/reto_sem_5/launch
[0.773s] copying launch/puzzlebot_launch.py -> /home/ar0ck/TE3003B_Retos/install/reto_sem_5/share/reto_sem_5/launch
[0.773s] creating /home/ar0ck/TE3003B_Retos/install/reto_sem_5/share/reto_sem_5/config
[0.773s] creating /home/ar0ck/TE3003B_Retos/install/reto_sem_5/share/reto_sem_5/rviz
[0.773s] copying rviz/config.rviz -> /home/ar0ck/TE3003B_Retos/install/reto_sem_5/share/reto_sem_5/rviz
[0.773s] copying rviz/puzzlebot.rviz -> /home/ar0ck/TE3003B_Retos/install/reto_sem_5/share/reto_sem_5/rviz
[0.773s] creating /home/ar0ck/TE3003B_Retos/install/reto_sem_5/share/reto_sem_5/meshes
[0.773s] copying meshes/Puzzlebot_Caster_Wheel.stl -> /home/ar0ck/TE3003B_Retos/install/reto_sem_5/share/reto_sem_5/meshes
[0.773s] copying meshes/Puzzlebot_Jetson_Lidar_Edition_Base.stl -> /home/ar0ck/TE3003B_Retos/install/reto_sem_5/share/reto_sem_5/meshes
[0.773s] copying meshes/Puzzlebot_Wheel.stl -> /home/ar0ck/TE3003B_Retos/install/reto_sem_5/share/reto_sem_5/meshes
[0.773s] creating /home/ar0ck/TE3003B_Retos/install/reto_sem_5/share/reto_sem_5/urdf
[0.774s] copying urdf/puzzle_bot.urdf -> /home/ar0ck/TE3003B_Retos/install/reto_sem_5/share/reto_sem_5/urdf
[0.774s] running install_egg_info
[0.784s] Copying build/reto_sem_5/reto_sem_5.egg-info to /home/ar0ck/TE3003B_Retos/install/reto_sem_5/lib/python3.10/site-packages/reto_sem_5-0.0.0-py3.10.egg-info
[0.784s] running install_scripts
[0.862s] Installing control script to /home/ar0ck/TE3003B_Retos/install/reto_sem_5/lib/reto_sem_5
[0.863s] Installing puzzle_bot script to /home/ar0ck/TE3003B_Retos/install/reto_sem_5/lib/reto_sem_5
[0.863s] Installing puzzlebot_sim script to /home/ar0ck/TE3003B_Retos/install/reto_sem_5/lib/reto_sem_5
[0.863s] writing list of installed files to '/home/ar0ck/TE3003B_Retos/build/reto_sem_5/install.log'
[0.880s] Invoked command in '/home/ar0ck/TE3003B_Retos' returned '0': PYTHONPATH=/home/ar0ck/TE3003B_Retos/build/reto_sem_5/prefix_override:/usr/lib/python3/dist-packages/colcon_core/task/python/colcon_distutils_commands:/home/ar0ck/TE3003B_Retos/install/reto_sem_5/lib/python3.10/site-packages:${PYTHONPATH} /usr/bin/python3 -W ignore:setup.py install is deprecated -W ignore:easy_install command is deprecated setup.py egg_info --egg-base build/reto_sem_5 build --build-base /home/ar0ck/TE3003B_Retos/build/reto_sem_5/build install --record /home/ar0ck/TE3003B_Retos/build/reto_sem_5/install.log --single-version-externally-managed install_data
